#
# There is insufficient memory for the Java Runtime Environment to continue.
# Native memory allocation (mmap) failed to map 91226112 bytes for G1 virtual space
# Possible reasons:
#   The system is out of physical RAM or swap space
#   The process is running with CompressedOops enabled, and the Java Heap may be blocking the growth of the native heap
# Possible solutions:
#   Reduce memory load on the system
#   Increase physical memory or swap space
#   Check if swap backing store is full
#   Decrease Java heap size (-Xmx/-Xms)
#   Decrease number of Java threads
#   Decrease Java thread stack sizes (-Xss)
#   Set larger code cache with -XX:ReservedCodeCacheSize=
#   JVM is running with Unscaled Compressed Oops mode in which the Java heap is
#     placed in the first 4GB address space. The Java Heap base address is the
#     maximum limit for the native heap growth. Please use -XX:HeapBaseMinAddress
#     to set the Java Heap base and to place the Java Heap above 4GB virtual address.
# This output file may be truncated or incomplete.
#
#  Out of Memory Error (os_windows.cpp:3548), pid=18652, tid=15828
#
# JRE version: Java(TM) SE Runtime Environment (17.0.12+8) (build 17.0.12+8-LTS-286)
# Java VM: Java HotSpot(TM) 64-Bit Server VM (17.0.12+8-LTS-286, mixed mode, sharing, tiered, compressed oops, compressed class ptrs, g1 gc, windows-amd64)
# No core dump will be written. Minidumps are not enabled by default on client versions of Windows
#

---------------  S U M M A R Y ------------

Command Line: -Dfile.encoding=UTF-8 -Dstdout.encoding=UTF-8 -Dstderr.encoding=UTF-8 -XX:+ShowCodeDetailsInExceptionMessages com.infosys.lostFoundApplication.LostFoundApplication

Host: AMD Ryzen 5 5500U with Radeon Graphics         , 12 cores, 3G,  Windows 11 , 64 bit Build 26100 (10.0.26100.7309)
Time: Mon Jan  5 20:31:41 2026 India Standard Time elapsed time: 17.223114 seconds (0d 0h 0m 17s)

---------------  T H R E A D  ---------------

Current thread (0x00000159a3262ef0):  VMThread "VM Thread" [stack: 0x0000001dfd000000,0x0000001dfd100000] [id=15828]

Stack: [0x0000001dfd000000,0x0000001dfd100000]
Native frames: (J=compiled Java code, j=interpreted, Vv=VM code, C=native code)
V  [jvm.dll+0x67a04a]
V  [jvm.dll+0x7da4ed]
V  [jvm.dll+0x7dbe33]
V  [jvm.dll+0x7dc4a3]
V  [jvm.dll+0x24508f]
V  [jvm.dll+0x677089]
V  [jvm.dll+0x66bd32]
V  [jvm.dll+0x301fa6]
V  [jvm.dll+0x309546]
V  [jvm.dll+0x359d2e]
V  [jvm.dll+0x359f5f]
V  [jvm.dll+0x2d9078]
V  [jvm.dll+0x2d74ad]
V  [jvm.dll+0x2d6afc]
V  [jvm.dll+0x31a65b]
V  [jvm.dll+0x7e0d9b]
V  [jvm.dll+0x7e1ad4]
V  [jvm.dll+0x7e1fed]
V  [jvm.dll+0x7e23c4]
V  [jvm.dll+0x7e2490]
V  [jvm.dll+0x78abea]
V  [jvm.dll+0x678f35]
C  [ucrtbase.dll+0x37b0]
C  [KERNEL32.DLL+0x2e8d7]
C  [ntdll.dll+0x8c53c]

VM_Operation (0x0000001dfcaf77c0): G1CollectForAllocation, mode: safepoint, requested by thread 0x00000159878bb3d0


---------------  P R O C E S S  ---------------

Threads class SMR info:
_java_thread_list=0x00000159e9247680, length=19, elements={
0x00000159878bb3d0, 0x00000159a3266560, 0x00000159a3268130, 0x00000159a327f420,
0x00000159a327fde0, 0x00000159a32807a0, 0x00000159a3281160, 0x00000159a32826a0,
0x00000159a32848a0, 0x00000159a3286ff0, 0x00000159a34f9ad0, 0x00000159a34fd240,
0x00000159ea8f0870, 0x00000159e9e473c0, 0x00000159ead89440, 0x00000159e9fd5570,
0x00000159e9fd5a80, 0x00000159e9fd8300, 0x00000159e9fd6ec0
}

Java Threads: ( => current thread )
  0x00000159878bb3d0 JavaThread "main" [_thread_blocked, id=7512, stack(0x0000001dfca00000,0x0000001dfcb00000)]
  0x00000159a3266560 JavaThread "Reference Handler" daemon [_thread_blocked, id=13452, stack(0x0000001dfd100000,0x0000001dfd200000)]
  0x00000159a3268130 JavaThread "Finalizer" daemon [_thread_blocked, id=14696, stack(0x0000001dfd200000,0x0000001dfd300000)]
  0x00000159a327f420 JavaThread "Signal Dispatcher" daemon [_thread_blocked, id=3920, stack(0x0000001dfd300000,0x0000001dfd400000)]
  0x00000159a327fde0 JavaThread "Attach Listener" daemon [_thread_blocked, id=13380, stack(0x0000001dfd400000,0x0000001dfd500000)]
  0x00000159a32807a0 JavaThread "Service Thread" daemon [_thread_blocked, id=11736, stack(0x0000001dfd500000,0x0000001dfd600000)]
  0x00000159a3281160 JavaThread "Monitor Deflation Thread" daemon [_thread_blocked, id=14640, stack(0x0000001dfd600000,0x0000001dfd700000)]
  0x00000159a32826a0 JavaThread "C2 CompilerThread0" daemon [_thread_blocked, id=14076, stack(0x0000001dfd700000,0x0000001dfd800000)]
  0x00000159a32848a0 JavaThread "C1 CompilerThread0" daemon [_thread_blocked, id=16852, stack(0x0000001dfd800000,0x0000001dfd900000)]
  0x00000159a3286ff0 JavaThread "Sweeper thread" daemon [_thread_blocked, id=20796, stack(0x0000001dfd900000,0x0000001dfda00000)]
  0x00000159a34f9ad0 JavaThread "Notification Thread" daemon [_thread_blocked, id=15640, stack(0x0000001dfda00000,0x0000001dfdb00000)]
  0x00000159a34fd240 JavaThread "Common-Cleaner" daemon [_thread_blocked, id=20688, stack(0x0000001dfdc00000,0x0000001dfdd00000)]
  0x00000159ea8f0870 JavaThread "C2 CompilerThread1" daemon [_thread_blocked, id=19492, stack(0x0000001dfe800000,0x0000001dfe900000)]
  0x00000159e9e473c0 JavaThread "Catalina-utility-1" [_thread_blocked, id=17516, stack(0x0000001dfe900000,0x0000001dfea00000)]
  0x00000159ead89440 JavaThread "Catalina-utility-2" [_thread_blocked, id=17524, stack(0x0000001dfea00000,0x0000001dfeb00000)]
  0x00000159e9fd5570 JavaThread "container-0" [_thread_blocked, id=17428, stack(0x0000001dfeb00000,0x0000001dfec00000)]
  0x00000159e9fd5a80 JavaThread "mysql-cj-abandoned-connection-cleanup" daemon [_thread_blocked, id=11516, stack(0x0000001dfec00000,0x0000001dfed00000)]
  0x00000159e9fd8300 JavaThread "HikariPool-1:housekeeper" daemon [_thread_blocked, id=8632, stack(0x0000001dfee00000,0x0000001dfef00000)]
  0x00000159e9fd6ec0 JavaThread "HikariPool-1:connection-adder" daemon [_thread_blocked, id=20036, stack(0x0000001dfef00000,0x0000001dff000000)]

Other Threads:
=>0x00000159a3262ef0 VMThread "VM Thread" [stack: 0x0000001dfd000000,0x0000001dfd100000] [id=15828]
  0x00000159a34fadf0 WatcherThread [stack: 0x0000001dfdb00000,0x0000001dfdc00000] [id=20916]
  0x00000159878f22c0 GCTaskThread "GC Thread#0" [stack: 0x0000001dfcb00000,0x0000001dfcc00000] [id=20776]
  0x00000159e96ce320 GCTaskThread "GC Thread#1" [stack: 0x0000001dfdd00000,0x0000001dfde00000] [id=1800]
  0x00000159e97fec70 GCTaskThread "GC Thread#2" [stack: 0x0000001dfde00000,0x0000001dfdf00000] [id=19388]
  0x00000159e990cb70 GCTaskThread "GC Thread#3" [stack: 0x0000001dfdf00000,0x0000001dfe000000] [id=3820]
  0x00000159e9676610 GCTaskThread "GC Thread#4" [stack: 0x0000001dfe000000,0x0000001dfe100000] [id=6768]
  0x00000159e9985860 GCTaskThread "GC Thread#5" [stack: 0x0000001dfe200000,0x0000001dfe300000] [id=260]
  0x00000159e9985f30 GCTaskThread "GC Thread#6" [stack: 0x0000001dfe300000,0x0000001dfe400000] [id=9916]
  0x00000159e99861f0 GCTaskThread "GC Thread#7" [stack: 0x0000001dfe400000,0x0000001dfe500000] [id=18868]
  0x00000159e99866c0 GCTaskThread "GC Thread#8" [stack: 0x0000001dfe500000,0x0000001dfe600000] [id=17512]
  0x00000159e9b2d7d0 GCTaskThread "GC Thread#9" [stack: 0x0000001dfe600000,0x0000001dfe700000] [id=17360]
  0x00000159878faca0 ConcurrentGCThread "G1 Main Marker" [stack: 0x0000001dfcc00000,0x0000001dfcd00000] [id=17900]
  0x00000159878fdb30 ConcurrentGCThread "G1 Conc#0" [stack: 0x0000001dfcd00000,0x0000001dfce00000] [id=11124]
  0x00000159e9b2d250 ConcurrentGCThread "G1 Conc#1" [stack: 0x0000001dfe100000,0x0000001dfe200000] [id=17616]
  0x00000159e9b2d510 ConcurrentGCThread "G1 Conc#2" [stack: 0x0000001dfe700000,0x0000001dfe800000] [id=19780]
  0x00000159879798a0 ConcurrentGCThread "G1 Refine#0" [stack: 0x0000001dfce00000,0x0000001dfcf00000] [id=6176]
  0x000001598797b580 ConcurrentGCThread "G1 Service" [stack: 0x0000001dfcf00000,0x0000001dfd000000] [id=8900]

Threads with active compile tasks:
C2 CompilerThread0    17584 5621       4       org.springframework.core.annotation.AnnotationsScanner::process (55 bytes)
C2 CompilerThread1    17584 6229       4       org.antlr.v4.runtime.misc.FlexibleHashMap::put (157 bytes)

VM state: at safepoint (normal execution)

VM Mutex/Monitor currently owned by a thread:  ([mutex/lock_event])
[0x00000159878b6f50] Threads_lock - owner thread: 0x00000159a3262ef0
[0x00000159878b6d10] Heap_lock - owner thread: 0x00000159878bb3d0

Heap address: 0x00000000cac00000, size: 852 MB, Compressed Oops mode: 32-bit

CDS archive(s) mapped at: [0x00000159a4000000-0x00000159a4bd0000-0x00000159a4bd0000), size 12386304, SharedBaseAddress: 0x00000159a4000000, ArchiveRelocationMode: 1.
Compressed class space mapped at: 0x00000159a5000000-0x00000159e5000000, reserved size: 1073741824
Narrow klass base: 0x00000159a4000000, Narrow klass shift: 0, Narrow klass range: 0x100000000

GC Precious Log:
 CPUs: 12 total, 12 available
 Memory: 3405M
 Large Page Support: Disabled
 NUMA Support: Disabled
 Compressed Oops: Enabled (32-bit)
 Heap Region Size: 1M
 Heap Min Capacity: 8M
 Heap Initial Capacity: 54M
 Heap Max Capacity: 852M
 Pre-touch: Disabled
 Parallel Workers: 10
 Concurrent Workers: 3
 Concurrent Refinement Workers: 10
 Periodic GC: Disabled

Heap:
 garbage-first heap   total 78848K, used 49023K [0x00000000cac00000, 0x0000000100000000)
  region size 1024K, 2 young (2048K), 2 survivors (2048K)
 Metaspace       used 68675K, committed 69184K, reserved 1114112K
  class space    used 9627K, committed 9856K, reserved 1048576K

Heap Regions: E=young(eden), S=young(survivor), O=old, HS=humongous(starts), HC=humongous(continues), CS=collection set, F=free, OA=open archive, CA=closed archive, TAMS=top-at-mark-start (previous, next)
|   0|0x00000000cac00000, 0x00000000cad00000, 0x00000000cad00000|100%|HS|  |TAMS 0x00000000cad00000, 0x00000000cad00000| Complete 
|   1|0x00000000cad00000, 0x00000000cae00000, 0x00000000cae00000|100%|HS|  |TAMS 0x00000000cae00000, 0x00000000cae00000| Complete 
|   2|0x00000000cae00000, 0x00000000caf00000, 0x00000000caf00000|100%| O|  |TAMS 0x00000000caf00000, 0x00000000caf00000| Untracked 
|   3|0x00000000caf00000, 0x00000000cb000000, 0x00000000cb000000|100%| O|  |TAMS 0x00000000cb000000, 0x00000000cb000000| Untracked 
|   4|0x00000000cb000000, 0x00000000cb100000, 0x00000000cb100000|100%| O|  |TAMS 0x00000000cb100000, 0x00000000cb100000| Untracked 
|   5|0x00000000cb100000, 0x00000000cb200000, 0x00000000cb200000|100%| O|  |TAMS 0x00000000cb200000, 0x00000000cb200000| Untracked 
|   6|0x00000000cb200000, 0x00000000cb300000, 0x00000000cb300000|100%| O|  |TAMS 0x00000000cb300000, 0x00000000cb300000| Untracked 
|   7|0x00000000cb300000, 0x00000000cb400000, 0x00000000cb400000|100%| O|  |TAMS 0x00000000cb400000, 0x00000000cb400000| Untracked 
|   8|0x00000000cb400000, 0x00000000cb500000, 0x00000000cb500000|100%| O|  |TAMS 0x00000000cb500000, 0x00000000cb500000| Untracked 
|   9|0x00000000cb500000, 0x00000000cb600000, 0x00000000cb600000|100%| O|  |TAMS 0x00000000cb600000, 0x00000000cb600000| Untracked 
|  10|0x00000000cb600000, 0x00000000cb700000, 0x00000000cb700000|100%| O|  |TAMS 0x00000000cb700000, 0x00000000cb700000| Untracked 
|  11|0x00000000cb700000, 0x00000000cb800000, 0x00000000cb800000|100%| O|  |TAMS 0x00000000cb800000, 0x00000000cb800000| Untracked 
|  12|0x00000000cb800000, 0x00000000cb900000, 0x00000000cb900000|100%| O|  |TAMS 0x00000000cb900000, 0x00000000cb900000| Untracked 
|  13|0x00000000cb900000, 0x00000000cba00000, 0x00000000cba00000|100%| O|  |TAMS 0x00000000cba00000, 0x00000000cba00000| Untracked 
|  14|0x00000000cba00000, 0x00000000cbb00000, 0x00000000cbb00000|100%| O|  |TAMS 0x00000000cbb00000, 0x00000000cbb00000| Untracked 
|  15|0x00000000cbb00000, 0x00000000cbc00000, 0x00000000cbc00000|100%| O|  |TAMS 0x00000000cbc00000, 0x00000000cbc00000| Untracked 
|  16|0x00000000cbc00000, 0x00000000cbd00000, 0x00000000cbd00000|100%| O|  |TAMS 0x00000000cbd00000, 0x00000000cbd00000| Untracked 
|  17|0x00000000cbd00000, 0x00000000cbe00000, 0x00000000cbe00000|100%| O|  |TAMS 0x00000000cbe00000, 0x00000000cbe00000| Untracked 
|  18|0x00000000cbe00000, 0x00000000cbf00000, 0x00000000cbf00000|100%| O|  |TAMS 0x00000000cbf00000, 0x00000000cbf00000| Untracked 
|  19|0x00000000cbf00000, 0x00000000cc000000, 0x00000000cc000000|100%| O|  |TAMS 0x00000000cc000000, 0x00000000cc000000| Untracked 
|  20|0x00000000cc000000, 0x00000000cc100000, 0x00000000cc100000|100%| O|  |TAMS 0x00000000cc100000, 0x00000000cc100000| Untracked 
|  21|0x00000000cc100000, 0x00000000cc200000, 0x00000000cc200000|100%| O|  |TAMS 0x00000000cc200000, 0x00000000cc200000| Untracked 
|  22|0x00000000cc200000, 0x00000000cc300000, 0x00000000cc300000|100%| O|  |TAMS 0x00000000cc300000, 0x00000000cc300000| Untracked 
|  23|0x00000000cc300000, 0x00000000cc400000, 0x00000000cc400000|100%| O|  |TAMS 0x00000000cc400000, 0x00000000cc400000| Untracked 
|  24|0x00000000cc400000, 0x00000000cc500000, 0x00000000cc500000|100%| O|  |TAMS 0x00000000cc500000, 0x00000000cc500000| Untracked 
|  25|0x00000000cc500000, 0x00000000cc600000, 0x00000000cc600000|100%| O|  |TAMS 0x00000000cc600000, 0x00000000cc600000| Untracked 
|  26|0x00000000cc600000, 0x00000000cc700000, 0x00000000cc700000|100%| O|  |TAMS 0x00000000cc700000, 0x00000000cc700000| Untracked 
|  27|0x00000000cc700000, 0x00000000cc800000, 0x00000000cc800000|100%| O|  |TAMS 0x00000000cc800000, 0x00000000cc800000| Untracked 
|  28|0x00000000cc800000, 0x00000000cc900000, 0x00000000cc900000|100%| O|  |TAMS 0x00000000cc900000, 0x00000000cc900000| Untracked 
|  29|0x00000000cc900000, 0x00000000cca00000, 0x00000000cca00000|100%| O|  |TAMS 0x00000000cc95cc00, 0x00000000cca00000| Untracked 
|  30|0x00000000cca00000, 0x00000000ccb00000, 0x00000000ccb00000|100%| O|  |TAMS 0x00000000cca00000, 0x00000000ccb00000| Untracked 
|  31|0x00000000ccb00000, 0x00000000ccc00000, 0x00000000ccc00000|100%| O|  |TAMS 0x00000000ccb00000, 0x00000000ccc00000| Untracked 
|  32|0x00000000ccc00000, 0x00000000ccd00000, 0x00000000ccd00000|100%| O|  |TAMS 0x00000000ccc00000, 0x00000000ccd00000| Untracked 
|  33|0x00000000ccd00000, 0x00000000cce00000, 0x00000000cce00000|100%| O|  |TAMS 0x00000000ccd00000, 0x00000000cce00000| Untracked 
|  34|0x00000000cce00000, 0x00000000ccf00000, 0x00000000ccf00000|100%| O|  |TAMS 0x00000000cce00000, 0x00000000ccf00000| Untracked 
|  35|0x00000000ccf00000, 0x00000000cd000000, 0x00000000cd000000|100%| O|  |TAMS 0x00000000ccf00000, 0x00000000cd000000| Untracked 
|  36|0x00000000cd000000, 0x00000000cd100000, 0x00000000cd100000|100%| O|  |TAMS 0x00000000cd000000, 0x00000000cd100000| Untracked 
|  37|0x00000000cd100000, 0x00000000cd200000, 0x00000000cd200000|100%| O|  |TAMS 0x00000000cd100000, 0x00000000cd200000| Untracked 
|  38|0x00000000cd200000, 0x00000000cd300000, 0x00000000cd300000|100%| O|  |TAMS 0x00000000cd200000, 0x00000000cd300000| Untracked 
|  39|0x00000000cd300000, 0x00000000cd400000, 0x00000000cd400000|100%| O|  |TAMS 0x00000000cd300000, 0x00000000cd400000| Untracked 
|  40|0x00000000cd400000, 0x00000000cd500000, 0x00000000cd500000|100%| O|  |TAMS 0x00000000cd400000, 0x00000000cd500000| Untracked 
|  41|0x00000000cd500000, 0x00000000cd600000, 0x00000000cd600000|100%| O|  |TAMS 0x00000000cd500000, 0x00000000cd5a3a00| Untracked 
|  42|0x00000000cd600000, 0x00000000cd700000, 0x00000000cd700000|100%| O|  |TAMS 0x00000000cd600000, 0x00000000cd600000| Untracked 
|  43|0x00000000cd700000, 0x00000000cd800000, 0x00000000cd800000|100%| O|  |TAMS 0x00000000cd700000, 0x00000000cd700000| Untracked 
|  44|0x00000000cd800000, 0x00000000cd900000, 0x00000000cd900000|100%| O|  |TAMS 0x00000000cd800000, 0x00000000cd800000| Untracked 
|  45|0x00000000cd900000, 0x00000000cd9dfc00, 0x00000000cda00000| 87%| O|  |TAMS 0x00000000cd900000, 0x00000000cd900000| Untracked 
|  46|0x00000000cda00000, 0x00000000cda00000, 0x00000000cdb00000|  0%| F|  |TAMS 0x00000000cda00000, 0x00000000cda00000| Untracked 
|  47|0x00000000cdb00000, 0x00000000cdb00000, 0x00000000cdc00000|  0%| F|  |TAMS 0x00000000cdb00000, 0x00000000cdb00000| Untracked 
|  48|0x00000000cdc00000, 0x00000000cdc00000, 0x00000000cdd00000|  0%| F|  |TAMS 0x00000000cdc00000, 0x00000000cdc00000| Untracked 
|  49|0x00000000cdd00000, 0x00000000cdd00000, 0x00000000cde00000|  0%| F|  |TAMS 0x00000000cdd00000, 0x00000000cdd00000| Untracked 
|  50|0x00000000cde00000, 0x00000000cde00000, 0x00000000cdf00000|  0%| F|  |TAMS 0x00000000cde00000, 0x00000000cde00000| Untracked 
|  51|0x00000000cdf00000, 0x00000000cdf00000, 0x00000000ce000000|  0%| F|  |TAMS 0x00000000cdf00000, 0x00000000cdf00000| Untracked 
|  52|0x00000000ce000000, 0x00000000ce000000, 0x00000000ce100000|  0%| F|  |TAMS 0x00000000ce000000, 0x00000000ce000000| Untracked 
|  53|0x00000000ce100000, 0x00000000ce100000, 0x00000000ce200000|  0%| F|  |TAMS 0x00000000ce100000, 0x00000000ce100000| Untracked 
|  54|0x00000000ce200000, 0x00000000ce200000, 0x00000000ce300000|  0%| F|  |TAMS 0x00000000ce200000, 0x00000000ce200000| Untracked 
|  55|0x00000000ce300000, 0x00000000ce300000, 0x00000000ce400000|  0%| F|  |TAMS 0x00000000ce300000, 0x00000000ce300000| Untracked 
|  56|0x00000000ce400000, 0x00000000ce400000, 0x00000000ce500000|  0%| F|  |TAMS 0x00000000ce400000, 0x00000000ce400000| Untracked 
|  57|0x00000000ce500000, 0x00000000ce500000, 0x00000000ce600000|  0%| F|  |TAMS 0x00000000ce500000, 0x00000000ce500000| Untracked 
|  58|0x00000000ce600000, 0x00000000ce600000, 0x00000000ce700000|  0%| F|  |TAMS 0x00000000ce600000, 0x00000000ce600000| Untracked 
|  59|0x00000000ce700000, 0x00000000ce800000, 0x00000000ce800000|100%| S|CS|TAMS 0x00000000ce700000, 0x00000000ce700000| Complete 
|  60|0x00000000ce800000, 0x00000000ce900000, 0x00000000ce900000|100%| S|CS|TAMS 0x00000000ce800000, 0x00000000ce800000| Complete 
|  61|0x00000000ce900000, 0x00000000ce900000, 0x00000000cea00000|  0%| F|  |TAMS 0x00000000ce900000, 0x00000000ce900000| Untracked 
|  62|0x00000000cea00000, 0x00000000cea00000, 0x00000000ceb00000|  0%| F|  |TAMS 0x00000000cea00000, 0x00000000cea00000| Untracked 
|  63|0x00000000ceb00000, 0x00000000ceb00000, 0x00000000cec00000|  0%| F|  |TAMS 0x00000000ceb00000, 0x00000000ceb00000| Untracked 
|  64|0x00000000cec00000, 0x00000000cec00000, 0x00000000ced00000|  0%| F|  |TAMS 0x00000000cec00000, 0x00000000cec00000| Untracked 
|  65|0x00000000ced00000, 0x00000000ced00000, 0x00000000cee00000|  0%| F|  |TAMS 0x00000000ced00000, 0x00000000ced00000| Untracked 
|  66|0x00000000cee00000, 0x00000000cee00000, 0x00000000cef00000|  0%| F|  |TAMS 0x00000000cee00000, 0x00000000cee00000| Untracked 
|  67|0x00000000cef00000, 0x00000000cef00000, 0x00000000cf000000|  0%| F|  |TAMS 0x00000000cef00000, 0x00000000cef00000| Untracked 
|  68|0x00000000cf000000, 0x00000000cf000000, 0x00000000cf100000|  0%| F|  |TAMS 0x00000000cf000000, 0x00000000cf000000| Untracked 
|  69|0x00000000cf100000, 0x00000000cf100000, 0x00000000cf200000|  0%| F|  |TAMS 0x00000000cf100000, 0x00000000cf100000| Untracked 
|  70|0x00000000cf200000, 0x00000000cf200000, 0x00000000cf300000|  0%| F|  |TAMS 0x00000000cf200000, 0x00000000cf200000| Untracked 
|  71|0x00000000cf300000, 0x00000000cf300000, 0x00000000cf400000|  0%| F|  |TAMS 0x00000000cf300000, 0x00000000cf300000| Untracked 
|  72|0x00000000cf400000, 0x00000000cf400000, 0x00000000cf500000|  0%| F|  |TAMS 0x00000000cf400000, 0x00000000cf400000| Untracked 
|  73|0x00000000cf500000, 0x00000000cf500000, 0x00000000cf600000|  0%| F|  |TAMS 0x00000000cf500000, 0x00000000cf500000| Untracked 
|  74|0x00000000cf600000, 0x00000000cf600000, 0x00000000cf700000|  0%| F|  |TAMS 0x00000000cf600000, 0x00000000cf600000| Untracked 
|  75|0x00000000cf700000, 0x00000000cf700000, 0x00000000cf800000|  0%| F|  |TAMS 0x00000000cf700000, 0x00000000cf700000| Untracked 
|  76|0x00000000cf800000, 0x00000000cf800000, 0x00000000cf900000|  0%| F|  |TAMS 0x00000000cf800000, 0x00000000cf800000| Untracked 

Card table byte_map: [0x000001599e870000,0x000001599ea20000] _byte_map_base: 0x000001599e21a000

Marking Bits (Prev, Next): (CMBitMap*) 0x00000159878f38f0, (CMBitMap*) 0x00000159878f3930
 Prev Bits: [0x000001599ebd0000, 0x000001599f920000)
 Next Bits: [0x000001599f920000, 0x00000159a0670000)

Polling page: 0x00000159857d0000

Metaspace:

Usage:
  Non-class:     57.66 MB used.
      Class:      9.40 MB used.
       Both:     67.07 MB used.

Virtual space:
  Non-class space:       64.00 MB reserved,      57.94 MB ( 91%) committed,  1 nodes.
      Class space:        1.00 GB reserved,       9.62 MB ( <1%) committed,  1 nodes.
             Both:        1.06 GB reserved,      67.56 MB (  6%) committed. 

Chunk freelists:
   Non-Class:  5.70 MB
       Class:  6.33 MB
        Both:  12.03 MB

MaxMetaspaceSize: unlimited
CompressedClassSpaceSize: 1.00 GB
Initial GC threshold: 21.00 MB
Current GC threshold: 112.62 MB
CDS: on
MetaspaceReclaimPolicy: balanced
 - commit_granule_bytes: 65536.
 - commit_granule_words: 8192.
 - virtual_space_node_default_size: 8388608.
 - enlarge_chunks_in_place: 1.
 - new_chunks_are_fully_committed: 0.
 - uncommit_free_chunks: 1.
 - use_allocation_guard: 0.
 - handle_deallocations: 1.


Internal statistics:

num_allocs_failed_limit: 9.
num_arena_births: 752.
num_arena_deaths: 0.
num_vsnodes_births: 2.
num_vsnodes_deaths: 0.
num_space_committed: 1081.
num_space_uncommitted: 0.
num_chunks_returned_to_freelist: 9.
num_chunks_taken_from_freelist: 3147.
num_chunk_merges: 9.
num_chunk_splits: 2320.
num_chunks_enlarged: 1844.
num_inconsistent_stats: 0.

CodeHeap 'non-profiled nmethods': size=120000Kb used=3482Kb max_used=3482Kb free=116517Kb
 bounds [0x0000015996c40000, 0x0000015996fd0000, 0x000001599e170000]
CodeHeap 'profiled nmethods': size=120000Kb used=9616Kb max_used=11188Kb free=110383Kb
 bounds [0x000001598f170000, 0x000001598fc60000, 0x00000159966a0000]
CodeHeap 'non-nmethods': size=5760Kb used=1349Kb max_used=1403Kb free=4410Kb
 bounds [0x00000159966a0000, 0x0000015996910000, 0x0000015996c40000]
 total_blobs=5927 nmethods=5247 adapters=592
 compilation: enabled
              stopped_count=0, restarted_count=0
 full_count=0

Compilation events (20 events):
Event: 15.904 Thread 0x00000159a32826a0 nmethod 6225 0x0000015996d9a510 code [0x0000015996d9a680, 0x0000015996d9a758]
Event: 15.904 Thread 0x00000159a32826a0 6175       4       jdk.internal.util.Preconditions::checkIndex (18 bytes)
Event: 15.904 Thread 0x00000159a32826a0 nmethod 6175 0x0000015996d9a210 code [0x0000015996d9a380, 0x0000015996d9a418]
Event: 15.904 Thread 0x00000159a32826a0 5621       4       org.springframework.core.annotation.AnnotationsScanner::process (55 bytes)
Event: 15.905 Thread 0x00000159a32848a0 6226 %     3       org.antlr.v4.runtime.atn.ATNConfigSet::optimizeConfigs @ 36 (71 bytes)
Event: 15.906 Thread 0x00000159a32848a0 nmethod 6226% 0x000001598f63b890 code [0x000001598f63bac0, 0x000001598f63c558]
Event: 15.952 Thread 0x00000159a32848a0 6228       3       org.antlr.v4.runtime.misc.FlexibleHashMap::expand (151 bytes)
Event: 15.953 Thread 0x00000159a32848a0 nmethod 6228 0x000001598f87cd10 code [0x000001598f87cfa0, 0x000001598f87ddf8]
Event: 15.954 Thread 0x00000159a32848a0 6230       2       org.antlr.v4.runtime.atn.ATNConfigSet::setReadonly (11 bytes)
Event: 15.955 Thread 0x00000159a32848a0 nmethod 6230 0x000001598f257310 code [0x000001598f2574a0, 0x000001598f2575d8]
Event: 15.955 Thread 0x00000159a32848a0 6231       3       org.antlr.v4.runtime.atn.ParserATNSimulator::computeReachSet (575 bytes)
Event: 15.962 Thread 0x00000159a32848a0 nmethod 6231 0x000001598f193a10 code [0x000001598f1941a0, 0x000001598f1991d8]
Event: 15.962 Thread 0x00000159a32848a0 6232       3       org.antlr.v4.runtime.atn.ArrayPredictionContext::isEmpty (17 bytes)
Event: 15.962 Thread 0x00000159a32848a0 nmethod 6232 0x000001598f52f110 code [0x000001598f52f2a0, 0x000001598f52f438]
Event: 15.986 Thread 0x00000159a32848a0 6233 %     3       org.antlr.v4.runtime.misc.FlexibleHashMap::values @ 50 (95 bytes)
Event: 15.987 Thread 0x00000159a32848a0 nmethod 6233% 0x000001598f357f10 code [0x000001598f358140, 0x000001598f358c88]
Event: 15.989 Thread 0x00000159a32848a0 6234 %     3       org.antlr.v4.runtime.misc.FlexibleHashMap::values @ 23 (95 bytes)
Event: 15.990 Thread 0x00000159a32848a0 nmethod 6234% 0x000001598f883a10 code [0x000001598f883c40, 0x000001598f884728]
Event: 15.999 Thread 0x00000159ea8f0870 nmethod 6221 0x0000015996fc6410 code [0x0000015996fc6720, 0x0000015996fc97b0]
Event: 15.999 Thread 0x00000159ea8f0870 6229       4       org.antlr.v4.runtime.misc.FlexibleHashMap::put (157 bytes)

GC Heap History (20 events):
Event: 11.469 GC heap after
{Heap after GC invocations=12 (full 0):
 garbage-first heap   total 55296K, used 23475K [0x00000000cac00000, 0x0000000100000000)
  region size 1024K, 3 young (3072K), 3 survivors (3072K)
 Metaspace       used 44672K, committed 45120K, reserved 1114112K
  class space    used 5868K, committed 6080K, reserved 1048576K
}
Event: 12.010 GC heap before
{Heap before GC invocations=12 (full 0):
 garbage-first heap   total 55296K, used 40883K [0x00000000cac00000, 0x0000000100000000)
  region size 1024K, 21 young (21504K), 3 survivors (3072K)
 Metaspace       used 48532K, committed 49024K, reserved 1114112K
  class space    used 6391K, committed 6656K, reserved 1048576K
}
Event: 12.015 GC heap after
{Heap after GC invocations=13 (full 0):
 garbage-first heap   total 55296K, used 25173K [0x00000000cac00000, 0x0000000100000000)
  region size 1024K, 2 young (2048K), 2 survivors (2048K)
 Metaspace       used 48532K, committed 49024K, reserved 1114112K
  class space    used 6391K, committed 6656K, reserved 1048576K
}
Event: 12.572 GC heap before
{Heap before GC invocations=13 (full 0):
 garbage-first heap   total 55296K, used 42581K [0x00000000cac00000, 0x0000000100000000)
  region size 1024K, 20 young (20480K), 2 survivors (2048K)
 Metaspace       used 54183K, committed 54656K, reserved 1114112K
  class space    used 7195K, committed 7424K, reserved 1048576K
}
Event: 12.575 GC heap after
{Heap after GC invocations=14 (full 0):
 garbage-first heap   total 66560K, used 25770K [0x00000000cac00000, 0x0000000100000000)
  region size 1024K, 3 young (3072K), 3 survivors (3072K)
 Metaspace       used 54183K, committed 54656K, reserved 1114112K
  class space    used 7195K, committed 7424K, reserved 1048576K
}
Event: 13.499 GC heap before
{Heap before GC invocations=14 (full 0):
 garbage-first heap   total 66560K, used 49322K [0x00000000cac00000, 0x0000000100000000)
  region size 1024K, 27 young (27648K), 3 survivors (3072K)
 Metaspace       used 59646K, committed 60160K, reserved 1114112K
  class space    used 8071K, committed 8320K, reserved 1048576K
}
Event: 13.504 GC heap after
{Heap after GC invocations=15 (full 0):
 garbage-first heap   total 66560K, used 26572K [0x00000000cac00000, 0x0000000100000000)
  region size 1024K, 2 young (2048K), 2 survivors (2048K)
 Metaspace       used 59646K, committed 60160K, reserved 1114112K
  class space    used 8071K, committed 8320K, reserved 1048576K
}
Event: 14.709 GC heap before
{Heap before GC invocations=16 (full 0):
 garbage-first heap   total 66560K, used 52172K [0x00000000cac00000, 0x0000000100000000)
  region size 1024K, 27 young (27648K), 2 survivors (2048K)
 Metaspace       used 62103K, committed 62656K, reserved 1114112K
  class space    used 8465K, committed 8704K, reserved 1048576K
}
Event: 14.714 GC heap after
{Heap after GC invocations=17 (full 0):
 garbage-first heap   total 66560K, used 28878K [0x00000000cac00000, 0x0000000100000000)
  region size 1024K, 4 young (4096K), 4 survivors (4096K)
 Metaspace       used 62103K, committed 62656K, reserved 1114112K
  class space    used 8465K, committed 8704K, reserved 1048576K
}
Event: 15.139 GC heap before
{Heap before GC invocations=17 (full 0):
 garbage-first heap   total 66560K, used 51406K [0x00000000cac00000, 0x0000000100000000)
  region size 1024K, 27 young (27648K), 4 survivors (4096K)
 Metaspace       used 64895K, committed 65472K, reserved 1114112K
  class space    used 8946K, committed 9216K, reserved 1048576K
}
Event: 15.146 GC heap after
{Heap after GC invocations=18 (full 0):
 garbage-first heap   total 66560K, used 30446K [0x00000000cac00000, 0x0000000100000000)
  region size 1024K, 2 young (2048K), 2 survivors (2048K)
 Metaspace       used 64895K, committed 65472K, reserved 1114112K
  class space    used 8946K, committed 9216K, reserved 1048576K
}
Event: 15.378 GC heap before
{Heap before GC invocations=18 (full 0):
 garbage-first heap   total 66560K, used 51950K [0x00000000cac00000, 0x0000000100000000)
  region size 1024K, 24 young (24576K), 2 survivors (2048K)
 Metaspace       used 66662K, committed 67200K, reserved 1114112K
  class space    used 9324K, committed 9536K, reserved 1048576K
}
Event: 15.381 GC heap after
{Heap after GC invocations=19 (full 0):
 garbage-first heap   total 66560K, used 31248K [0x00000000cac00000, 0x0000000100000000)
  region size 1024K, 3 young (3072K), 3 survivors (3072K)
 Metaspace       used 66662K, committed 67200K, reserved 1114112K
  class space    used 9324K, committed 9536K, reserved 1048576K
}
Event: 15.732 GC heap before
{Heap before GC invocations=19 (full 0):
 garbage-first heap   total 66560K, used 53776K [0x00000000cac00000, 0x0000000100000000)
  region size 1024K, 25 young (25600K), 3 survivors (3072K)
 Metaspace       used 68675K, committed 69184K, reserved 1114112K
  class space    used 9627K, committed 9856K, reserved 1048576K
}
Event: 15.737 GC heap after
{Heap after GC invocations=20 (full 0):
 garbage-first heap   total 66560K, used 32973K [0x00000000cac00000, 0x0000000100000000)
  region size 1024K, 3 young (3072K), 3 survivors (3072K)
 Metaspace       used 68675K, committed 69184K, reserved 1114112K
  class space    used 9627K, committed 9856K, reserved 1048576K
}
Event: 15.869 GC heap before
{Heap before GC invocations=20 (full 0):
 garbage-first heap   total 66560K, used 53453K [0x00000000cac00000, 0x0000000100000000)
  region size 1024K, 23 young (23552K), 3 survivors (3072K)
 Metaspace       used 68675K, committed 69184K, reserved 1114112K
  class space    used 9627K, committed 9856K, reserved 1048576K
}
Event: 15.880 GC heap after
{Heap after GC invocations=21 (full 0):
 garbage-first heap   total 66560K, used 40049K [0x00000000cac00000, 0x0000000100000000)
  region size 1024K, 3 young (3072K), 3 survivors (3072K)
 Metaspace       used 68675K, committed 69184K, reserved 1114112K
  class space    used 9627K, committed 9856K, reserved 1048576K
}
Event: 15.934 GC heap before
{Heap before GC invocations=22 (full 0):
 garbage-first heap   total 78848K, used 50289K [0x00000000cac00000, 0x0000000100000000)
  region size 1024K, 14 young (14336K), 3 survivors (3072K)
 Metaspace       used 68675K, committed 69184K, reserved 1114112K
  class space    used 9627K, committed 9856K, reserved 1048576K
}
Event: 15.943 GC heap after
{Heap after GC invocations=23 (full 0):
 garbage-first heap   total 78848K, used 44686K [0x00000000cac00000, 0x0000000100000000)
  region size 1024K, 2 young (2048K), 2 survivors (2048K)
 Metaspace       used 68675K, committed 69184K, reserved 1114112K
  class space    used 9627K, committed 9856K, reserved 1048576K
}
Event: 16.006 GC heap before
{Heap before GC invocations=23 (full 0):
 garbage-first heap   total 78848K, used 59022K [0x00000000cac00000, 0x0000000100000000)
  region size 1024K, 16 young (16384K), 2 survivors (2048K)
 Metaspace       used 68675K, committed 69184K, reserved 1114112K
  class space    used 9627K, committed 9856K, reserved 1048576K
}

Deoptimization events (20 events):
Event: 15.705 Thread 0x00000159878bb3d0 DEOPT PACKING pc=0x0000015996d75eb0 sp=0x0000001dfcaf8bc0
Event: 15.705 Thread 0x00000159878bb3d0 DEOPT UNPACKING pc=0x00000159966f23a3 sp=0x0000001dfcaf8b90 mode 2
Event: 15.705 Thread 0x00000159878bb3d0 Uncommon trap: trap_request=0xffffffd6 fr.pc=0x0000015996d75eb0 relative=0x0000000000000f30
Event: 15.705 Thread 0x00000159878bb3d0 Uncommon trap: reason=array_check action=maybe_recompile pc=0x0000015996d75eb0 method=org.antlr.v4.runtime.misc.Array2DHashSet.getOrAddImpl(Ljava/lang/Object;)Ljava/lang/Object; @ 133 c2
Event: 15.705 Thread 0x00000159878bb3d0 DEOPT PACKING pc=0x0000015996d75eb0 sp=0x0000001dfcaf9280
Event: 15.705 Thread 0x00000159878bb3d0 DEOPT UNPACKING pc=0x00000159966f23a3 sp=0x0000001dfcaf9250 mode 2
Event: 15.793 Thread 0x00000159878bb3d0 Uncommon trap: trap_request=0xffffff45 fr.pc=0x0000015996e071ac relative=0x00000000000001cc
Event: 15.793 Thread 0x00000159878bb3d0 Uncommon trap: reason=unstable_if action=reinterpret pc=0x0000015996e071ac method=org.antlr.v4.runtime.atn.ParserATNSimulator.canDropLoopEntryEdgeInLeftRecursiveRule(Lorg/antlr/v4/runtime/atn/ATNConfig;)Z @ 106 c2
Event: 15.793 Thread 0x00000159878bb3d0 DEOPT PACKING pc=0x0000015996e071ac sp=0x0000001dfcaf9670
Event: 15.793 Thread 0x00000159878bb3d0 DEOPT UNPACKING pc=0x00000159966f23a3 sp=0x0000001dfcaf95e0 mode 2
Event: 15.795 Thread 0x00000159878bb3d0 DEOPT PACKING pc=0x000001598f1fccdb sp=0x0000001dfcaf82a0
Event: 15.795 Thread 0x00000159878bb3d0 DEOPT UNPACKING pc=0x00000159966f2b43 sp=0x0000001dfcaf7740 mode 0
Event: 15.839 Thread 0x00000159878bb3d0 Uncommon trap: trap_request=0xffffffd6 fr.pc=0x0000015996fc2e94 relative=0x0000000000004174
Event: 15.839 Thread 0x00000159878bb3d0 Uncommon trap: reason=array_check action=maybe_recompile pc=0x0000015996fc2e94 method=org.antlr.v4.runtime.misc.Array2DHashSet.getOrAddImpl(Ljava/lang/Object;)Ljava/lang/Object; @ 133 c2
Event: 15.839 Thread 0x00000159878bb3d0 DEOPT PACKING pc=0x0000015996fc2e94 sp=0x0000001dfcaf9660
Event: 15.839 Thread 0x00000159878bb3d0 DEOPT UNPACKING pc=0x00000159966f23a3 sp=0x0000001dfcaf94f0 mode 2
Event: 15.952 Thread 0x00000159878bb3d0 DEOPT PACKING pc=0x000001598f585c11 sp=0x0000001dfcafb700
Event: 15.952 Thread 0x00000159878bb3d0 DEOPT UNPACKING pc=0x00000159966f2b43 sp=0x0000001dfcafac20 mode 0
Event: 15.954 Thread 0x00000159878bb3d0 DEOPT PACKING pc=0x000001598f6ebf67 sp=0x0000001dfcafb850
Event: 15.954 Thread 0x00000159878bb3d0 DEOPT UNPACKING pc=0x00000159966f2b43 sp=0x0000001dfcafadf8 mode 0

Classes unloaded (0 events):
No events

Classes redefined (0 events):
No events

Internal exceptions (20 events):
Event: 13.081 Thread 0x00000159878bb3d0 Exception <a 'java/lang/IncompatibleClassChangeError'{0x00000000cdee2560}: Found class java.lang.Object, but interface was expected> (0x00000000cdee2560) 
thrown [s\open\src\hotspot\share\interpreter\linkResolver.cpp, line 826]
Event: 13.115 Thread 0x00000159878bb3d0 Exception <a 'java/lang/NoSuchMethodError'{0x00000000cdc510d0}: 'int java.lang.invoke.DirectMethodHandle$Holder.invokeStatic(java.lang.Object, int, java.lang.Object)'> (0x00000000cdc510d0) 
thrown [s\open\src\hotspot\share\interpreter\linkResolver.cpp, line 759]
Event: 13.117 Thread 0x00000159878bb3d0 Exception <a 'java/lang/NoSuchMethodError'{0x00000000cdc71750}: 'java.lang.Object java.lang.invoke.DirectMethodHandle$Holder.newInvokeSpecial(java.lang.Object, java.lang.Object, java.lang.Object, java.lang.Object, java.lang.Object, int, java.lang.Object)'> (0x00000000cdc71750) 
thrown [s\open\src\hotspot\share\interpreter\linkResolver.cpp, line 759]
Event: 13.122 Thread 0x00000159878bb3d0 Exception <a 'java/lang/NoSuchMethodError'{0x00000000cdca99b8}: 'java.lang.Object java.lang.invoke.DirectMethodHandle$Holder.newInvokeSpecial(java.lang.Object, java.lang.Object, java.lang.Object, java.lang.Object, java.lang.Object, java.lang.Object, java.lang.Object, java.lang.Object, java.lang.Object, java.lang.Object, java.lang.Object, java.lang.Object)'> (0x00000000cdca99b8) 
thrown [s\open\src\hotspot\share\interpreter\linkResolver.cpp, line 759]
Event: 13.122 Thread 0x00000159878bb3d0 Exception <a 'java/lang/NoSuchMethodError'{0x00000000cdcae450}: 'java.lang.Object java.lang.invoke.DirectMethodHandle$Holder.invokeSpecial(java.lang.Object, java.lang.Object, java.lang.Object, java.lang.Object, java.lang.Object, java.lang.Object, java.lang.Object, java.lang.Object, java.lang.Object, java.lang.Object, java.lang.Object, java.lang.Object, java.lang.Object)'> (0x00000000cdcae450) 
thrown [s\open\src\hotspot\share\interpreter\linkResolver.cpp, line 759]
Event: 13.122 Thread 0x00000159878bb3d0 Exception <a 'java/lang/NoSuchMethodError'{0x00000000cdcb2b68}: 'java.lang.Object java.lang.invoke.Invokers$Holder.linkToTargetMethod(java.lang.Object, java.lang.Object, java.lang.Object, java.lang.Object, java.lang.Object, java.lang.Object, java.lang.Object, java.lang.Object, java.lang.Object, java.lang.Object, java.lang.Object, java.lang.Object)'> (0x00000000cdcb2b68) 
thrown [s\open\src\hotspot\share\interpreter\linkResolver.cpp, line 759]
Event: 13.174 Thread 0x00000159878bb3d0 Exception <a 'java/lang/IncompatibleClassChangeError'{0x00000000cda6acd0}: Found class java.lang.Object, but interface was expected> (0x00000000cda6acd0) 
thrown [s\open\src\hotspot\share\interpreter\linkResolver.cpp, line 826]
Event: 13.190 Thread 0x00000159878bb3d0 Exception <a 'java/lang/NoSuchMethodError'{0x00000000cdaec578}: 'java.lang.Object java.lang.invoke.DirectMethodHandle$Holder.newInvokeSpecial(java.lang.Object, java.lang.Object, java.lang.Object, java.lang.Object, java.lang.Object, java.lang.Object, java.lang.Object, int)'> (0x00000000cdaec578) 
thrown [s\open\src\hotspot\share\interpreter\linkResolver.cpp, line 759]
Event: 13.191 Thread 0x00000159878bb3d0 Exception <a 'java/lang/NoSuchMethodError'{0x00000000cdaf17d0}: 'java.lang.Object java.lang.invoke.DirectMethodHandle$Holder.invokeSpecial(java.lang.Object, java.lang.Object, java.lang.Object, java.lang.Object, java.lang.Object, java.lang.Object, java.lang.Object, java.lang.Object, int)'> (0x00000000cdaf17d0) 
thrown [s\open\src\hotspot\share\interpreter\linkResolver.cpp, line 759]
Event: 13.191 Thread 0x00000159878bb3d0 Exception <a 'java/lang/NoSuchMethodError'{0x00000000cdaf6298}: 'java.lang.Object java.lang.invoke.Invokers$Holder.linkToTargetMethod(java.lang.Object, java.lang.Object, java.lang.Object, java.lang.Object, java.lang.Object, java.lang.Object, int, java.lang.Object)'> (0x00000000cdaf6298) 
thrown [s\open\src\hotspot\share\interpreter\linkResolver.cpp, line 759]
Event: 13.603 Thread 0x00000159878bb3d0 Exception <a 'sun/nio/fs/WindowsException'{0x00000000cead04f0}> (0x00000000cead04f0) 
thrown [s\open\src\hotspot\share\prims\jni.cpp, line 516]
Event: 13.950 Thread 0x00000159878bb3d0 Implicit null exception at 0x0000015996edfad7 to 0x0000015996ee3ae0
Event: 14.068 Thread 0x00000159878bb3d0 Exception <a 'java/lang/IncompatibleClassChangeError'{0x00000000cdde5618}: Found class java.lang.Object, but interface was expected> (0x00000000cdde5618) 
thrown [s\open\src\hotspot\share\interpreter\linkResolver.cpp, line 826]
Event: 14.457 Thread 0x00000159878bb3d0 Exception <a 'java/lang/IncompatibleClassChangeError'{0x00000000cdbea120}: Found class java.lang.Object, but interface was expected> (0x00000000cdbea120) 
thrown [s\open\src\hotspot\share\interpreter\linkResolver.cpp, line 826]
Event: 14.597 Thread 0x00000159878bb3d0 Exception <a 'java/lang/IncompatibleClassChangeError'{0x00000000cd7fa750}: Found class java.lang.Object, but interface was expected> (0x00000000cd7fa750) 
thrown [s\open\src\hotspot\share\interpreter\linkResolver.cpp, line 826]
Event: 14.761 Thread 0x00000159878bb3d0 Exception <a 'java/lang/reflect/InvocationTargetException'{0x00000000cebfb4c8}> (0x00000000cebfb4c8) 
thrown [s\open\src\hotspot\share\runtime\reflection.cpp, line 1121]
Event: 15.610 Thread 0x00000159878bb3d0 Exception <a 'java/lang/reflect/InvocationTargetException'{0x00000000cde6be28}> (0x00000000cde6be28) 
thrown [s\open\src\hotspot\share\runtime\reflection.cpp, line 1121]
Event: 15.627 Thread 0x00000159878bb3d0 Implicit null exception at 0x0000015996eea5ee to 0x0000015996eea8d9
Event: 15.628 Thread 0x00000159878bb3d0 Exception <a 'java/lang/reflect/InvocationTargetException'{0x00000000cde95018}> (0x00000000cde95018) 
thrown [s\open\src\hotspot\share\runtime\reflection.cpp, line 1121]
Event: 15.664 Thread 0x00000159878bb3d0 Exception <a 'java/lang/reflect/InvocationTargetException'{0x00000000cdcef130}> (0x00000000cdcef130) 
thrown [s\open\src\hotspot\share\runtime\reflection.cpp, line 1121]

VM Operations (20 events):
Event: 14.994 Executing VM operation: HandshakeAllThreads done
Event: 14.997 Executing VM operation: HandshakeAllThreads
Event: 14.997 Executing VM operation: HandshakeAllThreads done
Event: 15.120 Executing VM operation: HandshakeAllThreads
Event: 15.120 Executing VM operation: HandshakeAllThreads done
Event: 15.139 Executing VM operation: G1CollectForAllocation
Event: 15.146 Executing VM operation: G1CollectForAllocation done
Event: 15.378 Executing VM operation: G1CollectForAllocation
Event: 15.381 Executing VM operation: G1CollectForAllocation done
Event: 15.732 Executing VM operation: G1CollectForAllocation
Event: 15.737 Executing VM operation: G1CollectForAllocation done
Event: 15.869 Executing VM operation: G1CollectForAllocation
Event: 15.880 Executing VM operation: G1CollectForAllocation done
Event: 15.908 Executing VM operation: G1Concurrent
Event: 15.913 Executing VM operation: G1Concurrent done
Event: 15.927 Executing VM operation: G1Concurrent
Event: 15.927 Executing VM operation: G1Concurrent done
Event: 15.934 Executing VM operation: G1CollectForAllocation
Event: 15.943 Executing VM operation: G1CollectForAllocation done
Event: 16.006 Executing VM operation: G1CollectForAllocation

Events (20 events):
Event: 14.652 loading class java/util/stream/ReduceOps$5
Event: 14.653 loading class java/util/stream/ReduceOps$5 done
Event: 14.653 loading class java/util/stream/ReduceOps$CountingSink$OfRef
Event: 14.653 loading class java/util/stream/ReduceOps$CountingSink
Event: 14.653 loading class java/util/stream/ReduceOps$CountingSink done
Event: 14.653 loading class java/util/stream/ReduceOps$CountingSink$OfRef done
Event: 14.783 loading class java/util/regex/Pattern$Bound
Event: 14.783 loading class java/util/regex/Pattern$Bound done
Event: 14.785 loading class java/util/regex/Pattern$Behind
Event: 14.785 loading class java/util/regex/Pattern$Behind done
Event: 14.792 loading class java/util/regex/Pattern$1
Event: 14.793 loading class java/util/regex/Pattern$1 done
Event: 14.812 loading class java/util/EmptyStackException
Event: 14.812 loading class java/util/EmptyStackException done
Event: 14.973 loading class java/io/InvalidClassException
Event: 14.974 loading class java/io/InvalidClassException done
Event: 14.992 loading class java/util/ArrayList$ListItr
Event: 14.993 loading class java/util/ArrayList$ListItr done
Event: 15.618 loading class jdk/internal/loader/BootLoader$PackageHelper
Event: 15.626 loading class jdk/internal/loader/BootLoader$PackageHelper done


Dynamic libraries:
0x00007ff6e6ce0000 - 0x00007ff6e6cf0000 	C:\Program Files\Java\jdk-17\bin\javaw.exe
0x00007ffc53f80000 - 0x00007ffc541e7000 	C:\WINDOWS\SYSTEM32\ntdll.dll
0x00007ffc52c40000 - 0x00007ffc52d09000 	C:\WINDOWS\System32\KERNEL32.DLL
0x00007ffc516e0000 - 0x00007ffc51acf000 	C:\WINDOWS\System32\KERNELBASE.dll
0x00007ffc51b10000 - 0x00007ffc51c5b000 	C:\WINDOWS\System32\ucrtbase.dll
0x00007ffc34520000 - 0x00007ffc34539000 	C:\Program Files\Java\jdk-17\bin\jli.dll
0x00007ffc344b0000 - 0x00007ffc344cb000 	C:\Program Files\Java\jdk-17\bin\VCRUNTIME140.dll
0x00007ffc52a80000 - 0x00007ffc52b34000 	C:\WINDOWS\System32\ADVAPI32.dll
0x00007ffc53ab0000 - 0x00007ffc53b59000 	C:\WINDOWS\System32\msvcrt.dll
0x00007ffc52980000 - 0x00007ffc52a26000 	C:\WINDOWS\System32\sechost.dll
0x00007ffc53850000 - 0x00007ffc53968000 	C:\WINDOWS\System32\RPCRT4.dll
0x00007ffc52550000 - 0x00007ffc52715000 	C:\WINDOWS\System32\USER32.dll
0x00007ffc51ae0000 - 0x00007ffc51b07000 	C:\WINDOWS\System32\win32u.dll
0x00007ffc37920000 - 0x00007ffc37bb3000 	C:\WINDOWS\WinSxS\amd64_microsoft.windows.common-controls_6595b64144ccf1df_6.0.26100.7309_none_3e05feeae336a044\COMCTL32.dll
0x00007ffc52a30000 - 0x00007ffc52a5b000 	C:\WINDOWS\System32\GDI32.dll
0x00007ffc512d0000 - 0x00007ffc513fc000 	C:\WINDOWS\System32\gdi32full.dll
0x00007ffc51630000 - 0x00007ffc516d3000 	C:\WINDOWS\System32\msvcp_win.dll
0x00007ffc49a70000 - 0x00007ffc49a7b000 	C:\WINDOWS\SYSTEM32\VERSION.dll
0x00007ffc53630000 - 0x00007ffc53661000 	C:\WINDOWS\System32\IMM32.DLL
0x00007ffc36be0000 - 0x00007ffc36bec000 	C:\Program Files\Java\jdk-17\bin\vcruntime140_1.dll
0x00007ffc26c20000 - 0x00007ffc26cae000 	C:\Program Files\Java\jdk-17\bin\msvcp140.dll
0x00007ffbc7230000 - 0x00007ffbc7e10000 	C:\Program Files\Java\jdk-17\bin\server\jvm.dll
0x00007ffc53840000 - 0x00007ffc53848000 	C:\WINDOWS\System32\PSAPI.DLL
0x00007ffc4a110000 - 0x00007ffc4a11a000 	C:\WINDOWS\SYSTEM32\WSOCK32.dll
0x00007ffc49a30000 - 0x00007ffc49a65000 	C:\WINDOWS\SYSTEM32\WINMM.dll
0x00007ffc539a0000 - 0x00007ffc53a14000 	C:\WINDOWS\System32\WS2_32.dll
0x00007ffc4fe80000 - 0x00007ffc4fe9b000 	C:\WINDOWS\SYSTEM32\kernel.appcore.dll
0x00007ffc34300000 - 0x00007ffc3430a000 	C:\Program Files\Java\jdk-17\bin\jimage.dll
0x00007ffc43ba0000 - 0x00007ffc43de2000 	C:\WINDOWS\SYSTEM32\DBGHELP.DLL
0x00007ffc53bb0000 - 0x00007ffc53f35000 	C:\WINDOWS\System32\combase.dll
0x00007ffc53540000 - 0x00007ffc53616000 	C:\WINDOWS\System32\OLEAUT32.dll
0x00007ffc346d0000 - 0x00007ffc3470c000 	C:\WINDOWS\SYSTEM32\dbgcore.DLL
0x00007ffc51580000 - 0x00007ffc51625000 	C:\WINDOWS\System32\bcryptPrimitives.dll
0x00007ffc26ee0000 - 0x00007ffc26f05000 	C:\Program Files\Java\jdk-17\bin\java.dll
0x00007ffc1d530000 - 0x00007ffc1d607000 	C:\Program Files\Java\jdk-17\bin\jsvml.dll
0x00007ffc52dd0000 - 0x00007ffc53523000 	C:\WINDOWS\System32\SHELL32.dll
0x00007ffc510d0000 - 0x00007ffc5123a000 	C:\WINDOWS\System32\wintypes.dll
0x00007ffc4ecf0000 - 0x00007ffc4f54e000 	C:\WINDOWS\SYSTEM32\windows.storage.dll
0x00007ffc52b40000 - 0x00007ffc52c35000 	C:\WINDOWS\System32\SHCORE.dll
0x00007ffc53670000 - 0x00007ffc536d6000 	C:\WINDOWS\System32\shlwapi.dll
0x00007ffc50ff0000 - 0x00007ffc51019000 	C:\WINDOWS\SYSTEM32\profapi.dll
0x00007ffc26ec0000 - 0x00007ffc26ed9000 	C:\Program Files\Java\jdk-17\bin\net.dll
0x00007ffc470b0000 - 0x00007ffc471d8000 	C:\WINDOWS\SYSTEM32\WINHTTP.dll
0x00007ffc503f0000 - 0x00007ffc5045b000 	C:\WINDOWS\system32\mswsock.dll
0x00007ffc26c00000 - 0x00007ffc26c16000 	C:\Program Files\Java\jdk-17\bin\nio.dll
0x00007ffc26af0000 - 0x00007ffc26b08000 	C:\Program Files\Java\jdk-17\bin\zip.dll
0x00007ffc2d580000 - 0x00007ffc2d58e000 	C:\Program Files\Java\jdk-17\bin\sunmscapi.dll
0x00007ffc51400000 - 0x00007ffc51577000 	C:\WINDOWS\System32\CRYPT32.dll
0x00007ffc50940000 - 0x00007ffc50970000 	C:\WINDOWS\SYSTEM32\ncrypt.dll
0x00007ffc508f0000 - 0x00007ffc5092f000 	C:\WINDOWS\SYSTEM32\NTASN1.dll
0x00007ffc506b0000 - 0x00007ffc506cb000 	C:\WINDOWS\SYSTEM32\CRYPTSP.dll
0x00007ffc4fde0000 - 0x00007ffc4fe1a000 	C:\WINDOWS\system32\rsaenh.dll
0x00007ffc504a0000 - 0x00007ffc504cb000 	C:\WINDOWS\SYSTEM32\USERENV.dll
0x00007ffc50fc0000 - 0x00007ffc50fea000 	C:\WINDOWS\SYSTEM32\bcrypt.dll
0x00007ffc506d0000 - 0x00007ffc506dc000 	C:\WINDOWS\SYSTEM32\CRYPTBASE.dll
0x00007ffc4f8e0000 - 0x00007ffc4f914000 	C:\WINDOWS\SYSTEM32\IPHLPAPI.DLL
0x00007ffc53620000 - 0x00007ffc5362a000 	C:\WINDOWS\System32\NSI.dll
0x00007ffc49db0000 - 0x00007ffc49dce000 	C:\WINDOWS\SYSTEM32\dhcpcsvc6.DLL
0x00007ffc49a80000 - 0x00007ffc49aa3000 	C:\WINDOWS\SYSTEM32\dhcpcsvc.DLL
0x00007ffc4f980000 - 0x00007ffc4faac000 	C:\WINDOWS\SYSTEM32\DNSAPI.dll
0x00007ffc26eb0000 - 0x00007ffc26eba000 	C:\Program Files\Java\jdk-17\bin\management.dll
0x00007ffc26bf0000 - 0x00007ffc26bfb000 	C:\Program Files\Java\jdk-17\bin\management_ext.dll
0x00007ffc46cf0000 - 0x00007ffc46cfb000 	C:\Windows\System32\rasadhlp.dll
0x00007ffc4a530000 - 0x00007ffc4a5b6000 	C:\WINDOWS\System32\fwpuclnt.dll

dbghelp: loaded successfully - version: 4.0.5 - missing functions: none
symbol engine: initialized successfully - sym options: 0x614 - pdb path: .;C:\Program Files\Java\jdk-17\bin;C:\WINDOWS\SYSTEM32;C:\WINDOWS\WinSxS\amd64_microsoft.windows.common-controls_6595b64144ccf1df_6.0.26100.7309_none_3e05feeae336a044;C:\Program Files\Java\jdk-17\bin\server

VM Arguments:
jvm_args: -Dfile.encoding=UTF-8 -Dstdout.encoding=UTF-8 -Dstderr.encoding=UTF-8 -XX:+ShowCodeDetailsInExceptionMessages 
java_command: com.infosys.lostFoundApplication.LostFoundApplication
java_class_path (initial): C:\InfosysProject\LostFoundProject\lostFoundApplication\target\classes;C:\Users\HOME PC\.m2\repository\org\springframework\boot\spring-boot-starter-data-jpa\3.5.7\spring-boot-starter-data-jpa-3.5.7.jar;C:\Users\HOME PC\.m2\repository\org\springframework\boot\spring-boot-starter\3.5.7\spring-boot-starter-3.5.7.jar;C:\Users\HOME PC\.m2\repository\org\springframework\boot\spring-boot\3.5.7\spring-boot-3.5.7.jar;C:\Users\HOME PC\.m2\repository\org\springframework\boot\spring-boot-autoconfigure\3.5.7\spring-boot-autoconfigure-3.5.7.jar;C:\Users\HOME PC\.m2\repository\org\springframework\boot\spring-boot-starter-logging\3.5.7\spring-boot-starter-logging-3.5.7.jar;C:\Users\HOME PC\.m2\repository\ch\qos\logback\logback-classic\1.5.20\logback-classic-1.5.20.jar;C:\Users\HOME PC\.m2\repository\ch\qos\logback\logback-core\1.5.20\logback-core-1.5.20.jar;C:\Users\HOME PC\.m2\repository\org\apache\logging\log4j\log4j-to-slf4j\2.24.3\log4j-to-slf4j-2.24.3.jar;C:\Users\HOME PC\.m2\repository\org\apache\logging\log4j\log4j-api\2.24.3\log4j-api-2.24.3.jar;C:\Users\HOME PC\.m2\repository\org\slf4j\jul-to-slf4j\2.0.17\jul-to-slf4j-2.0.17.jar;C:\Users\HOME PC\.m2\repository\jakarta\annotation\jakarta.annotation-api\2.1.1\jakarta.annotation-api-2.1.1.jar;C:\Users\HOME PC\.m2\repository\org\yaml\snakeyaml\2.4\snakeyaml-2.4.jar;C:\Users\HOME PC\.m2\repository\org\springframework\boot\spring-boot-starter-jdbc\3.5.7\spring-boot-starter-jdbc-3.5.7.jar;C:\Users\HOME PC\.m2\repository\com\zaxxer\HikariCP\6.3.3\HikariCP-6.3.3.jar;C:\Users\HOME PC\.m2\repository\org\springframework\spring-jdbc\6.2.12\spring-jdbc-6.2.12.jar;C:\Users\HOME PC\.m2\repository\org\hibernate\orm\hibernate-core\6.6.33.Final\hibernate-core-6.6.33.Final.jar;C:\Users\HOME PC\.m2\repository\jakarta\persistence\jakarta.persistence-api\3.1.0\jakarta.persistence-api-3.1.0.jar;C:\Users\HOME PC\.m2\repository\jakarta\transaction\jakarta.transaction-api\2.0.1\jakarta.transaction-api-2.0.1.jar;C:\Users\
Launcher Type: SUN_STANDARD

[Global flags]
     intx CICompilerCount                          = 4                                         {product} {ergonomic}
     uint ConcGCThreads                            = 3                                         {product} {ergonomic}
     uint G1ConcRefinementThreads                  = 10                                        {product} {ergonomic}
   size_t G1HeapRegionSize                         = 1048576                                   {product} {ergonomic}
    uintx GCDrainStackTargetSize                   = 64                                        {product} {ergonomic}
   size_t InitialHeapSize                          = 56623104                                  {product} {ergonomic}
   size_t MarkStackSize                            = 4194304                                   {product} {ergonomic}
   size_t MaxHeapSize                              = 893386752                                 {product} {ergonomic}
   size_t MaxNewSize                               = 535822336                                 {product} {ergonomic}
   size_t MinHeapDeltaBytes                        = 1048576                                   {product} {ergonomic}
   size_t MinHeapSize                              = 8388608                                   {product} {ergonomic}
    uintx NonNMethodCodeHeapSize                   = 5839372                                {pd product} {ergonomic}
    uintx NonProfiledCodeHeapSize                  = 122909434                              {pd product} {ergonomic}
    uintx ProfiledCodeHeapSize                     = 122909434                              {pd product} {ergonomic}
    uintx ReservedCodeCacheSize                    = 251658240                              {pd product} {ergonomic}
     bool SegmentedCodeCache                       = true                                      {product} {ergonomic}
     bool ShowCodeDetailsInExceptionMessages       = true                                   {manageable} {command line}
   size_t SoftMaxHeapSize                          = 893386752                              {manageable} {ergonomic}
     bool UseCompressedClassPointers               = true                           {product lp64_product} {ergonomic}
     bool UseCompressedOops                        = true                           {product lp64_product} {ergonomic}
     bool UseG1GC                                  = true                                      {product} {ergonomic}
     bool UseLargePagesIndividualAllocation        = false                                  {pd product} {ergonomic}

Logging:
Log output configuration:
 #0: stdout all=warning uptime,level,tags
 #1: stderr all=off uptime,level,tags

Environment Variables:
PATH=C:/Users/HOME PC/.p2/pool/plugins/org.eclipse.justj.openjdk.hotspot.jre.full.win32.x86_64_21.0.9.v20251105-0741/jre/bin/server;C:/Users/HOME PC/.p2/pool/plugins/org.eclipse.justj.openjdk.hotspot.jre.full.win32.x86_64_21.0.9.v20251105-0741/jre/bin;C:\Program Files\Common Files\Oracle\Java\javapath;C:\WINDOWS\system32;C:\WINDOWS;C:\WINDOWS\System32\Wbem;C:\WINDOWS\System32\WindowsPowerShell\v1.0\;C:\WINDOWS\System32\OpenSSH\;C:\Program Files\nodejs\;C:\Program Files\MySQL\MySQL Server 8.0\bin;C:\Users\HOME PC\AppData\Local\Programs\Python\Python313\Scripts\;C:\Users\HOME PC\AppData\Local\Programs\Python\Python313\;C:\Users\HOME PC\AppData\Local\Programs\Python\Launcher\;C:\Users\HOME PC\AppData\Local\Microsoft\WindowsApps;C:\Users\HOME PC\AppData\Local\Programs\Git\cmd;C:\Users\HOME PC\AppData\Local\Programs\Microsoft VS Code\bin;C:\Users\HOME PC\AppData\Local\Programs\mongosh\;C:\Users\HOME PC\AppData\Roaming\npm;C:\Users\HOME PC\OneDrive\Desktop;
USERNAME=HOME PC
OS=Windows_NT
PROCESSOR_IDENTIFIER=AMD64 Family 23 Model 104 Stepping 1, AuthenticAMD



---------------  S Y S T E M  ---------------

OS:
 Windows 11 , 64 bit Build 26100 (10.0.26100.7309)
OS uptime: 0 days 1:34 hours

CPU: total 12 (initial active 12) (12 cores per cpu, 2 threads per core) family 23 model 104 stepping 1 microcode 0x8608109, cx8, cmov, fxsr, ht, mmx, 3dnowpref, sse, sse2, sse3, ssse3, sse4a, sse4.1, sse4.2, popcnt, lzcnt, tsc, tscinvbit, avx, avx2, aes, clmul, bmi1, bmi2, adx, sha, fma, vzeroupper, clflush, clflushopt

Memory: 4k page, system-wide physical 3405M (448M free)
TotalPageFile size 13645M (AvailPageFile size 41M)
current process WorkingSet (physical memory assigned to process): 266M, peak: 266M
current process commit charge ("private bytes"): 305M, peak: 392M

vm_info: Java HotSpot(TM) 64-Bit Server VM (17.0.12+8-LTS-286) for windows-amd64 JRE (17.0.12+8-LTS-286), built on Jun  5 2024 06:46:59 by "mach5one" with MS VC++ 17.6 (VS2022)

END.
