#
# There is insufficient memory for the Java Runtime Environment to continue.
# Native memory allocation (mmap) failed to map 41943040 bytes for G1 virtual space
# Possible reasons:
#   The system is out of physical RAM or swap space
#   The process is running with CompressedOops enabled, and the Java Heap may be blocking the growth of the native heap
# Possible solutions:
#   Reduce memory load on the system
#   Increase physical memory or swap space
#   Check if swap backing store is full
#   Decrease Java heap size (-Xmx/-Xms)
#   Decrease number of Java threads
#   Decrease Java thread stack sizes (-Xss)
#   Set larger code cache with -XX:ReservedCodeCacheSize=
#   JVM is running with Unscaled Compressed Oops mode in which the Java heap is
#     placed in the first 4GB address space. The Java Heap base address is the
#     maximum limit for the native heap growth. Please use -XX:HeapBaseMinAddress
#     to set the Java Heap base and to place the Java Heap above 4GB virtual address.
# This output file may be truncated or incomplete.
#
#  Out of Memory Error (os_windows.cpp:3548), pid=10372, tid=8400
#
# JRE version: Java(TM) SE Runtime Environment (17.0.12+8) (build 17.0.12+8-LTS-286)
# Java VM: Java HotSpot(TM) 64-Bit Server VM (17.0.12+8-LTS-286, mixed mode, sharing, tiered, compressed oops, compressed class ptrs, g1 gc, windows-amd64)
# No core dump will be written. Minidumps are not enabled by default on client versions of Windows
#

---------------  S U M M A R Y ------------

Command Line: -Dmaven.home=EMBEDDED -Dclassworlds.conf=C:\InfosysProject\LostFoundProject\.metadata\.plugins\org.eclipse.m2e.launching\launches\m2conf15732457985600130475.tmp -Dmaven.multiModuleProjectDirectory=C:\InfosysProject\LostFoundProject\lostFoundApplication -Dm2e.build.project.data.socket.port=64225 -Dfile.encoding=UTF-8 -Dstdout.encoding=UTF-8 -Dstderr.encoding=UTF-8 -XX:+ShowCodeDetailsInExceptionMessages org.codehaus.plexus.classworlds.launcher.Launcher -Ppom.xml -B -Dstyle.color=always clean install

Host: AMD Ryzen 5 5500U with Radeon Graphics         , 12 cores, 3G,  Windows 11 , 64 bit Build 26100 (10.0.26100.7019)
Time: Tue Dec  2 17:25:17 2025 India Standard Time elapsed time: 7.702597 seconds (0d 0h 0m 7s)

---------------  T H R E A D  ---------------

Current thread (0x000001a1e96cf5a0):  VMThread "VM Thread" [stack: 0x0000009096800000,0x0000009096900000] [id=8400]

Stack: [0x0000009096800000,0x0000009096900000]
Native frames: (J=compiled Java code, j=interpreted, Vv=VM code, C=native code)
V  [jvm.dll+0x67a04a]
V  [jvm.dll+0x7da4ed]
V  [jvm.dll+0x7dbe33]
V  [jvm.dll+0x7dc4a3]
V  [jvm.dll+0x24508f]
V  [jvm.dll+0x677089]
V  [jvm.dll+0x66bd32]
V  [jvm.dll+0x301fa6]
V  [jvm.dll+0x309546]
V  [jvm.dll+0x359d2e]
V  [jvm.dll+0x359f5f]
V  [jvm.dll+0x2d9078]
V  [jvm.dll+0x2d74ad]
V  [jvm.dll+0x2d6afc]
V  [jvm.dll+0x31a65b]
V  [jvm.dll+0x7e0d9b]
V  [jvm.dll+0x7e1ad4]
V  [jvm.dll+0x7e1fed]
V  [jvm.dll+0x7e23c4]
V  [jvm.dll+0x7e2490]
V  [jvm.dll+0x78abea]
V  [jvm.dll+0x678f35]
C  [ucrtbase.dll+0x37b0]
C  [KERNEL32.DLL+0x2e8d7]
C  [ntdll.dll+0x8c53c]

VM_Operation (0x00000090962fb110): G1CollectForAllocation, mode: safepoint, requested by thread 0x000001a1cdd2d6c0


---------------  P R O C E S S  ---------------

Threads class SMR info:
_java_thread_list=0x000001a1ef1010a0, length=12, elements={
0x000001a1cdd2d6c0, 0x000001a1e96d3ac0, 0x000001a1e96d5100, 0x000001a1e96ea1f0,
0x000001a1e96eaac0, 0x000001a1e96ecf10, 0x000001a1e96f23a0, 0x000001a1e96fbb20,
0x000001a1e9707ed0, 0x000001a1e97083f0, 0x000001a1e99470a0, 0x000001a1e9948350
}

Java Threads: ( => current thread )
  0x000001a1cdd2d6c0 JavaThread "main" [_thread_blocked, id=21680, stack(0x0000009096200000,0x0000009096300000)]
  0x000001a1e96d3ac0 JavaThread "Reference Handler" daemon [_thread_blocked, id=26868, stack(0x0000009096900000,0x0000009096a00000)]
  0x000001a1e96d5100 JavaThread "Finalizer" daemon [_thread_blocked, id=21620, stack(0x0000009096a00000,0x0000009096b00000)]
  0x000001a1e96ea1f0 JavaThread "Signal Dispatcher" daemon [_thread_blocked, id=24148, stack(0x0000009096b00000,0x0000009096c00000)]
  0x000001a1e96eaac0 JavaThread "Attach Listener" daemon [_thread_blocked, id=8688, stack(0x0000009096c00000,0x0000009096d00000)]
  0x000001a1e96ecf10 JavaThread "Service Thread" daemon [_thread_blocked, id=15252, stack(0x0000009096d00000,0x0000009096e00000)]
  0x000001a1e96f23a0 JavaThread "Monitor Deflation Thread" daemon [_thread_blocked, id=10748, stack(0x0000009096e00000,0x0000009096f00000)]
  0x000001a1e96fbb20 JavaThread "C2 CompilerThread0" daemon [_thread_blocked, id=24424, stack(0x0000009096f00000,0x0000009097000000)]
  0x000001a1e9707ed0 JavaThread "C1 CompilerThread0" daemon [_thread_blocked, id=13260, stack(0x0000009097000000,0x0000009097100000)]
  0x000001a1e97083f0 JavaThread "Sweeper thread" daemon [_thread_blocked, id=21028, stack(0x0000009097100000,0x0000009097200000)]
  0x000001a1e99470a0 JavaThread "Notification Thread" daemon [_thread_blocked, id=16828, stack(0x0000009097200000,0x0000009097300000)]
  0x000001a1e9948350 JavaThread "Common-Cleaner" daemon [_thread_blocked, id=28420, stack(0x0000009097400000,0x0000009097500000)]

Other Threads:
=>0x000001a1e96cf5a0 VMThread "VM Thread" [stack: 0x0000009096800000,0x0000009096900000] [id=8400]
  0x000001a1cdd7c500 WatcherThread [stack: 0x0000009097300000,0x0000009097400000] [id=16900]
  0x000001a1cdd66890 GCTaskThread "GC Thread#0" [stack: 0x0000009096300000,0x0000009096400000] [id=19592]
  0x000001a1ee23f060 GCTaskThread "GC Thread#1" [stack: 0x0000009097500000,0x0000009097600000] [id=28896]
  0x000001a1ee6aed70 GCTaskThread "GC Thread#2" [stack: 0x0000009097600000,0x0000009097700000] [id=22544]
  0x000001a1ee6af030 GCTaskThread "GC Thread#3" [stack: 0x0000009097700000,0x0000009097800000] [id=30140]
  0x000001a1ee6af2f0 GCTaskThread "GC Thread#4" [stack: 0x0000009097800000,0x0000009097900000] [id=3396]
  0x000001a1ee6af5b0 GCTaskThread "GC Thread#5" [stack: 0x0000009097900000,0x0000009097a00000] [id=5788]
  0x000001a1ee6afc80 GCTaskThread "GC Thread#6" [stack: 0x0000009097a00000,0x0000009097b00000] [id=29152]
  0x000001a1eea05b80 GCTaskThread "GC Thread#7" [stack: 0x0000009097b00000,0x0000009097c00000] [id=27884]
  0x000001a1eeed5720 GCTaskThread "GC Thread#8" [stack: 0x0000009097d00000,0x0000009097e00000] [id=19796]
  0x000001a1eea2c030 GCTaskThread "GC Thread#9" [stack: 0x0000009097e00000,0x0000009097f00000] [id=15384]
  0x000001a1cdd6e170 ConcurrentGCThread "G1 Main Marker" [stack: 0x0000009096400000,0x0000009096500000] [id=21664]
  0x000001a1cdd6ff00 ConcurrentGCThread "G1 Conc#0" [stack: 0x0000009096500000,0x0000009096600000] [id=24028]
  0x000001a1ef8fc040 ConcurrentGCThread "G1 Conc#1" [stack: 0x0000009097c00000,0x0000009097d00000] [id=5296]
  0x000001a1ef8fc300 ConcurrentGCThread "G1 Conc#2" [stack: 0x0000009097f00000,0x0000009098000000] [id=18848]
  0x000001a1cdde8830 ConcurrentGCThread "G1 Refine#0" [stack: 0x0000009096600000,0x0000009096700000] [id=22320]
  0x000001a1ef4cced0 ConcurrentGCThread "G1 Refine#1" [stack: 0x0000009098000000,0x0000009098100000] [id=21788]
  0x000001a1ef821cc0 ConcurrentGCThread "G1 Refine#2" [stack: 0x0000009098100000,0x0000009098200000] [id=13716]
  0x000001a1cddea020 ConcurrentGCThread "G1 Service" [stack: 0x0000009096700000,0x0000009096800000] [id=20036]

Threads with active compile tasks:
C2 CompilerThread0     7744 6374       4       java.util.regex.Pattern::compile (500 bytes)

VM state: at safepoint (normal execution)

VM Mutex/Monitor currently owned by a thread:  ([mutex/lock_event])
[0x000001a1cba38b30] Threads_lock - owner thread: 0x000001a1e96cf5a0
[0x000001a1cdd2aed0] Heap_lock - owner thread: 0x000001a1cdd2d6c0

Heap address: 0x00000000cac00000, size: 852 MB, Compressed Oops mode: 32-bit

CDS archive(s) mapped at: [0x000001a180000000-0x000001a180bd0000-0x000001a180bd0000), size 12386304, SharedBaseAddress: 0x000001a180000000, ArchiveRelocationMode: 1.
Compressed class space mapped at: 0x000001a181000000-0x000001a1c1000000, reserved size: 1073741824
Narrow klass base: 0x000001a180000000, Narrow klass shift: 0, Narrow klass range: 0x100000000

GC Precious Log:
 CPUs: 12 total, 12 available
 Memory: 3405M
 Large Page Support: Disabled
 NUMA Support: Disabled
 Compressed Oops: Enabled (32-bit)
 Heap Region Size: 1M
 Heap Min Capacity: 8M
 Heap Initial Capacity: 54M
 Heap Max Capacity: 852M
 Pre-touch: Disabled
 Parallel Workers: 10
 Concurrent Workers: 3
 Concurrent Refinement Workers: 10
 Periodic GC: Disabled

Heap:
 garbage-first heap   total 71680K, used 47848K [0x00000000cac00000, 0x0000000100000000)
  region size 1024K, 1 young (1024K), 1 survivors (1024K)
 Metaspace       used 28193K, committed 28480K, reserved 1114112K
  class space    used 3264K, committed 3392K, reserved 1048576K

Heap Regions: E=young(eden), S=young(survivor), O=old, HS=humongous(starts), HC=humongous(continues), CS=collection set, F=free, OA=open archive, CA=closed archive, TAMS=top-at-mark-start (previous, next)
|   0|0x00000000cac00000, 0x00000000cad00000, 0x00000000cad00000|100%| O|  |TAMS 0x00000000cad00000, 0x00000000cac00000| Untracked 
|   1|0x00000000cad00000, 0x00000000cae00000, 0x00000000cae00000|100%| O|  |TAMS 0x00000000cae00000, 0x00000000cad00000| Untracked 
|   2|0x00000000cae00000, 0x00000000caf00000, 0x00000000caf00000|100%| O|  |TAMS 0x00000000caf00000, 0x00000000cae00000| Untracked 
|   3|0x00000000caf00000, 0x00000000cb000000, 0x00000000cb000000|100%| O|  |TAMS 0x00000000cb000000, 0x00000000caf00000| Untracked 
|   4|0x00000000cb000000, 0x00000000cb100000, 0x00000000cb100000|100%| O|  |TAMS 0x00000000cb100000, 0x00000000cb000000| Untracked 
|   5|0x00000000cb100000, 0x00000000cb200000, 0x00000000cb200000|100%| O|  |TAMS 0x00000000cb200000, 0x00000000cb100000| Untracked 
|   6|0x00000000cb200000, 0x00000000cb300000, 0x00000000cb300000|100%| O|  |TAMS 0x00000000cb300000, 0x00000000cb200000| Untracked 
|   7|0x00000000cb300000, 0x00000000cb400000, 0x00000000cb400000|100%| O|  |TAMS 0x00000000cb400000, 0x00000000cb300000| Untracked 
|   8|0x00000000cb400000, 0x00000000cb500000, 0x00000000cb500000|100%| O|  |TAMS 0x00000000cb500000, 0x00000000cb400000| Untracked 
|   9|0x00000000cb500000, 0x00000000cb600000, 0x00000000cb600000|100%| O|  |TAMS 0x00000000cb600000, 0x00000000cb500000| Untracked 
|  10|0x00000000cb600000, 0x00000000cb700000, 0x00000000cb700000|100%| O|  |TAMS 0x00000000cb700000, 0x00000000cb600000| Untracked 
|  11|0x00000000cb700000, 0x00000000cb800000, 0x00000000cb800000|100%| O|  |TAMS 0x00000000cb800000, 0x00000000cb700000| Untracked 
|  12|0x00000000cb800000, 0x00000000cb900000, 0x00000000cb900000|100%| O|  |TAMS 0x00000000cb900000, 0x00000000cb800000| Untracked 
|  13|0x00000000cb900000, 0x00000000cba00000, 0x00000000cba00000|100%| O|  |TAMS 0x00000000cba00000, 0x00000000cb900000| Complete 
|  14|0x00000000cba00000, 0x00000000cbb00000, 0x00000000cbb00000|100%|HS|  |TAMS 0x00000000cbb00000, 0x00000000cba00000| Complete 
|  15|0x00000000cbb00000, 0x00000000cbc00000, 0x00000000cbc00000|100%|HC|  |TAMS 0x00000000cbc00000, 0x00000000cbb00000| Complete 
|  16|0x00000000cbc00000, 0x00000000cbd00000, 0x00000000cbd00000|100%| O|  |TAMS 0x00000000cbd00000, 0x00000000cbc00000| Untracked 
|  17|0x00000000cbd00000, 0x00000000cbe00000, 0x00000000cbe00000|100%| O|  |TAMS 0x00000000cbe00000, 0x00000000cbd00000| Complete 
|  18|0x00000000cbe00000, 0x00000000cbf00000, 0x00000000cbf00000|100%|HS|  |TAMS 0x00000000cbe00000, 0x00000000cbe00000| Complete 
|  19|0x00000000cbf00000, 0x00000000cbf00000, 0x00000000cc000000|  0%| F|  |TAMS 0x00000000cbf00000, 0x00000000cbf00000| Untracked 
|  20|0x00000000cc000000, 0x00000000cc100000, 0x00000000cc100000|100%| O|  |TAMS 0x00000000cc100000, 0x00000000cc000000| Complete 
|  21|0x00000000cc100000, 0x00000000cc100000, 0x00000000cc200000|  0%| F|  |TAMS 0x00000000cc100000, 0x00000000cc100000| Untracked 
|  22|0x00000000cc200000, 0x00000000cc200000, 0x00000000cc300000|  0%| F|  |TAMS 0x00000000cc200000, 0x00000000cc200000| Untracked 
|  23|0x00000000cc300000, 0x00000000cc400000, 0x00000000cc400000|100%| O|  |TAMS 0x00000000cc400000, 0x00000000cc300000| Untracked 
|  24|0x00000000cc400000, 0x00000000cc500000, 0x00000000cc500000|100%| O|  |TAMS 0x00000000cc500000, 0x00000000cc400000| Complete 
|  25|0x00000000cc500000, 0x00000000cc600000, 0x00000000cc600000|100%| O|  |TAMS 0x00000000cc600000, 0x00000000cc500000| Complete 
|  26|0x00000000cc600000, 0x00000000cc600000, 0x00000000cc700000|  0%| F|  |TAMS 0x00000000cc600000, 0x00000000cc600000| Untracked 
|  27|0x00000000cc700000, 0x00000000cc700000, 0x00000000cc800000|  0%| F|  |TAMS 0x00000000cc700000, 0x00000000cc700000| Untracked 
|  28|0x00000000cc800000, 0x00000000cc800000, 0x00000000cc900000|  0%| F|  |TAMS 0x00000000cc800000, 0x00000000cc800000| Untracked 
|  29|0x00000000cc900000, 0x00000000cca00000, 0x00000000cca00000|100%| O|  |TAMS 0x00000000cca00000, 0x00000000cc900000| Complete 
|  30|0x00000000cca00000, 0x00000000cca00000, 0x00000000ccb00000|  0%| F|  |TAMS 0x00000000cca00000, 0x00000000cca00000| Untracked 
|  31|0x00000000ccb00000, 0x00000000ccb00000, 0x00000000ccc00000|  0%| F|  |TAMS 0x00000000ccb00000, 0x00000000ccb00000| Untracked 
|  32|0x00000000ccc00000, 0x00000000ccd00000, 0x00000000ccd00000|100%| O|  |TAMS 0x00000000ccd00000, 0x00000000ccc00000| Untracked 
|  33|0x00000000ccd00000, 0x00000000cce00000, 0x00000000cce00000|100%| O|  |TAMS 0x00000000cce00000, 0x00000000ccd00000| Untracked 
|  34|0x00000000cce00000, 0x00000000ccf00000, 0x00000000ccf00000|100%| O|  |TAMS 0x00000000ccf00000, 0x00000000cce00000| Untracked 
|  35|0x00000000ccf00000, 0x00000000cd000000, 0x00000000cd000000|100%| O|  |TAMS 0x00000000cd000000, 0x00000000ccf00000| Untracked 
|  36|0x00000000cd000000, 0x00000000cd100000, 0x00000000cd100000|100%| O|  |TAMS 0x00000000cd000000, 0x00000000cd000000| Untracked 
|  37|0x00000000cd100000, 0x00000000cd200000, 0x00000000cd200000|100%| O|  |TAMS 0x00000000cd100000, 0x00000000cd100000| Untracked 
|  38|0x00000000cd200000, 0x00000000cd300000, 0x00000000cd300000|100%| O|  |TAMS 0x00000000cd200000, 0x00000000cd200000| Untracked 
|  39|0x00000000cd300000, 0x00000000cd400000, 0x00000000cd400000|100%|HS|  |TAMS 0x00000000cd300000, 0x00000000cd300000| Complete 
|  40|0x00000000cd400000, 0x00000000cd500000, 0x00000000cd500000|100%|HC|  |TAMS 0x00000000cd400000, 0x00000000cd400000| Complete 
|  41|0x00000000cd500000, 0x00000000cd600000, 0x00000000cd600000|100%|HS|  |TAMS 0x00000000cd500000, 0x00000000cd500000| Complete 
|  42|0x00000000cd600000, 0x00000000cd700000, 0x00000000cd700000|100%| O|  |TAMS 0x00000000cd600000, 0x00000000cd600000| Untracked 
|  43|0x00000000cd700000, 0x00000000cd800000, 0x00000000cd800000|100%| O|  |TAMS 0x00000000cd700000, 0x00000000cd700000| Untracked 
|  44|0x00000000cd800000, 0x00000000cd900000, 0x00000000cd900000|100%| O|  |TAMS 0x00000000cd800000, 0x00000000cd800000| Untracked 
|  45|0x00000000cd900000, 0x00000000cda00000, 0x00000000cda00000|100%| O|  |TAMS 0x00000000cd900000, 0x00000000cd900000| Untracked 
|  46|0x00000000cda00000, 0x00000000cdb00000, 0x00000000cdb00000|100%| O|  |TAMS 0x00000000cda00000, 0x00000000cda00000| Untracked 
|  47|0x00000000cdb00000, 0x00000000cdc00000, 0x00000000cdc00000|100%| O|  |TAMS 0x00000000cdb00000, 0x00000000cdb00000| Untracked 
|  48|0x00000000cdc00000, 0x00000000cdd00000, 0x00000000cdd00000|100%| O|  |TAMS 0x00000000cdc00000, 0x00000000cdc00000| Untracked 
|  49|0x00000000cdd00000, 0x00000000cde00000, 0x00000000cde00000|100%| O|  |TAMS 0x00000000cdd00000, 0x00000000cdd00000| Untracked 
|  50|0x00000000cde00000, 0x00000000cdf00000, 0x00000000cdf00000|100%| O|  |TAMS 0x00000000cde00000, 0x00000000cde00000| Untracked 
|  51|0x00000000cdf00000, 0x00000000ce000000, 0x00000000ce000000|100%| O|  |TAMS 0x00000000cdf00000, 0x00000000cdf00000| Untracked 
|  52|0x00000000ce000000, 0x00000000ce100000, 0x00000000ce100000|100%| O|  |TAMS 0x00000000ce000000, 0x00000000ce000000| Untracked 
|  53|0x00000000ce100000, 0x00000000ce100000, 0x00000000ce200000|  0%| F|  |TAMS 0x00000000ce100000, 0x00000000ce100000| Untracked 
|  54|0x00000000ce200000, 0x00000000ce200000, 0x00000000ce300000|  0%| F|  |TAMS 0x00000000ce200000, 0x00000000ce200000| Untracked 
|  55|0x00000000ce300000, 0x00000000ce300000, 0x00000000ce400000|  0%| F|  |TAMS 0x00000000ce300000, 0x00000000ce300000| Untracked 
|  56|0x00000000ce400000, 0x00000000ce400000, 0x00000000ce500000|  0%| F|  |TAMS 0x00000000ce400000, 0x00000000ce400000| Untracked 
|  57|0x00000000ce500000, 0x00000000ce500000, 0x00000000ce600000|  0%| F|  |TAMS 0x00000000ce500000, 0x00000000ce500000| Untracked 
|  58|0x00000000ce600000, 0x00000000ce600000, 0x00000000ce700000|  0%| F|  |TAMS 0x00000000ce600000, 0x00000000ce600000| Untracked 
|  59|0x00000000ce700000, 0x00000000ce700000, 0x00000000ce800000|  0%| F|  |TAMS 0x00000000ce700000, 0x00000000ce700000| Untracked 
|  60|0x00000000ce800000, 0x00000000ce800000, 0x00000000ce900000|  0%| F|  |TAMS 0x00000000ce800000, 0x00000000ce800000| Untracked 
|  61|0x00000000ce900000, 0x00000000ce900000, 0x00000000cea00000|  0%| F|  |TAMS 0x00000000ce900000, 0x00000000ce900000| Untracked 
|  62|0x00000000cea00000, 0x00000000cea00000, 0x00000000ceb00000|  0%| F|  |TAMS 0x00000000cea00000, 0x00000000cea00000| Untracked 
|  63|0x00000000ceb00000, 0x00000000ceb00000, 0x00000000cec00000|  0%| F|  |TAMS 0x00000000ceb00000, 0x00000000ceb00000| Untracked 
|  64|0x00000000cec00000, 0x00000000cec00000, 0x00000000ced00000|  0%| F|  |TAMS 0x00000000cec00000, 0x00000000cec00000| Untracked 
|  65|0x00000000ced00000, 0x00000000ced00000, 0x00000000cee00000|  0%| F|  |TAMS 0x00000000ced00000, 0x00000000ced00000| Untracked 
|  66|0x00000000cee00000, 0x00000000cee00000, 0x00000000cef00000|  0%| F|  |TAMS 0x00000000cee00000, 0x00000000cee00000| Untracked 
|  67|0x00000000cef00000, 0x00000000cefba3e0, 0x00000000cf000000| 72%| S|CS|TAMS 0x00000000cef00000, 0x00000000cef00000| Complete 
|  68|0x00000000cf000000, 0x00000000cf000000, 0x00000000cf100000|  0%| F|  |TAMS 0x00000000cf000000, 0x00000000cf000000| Untracked 
| 851|0x00000000fff00000, 0x0000000100000000, 0x0000000100000000|100%| O|  |TAMS 0x0000000100000000, 0x00000000fff00000| Untracked 

Card table byte_map: [0x000001a1e4cf0000,0x000001a1e4ea0000] _byte_map_base: 0x000001a1e469a000

Marking Bits (Prev, Next): (CMBitMap*) 0x000001a1cdd66e00, (CMBitMap*) 0x000001a1cdd66dc0
 Prev Bits: [0x000001a1e5da0000, 0x000001a1e6af0000)
 Next Bits: [0x000001a1e5050000, 0x000001a1e5da0000)

Polling page: 0x000001a1cbbf0000

Metaspace:

Usage:
  Non-class:     24.34 MB used.
      Class:      3.19 MB used.
       Both:     27.53 MB used.

Virtual space:
  Non-class space:       64.00 MB reserved,      24.50 MB ( 38%) committed,  1 nodes.
      Class space:        1.00 GB reserved,       3.31 MB ( <1%) committed,  1 nodes.
             Both:        1.06 GB reserved,      27.81 MB (  3%) committed. 

Chunk freelists:
   Non-Class:  6.84 MB
       Class:  12.67 MB
        Both:  19.51 MB

MaxMetaspaceSize: unlimited
CompressedClassSpaceSize: 1.00 GB
Initial GC threshold: 21.00 MB
Current GC threshold: 46.25 MB
CDS: on
MetaspaceReclaimPolicy: balanced
 - commit_granule_bytes: 65536.
 - commit_granule_words: 8192.
 - virtual_space_node_default_size: 8388608.
 - enlarge_chunks_in_place: 1.
 - new_chunks_are_fully_committed: 0.
 - uncommit_free_chunks: 1.
 - use_allocation_guard: 0.
 - handle_deallocations: 1.


Internal statistics:

num_allocs_failed_limit: 5.
num_arena_births: 184.
num_arena_deaths: 0.
num_vsnodes_births: 2.
num_vsnodes_deaths: 0.
num_space_committed: 445.
num_space_uncommitted: 0.
num_chunks_returned_to_freelist: 5.
num_chunks_taken_from_freelist: 1190.
num_chunk_merges: 5.
num_chunk_splits: 834.
num_chunks_enlarged: 659.
num_inconsistent_stats: 0.

CodeHeap 'non-profiled nmethods': size=120000Kb used=2812Kb max_used=2812Kb free=117187Kb
 bounds [0x000001a1dd0c0000, 0x000001a1dd380000, 0x000001a1e45f0000]
CodeHeap 'profiled nmethods': size=120000Kb used=13875Kb max_used=13875Kb free=106124Kb
 bounds [0x000001a1d55f0000, 0x000001a1d6380000, 0x000001a1dcb20000]
CodeHeap 'non-nmethods': size=5760Kb used=1204Kb max_used=1249Kb free=4555Kb
 bounds [0x000001a1dcb20000, 0x000001a1dcd90000, 0x000001a1dd0c0000]
 total_blobs=6890 nmethods=6385 adapters=417
 compilation: enabled
              stopped_count=0, restarted_count=0
 full_count=0

Compilation events (20 events):
Event: 6.649 Thread 0x000001a1e9707ed0 6395       2       java.nio.file.Files::newInputStream (10 bytes)
Event: 6.649 Thread 0x000001a1e9707ed0 nmethod 6395 0x000001a1d6376d90 code [0x000001a1d6376f40, 0x000001a1d63770a8]
Event: 6.649 Thread 0x000001a1e9707ed0 6397       2       com.sun.tools.javac.code.Directive$RequiresDirective::<init> (15 bytes)
Event: 6.649 Thread 0x000001a1e9707ed0 nmethod 6397 0x000001a1d6377190 code [0x000001a1d6377320, 0x000001a1d63774d8]
Event: 6.649 Thread 0x000001a1e9707ed0 6398       2       java.util.Arrays::sort (37 bytes)
Event: 6.649 Thread 0x000001a1e9707ed0 nmethod 6398 0x000001a1d6377590 code [0x000001a1d6377740, 0x000001a1d63778b8]
Event: 6.649 Thread 0x000001a1e9707ed0 6399       2       jdk.internal.jimage.BasicImageReader::getResource (24 bytes)
Event: 6.649 Thread 0x000001a1e9707ed0 nmethod 6399 0x000001a1d6377990 code [0x000001a1d6377b60, 0x000001a1d6377e98]
Event: 6.649 Thread 0x000001a1e9707ed0 6401       2       com.sun.tools.javac.jvm.PoolReader::getUtf8 (92 bytes)
Event: 6.649 Thread 0x000001a1e9707ed0 nmethod 6401 0x000001a1d6378090 code [0x000001a1d63782a0, 0x000001a1d63788b8]
Event: 6.649 Thread 0x000001a1e9707ed0 6400       2       java.nio.ByteBuffer::get (54 bytes)
Event: 6.660 Thread 0x000001a1e9707ed0 nmethod 6400 0x000001a1d6378d90 code [0x000001a1d6378f60, 0x000001a1d63791d8]
Event: 6.660 Thread 0x000001a1e9707ed0 6402       2       com.sun.tools.javac.file.PathFileObject::openInputStream (19 bytes)
Event: 6.660 Thread 0x000001a1e9707ed0 nmethod 6402 0x000001a1d6379390 code [0x000001a1d6379560, 0x000001a1d63798a8]
Event: 6.660 Thread 0x000001a1e9707ed0 6403       2       com.sun.tools.javac.comp.Modules$$Lambda$326/0x000001a18130bbf8::<init> (15 bytes)
Event: 6.660 Thread 0x000001a1e9707ed0 nmethod 6403 0x000001a1d6379a10 code [0x000001a1d6379ba0, 0x000001a1d6379d58]
Event: 6.661 Thread 0x000001a1e9707ed0 6404   !   2       com.sun.tools.javac.comp.Modules::completeModule (458 bytes)
Event: 6.662 Thread 0x000001a1e9707ed0 nmethod 6404 0x000001a1d6379e10 code [0x000001a1d637a280, 0x000001a1d637bb38]
Event: 6.663 Thread 0x000001a1e9707ed0 6405       2       com.sun.tools.javac.comp.Modules$$Lambda$326/0x000001a18130bbf8::complete (13 bytes)
Event: 6.663 Thread 0x000001a1e9707ed0 nmethod 6405 0x000001a1d637c990 code [0x000001a1d637cb20, 0x000001a1d637cc48]

GC Heap History (20 events):
Event: 3.037 GC heap after
{Heap after GC invocations=3 (full 0):
 garbage-first heap   total 55296K, used 8080K [0x00000000cac00000, 0x0000000100000000)
  region size 1024K, 4 young (4096K), 4 survivors (4096K)
 Metaspace       used 14477K, committed 14720K, reserved 1114112K
  class space    used 1775K, committed 1856K, reserved 1048576K
}
Event: 3.514 GC heap before
{Heap before GC invocations=3 (full 0):
 garbage-first heap   total 55296K, used 36752K [0x00000000cac00000, 0x0000000100000000)
  region size 1024K, 32 young (32768K), 4 survivors (4096K)
 Metaspace       used 15375K, committed 15616K, reserved 1114112K
  class space    used 1847K, committed 1984K, reserved 1048576K
}
Event: 3.524 GC heap after
{Heap after GC invocations=4 (full 0):
 garbage-first heap   total 55296K, used 12138K [0x00000000cac00000, 0x0000000100000000)
  region size 1024K, 4 young (4096K), 4 survivors (4096K)
 Metaspace       used 15375K, committed 15616K, reserved 1114112K
  class space    used 1847K, committed 1984K, reserved 1048576K
}
Event: 3.968 GC heap before
{Heap before GC invocations=4 (full 0):
 garbage-first heap   total 55296K, used 38762K [0x00000000cac00000, 0x0000000100000000)
  region size 1024K, 30 young (30720K), 4 survivors (4096K)
 Metaspace       used 15734K, committed 15936K, reserved 1114112K
  class space    used 1871K, committed 1984K, reserved 1048576K
}
Event: 3.977 GC heap after
{Heap after GC invocations=5 (full 0):
 garbage-first heap   total 66560K, used 14273K [0x00000000cac00000, 0x0000000100000000)
  region size 1024K, 3 young (3072K), 3 survivors (3072K)
 Metaspace       used 15734K, committed 15936K, reserved 1114112K
  class space    used 1871K, committed 1984K, reserved 1048576K
}
Event: 4.815 GC heap before
{Heap before GC invocations=5 (full 0):
 garbage-first heap   total 66560K, used 47041K [0x00000000cac00000, 0x0000000100000000)
  region size 1024K, 35 young (35840K), 3 survivors (3072K)
 Metaspace       used 16729K, committed 16960K, reserved 1114112K
  class space    used 1974K, committed 2112K, reserved 1048576K
}
Event: 4.821 GC heap after
{Heap after GC invocations=6 (full 0):
 garbage-first heap   total 66560K, used 15189K [0x00000000cac00000, 0x0000000100000000)
  region size 1024K, 4 young (4096K), 4 survivors (4096K)
 Metaspace       used 16729K, committed 16960K, reserved 1114112K
  class space    used 1974K, committed 2112K, reserved 1048576K
}
Event: 5.466 GC heap before
{Heap before GC invocations=6 (full 0):
 garbage-first heap   total 66560K, used 48981K [0x00000000cac00000, 0x0000000100000000)
  region size 1024K, 34 young (34816K), 4 survivors (4096K)
 Metaspace       used 21295K, committed 21504K, reserved 1114112K
  class space    used 2514K, committed 2624K, reserved 1048576K
}
Event: 5.475 GC heap after
{Heap after GC invocations=7 (full 0):
 garbage-first heap   total 66560K, used 23488K [0x00000000cac00000, 0x0000000100000000)
  region size 1024K, 5 young (5120K), 5 survivors (5120K)
 Metaspace       used 21295K, committed 21504K, reserved 1114112K
  class space    used 2514K, committed 2624K, reserved 1048576K
}
Event: 5.875 GC heap before
{Heap before GC invocations=8 (full 0):
 garbage-first heap   total 66560K, used 50112K [0x00000000cac00000, 0x0000000100000000)
  region size 1024K, 30 young (30720K), 5 survivors (5120K)
 Metaspace       used 25592K, committed 25792K, reserved 1114112K
  class space    used 2985K, committed 3072K, reserved 1048576K
}
Event: 5.888 GC heap after
{Heap after GC invocations=9 (full 0):
 garbage-first heap   total 67584K, used 36210K [0x00000000cac00000, 0x0000000100000000)
  region size 1024K, 4 young (4096K), 4 survivors (4096K)
 Metaspace       used 25592K, committed 25792K, reserved 1114112K
  class space    used 2985K, committed 3072K, reserved 1048576K
}
Event: 6.038 GC heap before
{Heap before GC invocations=9 (full 0):
 garbage-first heap   total 67584K, used 49522K [0x00000000cac00000, 0x0000000100000000)
  region size 1024K, 17 young (17408K), 4 survivors (4096K)
 Metaspace       used 26216K, committed 26496K, reserved 1114112K
  class space    used 3052K, committed 3136K, reserved 1048576K
}
Event: 6.047 GC heap after
{Heap after GC invocations=10 (full 0):
 garbage-first heap   total 67584K, used 39552K [0x00000000cac00000, 0x0000000100000000)
  region size 1024K, 3 young (3072K), 3 survivors (3072K)
 Metaspace       used 26216K, committed 26496K, reserved 1114112K
  class space    used 3052K, committed 3136K, reserved 1048576K
}
Event: 6.148 GC heap before
{Heap before GC invocations=11 (full 0):
 garbage-first heap   total 71680K, used 48768K [0x00000000cac00000, 0x0000000100000000)
  region size 1024K, 14 young (14336K), 3 survivors (3072K)
 Metaspace       used 26406K, committed 26624K, reserved 1114112K
  class space    used 3054K, committed 3136K, reserved 1048576K
}
Event: 6.156 GC heap after
{Heap after GC invocations=12 (full 0):
 garbage-first heap   total 71680K, used 39834K [0x00000000cac00000, 0x0000000100000000)
  region size 1024K, 2 young (2048K), 2 survivors (2048K)
 Metaspace       used 26406K, committed 26624K, reserved 1114112K
  class space    used 3054K, committed 3136K, reserved 1048576K
}
Event: 6.503 GC heap before
{Heap before GC invocations=12 (full 0):
 garbage-first heap   total 71680K, used 54170K [0x00000000cac00000, 0x0000000100000000)
  region size 1024K, 16 young (16384K), 2 survivors (2048K)
 Metaspace       used 28106K, committed 28416K, reserved 1114112K
  class space    used 3264K, committed 3392K, reserved 1048576K
}
Event: 6.513 GC heap after
{Heap after GC invocations=13 (full 0):
 garbage-first heap   total 71680K, used 41151K [0x00000000cac00000, 0x0000000100000000)
  region size 1024K, 2 young (2048K), 2 survivors (2048K)
 Metaspace       used 28106K, committed 28416K, reserved 1114112K
  class space    used 3264K, committed 3392K, reserved 1048576K
}
Event: 6.649 GC heap before
{Heap before GC invocations=14 (full 0):
 garbage-first heap   total 71680K, used 57535K [0x00000000cac00000, 0x0000000100000000)
  region size 1024K, 15 young (15360K), 2 survivors (2048K)
 Metaspace       used 28178K, committed 28480K, reserved 1114112K
  class space    used 3264K, committed 3392K, reserved 1048576K
}
Event: 6.659 GC heap after
{Heap after GC invocations=15 (full 0):
 garbage-first heap   total 71680K, used 53248K [0x00000000cac00000, 0x0000000100000000)
  region size 1024K, 2 young (2048K), 2 survivors (2048K)
 Metaspace       used 28178K, committed 28480K, reserved 1114112K
  class space    used 3264K, committed 3392K, reserved 1048576K
}
Event: 6.668 GC heap before
{Heap before GC invocations=15 (full 0):
 garbage-first heap   total 71680K, used 54272K [0x00000000cac00000, 0x0000000100000000)
  region size 1024K, 3 young (3072K), 2 survivors (2048K)
 Metaspace       used 28193K, committed 28480K, reserved 1114112K
  class space    used 3264K, committed 3392K, reserved 1048576K
}

Deoptimization events (20 events):
Event: 6.459 Thread 0x000001a1cdd2d6c0 DEOPT PACKING pc=0x000001a1d60223bc sp=0x00000090962fcb70
Event: 6.459 Thread 0x000001a1cdd2d6c0 DEOPT UNPACKING pc=0x000001a1dcb72b43 sp=0x00000090962fc0f0 mode 0
Event: 6.459 Thread 0x000001a1cdd2d6c0 DEOPT PACKING pc=0x000001a1d60223bc sp=0x00000090962fcb70
Event: 6.459 Thread 0x000001a1cdd2d6c0 DEOPT UNPACKING pc=0x000001a1dcb72b43 sp=0x00000090962fc0f0 mode 0
Event: 6.584 Thread 0x000001a1cdd2d6c0 Uncommon trap: trap_request=0xffffffde fr.pc=0x000001a1dd2426f0 relative=0x0000000000000150
Event: 6.584 Thread 0x000001a1cdd2d6c0 Uncommon trap: reason=class_check action=maybe_recompile pc=0x000001a1dd2426f0 method=java.util.stream.StreamOpFlag.fromCharacteristics(Ljava/util/Spliterator;)I @ 14 c2
Event: 6.584 Thread 0x000001a1cdd2d6c0 DEOPT PACKING pc=0x000001a1dd2426f0 sp=0x00000090962fd180
Event: 6.584 Thread 0x000001a1cdd2d6c0 DEOPT UNPACKING pc=0x000001a1dcb723a3 sp=0x00000090962fd0d0 mode 2
Event: 6.605 Thread 0x000001a1cdd2d6c0 Uncommon trap: trap_request=0xffffffde fr.pc=0x000001a1dd0edad8 relative=0x0000000000000fd8
Event: 6.605 Thread 0x000001a1cdd2d6c0 Uncommon trap: reason=class_check action=maybe_recompile pc=0x000001a1dd0edad8 method=jdk.internal.loader.URLClassPath.getLoader(I)Ljdk/internal/loader/URLClassPath$Loader; @ 88 c2
Event: 6.605 Thread 0x000001a1cdd2d6c0 DEOPT PACKING pc=0x000001a1dd0edad8 sp=0x00000090962fd010
Event: 6.605 Thread 0x000001a1cdd2d6c0 DEOPT UNPACKING pc=0x000001a1dcb723a3 sp=0x00000090962fd010 mode 2
Event: 6.605 Thread 0x000001a1cdd2d6c0 Uncommon trap: trap_request=0xffffffde fr.pc=0x000001a1dd0edad8 relative=0x0000000000000fd8
Event: 6.605 Thread 0x000001a1cdd2d6c0 Uncommon trap: reason=class_check action=maybe_recompile pc=0x000001a1dd0edad8 method=jdk.internal.loader.URLClassPath.getLoader(I)Ljdk/internal/loader/URLClassPath$Loader; @ 88 c2
Event: 6.605 Thread 0x000001a1cdd2d6c0 DEOPT PACKING pc=0x000001a1dd0edad8 sp=0x00000090962fd010
Event: 6.605 Thread 0x000001a1cdd2d6c0 DEOPT UNPACKING pc=0x000001a1dcb723a3 sp=0x00000090962fd010 mode 2
Event: 6.627 Thread 0x000001a1cdd2d6c0 DEOPT PACKING pc=0x000001a1d60223bc sp=0x00000090962fc4e0
Event: 6.627 Thread 0x000001a1cdd2d6c0 DEOPT UNPACKING pc=0x000001a1dcb72b43 sp=0x00000090962fba60 mode 0
Event: 6.630 Thread 0x000001a1cdd2d6c0 DEOPT PACKING pc=0x000001a1d56df522 sp=0x00000090962fc9d0
Event: 6.630 Thread 0x000001a1cdd2d6c0 DEOPT UNPACKING pc=0x000001a1dcb72b43 sp=0x00000090962fbf18 mode 0

Classes unloaded (0 events):
No events

Classes redefined (0 events):
No events

Internal exceptions (20 events):
Event: 6.336 Thread 0x000001a1cdd2d6c0 Exception <a 'sun/nio/fs/WindowsException'{0x00000000ce91ea78}> (0x00000000ce91ea78) 
thrown [s\open\src\hotspot\share\prims\jni.cpp, line 516]
Event: 6.340 Thread 0x000001a1cdd2d6c0 Exception <a 'sun/nio/fs/WindowsException'{0x00000000ce929ee8}> (0x00000000ce929ee8) 
thrown [s\open\src\hotspot\share\prims\jni.cpp, line 516]
Event: 6.348 Thread 0x000001a1cdd2d6c0 Exception <a 'sun/nio/fs/WindowsException'{0x00000000ce958ee8}> (0x00000000ce958ee8) 
thrown [s\open\src\hotspot\share\prims\jni.cpp, line 516]
Event: 6.352 Thread 0x000001a1cdd2d6c0 Exception <a 'sun/nio/fs/WindowsException'{0x00000000ce974de0}> (0x00000000ce974de0) 
thrown [s\open\src\hotspot\share\prims\jni.cpp, line 516]
Event: 6.355 Thread 0x000001a1cdd2d6c0 Exception <a 'sun/nio/fs/WindowsException'{0x00000000ce9814b0}> (0x00000000ce9814b0) 
thrown [s\open\src\hotspot\share\prims\jni.cpp, line 516]
Event: 6.373 Thread 0x000001a1cdd2d6c0 Exception <a 'sun/nio/fs/WindowsException'{0x00000000ce873340}> (0x00000000ce873340) 
thrown [s\open\src\hotspot\share\prims\jni.cpp, line 516]
Event: 6.379 Thread 0x000001a1cdd2d6c0 Exception <a 'sun/nio/fs/WindowsException'{0x00000000ce8f2c00}> (0x00000000ce8f2c00) 
thrown [s\open\src\hotspot\share\prims\jni.cpp, line 516]
Event: 6.385 Thread 0x000001a1cdd2d6c0 Exception <a 'sun/nio/fs/WindowsException'{0x00000000ce737f70}> (0x00000000ce737f70) 
thrown [s\open\src\hotspot\share\prims\jni.cpp, line 516]
Event: 6.391 Thread 0x000001a1cdd2d6c0 Exception <a 'sun/nio/fs/WindowsException'{0x00000000ce7ba170}> (0x00000000ce7ba170) 
thrown [s\open\src\hotspot\share\prims\jni.cpp, line 516]
Event: 6.451 Thread 0x000001a1cdd2d6c0 Exception <a 'sun/nio/fs/WindowsException'{0x00000000ce37bec8}> (0x00000000ce37bec8) 
thrown [s\open\src\hotspot\share\prims\jni.cpp, line 516]
Event: 6.451 Thread 0x000001a1cdd2d6c0 Exception <a 'sun/nio/fs/WindowsException'{0x00000000ce37c548}> (0x00000000ce37c548) 
thrown [s\open\src\hotspot\share\prims\jni.cpp, line 516]
Event: 6.454 Thread 0x000001a1cdd2d6c0 Exception <a 'sun/nio/fs/WindowsException'{0x00000000ce38c408}> (0x00000000ce38c408) 
thrown [s\open\src\hotspot\share\prims\jni.cpp, line 516]
Event: 6.598 Thread 0x000001a1cdd2d6c0 Exception <a 'sun/nio/fs/WindowsException'{0x00000000cebf46b8}> (0x00000000cebf46b8) 
thrown [s\open\src\hotspot\share\prims\jni.cpp, line 516]
Event: 6.598 Thread 0x000001a1cdd2d6c0 Exception <a 'sun/nio/fs/WindowsException'{0x00000000cebf49d0}> (0x00000000cebf49d0) 
thrown [s\open\src\hotspot\share\prims\jni.cpp, line 516]
Event: 6.599 Thread 0x000001a1cdd2d6c0 Exception <a 'sun/nio/fs/WindowsException'{0x00000000cea82ab0}> (0x00000000cea82ab0) 
thrown [s\open\src\hotspot\share\prims\jni.cpp, line 516]
Event: 6.600 Thread 0x000001a1cdd2d6c0 Exception <a 'sun/nio/fs/WindowsException'{0x00000000cea82ce0}> (0x00000000cea82ce0) 
thrown [s\open\src\hotspot\share\prims\jni.cpp, line 516]
Event: 6.644 Thread 0x000001a1cdd2d6c0 Exception <a 'sun/nio/fs/WindowsException'{0x00000000ce5f9d40}> (0x00000000ce5f9d40) 
thrown [s\open\src\hotspot\share\prims\jni.cpp, line 516]
Event: 6.644 Thread 0x000001a1cdd2d6c0 Exception <a 'sun/nio/fs/WindowsException'{0x00000000ce5fa070}> (0x00000000ce5fa070) 
thrown [s\open\src\hotspot\share\prims\jni.cpp, line 516]
Event: 6.644 Thread 0x000001a1cdd2d6c0 Exception <a 'sun/nio/fs/WindowsException'{0x00000000ce5fb240}> (0x00000000ce5fb240) 
thrown [s\open\src\hotspot\share\prims\jni.cpp, line 516]
Event: 6.644 Thread 0x000001a1cdd2d6c0 Exception <a 'sun/nio/fs/WindowsException'{0x00000000ce5fb5a0}> (0x00000000ce5fb5a0) 
thrown [s\open\src\hotspot\share\prims\jni.cpp, line 516]

VM Operations (20 events):
Event: 6.232 Executing VM operation: ICBufferFull done
Event: 6.257 Executing VM operation: HandshakeAllThreads
Event: 6.257 Executing VM operation: HandshakeAllThreads done
Event: 6.257 Executing VM operation: HandshakeAllThreads
Event: 6.257 Executing VM operation: HandshakeAllThreads done
Event: 6.274 Executing VM operation: ICBufferFull
Event: 6.275 Executing VM operation: ICBufferFull done
Event: 6.294 Executing VM operation: HandshakeAllThreads
Event: 6.294 Executing VM operation: HandshakeAllThreads done
Event: 6.357 Executing VM operation: ICBufferFull
Event: 6.357 Executing VM operation: ICBufferFull done
Event: 6.503 Executing VM operation: G1CollectForAllocation
Event: 6.513 Executing VM operation: G1CollectForAllocation done
Event: 6.525 Executing VM operation: G1Concurrent
Event: 6.532 Executing VM operation: G1Concurrent done
Event: 6.537 Executing VM operation: G1Concurrent
Event: 6.538 Executing VM operation: G1Concurrent done
Event: 6.649 Executing VM operation: G1CollectForAllocation
Event: 6.659 Executing VM operation: G1CollectForAllocation done
Event: 6.668 Executing VM operation: G1CollectForAllocation

Events (20 events):
Event: 6.227 loading class java/util/function/ToIntBiFunction
Event: 6.227 loading class java/util/function/ToIntBiFunction done
Event: 6.250 loading class java/util/EnumMap$EntrySet
Event: 6.250 loading class java/util/EnumMap$EntrySet done
Event: 6.250 loading class java/util/EnumMap$EntryIterator
Event: 6.250 loading class java/util/EnumMap$EnumMapIterator
Event: 6.250 loading class java/util/EnumMap$EnumMapIterator done
Event: 6.250 loading class java/util/EnumMap$EntryIterator done
Event: 6.250 loading class java/util/EnumMap$EntryIterator$Entry
Event: 6.250 loading class java/util/EnumMap$EntryIterator$Entry done
Event: 6.392 loading class java/util/EnumMap$Values
Event: 6.393 loading class java/util/EnumMap$Values done
Event: 6.393 loading class java/util/EnumMap$ValueIterator
Event: 6.393 loading class java/util/EnumMap$ValueIterator done
Event: 6.394 loading class java/util/WeakHashMap$KeyIterator
Event: 6.394 loading class java/util/WeakHashMap$HashIterator
Event: 6.394 loading class java/util/WeakHashMap$HashIterator done
Event: 6.394 loading class java/util/WeakHashMap$KeyIterator done
Event: 6.397 loading class java/text/MessageFormat$Field
Event: 6.397 loading class java/text/MessageFormat$Field done


Dynamic libraries:
0x00007ff7fd680000 - 0x00007ff7fd690000 	C:\Program Files\Java\jdk-17\bin\javaw.exe
0x00007ff93a9e0000 - 0x00007ff93ac48000 	C:\WINDOWS\SYSTEM32\ntdll.dll
0x00007ff9399e0000 - 0x00007ff939aa9000 	C:\WINDOWS\System32\KERNEL32.DLL
0x00007ff938170000 - 0x00007ff938568000 	C:\WINDOWS\System32\KERNELBASE.dll
0x00007ff938020000 - 0x00007ff93816b000 	C:\WINDOWS\System32\ucrtbase.dll
0x00007ff920e10000 - 0x00007ff920e29000 	C:\Program Files\Java\jdk-17\bin\jli.dll
0x00007ff938f40000 - 0x00007ff938ff4000 	C:\WINDOWS\System32\ADVAPI32.dll
0x00007ff938e90000 - 0x00007ff938f39000 	C:\WINDOWS\System32\msvcrt.dll
0x00007ff93a530000 - 0x00007ff93a5d6000 	C:\WINDOWS\System32\sechost.dll
0x00007ff91c550000 - 0x00007ff91c56b000 	C:\Program Files\Java\jdk-17\bin\VCRUNTIME140.dll
0x00007ff939f80000 - 0x00007ff93a098000 	C:\WINDOWS\System32\RPCRT4.dll
0x00007ff93a5e0000 - 0x00007ff93a7a7000 	C:\WINDOWS\System32\USER32.dll
0x00007ff937e80000 - 0x00007ff937ea7000 	C:\WINDOWS\System32\win32u.dll
0x00007ff91d6c0000 - 0x00007ff91d954000 	C:\WINDOWS\WinSxS\amd64_microsoft.windows.common-controls_6595b64144ccf1df_6.0.26100.7019_none_3e06ffa0e335b8a8\COMCTL32.dll
0x00007ff938e60000 - 0x00007ff938e8b000 	C:\WINDOWS\System32\GDI32.dll
0x00007ff937d50000 - 0x00007ff937e7c000 	C:\WINDOWS\System32\gdi32full.dll
0x00007ff937b30000 - 0x00007ff937bd3000 	C:\WINDOWS\System32\msvcp_win.dll
0x00007ff9304c0000 - 0x00007ff9304cb000 	C:\WINDOWS\SYSTEM32\VERSION.dll
0x00007ff938970000 - 0x00007ff9389a1000 	C:\WINDOWS\System32\IMM32.DLL
0x00007ff9280f0000 - 0x00007ff9280fc000 	C:\Program Files\Java\jdk-17\bin\vcruntime140_1.dll
0x00007ff8f5920000 - 0x00007ff8f59ae000 	C:\Program Files\Java\jdk-17\bin\msvcp140.dll
0x00007ff8c74f0000 - 0x00007ff8c80d0000 	C:\Program Files\Java\jdk-17\bin\server\jvm.dll
0x00007ff939ac0000 - 0x00007ff939ac8000 	C:\WINDOWS\System32\PSAPI.DLL
0x00007ff92f420000 - 0x00007ff92f455000 	C:\WINDOWS\SYSTEM32\WINMM.dll
0x00007ff920890000 - 0x00007ff92089a000 	C:\WINDOWS\SYSTEM32\WSOCK32.dll
0x00007ff939d00000 - 0x00007ff939d74000 	C:\WINDOWS\System32\WS2_32.dll
0x00007ff936850000 - 0x00007ff93686b000 	C:\WINDOWS\SYSTEM32\kernel.appcore.dll
0x00007ff924e60000 - 0x00007ff924e6a000 	C:\Program Files\Java\jdk-17\bin\jimage.dll
0x00007ff92bd30000 - 0x00007ff92bf72000 	C:\WINDOWS\SYSTEM32\DBGHELP.DLL
0x00007ff93a1a0000 - 0x00007ff93a52b000 	C:\WINDOWS\System32\combase.dll
0x00007ff939800000 - 0x00007ff9398d7000 	C:\WINDOWS\System32\OLEAUT32.dll
0x00007ff91da70000 - 0x00007ff91daac000 	C:\WINDOWS\SYSTEM32\dbgcore.DLL
0x00007ff937f70000 - 0x00007ff938015000 	C:\WINDOWS\System32\bcryptPrimitives.dll
0x00007ff9133c0000 - 0x00007ff9133e5000 	C:\Program Files\Java\jdk-17\bin\java.dll
0x00007ff8f4f60000 - 0x00007ff8f5037000 	C:\Program Files\Java\jdk-17\bin\jsvml.dll
0x00007ff939070000 - 0x00007ff9397bf000 	C:\WINDOWS\System32\SHELL32.dll
0x00007ff937be0000 - 0x00007ff937d4b000 	C:\WINDOWS\System32\wintypes.dll
0x00007ff935770000 - 0x00007ff935fcd000 	C:\WINDOWS\SYSTEM32\windows.storage.dll
0x00007ff93a840000 - 0x00007ff93a932000 	C:\WINDOWS\System32\SHCORE.dll
0x00007ff939000000 - 0x00007ff939067000 	C:\WINDOWS\System32\shlwapi.dll
0x00007ff937a50000 - 0x00007ff937a79000 	C:\WINDOWS\SYSTEM32\profapi.dll
0x00007ff913570000 - 0x00007ff913589000 	C:\Program Files\Java\jdk-17\bin\net.dll
0x00007ff930280000 - 0x00007ff9303a8000 	C:\WINDOWS\SYSTEM32\WINHTTP.dll
0x00007ff936e60000 - 0x00007ff936ecb000 	C:\WINDOWS\system32\mswsock.dll
0x00007ff9130a0000 - 0x00007ff9130b6000 	C:\Program Files\Java\jdk-17\bin\nio.dll
0x00007ff90fb60000 - 0x00007ff90fb78000 	C:\Program Files\Java\jdk-17\bin\zip.dll
0x00007ff90eb90000 - 0x00007ff90ebb4000 	C:\Users\HOME PC\AppData\Local\Temp\jansi-2.4.2-2f50733b32b36c82-jansi.dll
0x00007ff9215c0000 - 0x00007ff9215d0000 	C:\Program Files\Java\jdk-17\bin\verify.dll
0x00007ff936350000 - 0x00007ff936384000 	C:\WINDOWS\SYSTEM32\IPHLPAPI.DLL
0x00007ff939ab0000 - 0x00007ff939aba000 	C:\WINDOWS\System32\NSI.dll
0x00007ff930400000 - 0x00007ff93041e000 	C:\WINDOWS\SYSTEM32\dhcpcsvc6.DLL
0x00007ff9303b0000 - 0x00007ff9303d3000 	C:\WINDOWS\SYSTEM32\dhcpcsvc.DLL
0x00007ff9363f0000 - 0x00007ff93651c000 	C:\WINDOWS\SYSTEM32\DNSAPI.dll

dbghelp: loaded successfully - version: 4.0.5 - missing functions: none
symbol engine: initialized successfully - sym options: 0x614 - pdb path: .;C:\Program Files\Java\jdk-17\bin;C:\WINDOWS\SYSTEM32;C:\WINDOWS\WinSxS\amd64_microsoft.windows.common-controls_6595b64144ccf1df_6.0.26100.7019_none_3e06ffa0e335b8a8;C:\Program Files\Java\jdk-17\bin\server;C:\Users\HOME PC\AppData\Local\Temp

VM Arguments:
jvm_args: -Dmaven.home=EMBEDDED -Dclassworlds.conf=C:\InfosysProject\LostFoundProject\.metadata\.plugins\org.eclipse.m2e.launching\launches\m2conf15732457985600130475.tmp -Dmaven.multiModuleProjectDirectory=C:\InfosysProject\LostFoundProject\lostFoundApplication -Dm2e.build.project.data.socket.port=64225 -Dfile.encoding=UTF-8 -Dstdout.encoding=UTF-8 -Dstderr.encoding=UTF-8 -XX:+ShowCodeDetailsInExceptionMessages 
java_command: org.codehaus.plexus.classworlds.launcher.Launcher -Ppom.xml -B -Dstyle.color=always clean install
java_class_path (initial): C:\Users\HOME PC\.p2\pool\plugins\org.eclipse.m2e.maven.runtime_3.9.1100.20250811-2018\jars\plexus-classworlds-2.9.0.jar
Launcher Type: SUN_STANDARD

[Global flags]
     intx CICompilerCount                          = 4                                         {product} {ergonomic}
     uint ConcGCThreads                            = 3                                         {product} {ergonomic}
     uint G1ConcRefinementThreads                  = 10                                        {product} {ergonomic}
   size_t G1HeapRegionSize                         = 1048576                                   {product} {ergonomic}
    uintx GCDrainStackTargetSize                   = 64                                        {product} {ergonomic}
   size_t InitialHeapSize                          = 56623104                                  {product} {ergonomic}
   size_t MarkStackSize                            = 4194304                                   {product} {ergonomic}
   size_t MaxHeapSize                              = 893386752                                 {product} {ergonomic}
   size_t MaxNewSize                               = 535822336                                 {product} {ergonomic}
   size_t MinHeapDeltaBytes                        = 1048576                                   {product} {ergonomic}
   size_t MinHeapSize                              = 8388608                                   {product} {ergonomic}
    uintx NonNMethodCodeHeapSize                   = 5839372                                {pd product} {ergonomic}
    uintx NonProfiledCodeHeapSize                  = 122909434                              {pd product} {ergonomic}
    uintx ProfiledCodeHeapSize                     = 122909434                              {pd product} {ergonomic}
    uintx ReservedCodeCacheSize                    = 251658240                              {pd product} {ergonomic}
     bool SegmentedCodeCache                       = true                                      {product} {ergonomic}
     bool ShowCodeDetailsInExceptionMessages       = true                                   {manageable} {command line}
   size_t SoftMaxHeapSize                          = 893386752                              {manageable} {ergonomic}
     bool UseCompressedClassPointers               = true                           {product lp64_product} {ergonomic}
     bool UseCompressedOops                        = true                           {product lp64_product} {ergonomic}
     bool UseG1GC                                  = true                                      {product} {ergonomic}
     bool UseLargePagesIndividualAllocation        = false                                  {pd product} {ergonomic}

Logging:
Log output configuration:
 #0: stdout all=warning uptime,level,tags
 #1: stderr all=off uptime,level,tags

Environment Variables:
PATH=C:/Users/HOME PC/.p2/pool/plugins/org.eclipse.justj.openjdk.hotspot.jre.full.win32.x86_64_21.0.9.v20251105-0741/jre/bin/server;C:/Users/HOME PC/.p2/pool/plugins/org.eclipse.justj.openjdk.hotspot.jre.full.win32.x86_64_21.0.9.v20251105-0741/jre/bin;C:\Program Files\Common Files\Oracle\Java\javapath;C:\WINDOWS\system32;C:\WINDOWS;C:\WINDOWS\System32\Wbem;C:\WINDOWS\System32\WindowsPowerShell\v1.0\;C:\WINDOWS\System32\OpenSSH\;C:\Program Files\nodejs\;C:\Program Files\MySQL\MySQL Server 8.0\bin;C:\Users\HOME PC\AppData\Local\Programs\Python\Python313\Scripts\;C:\Users\HOME PC\AppData\Local\Programs\Python\Python313\;C:\Users\HOME PC\AppData\Local\Programs\Python\Launcher\;C:\Users\HOME PC\AppData\Local\Microsoft\WindowsApps;C:\Users\HOME PC\AppData\Local\Programs\Git\cmd;C:\Users\HOME PC\AppData\Local\Programs\Microsoft VS Code\bin;C:\Users\HOME PC\AppData\Local\Programs\mongosh\;C:\Users\HOME PC\AppData\Roaming\npm;C:\Users\HOME PC\OneDrive\Desktop;
USERNAME=HOME PC
OS=Windows_NT
PROCESSOR_IDENTIFIER=AMD64 Family 23 Model 104 Stepping 1, AuthenticAMD



---------------  S Y S T E M  ---------------

OS:
 Windows 11 , 64 bit Build 26100 (10.0.26100.7019)
OS uptime: 4 days 1:58 hours

CPU: total 12 (initial active 12) (12 cores per cpu, 2 threads per core) family 23 model 104 stepping 1 microcode 0x8608109, cx8, cmov, fxsr, ht, mmx, 3dnowpref, sse, sse2, sse3, ssse3, sse4a, sse4.1, sse4.2, popcnt, lzcnt, tsc, tscinvbit, avx, avx2, aes, clmul, bmi1, bmi2, adx, sha, fma, vzeroupper, clflush, clflushopt

Memory: 4k page, system-wide physical 3405M (266M free)
TotalPageFile size 13645M (AvailPageFile size 23M)
current process WorkingSet (physical memory assigned to process): 199M, peak: 205M
current process commit charge ("private bytes"): 234M, peak: 274M

vm_info: Java HotSpot(TM) 64-Bit Server VM (17.0.12+8-LTS-286) for windows-amd64 JRE (17.0.12+8-LTS-286), built on Jun  5 2024 06:46:59 by "mach5one" with MS VC++ 17.6 (VS2022)

END.
