#
# There is insufficient memory for the Java Runtime Environment to continue.
# Native memory allocation (malloc) failed to allocate 1608480 bytes for Chunk::new
# Possible reasons:
#   The system is out of physical RAM or swap space
#   The process is running with CompressedOops enabled, and the Java Heap may be blocking the growth of the native heap
# Possible solutions:
#   Reduce memory load on the system
#   Increase physical memory or swap space
#   Check if swap backing store is full
#   Decrease Java heap size (-Xmx/-Xms)
#   Decrease number of Java threads
#   Decrease Java thread stack sizes (-Xss)
#   Set larger code cache with -XX:ReservedCodeCacheSize=
#   JVM is running with Unscaled Compressed Oops mode in which the Java heap is
#     placed in the first 4GB address space. The Java Heap base address is the
#     maximum limit for the native heap growth. Please use -XX:HeapBaseMinAddress
#     to set the Java Heap base and to place the Java Heap above 4GB virtual address.
# This output file may be truncated or incomplete.
#
#  Out of Memory Error (arena.cpp:189), pid=20080, tid=18848
#
# JRE version: Java(TM) SE Runtime Environment (17.0.12+8) (build 17.0.12+8-LTS-286)
# Java VM: Java HotSpot(TM) 64-Bit Server VM (17.0.12+8-LTS-286, mixed mode, sharing, tiered, compressed oops, compressed class ptrs, g1 gc, windows-amd64)
# No core dump will be written. Minidumps are not enabled by default on client versions of Windows
#

---------------  S U M M A R Y ------------

Command Line: -Dfile.encoding=UTF-8 -Dstdout.encoding=UTF-8 -Dstderr.encoding=UTF-8 -XX:+ShowCodeDetailsInExceptionMessages com.infosys.lostFoundApplication.LostFoundApplication

Host: AMD Ryzen 5 5500U with Radeon Graphics         , 12 cores, 3G,  Windows 11 , 64 bit Build 26100 (10.0.26100.7309)
Time: Mon Jan  5 20:29:59 2026 India Standard Time elapsed time: 7.371241 seconds (0d 0h 0m 7s)

---------------  T H R E A D  ---------------

Current thread (0x00000239ac49e330):  JavaThread "C2 CompilerThread0" daemon [_thread_in_native, id=18848, stack(0x00000090b1a00000,0x00000090b1b00000)]


Current CompileTask:
C2:   7399 3888   !   4       org.springframework.core.annotation.AnnotationsScanner::processClassHierarchy (234 bytes)

Stack: [0x00000090b1a00000,0x00000090b1b00000]
Native frames: (J=compiled Java code, j=interpreted, Vv=VM code, C=native code)
V  [jvm.dll+0x67a04a]
V  [jvm.dll+0x7da4ed]
V  [jvm.dll+0x7dbe33]
V  [jvm.dll+0x7dc4a3]
V  [jvm.dll+0x24508f]
V  [jvm.dll+0xab773]
V  [jvm.dll+0xabd3c]
V  [jvm.dll+0x361bee]
V  [jvm.dll+0x32c431]
V  [jvm.dll+0x32b8ca]
V  [jvm.dll+0x21683f]
V  [jvm.dll+0x215c6f]
V  [jvm.dll+0x1a2960]
V  [jvm.dll+0x22610b]
V  [jvm.dll+0x2242ab]
V  [jvm.dll+0x79075c]
V  [jvm.dll+0x78abea]
V  [jvm.dll+0x678f35]
C  [ucrtbase.dll+0x37b0]
C  [KERNEL32.DLL+0x2e8d7]
C  [ntdll.dll+0x8c53c]


---------------  P R O C E S S  ---------------

Threads class SMR info:
_java_thread_list=0x00000239f2beee10, length=12, elements={
0x000002398ed8b3d0, 0x00000239ac475840, 0x00000239ac478f40, 0x00000239ac48d6b0,
0x00000239ac48db90, 0x00000239ac48e070, 0x00000239ac492560, 0x00000239ac49e330,
0x00000239ac49e900, 0x00000239ac49f230, 0x00000239ac6e5d80, 0x00000239ac6ea840
}

Java Threads: ( => current thread )
  0x000002398ed8b3d0 JavaThread "main" [_thread_in_Java, id=14608, stack(0x00000090b0d00000,0x00000090b0e00000)]
  0x00000239ac475840 JavaThread "Reference Handler" daemon [_thread_blocked, id=20372, stack(0x00000090b1400000,0x00000090b1500000)]
  0x00000239ac478f40 JavaThread "Finalizer" daemon [_thread_blocked, id=7284, stack(0x00000090b1500000,0x00000090b1600000)]
  0x00000239ac48d6b0 JavaThread "Signal Dispatcher" daemon [_thread_blocked, id=8716, stack(0x00000090b1600000,0x00000090b1700000)]
  0x00000239ac48db90 JavaThread "Attach Listener" daemon [_thread_blocked, id=2928, stack(0x00000090b1700000,0x00000090b1800000)]
  0x00000239ac48e070 JavaThread "Service Thread" daemon [_thread_blocked, id=11200, stack(0x00000090b1800000,0x00000090b1900000)]
  0x00000239ac492560 JavaThread "Monitor Deflation Thread" daemon [_thread_blocked, id=19028, stack(0x00000090b1900000,0x00000090b1a00000)]
=>0x00000239ac49e330 JavaThread "C2 CompilerThread0" daemon [_thread_in_native, id=18848, stack(0x00000090b1a00000,0x00000090b1b00000)]
  0x00000239ac49e900 JavaThread "C1 CompilerThread0" daemon [_thread_blocked, id=7540, stack(0x00000090b1b00000,0x00000090b1c00000)]
  0x00000239ac49f230 JavaThread "Sweeper thread" daemon [_thread_blocked, id=11236, stack(0x00000090b1c00000,0x00000090b1d00000)]
  0x00000239ac6e5d80 JavaThread "Notification Thread" daemon [_thread_blocked, id=18376, stack(0x00000090b1d00000,0x00000090b1e00000)]
  0x00000239ac6ea840 JavaThread "Common-Cleaner" daemon [_thread_blocked, id=14148, stack(0x00000090b1f00000,0x00000090b2000000)]

Other Threads:
  0x00000239ac471a90 VMThread "VM Thread" [stack: 0x00000090b1300000,0x00000090b1400000] [id=7044]
  0x000002398ee1ec90 WatcherThread [stack: 0x00000090b1e00000,0x00000090b1f00000] [id=4400]
  0x000002398edc3150 GCTaskThread "GC Thread#0" [stack: 0x00000090b0e00000,0x00000090b0f00000] [id=1456]
  0x00000239f20c56b0 GCTaskThread "GC Thread#1" [stack: 0x00000090b2000000,0x00000090b2100000] [id=8]
  0x00000239f2437b00 GCTaskThread "GC Thread#2" [stack: 0x00000090b2100000,0x00000090b2200000] [id=7164]
  0x00000239f25e8d90 GCTaskThread "GC Thread#3" [stack: 0x00000090b2200000,0x00000090b2300000] [id=15284]
  0x00000239f299bd70 GCTaskThread "GC Thread#4" [stack: 0x00000090b2300000,0x00000090b2400000] [id=13320]
  0x00000239f2f88610 GCTaskThread "GC Thread#5" [stack: 0x00000090b2500000,0x00000090b2600000] [id=19416]
  0x00000239f2f888d0 GCTaskThread "GC Thread#6" [stack: 0x00000090b2600000,0x00000090b2700000] [id=4352]
  0x00000239f2f88b90 GCTaskThread "GC Thread#7" [stack: 0x00000090b2700000,0x00000090b2800000] [id=12740]
  0x00000239f2f8ce60 GCTaskThread "GC Thread#8" [stack: 0x00000090b2800000,0x00000090b2900000] [id=10408]
  0x00000239f2f8d120 GCTaskThread "GC Thread#9" [stack: 0x00000090b2900000,0x00000090b2a00000] [id=10652]
  0x000002398edcbba0 ConcurrentGCThread "G1 Main Marker" [stack: 0x00000090b0f00000,0x00000090b1000000] [id=18696]
  0x000002398edcf690 ConcurrentGCThread "G1 Conc#0" [stack: 0x00000090b1000000,0x00000090b1100000] [id=13808]
  0x00000239f343f5f0 ConcurrentGCThread "G1 Conc#1" [stack: 0x00000090b2400000,0x00000090b2500000] [id=18616]
  0x00000239f343f8b0 ConcurrentGCThread "G1 Conc#2" [stack: 0x00000090b2a00000,0x00000090b2b00000] [id=4124]
  0x000002398ee49cb0 ConcurrentGCThread "G1 Refine#0" [stack: 0x00000090b1100000,0x00000090b1200000] [id=18688]
  0x000002398ee4a0a0 ConcurrentGCThread "G1 Service" [stack: 0x00000090b1200000,0x00000090b1300000] [id=21068]

Threads with active compile tasks:
C2 CompilerThread0     7473 3888   !   4       org.springframework.core.annotation.AnnotationsScanner::processClassHierarchy (234 bytes)

VM state: not at safepoint (normal execution)

VM Mutex/Monitor currently owned by a thread: None

Heap address: 0x00000000cac00000, size: 852 MB, Compressed Oops mode: 32-bit

CDS archive(s) mapped at: [0x00000239ad000000-0x00000239adbd0000-0x00000239adbd0000), size 12386304, SharedBaseAddress: 0x00000239ad000000, ArchiveRelocationMode: 1.
Compressed class space mapped at: 0x00000239ae000000-0x00000239ee000000, reserved size: 1073741824
Narrow klass base: 0x00000239ad000000, Narrow klass shift: 0, Narrow klass range: 0x100000000

GC Precious Log:
 CPUs: 12 total, 12 available
 Memory: 3405M
 Large Page Support: Disabled
 NUMA Support: Disabled
 Compressed Oops: Enabled (32-bit)
 Heap Region Size: 1M
 Heap Min Capacity: 8M
 Heap Initial Capacity: 54M
 Heap Max Capacity: 852M
 Pre-touch: Disabled
 Parallel Workers: 10
 Concurrent Workers: 3
 Concurrent Refinement Workers: 10
 Periodic GC: Disabled

Heap:
 garbage-first heap   total 66560K, used 36017K [0x00000000cac00000, 0x0000000100000000)
  region size 1024K, 22 young (22528K), 3 survivors (3072K)
 Metaspace       used 28087K, committed 28480K, reserved 1114112K
  class space    used 3635K, committed 3776K, reserved 1048576K

Heap Regions: E=young(eden), S=young(survivor), O=old, HS=humongous(starts), HC=humongous(continues), CS=collection set, F=free, OA=open archive, CA=closed archive, TAMS=top-at-mark-start (previous, next)
|   0|0x00000000cac00000, 0x00000000cad00000, 0x00000000cad00000|100%|HS|  |TAMS 0x00000000cad00000, 0x00000000cac00000| Complete 
|   1|0x00000000cad00000, 0x00000000cae00000, 0x00000000cae00000|100%|HS|  |TAMS 0x00000000cae00000, 0x00000000cad00000| Complete 
|   2|0x00000000cae00000, 0x00000000caf00000, 0x00000000caf00000|100%| O|  |TAMS 0x00000000caf00000, 0x00000000cae00000| Untracked 
|   3|0x00000000caf00000, 0x00000000cb000000, 0x00000000cb000000|100%| O|  |TAMS 0x00000000cb000000, 0x00000000caf00000| Untracked 
|   4|0x00000000cb000000, 0x00000000cb100000, 0x00000000cb100000|100%| O|  |TAMS 0x00000000cb100000, 0x00000000cb000000| Untracked 
|   5|0x00000000cb100000, 0x00000000cb200000, 0x00000000cb200000|100%| O|  |TAMS 0x00000000cb200000, 0x00000000cb100000| Untracked 
|   6|0x00000000cb200000, 0x00000000cb300000, 0x00000000cb300000|100%| O|  |TAMS 0x00000000cb300000, 0x00000000cb200000| Untracked 
|   7|0x00000000cb300000, 0x00000000cb400000, 0x00000000cb400000|100%| O|  |TAMS 0x00000000cb400000, 0x00000000cb300000| Untracked 
|   8|0x00000000cb400000, 0x00000000cb500000, 0x00000000cb500000|100%| O|  |TAMS 0x00000000cb500000, 0x00000000cb400000| Untracked 
|   9|0x00000000cb500000, 0x00000000cb600000, 0x00000000cb600000|100%| O|  |TAMS 0x00000000cb600000, 0x00000000cb500000| Untracked 
|  10|0x00000000cb600000, 0x00000000cb700000, 0x00000000cb700000|100%| O|  |TAMS 0x00000000cb700000, 0x00000000cb600000| Untracked 
|  11|0x00000000cb700000, 0x00000000cb800000, 0x00000000cb800000|100%| O|  |TAMS 0x00000000cb7fc200, 0x00000000cb700000| Untracked 
|  12|0x00000000cb800000, 0x00000000cb900000, 0x00000000cb900000|100%| O|  |TAMS 0x00000000cb800000, 0x00000000cb800000| Untracked 
|  13|0x00000000cb900000, 0x00000000cba00000, 0x00000000cba00000|100%| O|  |TAMS 0x00000000cb900000, 0x00000000cb900000| Untracked 
|  14|0x00000000cba00000, 0x00000000cba34000, 0x00000000cbb00000| 20%| O|  |TAMS 0x00000000cba00000, 0x00000000cba00000| Untracked 
|  15|0x00000000cbb00000, 0x00000000cbb00000, 0x00000000cbc00000|  0%| F|  |TAMS 0x00000000cbb00000, 0x00000000cbb00000| Untracked 
|  16|0x00000000cbc00000, 0x00000000cbc00000, 0x00000000cbd00000|  0%| F|  |TAMS 0x00000000cbc00000, 0x00000000cbc00000| Untracked 
|  17|0x00000000cbd00000, 0x00000000cbd00000, 0x00000000cbe00000|  0%| F|  |TAMS 0x00000000cbd00000, 0x00000000cbd00000| Untracked 
|  18|0x00000000cbe00000, 0x00000000cbe00000, 0x00000000cbf00000|  0%| F|  |TAMS 0x00000000cbe00000, 0x00000000cbe00000| Untracked 
|  19|0x00000000cbf00000, 0x00000000cbf00000, 0x00000000cc000000|  0%| F|  |TAMS 0x00000000cbf00000, 0x00000000cbf00000| Untracked 
|  20|0x00000000cc000000, 0x00000000cc000000, 0x00000000cc100000|  0%| F|  |TAMS 0x00000000cc000000, 0x00000000cc000000| Untracked 
|  21|0x00000000cc100000, 0x00000000cc100000, 0x00000000cc200000|  0%| F|  |TAMS 0x00000000cc100000, 0x00000000cc100000| Untracked 
|  22|0x00000000cc200000, 0x00000000cc200000, 0x00000000cc300000|  0%| F|  |TAMS 0x00000000cc200000, 0x00000000cc200000| Untracked 
|  23|0x00000000cc300000, 0x00000000cc300000, 0x00000000cc400000|  0%| F|  |TAMS 0x00000000cc300000, 0x00000000cc300000| Untracked 
|  24|0x00000000cc400000, 0x00000000cc400000, 0x00000000cc500000|  0%| F|  |TAMS 0x00000000cc400000, 0x00000000cc400000| Untracked 
|  25|0x00000000cc500000, 0x00000000cc500000, 0x00000000cc600000|  0%| F|  |TAMS 0x00000000cc500000, 0x00000000cc500000| Untracked 
|  26|0x00000000cc600000, 0x00000000cc600000, 0x00000000cc700000|  0%| F|  |TAMS 0x00000000cc600000, 0x00000000cc600000| Untracked 
|  27|0x00000000cc700000, 0x00000000cc700000, 0x00000000cc800000|  0%| F|  |TAMS 0x00000000cc700000, 0x00000000cc700000| Untracked 
|  28|0x00000000cc800000, 0x00000000cc8f8758, 0x00000000cc900000| 97%| S|CS|TAMS 0x00000000cc800000, 0x00000000cc800000| Complete 
|  29|0x00000000cc900000, 0x00000000cca00000, 0x00000000cca00000|100%| S|CS|TAMS 0x00000000cc900000, 0x00000000cc900000| Complete 
|  30|0x00000000cca00000, 0x00000000ccb00000, 0x00000000ccb00000|100%| S|CS|TAMS 0x00000000cca00000, 0x00000000cca00000| Complete 
|  31|0x00000000ccb00000, 0x00000000ccb00000, 0x00000000ccc00000|  0%| F|  |TAMS 0x00000000ccb00000, 0x00000000ccb00000| Untracked 
|  32|0x00000000ccc00000, 0x00000000ccc00000, 0x00000000ccd00000|  0%| F|  |TAMS 0x00000000ccc00000, 0x00000000ccc00000| Untracked 
|  33|0x00000000ccd00000, 0x00000000ccd00000, 0x00000000cce00000|  0%| F|  |TAMS 0x00000000ccd00000, 0x00000000ccd00000| Untracked 
|  34|0x00000000cce00000, 0x00000000cce00000, 0x00000000ccf00000|  0%| F|  |TAMS 0x00000000cce00000, 0x00000000cce00000| Untracked 
|  35|0x00000000ccf00000, 0x00000000ccf00000, 0x00000000cd000000|  0%| F|  |TAMS 0x00000000ccf00000, 0x00000000ccf00000| Untracked 
|  36|0x00000000cd000000, 0x00000000cd000000, 0x00000000cd100000|  0%| F|  |TAMS 0x00000000cd000000, 0x00000000cd000000| Untracked 
|  37|0x00000000cd100000, 0x00000000cd100000, 0x00000000cd200000|  0%| F|  |TAMS 0x00000000cd100000, 0x00000000cd100000| Untracked 
|  38|0x00000000cd200000, 0x00000000cd200000, 0x00000000cd300000|  0%| F|  |TAMS 0x00000000cd200000, 0x00000000cd200000| Untracked 
|  39|0x00000000cd300000, 0x00000000cd300000, 0x00000000cd400000|  0%| F|  |TAMS 0x00000000cd300000, 0x00000000cd300000| Untracked 
|  40|0x00000000cd400000, 0x00000000cd400000, 0x00000000cd500000|  0%| F|  |TAMS 0x00000000cd400000, 0x00000000cd400000| Untracked 
|  41|0x00000000cd500000, 0x00000000cd500000, 0x00000000cd600000|  0%| F|  |TAMS 0x00000000cd500000, 0x00000000cd500000| Untracked 
|  42|0x00000000cd600000, 0x00000000cd600000, 0x00000000cd700000|  0%| F|  |TAMS 0x00000000cd600000, 0x00000000cd600000| Untracked 
|  43|0x00000000cd700000, 0x00000000cd700000, 0x00000000cd800000|  0%| F|  |TAMS 0x00000000cd700000, 0x00000000cd700000| Untracked 
|  44|0x00000000cd800000, 0x00000000cd800000, 0x00000000cd900000|  0%| F|  |TAMS 0x00000000cd800000, 0x00000000cd800000| Untracked 
|  45|0x00000000cd900000, 0x00000000cd900000, 0x00000000cda00000|  0%| F|  |TAMS 0x00000000cd900000, 0x00000000cd900000| Untracked 
|  46|0x00000000cda00000, 0x00000000cdb00000, 0x00000000cdb00000|100%| E|  |TAMS 0x00000000cda00000, 0x00000000cda00000| Complete 
|  47|0x00000000cdb00000, 0x00000000cdc00000, 0x00000000cdc00000|100%| E|CS|TAMS 0x00000000cdb00000, 0x00000000cdb00000| Complete 
|  48|0x00000000cdc00000, 0x00000000cdd00000, 0x00000000cdd00000|100%| E|CS|TAMS 0x00000000cdc00000, 0x00000000cdc00000| Complete 
|  49|0x00000000cdd00000, 0x00000000cde00000, 0x00000000cde00000|100%| E|CS|TAMS 0x00000000cdd00000, 0x00000000cdd00000| Complete 
|  50|0x00000000cde00000, 0x00000000cdf00000, 0x00000000cdf00000|100%| E|CS|TAMS 0x00000000cde00000, 0x00000000cde00000| Complete 
|  51|0x00000000cdf00000, 0x00000000ce000000, 0x00000000ce000000|100%| E|CS|TAMS 0x00000000cdf00000, 0x00000000cdf00000| Complete 
|  52|0x00000000ce000000, 0x00000000ce100000, 0x00000000ce100000|100%| E|CS|TAMS 0x00000000ce000000, 0x00000000ce000000| Complete 
|  53|0x00000000ce100000, 0x00000000ce200000, 0x00000000ce200000|100%| E|CS|TAMS 0x00000000ce100000, 0x00000000ce100000| Complete 
|  54|0x00000000ce200000, 0x00000000ce300000, 0x00000000ce300000|100%| E|CS|TAMS 0x00000000ce200000, 0x00000000ce200000| Complete 
|  55|0x00000000ce300000, 0x00000000ce400000, 0x00000000ce400000|100%| E|CS|TAMS 0x00000000ce300000, 0x00000000ce300000| Complete 
|  56|0x00000000ce400000, 0x00000000ce500000, 0x00000000ce500000|100%| E|CS|TAMS 0x00000000ce400000, 0x00000000ce400000| Complete 
|  57|0x00000000ce500000, 0x00000000ce600000, 0x00000000ce600000|100%| E|CS|TAMS 0x00000000ce500000, 0x00000000ce500000| Complete 
|  58|0x00000000ce600000, 0x00000000ce700000, 0x00000000ce700000|100%| E|CS|TAMS 0x00000000ce600000, 0x00000000ce600000| Complete 
|  59|0x00000000ce700000, 0x00000000ce800000, 0x00000000ce800000|100%| E|CS|TAMS 0x00000000ce700000, 0x00000000ce700000| Complete 
|  60|0x00000000ce800000, 0x00000000ce900000, 0x00000000ce900000|100%| E|CS|TAMS 0x00000000ce800000, 0x00000000ce800000| Complete 
|  61|0x00000000ce900000, 0x00000000cea00000, 0x00000000cea00000|100%| E|CS|TAMS 0x00000000ce900000, 0x00000000ce900000| Complete 
|  62|0x00000000cea00000, 0x00000000ceb00000, 0x00000000ceb00000|100%| E|CS|TAMS 0x00000000cea00000, 0x00000000cea00000| Complete 
|  63|0x00000000ceb00000, 0x00000000cec00000, 0x00000000cec00000|100%| E|CS|TAMS 0x00000000ceb00000, 0x00000000ceb00000| Complete 
|  64|0x00000000cec00000, 0x00000000ced00000, 0x00000000ced00000|100%| E|CS|TAMS 0x00000000cec00000, 0x00000000cec00000| Complete 

Card table byte_map: [0x00000239a7a50000,0x00000239a7c00000] _byte_map_base: 0x00000239a73fa000

Marking Bits (Prev, Next): (CMBitMap*) 0x000002398edc46d0, (CMBitMap*) 0x000002398edc4690
 Prev Bits: [0x00000239a8b00000, 0x00000239a9850000)
 Next Bits: [0x00000239a7db0000, 0x00000239a8b00000)

Polling page: 0x000002398eb00000

Metaspace:

Usage:
  Non-class:     23.90 MB used.
      Class:      3.55 MB used.
       Both:     27.45 MB used.

Virtual space:
  Non-class space:       64.00 MB reserved,      24.12 MB ( 38%) committed,  1 nodes.
      Class space:        1.00 GB reserved,       3.69 MB ( <1%) committed,  1 nodes.
             Both:        1.06 GB reserved,      27.81 MB (  3%) committed. 

Chunk freelists:
   Non-Class:  7.89 MB
       Class:  12.11 MB
        Both:  20.00 MB

MaxMetaspaceSize: unlimited
CompressedClassSpaceSize: 1.00 GB
Initial GC threshold: 21.00 MB
Current GC threshold: 35.12 MB
CDS: on
MetaspaceReclaimPolicy: balanced
 - commit_granule_bytes: 65536.
 - commit_granule_words: 8192.
 - virtual_space_node_default_size: 8388608.
 - enlarge_chunks_in_place: 1.
 - new_chunks_are_fully_committed: 0.
 - uncommit_free_chunks: 1.
 - use_allocation_guard: 0.
 - handle_deallocations: 1.


Internal statistics:

num_allocs_failed_limit: 3.
num_arena_births: 508.
num_arena_deaths: 0.
num_vsnodes_births: 2.
num_vsnodes_deaths: 0.
num_space_committed: 446.
num_space_uncommitted: 0.
num_chunks_returned_to_freelist: 3.
num_chunks_taken_from_freelist: 1590.
num_chunk_merges: 3.
num_chunk_splits: 1053.
num_chunks_enlarged: 767.
num_inconsistent_stats: 0.

CodeHeap 'non-profiled nmethods': size=120000Kb used=1515Kb max_used=1515Kb free=118484Kb
 bounds [0x000002399f6f0000, 0x000002399f960000, 0x00000239a6c20000]
CodeHeap 'profiled nmethods': size=120000Kb used=7978Kb max_used=7978Kb free=112021Kb
 bounds [0x0000023997c20000, 0x00000239983f0000, 0x000002399f150000]
CodeHeap 'non-nmethods': size=5760Kb used=1214Kb max_used=1256Kb free=4545Kb
 bounds [0x000002399f150000, 0x000002399f3c0000, 0x000002399f6f0000]
 total_blobs=4445 nmethods=3928 adapters=429
 compilation: enabled
              stopped_count=0, restarted_count=0
 full_count=0

Compilation events (20 events):
Event: 6.099 Thread 0x00000239ac49e900 3950 %     3       sun.security.provider.SHA::implCompress0 @ 294 (506 bytes)
Event: 6.099 Thread 0x00000239ac49e900 nmethod 3950% 0x00000239983e3710 code [0x00000239983e3940, 0x00000239983e44c8]
Event: 6.111 Thread 0x00000239ac49e900 3951       1       java.util.concurrent.atomic.AtomicLong::get (5 bytes)
Event: 6.111 Thread 0x00000239ac49e900 nmethod 3951 0x000002399f86a390 code [0x000002399f86a520, 0x000002399f86a5f8]
Event: 6.112 Thread 0x00000239ac49e900 3952       2       java.util.concurrent.atomic.AtomicLong::compareAndSet (13 bytes)
Event: 6.112 Thread 0x00000239ac49e900 nmethod 3952 0x00000239983e4a90 code [0x00000239983e4c20, 0x00000239983e4d38]
Event: 6.113 Thread 0x00000239ac49e900 3953       2       java.util.Random::nextBoolean (14 bytes)
Event: 6.113 Thread 0x00000239ac49e900 nmethod 3953 0x00000239983e4e10 code [0x00000239983e4fa0, 0x00000239983e50e8]
Event: 6.113 Thread 0x00000239ac49e900 3954       2       java.util.Random::next (47 bytes)
Event: 6.113 Thread 0x00000239ac49e900 nmethod 3954 0x00000239983e5190 code [0x00000239983e5340, 0x00000239983e5568]
Event: 6.164 Thread 0x00000239ac49e900 3956       3       jdk.internal.misc.Unsafe::convEndian (16 bytes)
Event: 6.164 Thread 0x00000239ac49e900 nmethod 3956 0x00000239983e5690 code [0x00000239983e5820, 0x00000239983e59f8]
Event: 6.164 Thread 0x00000239ac49e900 3958       2       java.lang.invoke.InvokerBytecodeGenerator::emitIconstInsn (75 bytes)
Event: 6.165 Thread 0x00000239ac49e900 nmethod 3958 0x00000239983e5a90 code [0x00000239983e5c80, 0x00000239983e5f78]
Event: 6.180 Thread 0x00000239ac49e900 3959       2       java.util.ImmutableCollections$AbstractImmutableList::iterator (13 bytes)
Event: 6.181 Thread 0x00000239ac49e900 nmethod 3959 0x00000239983e6090 code [0x00000239983e6240, 0x00000239983e6448]
Event: 6.181 Thread 0x00000239ac49e900 3960       2       java.util.ImmutableCollections$ListItr::<init> (25 bytes)
Event: 6.181 Thread 0x00000239ac49e900 nmethod 3960 0x00000239983e6510 code [0x00000239983e66a0, 0x00000239983e67f8]
Event: 6.210 Thread 0x00000239ac49e900 3961 %     3       java.util.Properties::load0 @ 8 (249 bytes)
Event: 6.211 Thread 0x00000239ac49e900 nmethod 3961% 0x00000239983e6890 code [0x00000239983e6ae0, 0x00000239983e75e8]

GC Heap History (12 events):
Event: 1.735 GC heap before
{Heap before GC invocations=0 (full 0):
 garbage-first heap   total 55296K, used 24576K [0x00000000cac00000, 0x0000000100000000)
  region size 1024K, 23 young (23552K), 0 survivors (0K)
 Metaspace       used 6088K, committed 6272K, reserved 1114112K
  class space    used 747K, committed 832K, reserved 1048576K
}
Event: 1.748 GC heap after
{Heap after GC invocations=1 (full 0):
 garbage-first heap   total 55296K, used 7888K [0x00000000cac00000, 0x0000000100000000)
  region size 1024K, 3 young (3072K), 3 survivors (3072K)
 Metaspace       used 6088K, committed 6272K, reserved 1114112K
  class space    used 747K, committed 832K, reserved 1048576K
}
Event: 2.519 GC heap before
{Heap before GC invocations=1 (full 0):
 garbage-first heap   total 55296K, used 27344K [0x00000000cac00000, 0x0000000100000000)
  region size 1024K, 23 young (23552K), 3 survivors (3072K)
 Metaspace       used 11264K, committed 11520K, reserved 1114112K
  class space    used 1407K, committed 1536K, reserved 1048576K
}
Event: 2.527 GC heap after
{Heap after GC invocations=2 (full 0):
 garbage-first heap   total 55296K, used 10070K [0x00000000cac00000, 0x0000000100000000)
  region size 1024K, 2 young (2048K), 2 survivors (2048K)
 Metaspace       used 11264K, committed 11520K, reserved 1114112K
  class space    used 1407K, committed 1536K, reserved 1048576K
}
Event: 3.051 GC heap before
{Heap before GC invocations=2 (full 0):
 garbage-first heap   total 55296K, used 30550K [0x00000000cac00000, 0x0000000100000000)
  region size 1024K, 23 young (23552K), 2 survivors (2048K)
 Metaspace       used 16696K, committed 16960K, reserved 1114112K
  class space    used 2110K, committed 2240K, reserved 1048576K
}
Event: 3.057 GC heap after
{Heap after GC invocations=3 (full 0):
 garbage-first heap   total 55296K, used 12287K [0x00000000cac00000, 0x0000000100000000)
  region size 1024K, 3 young (3072K), 3 survivors (3072K)
 Metaspace       used 16696K, committed 16960K, reserved 1114112K
  class space    used 2110K, committed 2240K, reserved 1048576K
}
Event: 3.758 GC heap before
{Heap before GC invocations=3 (full 0):
 garbage-first heap   total 55296K, used 32767K [0x00000000cac00000, 0x0000000100000000)
  region size 1024K, 24 young (24576K), 3 survivors (3072K)
 Metaspace       used 18987K, committed 19328K, reserved 1114112K
  class space    used 2374K, committed 2496K, reserved 1048576K
}
Event: 3.766 GC heap after
{Heap after GC invocations=4 (full 0):
 garbage-first heap   total 55296K, used 14748K [0x00000000cac00000, 0x0000000100000000)
  region size 1024K, 3 young (3072K), 3 survivors (3072K)
 Metaspace       used 18987K, committed 19328K, reserved 1114112K
  class space    used 2374K, committed 2496K, reserved 1048576K
}
Event: 4.309 GC heap before
{Heap before GC invocations=4 (full 0):
 garbage-first heap   total 55296K, used 30108K [0x00000000cac00000, 0x0000000100000000)
  region size 1024K, 19 young (19456K), 3 survivors (3072K)
 Metaspace       used 21197K, committed 21504K, reserved 1114112K
  class space    used 2654K, committed 2816K, reserved 1048576K
}
Event: 4.316 GC heap after
{Heap after GC invocations=5 (full 0):
 garbage-first heap   total 55296K, used 15988K [0x00000000cac00000, 0x0000000100000000)
  region size 1024K, 2 young (2048K), 2 survivors (2048K)
 Metaspace       used 21197K, committed 21504K, reserved 1114112K
  class space    used 2654K, committed 2816K, reserved 1048576K
}
Event: 5.132 GC heap before
{Heap before GC invocations=6 (full 0):
 garbage-first heap   total 55296K, used 37492K [0x00000000cac00000, 0x0000000100000000)
  region size 1024K, 23 young (23552K), 2 survivors (2048K)
 Metaspace       used 24460K, committed 24832K, reserved 1114112K
  class space    used 3125K, committed 3328K, reserved 1048576K
}
Event: 5.306 GC heap after
{Heap after GC invocations=7 (full 0):
 garbage-first heap   total 66560K, used 17585K [0x00000000cac00000, 0x0000000100000000)
  region size 1024K, 3 young (3072K), 3 survivors (3072K)
 Metaspace       used 24460K, committed 24832K, reserved 1114112K
  class space    used 3125K, committed 3328K, reserved 1048576K
}

Deoptimization events (20 events):
Event: 5.443 Thread 0x000002398ed8b3d0 Uncommon trap: trap_request=0xffffff45 fr.pc=0x000002399f7f4cf0 relative=0x00000000000005b0
Event: 5.443 Thread 0x000002398ed8b3d0 Uncommon trap: reason=unstable_if action=reinterpret pc=0x000002399f7f4cf0 method=org.springframework.util.ConcurrentReferenceHashMap$Segment.findInChain(Lorg/springframework/util/ConcurrentReferenceHashMap$Reference;Ljava/lang/Object;I)Lorg/springframewo
Event: 5.443 Thread 0x000002398ed8b3d0 DEOPT PACKING pc=0x000002399f7f4cf0 sp=0x00000090b0dfbd50
Event: 5.443 Thread 0x000002398ed8b3d0 DEOPT UNPACKING pc=0x000002399f1a23a3 sp=0x00000090b0dfbcf8 mode 2
Event: 5.452 Thread 0x000002398ed8b3d0 Uncommon trap: trap_request=0xffffff45 fr.pc=0x000002399f839430 relative=0x0000000000000a50
Event: 5.452 Thread 0x000002398ed8b3d0 Uncommon trap: reason=unstable_if action=reinterpret pc=0x000002399f839430 method=org.springframework.util.ConcurrentReferenceHashMap$Segment.findInChain(Lorg/springframework/util/ConcurrentReferenceHashMap$Reference;Ljava/lang/Object;I)Lorg/springframewo
Event: 5.452 Thread 0x000002398ed8b3d0 DEOPT PACKING pc=0x000002399f839430 sp=0x00000090b0dfd1b0
Event: 5.452 Thread 0x000002398ed8b3d0 DEOPT UNPACKING pc=0x000002399f1a23a3 sp=0x00000090b0dfd0d8 mode 2
Event: 5.453 Thread 0x000002398ed8b3d0 Uncommon trap: trap_request=0xffffff45 fr.pc=0x000002399f77c45c relative=0x000000000000023c
Event: 5.453 Thread 0x000002398ed8b3d0 Uncommon trap: reason=unstable_if action=reinterpret pc=0x000002399f77c45c method=java.util.concurrent.ConcurrentHashMap.get(Ljava/lang/Object;)Ljava/lang/Object; @ 76 c2
Event: 5.453 Thread 0x000002398ed8b3d0 DEOPT PACKING pc=0x000002399f77c45c sp=0x00000090b0dfc670
Event: 5.453 Thread 0x000002398ed8b3d0 DEOPT UNPACKING pc=0x000002399f1a23a3 sp=0x00000090b0dfc5e8 mode 2
Event: 6.172 Thread 0x000002398ed8b3d0 DEOPT PACKING pc=0x0000023998070531 sp=0x00000090b0dfe210
Event: 6.172 Thread 0x000002398ed8b3d0 DEOPT UNPACKING pc=0x000002399f1a2b43 sp=0x00000090b0dfd6c8 mode 0
Event: 6.189 Thread 0x000002398ed8b3d0 DEOPT PACKING pc=0x0000023998070531 sp=0x00000090b0dfdd50
Event: 6.189 Thread 0x000002398ed8b3d0 DEOPT UNPACKING pc=0x000002399f1a2b43 sp=0x00000090b0dfd208 mode 0
Event: 6.209 Thread 0x000002398ed8b3d0 DEOPT PACKING pc=0x000002399822c762 sp=0x00000090b0dfde90
Event: 6.209 Thread 0x000002398ed8b3d0 DEOPT UNPACKING pc=0x000002399f1a2b43 sp=0x00000090b0dfd3a0 mode 0
Event: 6.210 Thread 0x000002398ed8b3d0 DEOPT PACKING pc=0x0000023998070531 sp=0x00000090b0dfe140
Event: 6.210 Thread 0x000002398ed8b3d0 DEOPT UNPACKING pc=0x000002399f1a2b43 sp=0x00000090b0dfd5f8 mode 0

Classes unloaded (0 events):
No events

Classes redefined (0 events):
No events

Internal exceptions (20 events):
Event: 4.829 Thread 0x000002398ed8b3d0 Exception <a 'java/lang/NoSuchMethodError'{0x00000000cd4ab660}: 'java.lang.Object java.lang.invoke.DelegatingMethodHandle$Holder.delegate(java.lang.Object, int, java.lang.Object, java.lang.Object)'> (0x00000000cd4ab660) 
thrown [s\open\src\hotspot\share\interpreter\linkResolver.cpp, line 759]
Event: 4.832 Thread 0x000002398ed8b3d0 Exception <a 'java/lang/NoSuchMethodError'{0x00000000cd4bc4e8}: 'int java.lang.invoke.Invokers$Holder.linkToTargetMethod(java.lang.Object, java.lang.Object, java.lang.Object)'> (0x00000000cd4bc4e8) 
thrown [s\open\src\hotspot\share\interpreter\linkResolver.cpp, line 759]
Event: 4.917 Thread 0x000002398ed8b3d0 Exception <a 'java/lang/NoClassDefFoundError'{0x00000000ccf38b08}: org/flywaydb/core/Flyway> (0x00000000ccf38b08) 
thrown [s\open\src\hotspot\share\classfile\systemDictionary.cpp, line 245]
Event: 4.918 Thread 0x000002398ed8b3d0 Exception <a 'java/lang/NoClassDefFoundError'{0x00000000ccf3a1d8}: liquibase/integration/spring/SpringLiquibase> (0x00000000ccf3a1d8) 
thrown [s\open\src\hotspot\share\classfile\systemDictionary.cpp, line 245]
Event: 4.928 Thread 0x000002398ed8b3d0 Exception <a 'java/lang/NoClassDefFoundError'{0x00000000ccf88a08}: org/jooq/DSLContext> (0x00000000ccf88a08) 
thrown [s\open\src\hotspot\share\classfile\systemDictionary.cpp, line 245]
Event: 4.979 Thread 0x000002398ed8b3d0 Exception <a 'java/lang/NoClassDefFoundError'{0x00000000ccdbdfd0}: org/springframework/batch/core/repository/JobRepository> (0x00000000ccdbdfd0) 
thrown [s\open\src\hotspot\share\classfile\systemDictionary.cpp, line 245]
Event: 4.979 Thread 0x000002398ed8b3d0 Exception <a 'java/lang/NoClassDefFoundError'{0x00000000ccdbf400}: org/quartz/Scheduler> (0x00000000ccdbf400) 
thrown [s\open\src\hotspot\share\classfile\systemDictionary.cpp, line 245]
Event: 4.980 Thread 0x000002398ed8b3d0 Exception <a 'java/lang/NoClassDefFoundError'{0x00000000ccdc0c40}: org/springframework/session/jdbc/JdbcIndexedSessionRepository> (0x00000000ccdc0c40) 
thrown [s\open\src\hotspot\share\classfile\systemDictionary.cpp, line 245]
Event: 5.100 Thread 0x000002398ed8b3d0 Exception <a 'java/lang/NoSuchMethodError'{0x00000000ccb2f868}: 'void java.lang.invoke.DirectMethodHandle$Holder.invokeSpecial(java.lang.Object, java.lang.Object, java.lang.Object, java.lang.Object, java.lang.Object, java.lang.Object)'> (0x00000000ccb2f868) 
thrown [s\open\src\hotspot\share\interpreter\linkResolver.cpp, line 759]
Event: 5.386 Thread 0x000002398ed8b3d0 Exception <a 'java/lang/NoSuchMethodError'{0x00000000ceb67af0}: 'int java.lang.invoke.DirectMethodHandle$Holder.invokeSpecialIFC(java.lang.Object, java.lang.Object, java.lang.Object)'> (0x00000000ceb67af0) 
thrown [s\open\src\hotspot\share\interpreter\linkResolver.cpp, line 759]
Event: 5.725 Thread 0x000002398ed8b3d0 Exception <a 'java/lang/NoSuchMethodError'{0x00000000ce4d7430}: 'void java.lang.invoke.DirectMethodHandle$Holder.invokeStatic(java.lang.Object, int, java.lang.Object)'> (0x00000000ce4d7430) 
thrown [s\open\src\hotspot\share\interpreter\linkResolver.cpp, line 759]
Event: 5.733 Thread 0x000002398ed8b3d0 Exception <a 'java/lang/NoSuchMethodError'{0x00000000ce300080}: 'void java.lang.invoke.DirectMethodHandle$Holder.invokeInterface(java.lang.Object, java.lang.Object, int)'> (0x00000000ce300080) 
thrown [s\open\src\hotspot\share\interpreter\linkResolver.cpp, line 759]
Event: 5.740 Thread 0x000002398ed8b3d0 Exception <a 'java/lang/IncompatibleClassChangeError'{0x00000000ce350348}: Found class java.lang.Object, but interface was expected> (0x00000000ce350348) 
thrown [s\open\src\hotspot\share\interpreter\linkResolver.cpp, line 826]
Event: 5.752 Thread 0x000002398ed8b3d0 Exception <a 'java/lang/NoSuchMethodError'{0x00000000ce3a4980}: 'void java.lang.invoke.DirectMethodHandle$Holder.invokeVirtual(java.lang.Object, java.lang.Object, int)'> (0x00000000ce3a4980) 
thrown [s\open\src\hotspot\share\interpreter\linkResolver.cpp, line 759]
Event: 5.753 Thread 0x000002398ed8b3d0 Exception <a 'java/lang/NoSuchMethodError'{0x00000000ce3aabc8}: 'void java.lang.invoke.DirectMethodHandle$Holder.invokeStatic(java.lang.Object, java.lang.Object, java.lang.Object, int, java.lang.Object)'> (0x00000000ce3aabc8) 
thrown [s\open\src\hotspot\share\interpreter\linkResolver.cpp, line 759]
Event: 5.753 Thread 0x000002398ed8b3d0 Exception <a 'java/lang/NoSuchMethodError'{0x00000000ce3b20d0}: 'java.lang.Object java.lang.invoke.DirectMethodHandle$Holder.newInvokeSpecial(java.lang.Object, java.lang.Object, java.lang.Object, int)'> (0x00000000ce3b20d0) 
thrown [s\open\src\hotspot\share\interpreter\linkResolver.cpp, line 759]
Event: 5.754 Thread 0x000002398ed8b3d0 Exception <a 'java/lang/NoSuchMethodError'{0x00000000ce3b63b8}: 'java.lang.Object java.lang.invoke.DirectMethodHandle$Holder.invokeSpecial(java.lang.Object, java.lang.Object, java.lang.Object, java.lang.Object, int)'> (0x00000000ce3b63b8) 
thrown [s\open\src\hotspot\share\interpreter\linkResolver.cpp, line 759]
Event: 5.754 Thread 0x000002398ed8b3d0 Exception <a 'java/lang/NoSuchMethodError'{0x00000000ce3b9f80}: 'java.lang.Object java.lang.invoke.Invokers$Holder.linkToTargetMethod(java.lang.Object, java.lang.Object, int, java.lang.Object)'> (0x00000000ce3b9f80) 
thrown [s\open\src\hotspot\share\interpreter\linkResolver.cpp, line 759]
Event: 5.935 Thread 0x000002398ed8b3d0 Exception <a 'java/lang/NoSuchMethodError'{0x00000000cdebcfd8}: 'java.lang.Object java.lang.invoke.DirectMethodHandle$Holder.invokeStaticInit(java.lang.Object, int, int, int, int)'> (0x00000000cdebcfd8) 
thrown [s\open\src\hotspot\share\interpreter\linkResolver.cpp, line 759]
Event: 6.164 Thread 0x000002398ed8b3d0 Exception <a 'java/lang/NoSuchMethodError'{0x00000000cddd4308}: 'java.lang.Object java.lang.invoke.DirectMethodHandle$Holder.invokeStaticInit(java.lang.Object, java.lang.Object, int, int, int, int)'> (0x00000000cddd4308) 
thrown [s\open\src\hotspot\share\interpreter\linkResolver.cpp, line 759]

VM Operations (20 events):
Event: 4.812 Executing VM operation: HandshakeAllThreads
Event: 4.812 Executing VM operation: HandshakeAllThreads done
Event: 4.913 Executing VM operation: ICBufferFull
Event: 4.913 Executing VM operation: ICBufferFull done
Event: 5.120 Executing VM operation: HandshakeAllThreads
Event: 5.121 Executing VM operation: HandshakeAllThreads done
Event: 5.132 Executing VM operation: G1CollectForAllocation
Event: 5.306 Executing VM operation: G1CollectForAllocation done
Event: 5.441 Executing VM operation: HandshakeAllThreads
Event: 5.441 Executing VM operation: HandshakeAllThreads done
Event: 5.716 Executing VM operation: ICBufferFull
Event: 5.716 Executing VM operation: ICBufferFull done
Event: 5.899 Executing VM operation: HandshakeAllThreads
Event: 5.899 Executing VM operation: HandshakeAllThreads done
Event: 5.976 Executing VM operation: HandshakeAllThreads
Event: 5.976 Executing VM operation: HandshakeAllThreads done
Event: 6.030 Executing VM operation: HandshakeAllThreads
Event: 6.030 Executing VM operation: HandshakeAllThreads done
Event: 7.044 Executing VM operation: Cleanup
Event: 7.044 Executing VM operation: Cleanup done

Events (20 events):
Event: 6.198 loading class javax/management/InvalidAttributeValueException
Event: 6.199 loading class javax/management/InvalidAttributeValueException done
Event: 6.199 loading class javax/management/NotificationFilter
Event: 6.199 loading class javax/management/NotificationFilter done
Event: 6.199 loading class javax/management/Notification
Event: 6.199 loading class javax/management/Notification done
Event: 6.199 loading class javax/management/AttributeChangeNotification
Event: 6.199 loading class javax/management/AttributeChangeNotification done
Event: 6.207 loading class java/net/SocketTimeoutException
Event: 6.207 loading class java/io/InterruptedIOException
Event: 6.207 loading class java/io/InterruptedIOException done
Event: 6.207 loading class java/net/SocketTimeoutException done
Event: 6.210 loading class java/beans/PropertyChangeSupport
Event: 6.211 loading class java/beans/PropertyChangeSupport done
Event: 6.211 loading class java/beans/PropertyChangeSupport$PropertyChangeListenerMap
Event: 6.211 loading class java/beans/ChangeListenerMap
Event: 6.211 loading class java/beans/ChangeListenerMap done
Event: 6.211 loading class java/beans/PropertyChangeSupport$PropertyChangeListenerMap done
Event: 6.211 loading class java/beans/PropertyChangeListener
Event: 6.212 loading class java/beans/PropertyChangeListener done


Dynamic libraries:
0x00007ff7a0f80000 - 0x00007ff7a0f90000 	C:\Program Files\Java\jdk-17\bin\javaw.exe
0x00007ffc53f80000 - 0x00007ffc541e7000 	C:\WINDOWS\SYSTEM32\ntdll.dll
0x00007ffc52c40000 - 0x00007ffc52d09000 	C:\WINDOWS\System32\KERNEL32.DLL
0x00007ffc516e0000 - 0x00007ffc51acf000 	C:\WINDOWS\System32\KERNELBASE.dll
0x00007ffc51b10000 - 0x00007ffc51c5b000 	C:\WINDOWS\System32\ucrtbase.dll
0x00007ffc34550000 - 0x00007ffc34569000 	C:\Program Files\Java\jdk-17\bin\jli.dll
0x00007ffc34530000 - 0x00007ffc3454b000 	C:\Program Files\Java\jdk-17\bin\VCRUNTIME140.dll
0x00007ffc52a80000 - 0x00007ffc52b34000 	C:\WINDOWS\System32\ADVAPI32.dll
0x00007ffc53ab0000 - 0x00007ffc53b59000 	C:\WINDOWS\System32\msvcrt.dll
0x00007ffc52980000 - 0x00007ffc52a26000 	C:\WINDOWS\System32\sechost.dll
0x00007ffc53850000 - 0x00007ffc53968000 	C:\WINDOWS\System32\RPCRT4.dll
0x00007ffc52550000 - 0x00007ffc52715000 	C:\WINDOWS\System32\USER32.dll
0x00007ffc51ae0000 - 0x00007ffc51b07000 	C:\WINDOWS\System32\win32u.dll
0x00007ffc52a30000 - 0x00007ffc52a5b000 	C:\WINDOWS\System32\GDI32.dll
0x00007ffc37920000 - 0x00007ffc37bb3000 	C:\WINDOWS\WinSxS\amd64_microsoft.windows.common-controls_6595b64144ccf1df_6.0.26100.7309_none_3e05feeae336a044\COMCTL32.dll
0x00007ffc512d0000 - 0x00007ffc513fc000 	C:\WINDOWS\System32\gdi32full.dll
0x00007ffc51630000 - 0x00007ffc516d3000 	C:\WINDOWS\System32\msvcp_win.dll
0x00007ffc49a70000 - 0x00007ffc49a7b000 	C:\WINDOWS\SYSTEM32\VERSION.dll
0x00007ffc53630000 - 0x00007ffc53661000 	C:\WINDOWS\System32\IMM32.DLL
0x00007ffc36be0000 - 0x00007ffc36bec000 	C:\Program Files\Java\jdk-17\bin\vcruntime140_1.dll
0x00007ffc26c20000 - 0x00007ffc26cae000 	C:\Program Files\Java\jdk-17\bin\msvcp140.dll
0x00007ffbc7230000 - 0x00007ffbc7e10000 	C:\Program Files\Java\jdk-17\bin\server\jvm.dll
0x00007ffc53840000 - 0x00007ffc53848000 	C:\WINDOWS\System32\PSAPI.DLL
0x00007ffc49a30000 - 0x00007ffc49a65000 	C:\WINDOWS\SYSTEM32\WINMM.dll
0x00007ffc4a110000 - 0x00007ffc4a11a000 	C:\WINDOWS\SYSTEM32\WSOCK32.dll
0x00007ffc539a0000 - 0x00007ffc53a14000 	C:\WINDOWS\System32\WS2_32.dll
0x00007ffc4fe80000 - 0x00007ffc4fe9b000 	C:\WINDOWS\SYSTEM32\kernel.appcore.dll
0x00007ffc34520000 - 0x00007ffc3452a000 	C:\Program Files\Java\jdk-17\bin\jimage.dll
0x00007ffc43ba0000 - 0x00007ffc43de2000 	C:\WINDOWS\SYSTEM32\DBGHELP.DLL
0x00007ffc53bb0000 - 0x00007ffc53f35000 	C:\WINDOWS\System32\combase.dll
0x00007ffc53540000 - 0x00007ffc53616000 	C:\WINDOWS\System32\OLEAUT32.dll
0x00007ffc346d0000 - 0x00007ffc3470c000 	C:\WINDOWS\SYSTEM32\dbgcore.DLL
0x00007ffc51580000 - 0x00007ffc51625000 	C:\WINDOWS\System32\bcryptPrimitives.dll
0x00007ffc26ee0000 - 0x00007ffc26f05000 	C:\Program Files\Java\jdk-17\bin\java.dll
0x00007ffc1d530000 - 0x00007ffc1d607000 	C:\Program Files\Java\jdk-17\bin\jsvml.dll
0x00007ffc52dd0000 - 0x00007ffc53523000 	C:\WINDOWS\System32\SHELL32.dll
0x00007ffc510d0000 - 0x00007ffc5123a000 	C:\WINDOWS\System32\wintypes.dll
0x00007ffc4ecf0000 - 0x00007ffc4f54e000 	C:\WINDOWS\SYSTEM32\windows.storage.dll
0x00007ffc52b40000 - 0x00007ffc52c35000 	C:\WINDOWS\System32\SHCORE.dll
0x00007ffc53670000 - 0x00007ffc536d6000 	C:\WINDOWS\System32\shlwapi.dll
0x00007ffc50ff0000 - 0x00007ffc51019000 	C:\WINDOWS\SYSTEM32\profapi.dll
0x00007ffc344b0000 - 0x00007ffc344c9000 	C:\Program Files\Java\jdk-17\bin\net.dll
0x00007ffc470b0000 - 0x00007ffc471d8000 	C:\WINDOWS\SYSTEM32\WINHTTP.dll
0x00007ffc503f0000 - 0x00007ffc5045b000 	C:\WINDOWS\system32\mswsock.dll
0x00007ffc26ec0000 - 0x00007ffc26ed6000 	C:\Program Files\Java\jdk-17\bin\nio.dll
0x00007ffc26c00000 - 0x00007ffc26c18000 	C:\Program Files\Java\jdk-17\bin\zip.dll
0x00007ffc34300000 - 0x00007ffc3430e000 	C:\Program Files\Java\jdk-17\bin\sunmscapi.dll
0x00007ffc51400000 - 0x00007ffc51577000 	C:\WINDOWS\System32\CRYPT32.dll
0x00007ffc50940000 - 0x00007ffc50970000 	C:\WINDOWS\SYSTEM32\ncrypt.dll
0x00007ffc508f0000 - 0x00007ffc5092f000 	C:\WINDOWS\SYSTEM32\NTASN1.dll
0x00007ffc506b0000 - 0x00007ffc506cb000 	C:\WINDOWS\SYSTEM32\CRYPTSP.dll
0x00007ffc4fde0000 - 0x00007ffc4fe1a000 	C:\WINDOWS\system32\rsaenh.dll
0x00007ffc504a0000 - 0x00007ffc504cb000 	C:\WINDOWS\SYSTEM32\USERENV.dll
0x00007ffc50fc0000 - 0x00007ffc50fea000 	C:\WINDOWS\SYSTEM32\bcrypt.dll
0x00007ffc506d0000 - 0x00007ffc506dc000 	C:\WINDOWS\SYSTEM32\CRYPTBASE.dll
0x00007ffc4f8e0000 - 0x00007ffc4f914000 	C:\WINDOWS\SYSTEM32\IPHLPAPI.DLL
0x00007ffc53620000 - 0x00007ffc5362a000 	C:\WINDOWS\System32\NSI.dll
0x00007ffc49db0000 - 0x00007ffc49dce000 	C:\WINDOWS\SYSTEM32\dhcpcsvc6.DLL
0x00007ffc49a80000 - 0x00007ffc49aa3000 	C:\WINDOWS\SYSTEM32\dhcpcsvc.DLL
0x00007ffc4f980000 - 0x00007ffc4faac000 	C:\WINDOWS\SYSTEM32\DNSAPI.dll

dbghelp: loaded successfully - version: 4.0.5 - missing functions: none
symbol engine: initialized successfully - sym options: 0x614 - pdb path: .;C:\Program Files\Java\jdk-17\bin;C:\WINDOWS\SYSTEM32;C:\WINDOWS\WinSxS\amd64_microsoft.windows.common-controls_6595b64144ccf1df_6.0.26100.7309_none_3e05feeae336a044;C:\Program Files\Java\jdk-17\bin\server

VM Arguments:
jvm_args: -Dfile.encoding=UTF-8 -Dstdout.encoding=UTF-8 -Dstderr.encoding=UTF-8 -XX:+ShowCodeDetailsInExceptionMessages 
java_command: com.infosys.lostFoundApplication.LostFoundApplication
java_class_path (initial): C:\InfosysProject\LostFoundProject\lostFoundApplication\target\classes;C:\Users\HOME PC\.m2\repository\org\springframework\boot\spring-boot-starter-data-jpa\3.5.7\spring-boot-starter-data-jpa-3.5.7.jar;C:\Users\HOME PC\.m2\repository\org\springframework\boot\spring-boot-starter\3.5.7\spring-boot-starter-3.5.7.jar;C:\Users\HOME PC\.m2\repository\org\springframework\boot\spring-boot\3.5.7\spring-boot-3.5.7.jar;C:\Users\HOME PC\.m2\repository\org\springframework\boot\spring-boot-autoconfigure\3.5.7\spring-boot-autoconfigure-3.5.7.jar;C:\Users\HOME PC\.m2\repository\org\springframework\boot\spring-boot-starter-logging\3.5.7\spring-boot-starter-logging-3.5.7.jar;C:\Users\HOME PC\.m2\repository\ch\qos\logback\logback-classic\1.5.20\logback-classic-1.5.20.jar;C:\Users\HOME PC\.m2\repository\ch\qos\logback\logback-core\1.5.20\logback-core-1.5.20.jar;C:\Users\HOME PC\.m2\repository\org\apache\logging\log4j\log4j-to-slf4j\2.24.3\log4j-to-slf4j-2.24.3.jar;C:\Users\HOME PC\.m2\repository\org\apache\logging\log4j\log4j-api\2.24.3\log4j-api-2.24.3.jar;C:\Users\HOME PC\.m2\repository\org\slf4j\jul-to-slf4j\2.0.17\jul-to-slf4j-2.0.17.jar;C:\Users\HOME PC\.m2\repository\jakarta\annotation\jakarta.annotation-api\2.1.1\jakarta.annotation-api-2.1.1.jar;C:\Users\HOME PC\.m2\repository\org\yaml\snakeyaml\2.4\snakeyaml-2.4.jar;C:\Users\HOME PC\.m2\repository\org\springframework\boot\spring-boot-starter-jdbc\3.5.7\spring-boot-starter-jdbc-3.5.7.jar;C:\Users\HOME PC\.m2\repository\com\zaxxer\HikariCP\6.3.3\HikariCP-6.3.3.jar;C:\Users\HOME PC\.m2\repository\org\springframework\spring-jdbc\6.2.12\spring-jdbc-6.2.12.jar;C:\Users\HOME PC\.m2\repository\org\hibernate\orm\hibernate-core\6.6.33.Final\hibernate-core-6.6.33.Final.jar;C:\Users\HOME PC\.m2\repository\jakarta\persistence\jakarta.persistence-api\3.1.0\jakarta.persistence-api-3.1.0.jar;C:\Users\HOME PC\.m2\repository\jakarta\transaction\jakarta.transaction-api\2.0.1\jakarta.transaction-api-2.0.1.jar;C:\Users\
Launcher Type: SUN_STANDARD

[Global flags]
     intx CICompilerCount                          = 4                                         {product} {ergonomic}
     uint ConcGCThreads                            = 3                                         {product} {ergonomic}
     uint G1ConcRefinementThreads                  = 10                                        {product} {ergonomic}
   size_t G1HeapRegionSize                         = 1048576                                   {product} {ergonomic}
    uintx GCDrainStackTargetSize                   = 64                                        {product} {ergonomic}
   size_t InitialHeapSize                          = 56623104                                  {product} {ergonomic}
   size_t MarkStackSize                            = 4194304                                   {product} {ergonomic}
   size_t MaxHeapSize                              = 893386752                                 {product} {ergonomic}
   size_t MaxNewSize                               = 535822336                                 {product} {ergonomic}
   size_t MinHeapDeltaBytes                        = 1048576                                   {product} {ergonomic}
   size_t MinHeapSize                              = 8388608                                   {product} {ergonomic}
    uintx NonNMethodCodeHeapSize                   = 5839372                                {pd product} {ergonomic}
    uintx NonProfiledCodeHeapSize                  = 122909434                              {pd product} {ergonomic}
    uintx ProfiledCodeHeapSize                     = 122909434                              {pd product} {ergonomic}
    uintx ReservedCodeCacheSize                    = 251658240                              {pd product} {ergonomic}
     bool SegmentedCodeCache                       = true                                      {product} {ergonomic}
     bool ShowCodeDetailsInExceptionMessages       = true                                   {manageable} {command line}
   size_t SoftMaxHeapSize                          = 893386752                              {manageable} {ergonomic}
     bool UseCompressedClassPointers               = true                           {product lp64_product} {ergonomic}
     bool UseCompressedOops                        = true                           {product lp64_product} {ergonomic}
     bool UseG1GC                                  = true                                      {product} {ergonomic}
     bool UseLargePagesIndividualAllocation        = false                                  {pd product} {ergonomic}

Logging:
Log output configuration:
 #0: stdout all=warning uptime,level,tags
 #1: stderr all=off uptime,level,tags

Environment Variables:
PATH=C:/Users/HOME PC/.p2/pool/plugins/org.eclipse.justj.openjdk.hotspot.jre.full.win32.x86_64_21.0.9.v20251105-0741/jre/bin/server;C:/Users/HOME PC/.p2/pool/plugins/org.eclipse.justj.openjdk.hotspot.jre.full.win32.x86_64_21.0.9.v20251105-0741/jre/bin;C:\Program Files\Common Files\Oracle\Java\javapath;C:\WINDOWS\system32;C:\WINDOWS;C:\WINDOWS\System32\Wbem;C:\WINDOWS\System32\WindowsPowerShell\v1.0\;C:\WINDOWS\System32\OpenSSH\;C:\Program Files\nodejs\;C:\Program Files\MySQL\MySQL Server 8.0\bin;C:\Users\HOME PC\AppData\Local\Programs\Python\Python313\Scripts\;C:\Users\HOME PC\AppData\Local\Programs\Python\Python313\;C:\Users\HOME PC\AppData\Local\Programs\Python\Launcher\;C:\Users\HOME PC\AppData\Local\Microsoft\WindowsApps;C:\Users\HOME PC\AppData\Local\Programs\Git\cmd;C:\Users\HOME PC\AppData\Local\Programs\Microsoft VS Code\bin;C:\Users\HOME PC\AppData\Local\Programs\mongosh\;C:\Users\HOME PC\AppData\Roaming\npm;C:\Users\HOME PC\OneDrive\Desktop;
USERNAME=HOME PC
OS=Windows_NT
PROCESSOR_IDENTIFIER=AMD64 Family 23 Model 104 Stepping 1, AuthenticAMD



---------------  S Y S T E M  ---------------

OS:
 Windows 11 , 64 bit Build 26100 (10.0.26100.7309)
OS uptime: 0 days 1:32 hours

CPU: total 12 (initial active 12) (12 cores per cpu, 2 threads per core) family 23 model 104 stepping 1 microcode 0x8608109, cx8, cmov, fxsr, ht, mmx, 3dnowpref, sse, sse2, sse3, ssse3, sse4a, sse4.1, sse4.2, popcnt, lzcnt, tsc, tscinvbit, avx, avx2, aes, clmul, bmi1, bmi2, adx, sha, fma, vzeroupper, clflush, clflushopt

Memory: 4k page, system-wide physical 3405M (249M free)
TotalPageFile size 13645M (AvailPageFile size 6M)
current process WorkingSet (physical memory assigned to process): 161M, peak: 161M
current process commit charge ("private bytes"): 217M, peak: 218M

vm_info: Java HotSpot(TM) 64-Bit Server VM (17.0.12+8-LTS-286) for windows-amd64 JRE (17.0.12+8-LTS-286), built on Jun  5 2024 06:46:59 by "mach5one" with MS VC++ 17.6 (VS2022)

END.
