#
# There is insufficient memory for the Java Runtime Environment to continue.
# Native memory allocation (mmap) failed to map 65536 bytes for Failed to commit metaspace.
# Possible reasons:
#   The system is out of physical RAM or swap space
#   The process is running with CompressedOops enabled, and the Java Heap may be blocking the growth of the native heap
# Possible solutions:
#   Reduce memory load on the system
#   Increase physical memory or swap space
#   Check if swap backing store is full
#   Decrease Java heap size (-Xmx/-Xms)
#   Decrease number of Java threads
#   Decrease Java thread stack sizes (-Xss)
#   Set larger code cache with -XX:ReservedCodeCacheSize=
#   JVM is running with Unscaled Compressed Oops mode in which the Java heap is
#     placed in the first 4GB address space. The Java Heap base address is the
#     maximum limit for the native heap growth. Please use -XX:HeapBaseMinAddress
#     to set the Java Heap base and to place the Java Heap above 4GB virtual address.
# This output file may be truncated or incomplete.
#
#  Out of Memory Error (virtualSpaceNode.cpp:110), pid=21632, tid=17608
#
# JRE version: Java(TM) SE Runtime Environment (17.0.12+8) (build 17.0.12+8-LTS-286)
# Java VM: Java HotSpot(TM) 64-Bit Server VM (17.0.12+8-LTS-286, mixed mode, sharing, tiered, compressed oops, compressed class ptrs, g1 gc, windows-amd64)
# No core dump will be written. Minidumps are not enabled by default on client versions of Windows
#

---------------  S U M M A R Y ------------

Command Line: -Dfile.encoding=UTF-8 -Dstdout.encoding=UTF-8 -Dstderr.encoding=UTF-8 -XX:+ShowCodeDetailsInExceptionMessages com.infosys.lostFoundApplication.LostFoundApplication

Host: AMD Ryzen 5 5500U with Radeon Graphics         , 12 cores, 3G,  Windows 11 , 64 bit Build 26100 (10.0.26100.7309)
Time: Tue Jan  6 18:30:51 2026 India Standard Time elapsed time: 34.396273 seconds (0d 0h 0m 34s)

---------------  T H R E A D  ---------------

Current thread (0x00000282c75f88f0):  JavaThread "main" [_thread_in_vm, id=17608, stack(0x000000edf3d00000,0x000000edf3e00000)]

Stack: [0x000000edf3d00000,0x000000edf3e00000]
Native frames: (J=compiled Java code, j=interpreted, Vv=VM code, C=native code)
V  [jvm.dll+0x67a04a]
V  [jvm.dll+0x7da4ed]
V  [jvm.dll+0x7dbe33]
V  [jvm.dll+0x7dc4a3]
V  [jvm.dll+0x24508f]
V  [jvm.dll+0x7d60bb]
V  [jvm.dll+0x6206c6]
V  [jvm.dll+0x1bed07]
V  [jvm.dll+0x623022]
V  [jvm.dll+0x621086]
V  [jvm.dll+0x23a8a7]
V  [jvm.dll+0x1e4391]
V  [jvm.dll+0x1e8eb0]
V  [jvm.dll+0x1dea41]
V  [jvm.dll+0x53f78c]
V  [jvm.dll+0x7553b8]
V  [jvm.dll+0x7554a4]
V  [jvm.dll+0x40d1af]
V  [jvm.dll+0x413c39]
C  [java.dll+0x17ec]

Java frames: (J=compiled Java code, j=interpreted, Vv=VM code)
J 709  java.lang.ClassLoader.defineClass1(Ljava/lang/ClassLoader;Ljava/lang/String;[BIILjava/security/ProtectionDomain;Ljava/lang/String;)Ljava/lang/Class; java.base@17.0.12 (0 bytes) @ 0x00000282d69c0063 [0x00000282d69bffa0+0x00000000000000c3]
J 4540 c2 java.security.SecureClassLoader.defineClass(Ljava/lang/String;[BIILjava/security/CodeSource;)Ljava/lang/Class; java.base@17.0.12 (16 bytes) @ 0x00000282d6c5f220 [0x00000282d6c5e6a0+0x0000000000000b80]
J 791 c1 jdk.internal.loader.BuiltinClassLoader.defineClass(Ljava/lang/String;Ljdk/internal/loader/Resource;)Ljava/lang/Class; java.base@17.0.12 (121 bytes) @ 0x00000282cf0108e4 [0x00000282cf00f980+0x0000000000000f64]
J 671 c1 jdk.internal.loader.BuiltinClassLoader.findClassOnClassPathOrNull(Ljava/lang/String;)Ljava/lang/Class; java.base@17.0.12 (64 bytes) @ 0x00000282cefcf6dc [0x00000282cefce660+0x000000000000107c]
J 2865 c2 jdk.internal.loader.BuiltinClassLoader.loadClassOrNull(Ljava/lang/String;Z)Ljava/lang/Class; java.base@17.0.12 (143 bytes) @ 0x00000282d6abf420 [0x00000282d6abf160+0x00000000000002c0]
J 4544 c2 jdk.internal.loader.ClassLoaders$AppClassLoader.loadClass(Ljava/lang/String;Z)Ljava/lang/Class; java.base@17.0.12 (40 bytes) @ 0x00000282d6c6736c [0x00000282d6c67320+0x000000000000004c]
J 595 c1 java.lang.ClassLoader.loadClass(Ljava/lang/String;)Ljava/lang/Class; java.base@17.0.12 (7 bytes) @ 0x00000282cefb62cc [0x00000282cefb61c0+0x000000000000010c]
v  ~StubRoutines::call_stub
j  org.hibernate.boot.model.source.internal.annotations.AnnotationMetadataSourceProcessorImpl.prepare()V+10
j  org.hibernate.boot.model.process.spi.MetadataBuildingProcess$1.prepare()V+13
j  org.hibernate.boot.model.process.spi.MetadataBuildingProcess.complete(Lorg/hibernate/boot/model/process/spi/ManagedResources;Lorg/hibernate/boot/spi/BootstrapContext;Lorg/hibernate/boot/spi/MetadataBuildingOptions;)Lorg/hibernate/boot/spi/MetadataImplementor;+106
j  org.hibernate.jpa.boot.internal.EntityManagerFactoryBuilderImpl.metadata()Lorg/hibernate/boot/spi/MetadataImplementor;+30
j  org.hibernate.jpa.boot.internal.EntityManagerFactoryBuilderImpl.build()Ljakarta/persistence/EntityManagerFactory;+3
j  org.springframework.orm.jpa.vendor.SpringHibernateJpaPersistenceProvider.createContainerEntityManagerFactory(Ljakarta/persistence/spi/PersistenceUnitInfo;Ljava/util/Map;)Ljakarta/persistence/EntityManagerFactory;+59
j  org.springframework.orm.jpa.LocalContainerEntityManagerFactoryBean.createNativeEntityManagerFactory()Ljakarta/persistence/EntityManagerFactory;+111
j  org.springframework.orm.jpa.AbstractEntityManagerFactoryBean.buildNativeEntityManagerFactory()Ljakarta/persistence/EntityManagerFactory;+1
j  org.springframework.orm.jpa.AbstractEntityManagerFactoryBean.afterPropertiesSet()V+192
j  org.springframework.orm.jpa.LocalContainerEntityManagerFactoryBean.afterPropertiesSet()V+81
j  org.springframework.beans.factory.support.AbstractAutowireCapableBeanFactory.invokeInitMethods(Ljava/lang/String;Ljava/lang/Object;Lorg/springframework/beans/factory/support/RootBeanDefinition;)V+56
j  org.springframework.beans.factory.support.AbstractAutowireCapableBeanFactory.initializeBean(Ljava/lang/String;Ljava/lang/Object;Lorg/springframework/beans/factory/support/RootBeanDefinition;)Ljava/lang/Object;+34
j  org.springframework.beans.factory.support.AbstractAutowireCapableBeanFactory.doCreateBean(Ljava/lang/String;Lorg/springframework/beans/factory/support/RootBeanDefinition;[Ljava/lang/Object;)Ljava/lang/Object;+228
j  org.springframework.beans.factory.support.AbstractAutowireCapableBeanFactory.createBean(Ljava/lang/String;Lorg/springframework/beans/factory/support/RootBeanDefinition;[Ljava/lang/Object;)Ljava/lang/Object;+153
j  org.springframework.beans.factory.support.AbstractBeanFactory.lambda$doGetBean$0(Ljava/lang/String;Lorg/springframework/beans/factory/support/RootBeanDefinition;[Ljava/lang/Object;)Ljava/lang/Object;+4
j  org.springframework.beans.factory.support.AbstractBeanFactory$$Lambda$371+0x00000282811dd798.getObject()Ljava/lang/Object;+16
j  org.springframework.beans.factory.support.DefaultSingletonBeanRegistry.getSingleton(Ljava/lang/String;Lorg/springframework/beans/factory/ObjectFactory;)Ljava/lang/Object;+897
J 2687 c1 org.springframework.beans.factory.support.AbstractBeanFactory.doGetBean(Ljava/lang/String;Ljava/lang/Class;[Ljava/lang/Object;Z)Ljava/lang/Object; (787 bytes) @ 0x00000282cf3f4794 [0x00000282cf3f2680+0x0000000000002114]
J 2621 c1 org.springframework.beans.factory.support.AbstractBeanFactory.getBean(Ljava/lang/String;Ljava/lang/Class;)Ljava/lang/Object; (9 bytes) @ 0x00000282cf3ce044 [0x00000282cf3cdf40+0x0000000000000104]
j  org.springframework.context.support.AbstractApplicationContext.finishBeanFactoryInitialization(Lorg/springframework/beans/factory/config/ConfigurableListableBeanFactory;)V+226
j  org.springframework.context.support.AbstractApplicationContext.refresh()V+94
j  org.springframework.boot.web.servlet.context.ServletWebServerApplicationContext.refresh()V+1
j  org.springframework.boot.SpringApplication.refresh(Lorg/springframework/context/ConfigurableApplicationContext;)V+1
j  org.springframework.boot.SpringApplication.refreshContext(Lorg/springframework/context/ConfigurableApplicationContext;)V+19
j  org.springframework.boot.SpringApplication.run([Ljava/lang/String;)Lorg/springframework/context/ConfigurableApplicationContext;+113
j  org.springframework.boot.SpringApplication.run([Ljava/lang/Class;[Ljava/lang/String;)Lorg/springframework/context/ConfigurableApplicationContext;+9
j  org.springframework.boot.SpringApplication.run(Ljava/lang/Class;[Ljava/lang/String;)Lorg/springframework/context/ConfigurableApplicationContext;+9
j  com.infosys.lostFoundApplication.LostFoundApplication.main([Ljava/lang/String;)V+3
v  ~StubRoutines::call_stub

---------------  P R O C E S S  ---------------

Threads class SMR info:
_java_thread_list=0x00000282e9be0b60, length=18, elements={
0x00000282c75f88f0, 0x00000282e2fbd6d0, 0x00000282e2fbf2a0, 0x00000282e2fcfb60,
0x00000282e2fd3650, 0x00000282e2fd4120, 0x00000282e2fd8a10, 0x00000282e2fe3150,
0x00000282e2fecc60, 0x00000282e2fedb80, 0x00000282e3229dd0, 0x00000282e322ad90,
0x00000282eae3b8c0, 0x00000282e9507c30, 0x00000282e9508110, 0x00000282e996dd70,
0x00000282e8227fd0, 0x00000282e8225c60
}

Java Threads: ( => current thread )
=>0x00000282c75f88f0 JavaThread "main" [_thread_in_vm, id=17608, stack(0x000000edf3d00000,0x000000edf3e00000)]
  0x00000282e2fbd6d0 JavaThread "Reference Handler" daemon [_thread_blocked, id=14056, stack(0x000000edf4400000,0x000000edf4500000)]
  0x00000282e2fbf2a0 JavaThread "Finalizer" daemon [_thread_blocked, id=7652, stack(0x000000edf4500000,0x000000edf4600000)]
  0x00000282e2fcfb60 JavaThread "Signal Dispatcher" daemon [_thread_blocked, id=21484, stack(0x000000edf4600000,0x000000edf4700000)]
  0x00000282e2fd3650 JavaThread "Attach Listener" daemon [_thread_blocked, id=12228, stack(0x000000edf4700000,0x000000edf4800000)]
  0x00000282e2fd4120 JavaThread "Service Thread" daemon [_thread_blocked, id=23044, stack(0x000000edf4800000,0x000000edf4900000)]
  0x00000282e2fd8a10 JavaThread "Monitor Deflation Thread" daemon [_thread_blocked, id=1688, stack(0x000000edf4900000,0x000000edf4a00000)]
  0x00000282e2fe3150 JavaThread "C2 CompilerThread0" daemon [_thread_blocked, id=19116, stack(0x000000edf4a00000,0x000000edf4b00000)]
  0x00000282e2fecc60 JavaThread "C1 CompilerThread0" daemon [_thread_blocked, id=23440, stack(0x000000edf4b00000,0x000000edf4c00000)]
  0x00000282e2fedb80 JavaThread "Sweeper thread" daemon [_thread_blocked, id=2224, stack(0x000000edf4c00000,0x000000edf4d00000)]
  0x00000282e3229dd0 JavaThread "Notification Thread" daemon [_thread_blocked, id=1968, stack(0x000000edf4d00000,0x000000edf4e00000)]
  0x00000282e322ad90 JavaThread "Common-Cleaner" daemon [_thread_blocked, id=19400, stack(0x000000edf4f00000,0x000000edf5000000)]
  0x00000282eae3b8c0 JavaThread "Catalina-utility-1" [_thread_blocked, id=19168, stack(0x000000edf5400000,0x000000edf5500000)]
  0x00000282e9507c30 JavaThread "Catalina-utility-2" [_thread_blocked, id=8924, stack(0x000000edf5c00000,0x000000edf5d00000)]
  0x00000282e9508110 JavaThread "container-0" [_thread_blocked, id=22392, stack(0x000000edf5d00000,0x000000edf5e00000)]
  0x00000282e996dd70 JavaThread "mysql-cj-abandoned-connection-cleanup" daemon [_thread_blocked, id=1328, stack(0x000000edf5e00000,0x000000edf5f00000)]
  0x00000282e8227fd0 JavaThread "HikariPool-1:housekeeper" daemon [_thread_blocked, id=1180, stack(0x000000edf6000000,0x000000edf6100000)]
  0x00000282e8225c60 JavaThread "HikariPool-1:connection-adder" daemon [_thread_in_native, id=9380, stack(0x000000edf6100000,0x000000edf6200000)]

Other Threads:
  0x00000282e2fb8820 VMThread "VM Thread" [stack: 0x000000edf4300000,0x000000edf4400000] [id=17312] _threads_hazard_ptr=0x00000282e9be0b60
  0x00000282c7643e00 WatcherThread [stack: 0x000000edf4e00000,0x000000edf4f00000] [id=21868]
  0x00000282c762ea20 GCTaskThread "GC Thread#0" [stack: 0x000000edf3e00000,0x000000edf3f00000] [id=22700]
  0x00000282e3c017d0 GCTaskThread "GC Thread#1" [stack: 0x000000edf5000000,0x000000edf5100000] [id=13968]
  0x00000282e3c4fd80 GCTaskThread "GC Thread#2" [stack: 0x000000edf5100000,0x000000edf5200000] [id=12184]
  0x00000282e3c50040 GCTaskThread "GC Thread#3" [stack: 0x000000edf5200000,0x000000edf5300000] [id=4100]
  0x00000282e3c50d20 GCTaskThread "GC Thread#4" [stack: 0x000000edf5300000,0x000000edf5400000] [id=8172]
  0x00000282e3d52680 GCTaskThread "GC Thread#5" [stack: 0x000000edf5500000,0x000000edf5600000] [id=14120]
  0x00000282e80f8b40 GCTaskThread "GC Thread#6" [stack: 0x000000edf5600000,0x000000edf5700000] [id=12396]
  0x00000282e8196b20 GCTaskThread "GC Thread#7" [stack: 0x000000edf5700000,0x000000edf5800000] [id=7292]
  0x00000282e829edd0 GCTaskThread "GC Thread#8" [stack: 0x000000edf5800000,0x000000edf5900000] [id=22428]
  0x00000282e89e6870 GCTaskThread "GC Thread#9" [stack: 0x000000edf5900000,0x000000edf5a00000] [id=11844]
  0x00000282c7637800 ConcurrentGCThread "G1 Main Marker" [stack: 0x000000edf3f00000,0x000000edf4000000] [id=9764]
  0x00000282c763a690 ConcurrentGCThread "G1 Conc#0" [stack: 0x000000edf4000000,0x000000edf4100000] [id=20080]
  0x00000282e89e7bb0 ConcurrentGCThread "G1 Conc#1" [stack: 0x000000edf5a00000,0x000000edf5b00000] [id=15904]
  0x00000282e89e7630 ConcurrentGCThread "G1 Conc#2" [stack: 0x000000edf5b00000,0x000000edf5c00000] [id=7576]
  0x00000282c76b2520 ConcurrentGCThread "G1 Refine#0" [stack: 0x000000edf4100000,0x000000edf4200000] [id=23388]
  0x00000282c76b2f50 ConcurrentGCThread "G1 Service" [stack: 0x000000edf4200000,0x000000edf4300000] [id=16340]

Threads with active compile tasks:

VM state: synchronizing (normal execution)

VM Mutex/Monitor currently owned by a thread:  ([mutex/lock_event])
[0x00000282c75f4e00] Metaspace_lock - owner thread: 0x00000282c75f88f0
[0x00000282c75f5c10] Threads_lock - owner thread: 0x00000282e2fb8820

Heap address: 0x00000000cac00000, size: 852 MB, Compressed Oops mode: 32-bit

CDS archive(s) mapped at: [0x0000028280000000-0x0000028280bd0000-0x0000028280bd0000), size 12386304, SharedBaseAddress: 0x0000028280000000, ArchiveRelocationMode: 1.
Compressed class space mapped at: 0x0000028281000000-0x00000282c1000000, reserved size: 1073741824
Narrow klass base: 0x0000028280000000, Narrow klass shift: 0, Narrow klass range: 0x100000000

GC Precious Log:
 CPUs: 12 total, 12 available
 Memory: 3405M
 Large Page Support: Disabled
 NUMA Support: Disabled
 Compressed Oops: Enabled (32-bit)
 Heap Region Size: 1M
 Heap Min Capacity: 8M
 Heap Initial Capacity: 54M
 Heap Max Capacity: 852M
 Pre-touch: Disabled
 Parallel Workers: 10
 Concurrent Workers: 3
 Concurrent Refinement Workers: 10
 Periodic GC: Disabled

Heap:
 garbage-first heap   total 55296K, used 33881K [0x00000000cac00000, 0x0000000100000000)
  region size 1024K, 14 young (14336K), 3 survivors (3072K)
 Metaspace       used 46628K, committed 47104K, reserved 1114112K
  class space    used 6142K, committed 6400K, reserved 1048576K

Heap Regions: E=young(eden), S=young(survivor), O=old, HS=humongous(starts), HC=humongous(continues), CS=collection set, F=free, OA=open archive, CA=closed archive, TAMS=top-at-mark-start (previous, next)
|   0|0x00000000cac00000, 0x00000000cad00000, 0x00000000cad00000|100%|HS|  |TAMS 0x00000000cad00000, 0x00000000cac00000| Complete 
|   1|0x00000000cad00000, 0x00000000cae00000, 0x00000000cae00000|100%|HS|  |TAMS 0x00000000cae00000, 0x00000000cad00000| Complete 
|   2|0x00000000cae00000, 0x00000000caf00000, 0x00000000caf00000|100%| O|  |TAMS 0x00000000caf00000, 0x00000000cae00000| Untracked 
|   3|0x00000000caf00000, 0x00000000cb000000, 0x00000000cb000000|100%| O|  |TAMS 0x00000000cb000000, 0x00000000caf00000| Untracked 
|   4|0x00000000cb000000, 0x00000000cb100000, 0x00000000cb100000|100%| O|  |TAMS 0x00000000cb100000, 0x00000000cb000000| Untracked 
|   5|0x00000000cb100000, 0x00000000cb200000, 0x00000000cb200000|100%| O|  |TAMS 0x00000000cb200000, 0x00000000cb100000| Untracked 
|   6|0x00000000cb200000, 0x00000000cb300000, 0x00000000cb300000|100%| O|  |TAMS 0x00000000cb300000, 0x00000000cb200000| Untracked 
|   7|0x00000000cb300000, 0x00000000cb400000, 0x00000000cb400000|100%| O|  |TAMS 0x00000000cb400000, 0x00000000cb300000| Untracked 
|   8|0x00000000cb400000, 0x00000000cb500000, 0x00000000cb500000|100%| O|  |TAMS 0x00000000cb500000, 0x00000000cb400000| Untracked 
|   9|0x00000000cb500000, 0x00000000cb600000, 0x00000000cb600000|100%| O|  |TAMS 0x00000000cb600000, 0x00000000cb500000| Untracked 
|  10|0x00000000cb600000, 0x00000000cb700000, 0x00000000cb700000|100%| O|  |TAMS 0x00000000cb700000, 0x00000000cb600000| Untracked 
|  11|0x00000000cb700000, 0x00000000cb800000, 0x00000000cb800000|100%| O|  |TAMS 0x00000000cb800000, 0x00000000cb700000| Untracked 
|  12|0x00000000cb800000, 0x00000000cb900000, 0x00000000cb900000|100%| O|  |TAMS 0x00000000cb900000, 0x00000000cb800000| Untracked 
|  13|0x00000000cb900000, 0x00000000cba00000, 0x00000000cba00000|100%| O|  |TAMS 0x00000000cba00000, 0x00000000cb900000| Untracked 
|  14|0x00000000cba00000, 0x00000000cbb00000, 0x00000000cbb00000|100%| O|  |TAMS 0x00000000cbb00000, 0x00000000cba00000| Untracked 
|  15|0x00000000cbb00000, 0x00000000cbc00000, 0x00000000cbc00000|100%| O|  |TAMS 0x00000000cbc00000, 0x00000000cbb00000| Untracked 
|  16|0x00000000cbc00000, 0x00000000cbd00000, 0x00000000cbd00000|100%| O|  |TAMS 0x00000000cbd00000, 0x00000000cbc00000| Untracked 
|  17|0x00000000cbd00000, 0x00000000cbe00000, 0x00000000cbe00000|100%| O|  |TAMS 0x00000000cbe00000, 0x00000000cbd00000| Untracked 
|  18|0x00000000cbe00000, 0x00000000cbf00000, 0x00000000cbf00000|100%| O|  |TAMS 0x00000000cbf00000, 0x00000000cbe00000| Untracked 
|  19|0x00000000cbf00000, 0x00000000cc000000, 0x00000000cc000000|100%| O|  |TAMS 0x00000000cbf1d200, 0x00000000cbf00000| Untracked 
|  20|0x00000000cc000000, 0x00000000cc073000, 0x00000000cc100000| 44%| O|  |TAMS 0x00000000cc000000, 0x00000000cc000000| Untracked 
|  21|0x00000000cc100000, 0x00000000cc100000, 0x00000000cc200000|  0%| F|  |TAMS 0x00000000cc100000, 0x00000000cc100000| Untracked 
|  22|0x00000000cc200000, 0x00000000cc200000, 0x00000000cc300000|  0%| F|  |TAMS 0x00000000cc200000, 0x00000000cc200000| Untracked 
|  23|0x00000000cc300000, 0x00000000cc300000, 0x00000000cc400000|  0%| F|  |TAMS 0x00000000cc300000, 0x00000000cc300000| Untracked 
|  24|0x00000000cc400000, 0x00000000cc400000, 0x00000000cc500000|  0%| F|  |TAMS 0x00000000cc400000, 0x00000000cc400000| Untracked 
|  25|0x00000000cc500000, 0x00000000cc500000, 0x00000000cc600000|  0%| F|  |TAMS 0x00000000cc500000, 0x00000000cc500000| Untracked 
|  26|0x00000000cc600000, 0x00000000cc600000, 0x00000000cc700000|  0%| F|  |TAMS 0x00000000cc600000, 0x00000000cc600000| Untracked 
|  27|0x00000000cc700000, 0x00000000cc700000, 0x00000000cc800000|  0%| F|  |TAMS 0x00000000cc700000, 0x00000000cc700000| Untracked 
|  28|0x00000000cc800000, 0x00000000cc800000, 0x00000000cc900000|  0%| F|  |TAMS 0x00000000cc800000, 0x00000000cc800000| Untracked 
|  29|0x00000000cc900000, 0x00000000cc9a35d8, 0x00000000cca00000| 63%| S|CS|TAMS 0x00000000cc900000, 0x00000000cc900000| Complete 
|  30|0x00000000cca00000, 0x00000000ccb00000, 0x00000000ccb00000|100%| S|CS|TAMS 0x00000000cca00000, 0x00000000cca00000| Complete 
|  31|0x00000000ccb00000, 0x00000000ccc00000, 0x00000000ccc00000|100%| S|CS|TAMS 0x00000000ccb00000, 0x00000000ccb00000| Complete 
|  32|0x00000000ccc00000, 0x00000000ccc00000, 0x00000000ccd00000|  0%| F|  |TAMS 0x00000000ccc00000, 0x00000000ccc00000| Untracked 
|  33|0x00000000ccd00000, 0x00000000ccd00000, 0x00000000cce00000|  0%| F|  |TAMS 0x00000000ccd00000, 0x00000000ccd00000| Untracked 
|  34|0x00000000cce00000, 0x00000000cce00000, 0x00000000ccf00000|  0%| F|  |TAMS 0x00000000cce00000, 0x00000000cce00000| Untracked 
|  35|0x00000000ccf00000, 0x00000000ccf00000, 0x00000000cd000000|  0%| F|  |TAMS 0x00000000ccf00000, 0x00000000ccf00000| Untracked 
|  36|0x00000000cd000000, 0x00000000cd000000, 0x00000000cd100000|  0%| F|  |TAMS 0x00000000cd000000, 0x00000000cd000000| Untracked 
|  37|0x00000000cd100000, 0x00000000cd100000, 0x00000000cd200000|  0%| F|  |TAMS 0x00000000cd100000, 0x00000000cd100000| Untracked 
|  38|0x00000000cd200000, 0x00000000cd200000, 0x00000000cd300000|  0%| F|  |TAMS 0x00000000cd200000, 0x00000000cd200000| Untracked 
|  39|0x00000000cd300000, 0x00000000cd300000, 0x00000000cd400000|  0%| F|  |TAMS 0x00000000cd300000, 0x00000000cd300000| Untracked 
|  40|0x00000000cd400000, 0x00000000cd400000, 0x00000000cd500000|  0%| F|  |TAMS 0x00000000cd400000, 0x00000000cd400000| Untracked 
|  41|0x00000000cd500000, 0x00000000cd500000, 0x00000000cd600000|  0%| F|  |TAMS 0x00000000cd500000, 0x00000000cd500000| Untracked 
|  42|0x00000000cd600000, 0x00000000cd600000, 0x00000000cd700000|  0%| F|  |TAMS 0x00000000cd600000, 0x00000000cd600000| Untracked 
|  43|0x00000000cd700000, 0x00000000cd7b1eb0, 0x00000000cd800000| 69%| E|  |TAMS 0x00000000cd700000, 0x00000000cd700000| Complete 
|  44|0x00000000cd800000, 0x00000000cd900000, 0x00000000cd900000|100%| E|CS|TAMS 0x00000000cd800000, 0x00000000cd800000| Complete 
|  45|0x00000000cd900000, 0x00000000cda00000, 0x00000000cda00000|100%| E|CS|TAMS 0x00000000cd900000, 0x00000000cd900000| Complete 
|  46|0x00000000cda00000, 0x00000000cdb00000, 0x00000000cdb00000|100%| E|CS|TAMS 0x00000000cda00000, 0x00000000cda00000| Complete 
|  47|0x00000000cdb00000, 0x00000000cdc00000, 0x00000000cdc00000|100%| E|CS|TAMS 0x00000000cdb00000, 0x00000000cdb00000| Complete 
|  48|0x00000000cdc00000, 0x00000000cdd00000, 0x00000000cdd00000|100%| E|CS|TAMS 0x00000000cdc00000, 0x00000000cdc00000| Complete 
|  49|0x00000000cdd00000, 0x00000000cde00000, 0x00000000cde00000|100%| E|CS|TAMS 0x00000000cdd00000, 0x00000000cdd00000| Complete 
|  50|0x00000000cde00000, 0x00000000cdf00000, 0x00000000cdf00000|100%| E|CS|TAMS 0x00000000cde00000, 0x00000000cde00000| Complete 
|  51|0x00000000cdf00000, 0x00000000ce000000, 0x00000000ce000000|100%| E|CS|TAMS 0x00000000cdf00000, 0x00000000cdf00000| Complete 
|  52|0x00000000ce000000, 0x00000000ce100000, 0x00000000ce100000|100%| E|CS|TAMS 0x00000000ce000000, 0x00000000ce000000| Complete 
|  53|0x00000000ce100000, 0x00000000ce200000, 0x00000000ce200000|100%| E|CS|TAMS 0x00000000ce100000, 0x00000000ce100000| Complete 

Card table byte_map: [0x00000282de5c0000,0x00000282de770000] _byte_map_base: 0x00000282ddf6a000

Marking Bits (Prev, Next): (CMBitMap*) 0x00000282c7630450, (CMBitMap*) 0x00000282c7630490
 Prev Bits: [0x00000282de920000, 0x00000282df670000)
 Next Bits: [0x00000282df670000, 0x00000282e03c0000)

Polling page: 0x00000282c5510000

Metaspace:

Usage:
  Non-class:     39.54 MB used.
      Class:      6.00 MB used.
       Both:     45.54 MB used.

Virtual space:
  Non-class space:       64.00 MB reserved,      39.75 MB ( 62%) committed,  1 nodes.
      Class space:        1.00 GB reserved,       6.25 MB ( <1%) committed,  1 nodes.
             Both:        1.06 GB reserved,      46.00 MB (  4%) committed. 

Chunk freelists:
   Non-Class:  8.11 MB
       Class:  9.73 MB
        Both:  17.84 MB

MaxMetaspaceSize: unlimited
CompressedClassSpaceSize: 1.00 GB
Initial GC threshold: 21.00 MB
Current GC threshold: 58.69 MB
CDS: on
MetaspaceReclaimPolicy: balanced
 - commit_granule_bytes: 65536.
 - commit_granule_words: 8192.
 - virtual_space_node_default_size: 8388608.
 - enlarge_chunks_in_place: 1.
 - new_chunks_are_fully_committed: 0.
 - uncommit_free_chunks: 1.
 - use_allocation_guard: 0.
 - handle_deallocations: 1.


Internal statistics:

num_allocs_failed_limit: 6.
num_arena_births: 634.
num_arena_deaths: 0.
num_vsnodes_births: 2.
num_vsnodes_deaths: 0.
num_space_committed: 736.
num_space_uncommitted: 0.
num_chunks_returned_to_freelist: 6.
num_chunks_taken_from_freelist: 2258.
num_chunk_merges: 6.
num_chunk_splits: 1568.
num_chunks_enlarged: 1198.
num_inconsistent_stats: 0.

CodeHeap 'non-profiled nmethods': size=120000Kb used=3236Kb max_used=3236Kb free=116763Kb
 bounds [0x00000282d6980000, 0x00000282d6cb0000, 0x00000282ddeb0000]
CodeHeap 'profiled nmethods': size=120000Kb used=10466Kb max_used=10466Kb free=109534Kb
 bounds [0x00000282ceeb0000, 0x00000282cf8f0000, 0x00000282d63e0000]
CodeHeap 'non-nmethods': size=5760Kb used=1283Kb max_used=1309Kb free=4476Kb
 bounds [0x00000282d63e0000, 0x00000282d6650000, 0x00000282d6980000]
 total_blobs=5500 nmethods=4904 adapters=508
 compilation: enabled
              stopped_count=0, restarted_count=0
 full_count=0

Compilation events (20 events):
Event: 32.286 Thread 0x00000282e2fe3150 4904       4       java.lang.AbstractStringBuilder::putStringAt (12 bytes)
Event: 32.289 Thread 0x00000282e2fe3150 nmethod 4904 0x00000282d6ca1d10 code [0x00000282d6ca1ea0, 0x00000282d6ca2088]
Event: 32.289 Thread 0x00000282e2fe3150 4905       4       java.lang.AbstractStringBuilder::putStringAt (34 bytes)
Event: 32.291 Thread 0x00000282e2fe3150 nmethod 4905 0x00000282d6ca2290 code [0x00000282d6ca2420, 0x00000282d6ca2628]
Event: 32.291 Thread 0x00000282e2fe3150 4903       4       java.util.ArrayDeque::add (7 bytes)
Event: 32.294 Thread 0x00000282e2fe3150 nmethod 4903 0x00000282d6ca2810 code [0x00000282d6ca29a0, 0x00000282d6ca2bb8]
Event: 32.296 Thread 0x00000282e2fe3150 4906       4       java.io.File::isInvalid (47 bytes)
Event: 32.299 Thread 0x00000282e2fe3150 nmethod 4906 0x00000282d6ca2d10 code [0x00000282d6ca2ea0, 0x00000282d6ca3138]
Event: 32.323 Thread 0x00000282e2fe3150 4907   !   4       java.util.zip.InflaterInputStream::read (138 bytes)
Event: 32.359 Thread 0x00000282e2fe3150 nmethod 4907 0x00000282d6ca3310 code [0x00000282d6ca3560, 0x00000282d6ca5150]
Event: 32.359 Thread 0x00000282e2fe3150 4908       4       java.util.zip.ZipFile$InflaterCleanupAction::run (12 bytes)
Event: 32.364 Thread 0x00000282e2fe3150 nmethod 4908 0x00000282d6ca6110 code [0x00000282d6ca62c0, 0x00000282d6ca6ba8]
Event: 32.364 Thread 0x00000282e2fe3150 4909   !   4       java.util.zip.ZipFile$CleanableResource::releaseInflater (53 bytes)
Event: 32.369 Thread 0x00000282e2fe3150 nmethod 4909 0x00000282d6ca7010 code [0x00000282d6ca71c0, 0x00000282d6ca7a88]
Event: 32.369 Thread 0x00000282e2fe3150 4910   !   4       java.util.zip.Inflater::reset (64 bytes)
Event: 32.372 Thread 0x00000282e2fe3150 nmethod 4910 0x00000282d6ca7e90 code [0x00000282d6ca8020, 0x00000282d6ca8488]
Event: 32.372 Thread 0x00000282e2fe3150 4911       4       java.lang.Class::forName (47 bytes)
Event: 32.373 Thread 0x00000282e2fe3150 nmethod 4911 0x00000282d6ca8610 code [0x00000282d6ca87a0, 0x00000282d6ca8848]
Event: 32.373 Thread 0x00000282e2fe3150 4912       4       java.io.WinNTFileSystem::prefixLength (91 bytes)
Event: 32.375 Thread 0x00000282e2fe3150 nmethod 4912 0x00000282d6ca8910 code [0x00000282d6ca8aa0, 0x00000282d6ca8d58]

GC Heap History (20 events):
Event: 2.203 GC heap before
{Heap before GC invocations=0 (full 0):
 garbage-first heap   total 55296K, used 25600K [0x00000000cac00000, 0x0000000100000000)
  region size 1024K, 23 young (23552K), 0 survivors (0K)
 Metaspace       used 6023K, committed 6272K, reserved 1114112K
  class space    used 734K, committed 832K, reserved 1048576K
}
Event: 2.217 GC heap after
{Heap after GC invocations=1 (full 0):
 garbage-first heap   total 55296K, used 7976K [0x00000000cac00000, 0x0000000100000000)
  region size 1024K, 3 young (3072K), 3 survivors (3072K)
 Metaspace       used 6023K, committed 6272K, reserved 1114112K
  class space    used 734K, committed 832K, reserved 1048576K
}
Event: 5.020 GC heap before
{Heap before GC invocations=1 (full 0):
 garbage-first heap   total 55296K, used 27432K [0x00000000cac00000, 0x0000000100000000)
  region size 1024K, 23 young (23552K), 3 survivors (3072K)
 Metaspace       used 11170K, committed 11456K, reserved 1114112K
  class space    used 1404K, committed 1536K, reserved 1048576K
}
Event: 5.027 GC heap after
{Heap after GC invocations=2 (full 0):
 garbage-first heap   total 55296K, used 9391K [0x00000000cac00000, 0x0000000100000000)
  region size 1024K, 2 young (2048K), 2 survivors (2048K)
 Metaspace       used 11170K, committed 11456K, reserved 1114112K
  class space    used 1404K, committed 1536K, reserved 1048576K
}
Event: 8.150 GC heap before
{Heap before GC invocations=2 (full 0):
 garbage-first heap   total 55296K, used 30895K [0x00000000cac00000, 0x0000000100000000)
  region size 1024K, 23 young (23552K), 2 survivors (2048K)
 Metaspace       used 16610K, committed 16960K, reserved 1114112K
  class space    used 2097K, committed 2240K, reserved 1048576K
}
Event: 8.156 GC heap after
{Heap after GC invocations=3 (full 0):
 garbage-first heap   total 55296K, used 11734K [0x00000000cac00000, 0x0000000100000000)
  region size 1024K, 3 young (3072K), 3 survivors (3072K)
 Metaspace       used 16610K, committed 16960K, reserved 1114112K
  class space    used 2097K, committed 2240K, reserved 1048576K
}
Event: 12.475 GC heap before
{Heap before GC invocations=3 (full 0):
 garbage-first heap   total 55296K, used 33238K [0x00000000cac00000, 0x0000000100000000)
  region size 1024K, 25 young (25600K), 3 survivors (3072K)
 Metaspace       used 18960K, committed 19264K, reserved 1114112K
  class space    used 2370K, committed 2496K, reserved 1048576K
}
Event: 12.488 GC heap after
{Heap after GC invocations=4 (full 0):
 garbage-first heap   total 55296K, used 14312K [0x00000000cac00000, 0x0000000100000000)
  region size 1024K, 4 young (4096K), 4 survivors (4096K)
 Metaspace       used 18960K, committed 19264K, reserved 1114112K
  class space    used 2370K, committed 2496K, reserved 1048576K
}
Event: 15.874 GC heap before
{Heap before GC invocations=4 (full 0):
 garbage-first heap   total 55296K, used 29672K [0x00000000cac00000, 0x0000000100000000)
  region size 1024K, 20 young (20480K), 4 survivors (4096K)
 Metaspace       used 21177K, committed 21504K, reserved 1114112K
  class space    used 2651K, committed 2816K, reserved 1048576K
}
Event: 15.895 GC heap after
{Heap after GC invocations=5 (full 0):
 garbage-first heap   total 55296K, used 16218K [0x00000000cac00000, 0x0000000100000000)
  region size 1024K, 2 young (2048K), 2 survivors (2048K)
 Metaspace       used 21177K, committed 21504K, reserved 1114112K
  class space    used 2651K, committed 2816K, reserved 1048576K
}
Event: 18.176 GC heap before
{Heap before GC invocations=6 (full 0):
 garbage-first heap   total 55296K, used 37722K [0x00000000cac00000, 0x0000000100000000)
  region size 1024K, 23 young (23552K), 2 survivors (2048K)
 Metaspace       used 24463K, committed 24896K, reserved 1114112K
  class space    used 3124K, committed 3328K, reserved 1048576K
}
Event: 18.193 GC heap after
{Heap after GC invocations=7 (full 0):
 garbage-first heap   total 55296K, used 17540K [0x00000000cac00000, 0x0000000100000000)
  region size 1024K, 3 young (3072K), 3 survivors (3072K)
 Metaspace       used 24463K, committed 24896K, reserved 1114112K
  class space    used 3124K, committed 3328K, reserved 1048576K
}
Event: 23.845 GC heap before
{Heap before GC invocations=7 (full 0):
 garbage-first heap   total 55296K, used 39044K [0x00000000cac00000, 0x0000000100000000)
  region size 1024K, 24 young (24576K), 3 survivors (3072K)
 Metaspace       used 29094K, committed 29568K, reserved 1114112K
  class space    used 3743K, committed 3968K, reserved 1048576K
}
Event: 23.866 GC heap after
{Heap after GC invocations=8 (full 0):
 garbage-first heap   total 55296K, used 19677K [0x00000000cac00000, 0x0000000100000000)
  region size 1024K, 3 young (3072K), 3 survivors (3072K)
 Metaspace       used 29094K, committed 29568K, reserved 1114112K
  class space    used 3743K, committed 3968K, reserved 1048576K
}
Event: 25.941 GC heap before
{Heap before GC invocations=8 (full 0):
 garbage-first heap   total 55296K, used 40157K [0x00000000cac00000, 0x0000000100000000)
  region size 1024K, 23 young (23552K), 3 survivors (3072K)
 Metaspace       used 32797K, committed 33280K, reserved 1114112K
  class space    used 4258K, committed 4480K, reserved 1048576K
}
Event: 25.947 GC heap after
{Heap after GC invocations=9 (full 0):
 garbage-first heap   total 55296K, used 21147K [0x00000000cac00000, 0x0000000100000000)
  region size 1024K, 2 young (2048K), 2 survivors (2048K)
 Metaspace       used 32797K, committed 33280K, reserved 1114112K
  class space    used 4258K, committed 4480K, reserved 1048576K
}
Event: 26.932 GC heap before
{Heap before GC invocations=9 (full 0):
 garbage-first heap   total 55296K, used 31387K [0x00000000cac00000, 0x0000000100000000)
  region size 1024K, 13 young (13312K), 2 survivors (2048K)
 Metaspace       used 35568K, committed 35968K, reserved 1114112K
  class space    used 4696K, committed 4864K, reserved 1048576K
}
Event: 26.940 GC heap after
{Heap after GC invocations=10 (full 0):
 garbage-first heap   total 55296K, used 21453K [0x00000000cac00000, 0x0000000100000000)
  region size 1024K, 2 young (2048K), 2 survivors (2048K)
 Metaspace       used 35568K, committed 35968K, reserved 1114112K
  class space    used 4696K, committed 4864K, reserved 1048576K
}
Event: 30.917 GC heap before
{Heap before GC invocations=11 (full 0):
 garbage-first heap   total 55296K, used 41933K [0x00000000cac00000, 0x0000000100000000)
  region size 1024K, 22 young (22528K), 2 survivors (2048K)
 Metaspace       used 44299K, committed 44800K, reserved 1114112K
  class space    used 5817K, committed 6080K, reserved 1048576K
}
Event: 30.925 GC heap after
{Heap after GC invocations=12 (full 0):
 garbage-first heap   total 55296K, used 23641K [0x00000000cac00000, 0x0000000100000000)
  region size 1024K, 3 young (3072K), 3 survivors (3072K)
 Metaspace       used 44299K, committed 44800K, reserved 1114112K
  class space    used 5817K, committed 6080K, reserved 1048576K
}

Deoptimization events (20 events):
Event: 31.571 Thread 0x00000282e8225c60 Uncommon trap: trap_request=0xffffffbe fr.pc=0x00000282d6c83e7c relative=0x000000000000035c
Event: 31.571 Thread 0x00000282e8225c60 Uncommon trap: reason=profile_predicate action=maybe_recompile pc=0x00000282d6c83e7c method=java.util.Arrays$ArrayList.indexOf(Ljava/lang/Object;)I @ 39 c2
Event: 31.571 Thread 0x00000282e8225c60 DEOPT PACKING pc=0x00000282d6c83e7c sp=0x000000edf61fe750
Event: 31.571 Thread 0x00000282e8225c60 DEOPT UNPACKING pc=0x00000282d64323a3 sp=0x000000edf61fe6d8 mode 2
Event: 31.571 Thread 0x00000282e8225c60 Uncommon trap: trap_request=0xffffffbe fr.pc=0x00000282d6c83e7c relative=0x000000000000035c
Event: 31.571 Thread 0x00000282e8225c60 Uncommon trap: reason=profile_predicate action=maybe_recompile pc=0x00000282d6c83e7c method=java.util.Arrays$ArrayList.indexOf(Ljava/lang/Object;)I @ 39 c2
Event: 31.571 Thread 0x00000282e8225c60 DEOPT PACKING pc=0x00000282d6c83e7c sp=0x000000edf61fe750
Event: 31.571 Thread 0x00000282e8225c60 DEOPT UNPACKING pc=0x00000282d64323a3 sp=0x000000edf61fe6d8 mode 2
Event: 31.572 Thread 0x00000282e8225c60 Uncommon trap: trap_request=0xffffffbe fr.pc=0x00000282d6c83e7c relative=0x000000000000035c
Event: 31.572 Thread 0x00000282e8225c60 Uncommon trap: reason=profile_predicate action=maybe_recompile pc=0x00000282d6c83e7c method=java.util.Arrays$ArrayList.indexOf(Ljava/lang/Object;)I @ 39 c2
Event: 31.572 Thread 0x00000282e8225c60 DEOPT PACKING pc=0x00000282d6c83e7c sp=0x000000edf61fe150
Event: 31.572 Thread 0x00000282e8225c60 DEOPT UNPACKING pc=0x00000282d64323a3 sp=0x000000edf61fe0d8 mode 2
Event: 31.572 Thread 0x00000282e8225c60 Uncommon trap: trap_request=0xffffffbe fr.pc=0x00000282d6c83e7c relative=0x000000000000035c
Event: 31.572 Thread 0x00000282e8225c60 Uncommon trap: reason=profile_predicate action=maybe_recompile pc=0x00000282d6c83e7c method=java.util.Arrays$ArrayList.indexOf(Ljava/lang/Object;)I @ 39 c2
Event: 31.572 Thread 0x00000282e8225c60 DEOPT PACKING pc=0x00000282d6c83e7c sp=0x000000edf61fe100
Event: 31.572 Thread 0x00000282e8225c60 DEOPT UNPACKING pc=0x00000282d64323a3 sp=0x000000edf61fe088 mode 2
Event: 31.883 Thread 0x00000282c75f88f0 Uncommon trap: trap_request=0xffffffde fr.pc=0x00000282d6a804bc relative=0x000000000000003c
Event: 31.883 Thread 0x00000282c75f88f0 Uncommon trap: reason=class_check action=maybe_recompile pc=0x00000282d6a804bc method=java.lang.StringConcatHelper.stringOf(Ljava/lang/Object;)Ljava/lang/String; @ 5 c2
Event: 31.883 Thread 0x00000282c75f88f0 DEOPT PACKING pc=0x00000282d6a804bc sp=0x000000edf3dfddb0
Event: 31.883 Thread 0x00000282c75f88f0 DEOPT UNPACKING pc=0x00000282d64323a3 sp=0x000000edf3dfdd40 mode 2

Classes unloaded (0 events):
No events

Classes redefined (0 events):
No events

Internal exceptions (20 events):
Event: 19.275 Thread 0x00000282c75f88f0 Exception <a 'java/lang/NoSuchMethodError'{0x00000000cd8661b0}: 'java.lang.Object java.lang.invoke.Invokers$Holder.linkToTargetMethod(java.lang.Object, java.lang.Object, int, java.lang.Object)'> (0x00000000cd8661b0) 
thrown [s\open\src\hotspot\share\interpreter\linkResolver.cpp, line 759]
Event: 20.533 Thread 0x00000282c75f88f0 Exception <a 'java/lang/NoSuchMethodError'{0x00000000cd39e9e8}: 'java.lang.Object java.lang.invoke.DirectMethodHandle$Holder.invokeStaticInit(java.lang.Object, int, int, int, int)'> (0x00000000cd39e9e8) 
thrown [s\open\src\hotspot\share\interpreter\linkResolver.cpp, line 759]
Event: 22.373 Thread 0x00000282c75f88f0 Exception <a 'java/lang/NoSuchMethodError'{0x00000000cd26d7e8}: 'java.lang.Object java.lang.invoke.DirectMethodHandle$Holder.invokeStaticInit(java.lang.Object, java.lang.Object, int, int, int, int)'> (0x00000000cd26d7e8) 
thrown [s\open\src\hotspot\share\interpreter\linkResolver.cpp, line 759]
Event: 23.825 Thread 0x00000282c75f88f0 Exception <a 'java/io/FileNotFoundException'{0x00000000ccddc550}> (0x00000000ccddc550) 
thrown [s\open\src\hotspot\share\prims\jni.cpp, line 516]
Event: 24.283 Thread 0x00000282c75f88f0 Exception <a 'java/lang/NoSuchMethodError'{0x00000000cdf87708}: 'int java.lang.invoke.DirectMethodHandle$Holder.invokeInterface(java.lang.Object, java.lang.Object, java.lang.Object, java.lang.Object)'> (0x00000000cdf87708) 
thrown [s\open\src\hotspot\share\interpreter\linkResolver.cpp, line 759]
Event: 24.473 Thread 0x00000282c75f88f0 Exception <a 'java/lang/NoSuchMethodError'{0x00000000cdce4c00}: 'long java.lang.invoke.DirectMethodHandle$Holder.invokeVirtual(java.lang.Object, java.lang.Object)'> (0x00000000cdce4c00) 
thrown [s\open\src\hotspot\share\interpreter\linkResolver.cpp, line 759]
Event: 24.665 Thread 0x00000282c75f88f0 Implicit null exception at 0x00000282d6baaabc to 0x00000282d6bab018
Event: 24.666 Thread 0x00000282c75f88f0 Implicit null exception at 0x00000282d6ba9da6 to 0x00000282d6baa110
Event: 24.715 Thread 0x00000282c75f88f0 Implicit null exception at 0x00000282d6a9d267 to 0x00000282d6a9d3f4
Event: 24.855 Thread 0x00000282c75f88f0 Implicit null exception at 0x00000282d6b1795b to 0x00000282d6b17b60
Event: 24.868 Thread 0x00000282c75f88f0 Exception <a 'sun/nio/fs/WindowsException'{0x00000000cd655aa0}> (0x00000000cd655aa0) 
thrown [s\open\src\hotspot\share\prims\jni.cpp, line 516]
Event: 24.982 Thread 0x00000282c75f88f0 Exception <a 'java/lang/NoSuchMethodError'{0x00000000cd430b50}: 'java.lang.Object java.lang.invoke.Invokers$Holder.invoke_MT(java.lang.Object, java.lang.Object, java.lang.Object)'> (0x00000000cd430b50) 
thrown [s\open\src\hotspot\share\interpreter\linkResolver.cpp, line 759]
Event: 28.009 Thread 0x00000282c75f88f0 Exception <a 'java/lang/NoSuchMethodError'{0x00000000cd989d80}: 'int java.lang.invoke.DirectMethodHandle$Holder.invokeStatic(java.lang.Object)'> (0x00000000cd989d80) 
thrown [s\open\src\hotspot\share\interpreter\linkResolver.cpp, line 759]
Event: 28.035 Thread 0x00000282c75f88f0 Implicit null exception at 0x00000282d6ae1685 to 0x00000282d6ae1c64
Event: 29.563 Thread 0x00000282c75f88f0 Exception <a 'sun/nio/fs/WindowsException'{0x00000000ccf7be10}> (0x00000000ccf7be10) 
thrown [s\open\src\hotspot\share\prims\jni.cpp, line 516]
Event: 29.606 Thread 0x00000282c75f88f0 Exception <a 'java/lang/NoSuchMethodError'{0x00000000ccf9f138}: 'int java.lang.invoke.DirectMethodHandle$Holder.invokeStaticInit(java.lang.Object, java.lang.Object, java.lang.Object, java.lang.Object)'> (0x00000000ccf9f138) 
thrown [s\open\src\hotspot\share\interpreter\linkResolver.cpp, line 759]
Event: 31.864 Thread 0x00000282c75f88f0 Exception <a 'java/lang/NoSuchMethodError'{0x00000000cdc720e8}: 'java.lang.Object java.lang.invoke.DirectMethodHandle$Holder.invokeStaticInit(java.lang.Object, java.lang.Object, java.lang.Object, java.lang.Object)'> (0x00000000cdc720e8) 
thrown [s\open\src\hotspot\share\interpreter\linkResolver.cpp, line 759]
Event: 31.907 Thread 0x00000282c75f88f0 Exception <a 'java/lang/NoSuchMethodError'{0x00000000cdb31410}: 'java.lang.Object java.lang.invoke.DirectMethodHandle$Holder.invokeSpecial(java.lang.Object, java.lang.Object, long, java.lang.Object, java.lang.Object, java.lang.Object, java.lang.Object, java.lang.Object, java.lang.Object, java.lang.Object)'> (0x00000000cdb31410) 
thrown [s\open\src\hotspot\share\interpreter\linkResolver.cpp, line 759]
Event: 31.908 Thread 0x00000282c75f88f0 Exception <a 'java/lang/NoSuchMethodError'{0x00000000cdb361c8}: 'java.lang.Object java.lang.invoke.DelegatingMethodHandle$Holder.reinvoke_L(java.lang.Object, long, java.lang.Object, java.lang.Object, java.lang.Object, java.lang.Object, java.lang.Object, java.lang.Object, java.lang.Object)'> (0x00000000cdb361c8) 
thrown [s\open\src\hotspot\share\interpreter\linkResolver.cpp, line 759]
Event: 31.915 Thread 0x00000282c75f88f0 Exception <a 'java/lang/NoSuchMethodError'{0x00000000cdb4d7d8}: 'java.lang.Object java.lang.invoke.Invokers$Holder.linkToTargetMethod(java.lang.Object, java.lang.Object, java.lang.Object, java.lang.Object, java.lang.Object, java.lang.Object, java.lang.Object, java.lang.Object)'> (0x00000000cdb4d7d8) 
thrown [s\open\src\hotspot\share\interpreter\linkResolver.cpp, line 759]

VM Operations (20 events):
Event: 26.982 Executing VM operation: G1Concurrent done
Event: 26.989 Executing VM operation: G1Concurrent
Event: 26.989 Executing VM operation: G1Concurrent done
Event: 28.001 Executing VM operation: Cleanup
Event: 28.001 Executing VM operation: Cleanup done
Event: 29.008 Executing VM operation: Cleanup
Event: 29.008 Executing VM operation: Cleanup done
Event: 29.567 Executing VM operation: HandshakeAllThreads
Event: 29.567 Executing VM operation: HandshakeAllThreads done
Event: 29.587 Executing VM operation: HandshakeAllThreads
Event: 29.587 Executing VM operation: HandshakeAllThreads done
Event: 30.255 Executing VM operation: HandshakeAllThreads
Event: 30.255 Executing VM operation: HandshakeAllThreads done
Event: 30.255 Executing VM operation: Cleanup
Event: 30.255 Executing VM operation: Cleanup done
Event: 30.917 Executing VM operation: G1CollectForAllocation
Event: 30.926 Executing VM operation: G1CollectForAllocation done
Event: 31.929 Executing VM operation: Cleanup
Event: 31.930 Executing VM operation: Cleanup done
Event: 32.940 Executing VM operation: Cleanup

Events (20 events):
Event: 31.013 loading class java/util/concurrent/ThreadPoolExecutor$CallerRunsPolicy done
Event: 31.017 loading class java/util/concurrent/atomic/AtomicReferenceFieldUpdater
Event: 31.019 loading class java/util/concurrent/atomic/AtomicReferenceFieldUpdater done
Event: 31.020 loading class java/util/concurrent/atomic/AtomicReferenceFieldUpdater$AtomicReferenceFieldUpdaterImpl
Event: 31.023 loading class java/util/concurrent/atomic/AtomicReferenceFieldUpdater$AtomicReferenceFieldUpdaterImpl done
Event: 31.023 loading class java/util/concurrent/atomic/AtomicReferenceFieldUpdater$AtomicReferenceFieldUpdaterImpl$1
Event: 31.024 loading class java/util/concurrent/atomic/AtomicReferenceFieldUpdater$AtomicReferenceFieldUpdaterImpl$1 done
Event: 31.141 Thread 0x00000282e8225c60 Thread added: 0x00000282e8225c60
Event: 31.270 loading class java/util/TimerTask
Event: 31.272 loading class java/util/TimerTask done
Event: 31.691 loading class java/util/regex/Pattern$1MatcherIterator
Event: 31.693 loading class java/util/regex/Pattern$1MatcherIterator done
Event: 31.841 loading class java/io/CharArrayWriter
Event: 31.846 loading class java/io/CharArrayWriter done
Event: 31.855 loading class java/lang/StringIndexOutOfBoundsException
Event: 31.857 loading class java/lang/StringIndexOutOfBoundsException done
Event: 32.054 loading class jdk/internal/reflect/UnsafeQualifiedStaticIntegerFieldAccessorImpl
Event: 32.055 loading class jdk/internal/reflect/UnsafeQualifiedStaticFieldAccessorImpl
Event: 32.056 loading class jdk/internal/reflect/UnsafeQualifiedStaticFieldAccessorImpl done
Event: 32.056 loading class jdk/internal/reflect/UnsafeQualifiedStaticIntegerFieldAccessorImpl done


Dynamic libraries:
0x00007ff73c180000 - 0x00007ff73c190000 	C:\Program Files\Java\jdk-17\bin\javaw.exe
0x00007ffb1b940000 - 0x00007ffb1bba7000 	C:\WINDOWS\SYSTEM32\ntdll.dll
0x00007ffb1b360000 - 0x00007ffb1b429000 	C:\WINDOWS\System32\KERNEL32.DLL
0x00007ffb18f60000 - 0x00007ffb1934f000 	C:\WINDOWS\System32\KERNELBASE.dll
0x00007ffb18ca0000 - 0x00007ffb18deb000 	C:\WINDOWS\System32\ucrtbase.dll
0x00007ffafd590000 - 0x00007ffafd5a9000 	C:\Program Files\Java\jdk-17\bin\jli.dll
0x00007ffafd3c0000 - 0x00007ffafd3db000 	C:\Program Files\Java\jdk-17\bin\VCRUNTIME140.dll
0x00007ffb197c0000 - 0x00007ffb19874000 	C:\WINDOWS\System32\ADVAPI32.dll
0x00007ffb198a0000 - 0x00007ffb19949000 	C:\WINDOWS\System32\msvcrt.dll
0x00007ffb1a760000 - 0x00007ffb1a806000 	C:\WINDOWS\System32\sechost.dll
0x00007ffb1b200000 - 0x00007ffb1b318000 	C:\WINDOWS\System32\RPCRT4.dll
0x00007ffb1a0f0000 - 0x00007ffb1a2b5000 	C:\WINDOWS\System32\USER32.dll
0x00007ffaff610000 - 0x00007ffaff8a3000 	C:\WINDOWS\WinSxS\amd64_microsoft.windows.common-controls_6595b64144ccf1df_6.0.26100.7309_none_3e05feeae336a044\COMCTL32.dll
0x00007ffb18b40000 - 0x00007ffb18b67000 	C:\WINDOWS\System32\win32u.dll
0x00007ffb1b1d0000 - 0x00007ffb1b1fb000 	C:\WINDOWS\System32\GDI32.dll
0x00007ffb18b70000 - 0x00007ffb18c9c000 	C:\WINDOWS\System32\gdi32full.dll
0x00007ffb18a90000 - 0x00007ffb18b33000 	C:\WINDOWS\System32\msvcp_win.dll
0x00007ffb10b10000 - 0x00007ffb10b1b000 	C:\WINDOWS\SYSTEM32\VERSION.dll
0x00007ffb1b320000 - 0x00007ffb1b351000 	C:\WINDOWS\System32\IMM32.DLL
0x00007ffb05ca0000 - 0x00007ffb05cac000 	C:\Program Files\Java\jdk-17\bin\vcruntime140_1.dll
0x00007ffad61a0000 - 0x00007ffad622e000 	C:\Program Files\Java\jdk-17\bin\msvcp140.dll
0x00007ffa69590000 - 0x00007ffa6a170000 	C:\Program Files\Java\jdk-17\bin\server\jvm.dll
0x00007ffb1b460000 - 0x00007ffb1b468000 	C:\WINDOWS\System32\PSAPI.DLL
0x00007ffb00200000 - 0x00007ffb0020a000 	C:\WINDOWS\SYSTEM32\WSOCK32.dll
0x00007ffb10ad0000 - 0x00007ffb10b05000 	C:\WINDOWS\SYSTEM32\WINMM.dll
0x00007ffb19740000 - 0x00007ffb197b4000 	C:\WINDOWS\System32\WS2_32.dll
0x00007ffb17840000 - 0x00007ffb1785b000 	C:\WINDOWS\SYSTEM32\kernel.appcore.dll
0x00007ffaff9c0000 - 0x00007ffaff9ca000 	C:\Program Files\Java\jdk-17\bin\jimage.dll
0x00007ffb0c0c0000 - 0x00007ffb0c302000 	C:\WINDOWS\SYSTEM32\DBGHELP.DLL
0x00007ffb1a2c0000 - 0x00007ffb1a645000 	C:\WINDOWS\System32\combase.dll
0x00007ffb1a010000 - 0x00007ffb1a0e6000 	C:\WINDOWS\System32\OLEAUT32.dll
0x00007ffafc110000 - 0x00007ffafc14c000 	C:\WINDOWS\SYSTEM32\dbgcore.DLL
0x00007ffb19570000 - 0x00007ffb19615000 	C:\WINDOWS\System32\bcryptPrimitives.dll
0x00007ffafd390000 - 0x00007ffafd3b5000 	C:\Program Files\Java\jdk-17\bin\java.dll
0x00007ffad2b90000 - 0x00007ffad2c67000 	C:\Program Files\Java\jdk-17\bin\jsvml.dll
0x00007ffb1aa70000 - 0x00007ffb1b1c3000 	C:\WINDOWS\System32\SHELL32.dll
0x00007ffb18df0000 - 0x00007ffb18f5a000 	C:\WINDOWS\System32\wintypes.dll
0x00007ffb166b0000 - 0x00007ffb16f0e000 	C:\WINDOWS\SYSTEM32\windows.storage.dll
0x00007ffb19c90000 - 0x00007ffb19d85000 	C:\WINDOWS\System32\SHCORE.dll
0x00007ffb1a820000 - 0x00007ffb1a886000 	C:\WINDOWS\System32\shlwapi.dll
0x00007ffb189b0000 - 0x00007ffb189d9000 	C:\WINDOWS\SYSTEM32\profapi.dll
0x00007ffafd370000 - 0x00007ffafd389000 	C:\Program Files\Java\jdk-17\bin\net.dll
0x00007ffb0e640000 - 0x00007ffb0e768000 	C:\WINDOWS\SYSTEM32\WINHTTP.dll
0x00007ffb17db0000 - 0x00007ffb17e1b000 	C:\WINDOWS\system32\mswsock.dll
0x00007ffaf04d0000 - 0x00007ffaf04e6000 	C:\Program Files\Java\jdk-17\bin\nio.dll
0x00007ffaed800000 - 0x00007ffaed818000 	C:\Program Files\Java\jdk-17\bin\zip.dll
0x00007ffafede0000 - 0x00007ffafedee000 	C:\Program Files\Java\jdk-17\bin\sunmscapi.dll
0x00007ffb193f0000 - 0x00007ffb19567000 	C:\WINDOWS\System32\CRYPT32.dll
0x00007ffb18300000 - 0x00007ffb18330000 	C:\WINDOWS\SYSTEM32\ncrypt.dll
0x00007ffb182b0000 - 0x00007ffb182ef000 	C:\WINDOWS\SYSTEM32\NTASN1.dll
0x00007ffb18080000 - 0x00007ffb1809b000 	C:\WINDOWS\SYSTEM32\CRYPTSP.dll
0x00007ffb177a0000 - 0x00007ffb177da000 	C:\WINDOWS\system32\rsaenh.dll
0x00007ffb17e60000 - 0x00007ffb17e8b000 	C:\WINDOWS\SYSTEM32\USERENV.dll
0x00007ffb18980000 - 0x00007ffb189aa000 	C:\WINDOWS\SYSTEM32\bcrypt.dll
0x00007ffb18070000 - 0x00007ffb1807c000 	C:\WINDOWS\SYSTEM32\CRYPTBASE.dll
0x00007ffb172a0000 - 0x00007ffb172d4000 	C:\WINDOWS\SYSTEM32\IPHLPAPI.DLL
0x00007ffb1a810000 - 0x00007ffb1a81a000 	C:\WINDOWS\System32\NSI.dll
0x00007ffb10860000 - 0x00007ffb1087e000 	C:\WINDOWS\SYSTEM32\dhcpcsvc6.DLL
0x00007ffb0e890000 - 0x00007ffb0e8b3000 	C:\WINDOWS\SYSTEM32\dhcpcsvc.DLL
0x00007ffb17340000 - 0x00007ffb1746c000 	C:\WINDOWS\SYSTEM32\DNSAPI.dll
0x00007ffafe020000 - 0x00007ffafe02a000 	C:\Program Files\Java\jdk-17\bin\management.dll
0x00007ffafd580000 - 0x00007ffafd58b000 	C:\Program Files\Java\jdk-17\bin\management_ext.dll
0x00007ffb10f20000 - 0x00007ffb10f2b000 	C:\Windows\System32\rasadhlp.dll
0x00007ffb11150000 - 0x00007ffb111d6000 	C:\WINDOWS\System32\fwpuclnt.dll

dbghelp: loaded successfully - version: 4.0.5 - missing functions: none
symbol engine: initialized successfully - sym options: 0x614 - pdb path: .;C:\Program Files\Java\jdk-17\bin;C:\WINDOWS\SYSTEM32;C:\WINDOWS\WinSxS\amd64_microsoft.windows.common-controls_6595b64144ccf1df_6.0.26100.7309_none_3e05feeae336a044;C:\Program Files\Java\jdk-17\bin\server

VM Arguments:
jvm_args: -Dfile.encoding=UTF-8 -Dstdout.encoding=UTF-8 -Dstderr.encoding=UTF-8 -XX:+ShowCodeDetailsInExceptionMessages 
java_command: com.infosys.lostFoundApplication.LostFoundApplication
java_class_path (initial): C:\InfosysProject\LostFoundProject\lostFoundApplication\target\classes;C:\Users\HOME PC\.m2\repository\org\springframework\boot\spring-boot-starter-data-jpa\3.5.7\spring-boot-starter-data-jpa-3.5.7.jar;C:\Users\HOME PC\.m2\repository\org\springframework\boot\spring-boot-starter\3.5.7\spring-boot-starter-3.5.7.jar;C:\Users\HOME PC\.m2\repository\org\springframework\boot\spring-boot\3.5.7\spring-boot-3.5.7.jar;C:\Users\HOME PC\.m2\repository\org\springframework\boot\spring-boot-autoconfigure\3.5.7\spring-boot-autoconfigure-3.5.7.jar;C:\Users\HOME PC\.m2\repository\org\springframework\boot\spring-boot-starter-logging\3.5.7\spring-boot-starter-logging-3.5.7.jar;C:\Users\HOME PC\.m2\repository\ch\qos\logback\logback-classic\1.5.20\logback-classic-1.5.20.jar;C:\Users\HOME PC\.m2\repository\ch\qos\logback\logback-core\1.5.20\logback-core-1.5.20.jar;C:\Users\HOME PC\.m2\repository\org\apache\logging\log4j\log4j-to-slf4j\2.24.3\log4j-to-slf4j-2.24.3.jar;C:\Users\HOME PC\.m2\repository\org\apache\logging\log4j\log4j-api\2.24.3\log4j-api-2.24.3.jar;C:\Users\HOME PC\.m2\repository\org\slf4j\jul-to-slf4j\2.0.17\jul-to-slf4j-2.0.17.jar;C:\Users\HOME PC\.m2\repository\jakarta\annotation\jakarta.annotation-api\2.1.1\jakarta.annotation-api-2.1.1.jar;C:\Users\HOME PC\.m2\repository\org\yaml\snakeyaml\2.4\snakeyaml-2.4.jar;C:\Users\HOME PC\.m2\repository\org\springframework\boot\spring-boot-starter-jdbc\3.5.7\spring-boot-starter-jdbc-3.5.7.jar;C:\Users\HOME PC\.m2\repository\com\zaxxer\HikariCP\6.3.3\HikariCP-6.3.3.jar;C:\Users\HOME PC\.m2\repository\org\springframework\spring-jdbc\6.2.12\spring-jdbc-6.2.12.jar;C:\Users\HOME PC\.m2\repository\org\hibernate\orm\hibernate-core\6.6.33.Final\hibernate-core-6.6.33.Final.jar;C:\Users\HOME PC\.m2\repository\jakarta\persistence\jakarta.persistence-api\3.1.0\jakarta.persistence-api-3.1.0.jar;C:\Users\HOME PC\.m2\repository\jakarta\transaction\jakarta.transaction-api\2.0.1\jakarta.transaction-api-2.0.1.jar;C:\Users\
Launcher Type: SUN_STANDARD

[Global flags]
     intx CICompilerCount                          = 4                                         {product} {ergonomic}
     uint ConcGCThreads                            = 3                                         {product} {ergonomic}
     uint G1ConcRefinementThreads                  = 10                                        {product} {ergonomic}
   size_t G1HeapRegionSize                         = 1048576                                   {product} {ergonomic}
    uintx GCDrainStackTargetSize                   = 64                                        {product} {ergonomic}
   size_t InitialHeapSize                          = 56623104                                  {product} {ergonomic}
   size_t MarkStackSize                            = 4194304                                   {product} {ergonomic}
   size_t MaxHeapSize                              = 893386752                                 {product} {ergonomic}
   size_t MaxNewSize                               = 535822336                                 {product} {ergonomic}
   size_t MinHeapDeltaBytes                        = 1048576                                   {product} {ergonomic}
   size_t MinHeapSize                              = 8388608                                   {product} {ergonomic}
    uintx NonNMethodCodeHeapSize                   = 5839372                                {pd product} {ergonomic}
    uintx NonProfiledCodeHeapSize                  = 122909434                              {pd product} {ergonomic}
    uintx ProfiledCodeHeapSize                     = 122909434                              {pd product} {ergonomic}
    uintx ReservedCodeCacheSize                    = 251658240                              {pd product} {ergonomic}
     bool SegmentedCodeCache                       = true                                      {product} {ergonomic}
     bool ShowCodeDetailsInExceptionMessages       = true                                   {manageable} {command line}
   size_t SoftMaxHeapSize                          = 893386752                              {manageable} {ergonomic}
     bool UseCompressedClassPointers               = true                           {product lp64_product} {ergonomic}
     bool UseCompressedOops                        = true                           {product lp64_product} {ergonomic}
     bool UseG1GC                                  = true                                      {product} {ergonomic}
     bool UseLargePagesIndividualAllocation        = false                                  {pd product} {ergonomic}

Logging:
Log output configuration:
 #0: stdout all=warning uptime,level,tags
 #1: stderr all=off uptime,level,tags

Environment Variables:
PATH=C:/Users/HOME PC/.p2/pool/plugins/org.eclipse.justj.openjdk.hotspot.jre.full.win32.x86_64_21.0.9.v20251105-0741/jre/bin/server;C:/Users/HOME PC/.p2/pool/plugins/org.eclipse.justj.openjdk.hotspot.jre.full.win32.x86_64_21.0.9.v20251105-0741/jre/bin;C:\Program Files\Common Files\Oracle\Java\javapath;C:\WINDOWS\system32;C:\WINDOWS;C:\WINDOWS\System32\Wbem;C:\WINDOWS\System32\WindowsPowerShell\v1.0\;C:\WINDOWS\System32\OpenSSH\;C:\Program Files\nodejs\;C:\Program Files\MySQL\MySQL Server 8.0\bin;C:\Users\HOME PC\AppData\Local\Programs\Python\Python313\Scripts\;C:\Users\HOME PC\AppData\Local\Programs\Python\Python313\;C:\Users\HOME PC\AppData\Local\Programs\Python\Launcher\;C:\Users\HOME PC\AppData\Local\Microsoft\WindowsApps;C:\Users\HOME PC\AppData\Local\Programs\Git\cmd;C:\Users\HOME PC\AppData\Local\Programs\Microsoft VS Code\bin;C:\Users\HOME PC\AppData\Local\Programs\mongosh\;C:\Users\HOME PC\AppData\Roaming\npm;C:\Users\HOME PC\OneDrive\Desktop;
USERNAME=HOME PC
OS=Windows_NT
PROCESSOR_IDENTIFIER=AMD64 Family 23 Model 104 Stepping 1, AuthenticAMD



---------------  S Y S T E M  ---------------

OS:
 Windows 11 , 64 bit Build 26100 (10.0.26100.7309)
OS uptime: 0 days 20:44 hours

CPU: total 12 (initial active 12) (12 cores per cpu, 2 threads per core) family 23 model 104 stepping 1 microcode 0x8608109, cx8, cmov, fxsr, ht, mmx, 3dnowpref, sse, sse2, sse3, ssse3, sse4a, sse4.1, sse4.2, popcnt, lzcnt, tsc, tscinvbit, avx, avx2, aes, clmul, bmi1, bmi2, adx, sha, fma, vzeroupper, clflush, clflushopt

Memory: 4k page, system-wide physical 3405M (133M free)
TotalPageFile size 13645M (AvailPageFile size 11M)
current process WorkingSet (physical memory assigned to process): 128M, peak: 169M
current process commit charge ("private bytes"): 235M, peak: 243M

vm_info: Java HotSpot(TM) 64-Bit Server VM (17.0.12+8-LTS-286) for windows-amd64 JRE (17.0.12+8-LTS-286), built on Jun  5 2024 06:46:59 by "mach5one" with MS VC++ 17.6 (VS2022)

END.
