#
# There is insufficient memory for the Java Runtime Environment to continue.
# Native memory allocation (mmap) failed to map 179306496 bytes for G1 virtual space
# Possible reasons:
#   The system is out of physical RAM or swap space
#   The process is running with CompressedOops enabled, and the Java Heap may be blocking the growth of the native heap
# Possible solutions:
#   Reduce memory load on the system
#   Increase physical memory or swap space
#   Check if swap backing store is full
#   Decrease Java heap size (-Xmx/-Xms)
#   Decrease number of Java threads
#   Decrease Java thread stack sizes (-Xss)
#   Set larger code cache with -XX:ReservedCodeCacheSize=
#   JVM is running with Unscaled Compressed Oops mode in which the Java heap is
#     placed in the first 4GB address space. The Java Heap base address is the
#     maximum limit for the native heap growth. Please use -XX:HeapBaseMinAddress
#     to set the Java Heap base and to place the Java Heap above 4GB virtual address.
# This output file may be truncated or incomplete.
#
#  Out of Memory Error (os_windows.cpp:3548), pid=19120, tid=26912
#
# JRE version: Java(TM) SE Runtime Environment (17.0.12+8) (build 17.0.12+8-LTS-286)
# Java VM: Java HotSpot(TM) 64-Bit Server VM (17.0.12+8-LTS-286, mixed mode, sharing, tiered, compressed oops, compressed class ptrs, g1 gc, windows-amd64)
# No core dump will be written. Minidumps are not enabled by default on client versions of Windows
#

---------------  S U M M A R Y ------------

Command Line: C:\Users\HOME PC\AppData\Local\Temp\surefire3043984597972444929\surefirebooter-20260103190559368_3.jar C:\Users\HOME PC\AppData\Local\Temp\surefire3043984597972444929 2026-01-03T19-05-58_993-jvmRun1 surefire-20260103190559368_1tmp surefire_0-20260103190559368_2tmp

Host: AMD Ryzen 5 5500U with Radeon Graphics         , 12 cores, 3G,  Windows 11 , 64 bit Build 26100 (10.0.26100.7309)
Time: Sat Jan  3 19:06:26 2026 India Standard Time elapsed time: 27.158884 seconds (0d 0h 0m 27s)

---------------  T H R E A D  ---------------

Current thread (0x000001dac26b2ac0):  VMThread "VM Thread" [stack: 0x0000004f58000000,0x0000004f58100000] [id=26912]

Stack: [0x0000004f58000000,0x0000004f58100000]
Native frames: (J=compiled Java code, j=interpreted, Vv=VM code, C=native code)
V  [jvm.dll+0x67a04a]
V  [jvm.dll+0x7da4ed]
V  [jvm.dll+0x7dbe33]
V  [jvm.dll+0x7dc4a3]
V  [jvm.dll+0x24508f]
V  [jvm.dll+0x677089]
V  [jvm.dll+0x66bd32]
V  [jvm.dll+0x301fa6]
V  [jvm.dll+0x309546]
V  [jvm.dll+0x359d2e]
V  [jvm.dll+0x359f5f]
V  [jvm.dll+0x2d9078]
V  [jvm.dll+0x2d74ad]
V  [jvm.dll+0x2d6afc]
V  [jvm.dll+0x31a65b]
V  [jvm.dll+0x7e0d9b]
V  [jvm.dll+0x7e1ad4]
V  [jvm.dll+0x7e1fed]
V  [jvm.dll+0x7e23c4]
V  [jvm.dll+0x7e2490]
V  [jvm.dll+0x78abea]
V  [jvm.dll+0x678f35]
C  [ucrtbase.dll+0x37b0]
C  [KERNEL32.DLL+0x2e8d7]
C  [ntdll.dll+0x8c53c]

VM_Operation (0x0000004f57af5d00): G1CollectForAllocation, mode: safepoint, requested by thread 0x000001dac25ec980


---------------  P R O C E S S  ---------------

Threads class SMR info:
_java_thread_list=0x000001db2432ddb0, length=16, elements={
0x000001dac25ec980, 0x000001dac26b6fe0, 0x000001dac26b9630, 0x000001db1f12da10,
0x000001db1f12e2e0, 0x000001db1f12f720, 0x000001db1f132b70, 0x000001db1f134e50,
0x000001db1f1417e0, 0x000001db1f143d10, 0x000001db1f27e400, 0x000001db1f28b2d0,
0x000001db1f856ad0, 0x000001db1f642530, 0x000001db24934a80, 0x000001db249359b0
}

Java Threads: ( => current thread )
  0x000001dac25ec980 JavaThread "main" [_thread_blocked, id=14896, stack(0x0000004f57a00000,0x0000004f57b00000)]
  0x000001dac26b6fe0 JavaThread "Reference Handler" daemon [_thread_blocked, id=24156, stack(0x0000004f58100000,0x0000004f58200000)]
  0x000001dac26b9630 JavaThread "Finalizer" daemon [_thread_blocked, id=7740, stack(0x0000004f58200000,0x0000004f58300000)]
  0x000001db1f12da10 JavaThread "Signal Dispatcher" daemon [_thread_blocked, id=19584, stack(0x0000004f58300000,0x0000004f58400000)]
  0x000001db1f12e2e0 JavaThread "Attach Listener" daemon [_thread_blocked, id=5580, stack(0x0000004f58400000,0x0000004f58500000)]
  0x000001db1f12f720 JavaThread "Service Thread" daemon [_thread_blocked, id=13568, stack(0x0000004f58500000,0x0000004f58600000)]
  0x000001db1f132b70 JavaThread "Monitor Deflation Thread" daemon [_thread_blocked, id=12196, stack(0x0000004f58600000,0x0000004f58700000)]
  0x000001db1f134e50 JavaThread "C2 CompilerThread0" daemon [_thread_blocked, id=16756, stack(0x0000004f58700000,0x0000004f58800000)]
  0x000001db1f1417e0 JavaThread "C1 CompilerThread0" daemon [_thread_blocked, id=6900, stack(0x0000004f58800000,0x0000004f58900000)]
  0x000001db1f143d10 JavaThread "Sweeper thread" daemon [_thread_blocked, id=6040, stack(0x0000004f58900000,0x0000004f58a00000)]
  0x000001db1f27e400 JavaThread "Notification Thread" daemon [_thread_blocked, id=3632, stack(0x0000004f58a00000,0x0000004f58b00000)]
  0x000001db1f28b2d0 JavaThread "Common-Cleaner" daemon [_thread_blocked, id=16060, stack(0x0000004f58c00000,0x0000004f58d00000)]
  0x000001db1f856ad0 JavaThread "surefire-forkedjvm-stream-flusher" daemon [_thread_blocked, id=20724, stack(0x0000004f58d00000,0x0000004f58e00000)]
  0x000001db1f642530 JavaThread "surefire-forkedjvm-command-thread" daemon [_thread_in_native, id=28036, stack(0x0000004f58e00000,0x0000004f58f00000)]
  0x000001db24934a80 JavaThread "mysql-cj-abandoned-connection-cleanup" daemon [_thread_blocked, id=4144, stack(0x0000004f59900000,0x0000004f59a00000)]
  0x000001db249359b0 JavaThread "HikariPool-1:housekeeper" daemon [_thread_blocked, id=22984, stack(0x0000004f59c00000,0x0000004f59d00000)]

Other Threads:
=>0x000001dac26b2ac0 VMThread "VM Thread" [stack: 0x0000004f58000000,0x0000004f58100000] [id=26912]
  0x000001dac2638330 WatcherThread [stack: 0x0000004f58b00000,0x0000004f58c00000] [id=21548]
  0x000001dac2625e70 GCTaskThread "GC Thread#0" [stack: 0x0000004f57b00000,0x0000004f57c00000] [id=21784]
  0x000001db1fd889c0 GCTaskThread "GC Thread#1" [stack: 0x0000004f58f00000,0x0000004f59000000] [id=23804]
  0x000001db24143b80 GCTaskThread "GC Thread#2" [stack: 0x0000004f59000000,0x0000004f59100000] [id=22112]
  0x000001db1fbd7e90 GCTaskThread "GC Thread#3" [stack: 0x0000004f59100000,0x0000004f59200000] [id=22852]
  0x000001db1fbd8150 GCTaskThread "GC Thread#4" [stack: 0x0000004f59200000,0x0000004f59300000] [id=14836]
  0x000001db240ddcf0 GCTaskThread "GC Thread#5" [stack: 0x0000004f59300000,0x0000004f59400000] [id=25768]
  0x000001db1f985250 GCTaskThread "GC Thread#6" [stack: 0x0000004f59400000,0x0000004f59500000] [id=19108]
  0x000001db244018c0 GCTaskThread "GC Thread#7" [stack: 0x0000004f59600000,0x0000004f59700000] [id=28548]
  0x000001db241f4040 GCTaskThread "GC Thread#8" [stack: 0x0000004f59700000,0x0000004f59800000] [id=26748]
  0x000001db245583d0 GCTaskThread "GC Thread#9" [stack: 0x0000004f59800000,0x0000004f59900000] [id=4260]
  0x000001dac262e760 ConcurrentGCThread "G1 Main Marker" [stack: 0x0000004f57c00000,0x0000004f57d00000] [id=11684]
  0x000001dac262fd50 ConcurrentGCThread "G1 Conc#0" [stack: 0x0000004f57d00000,0x0000004f57e00000] [id=1632]
  0x000001db244c9360 ConcurrentGCThread "G1 Conc#1" [stack: 0x0000004f59a00000,0x0000004f59b00000] [id=17668]
  0x000001db244ca120 ConcurrentGCThread "G1 Conc#2" [stack: 0x0000004f59b00000,0x0000004f59c00000] [id=18748]
  0x000001dac268fd20 ConcurrentGCThread "G1 Refine#0" [stack: 0x0000004f57e00000,0x0000004f57f00000] [id=21852]
  0x000001db1fd265c0 ConcurrentGCThread "G1 Refine#1" [stack: 0x0000004f59500000,0x0000004f59600000] [id=25736]
  0x000001dac2691510 ConcurrentGCThread "G1 Service" [stack: 0x0000004f57f00000,0x0000004f58000000] [id=17024]

Threads with active compile tasks:
C2 CompilerThread0    27214 6209       4       org.antlr.v4.runtime.atn.PredictionContext::getCachedContext (261 bytes)

VM state: at safepoint (normal execution)

VM Mutex/Monitor currently owned by a thread:  ([mutex/lock_event])
[0x000001dac25e88c0] Threads_lock - owner thread: 0x000001dac26b2ac0
[0x000001dac25e9d90] Heap_lock - owner thread: 0x000001dac25ec980

Heap address: 0x00000000cac00000, size: 852 MB, Compressed Oops mode: 32-bit

CDS archive(s) mapped at: [0x000001dade000000-0x000001dadebd0000-0x000001dadebd0000), size 12386304, SharedBaseAddress: 0x000001dade000000, ArchiveRelocationMode: 1.
Compressed class space mapped at: 0x000001dadf000000-0x000001db1f000000, reserved size: 1073741824
Narrow klass base: 0x000001dade000000, Narrow klass shift: 0, Narrow klass range: 0x100000000

GC Precious Log:
 CPUs: 12 total, 12 available
 Memory: 3405M
 Large Page Support: Disabled
 NUMA Support: Disabled
 Compressed Oops: Enabled (32-bit)
 Heap Region Size: 1M
 Heap Min Capacity: 8M
 Heap Initial Capacity: 54M
 Heap Max Capacity: 852M
 Pre-touch: Disabled
 Parallel Workers: 10
 Concurrent Workers: 3
 Concurrent Refinement Workers: 10
 Periodic GC: Disabled

Heap:
 garbage-first heap   total 128000K, used 69856K [0x00000000cac00000, 0x0000000100000000)
  region size 1024K, 3 young (3072K), 3 survivors (3072K)
 Metaspace       used 69267K, committed 69824K, reserved 1114112K
  class space    used 9809K, committed 10048K, reserved 1048576K

Heap Regions: E=young(eden), S=young(survivor), O=old, HS=humongous(starts), HC=humongous(continues), CS=collection set, F=free, OA=open archive, CA=closed archive, TAMS=top-at-mark-start (previous, next)
|   0|0x00000000cac00000, 0x00000000cad00000, 0x00000000cad00000|100%|HS|  |TAMS 0x00000000cad00000, 0x00000000cac00000| Complete 
|   1|0x00000000cad00000, 0x00000000cae00000, 0x00000000cae00000|100%|HS|  |TAMS 0x00000000cae00000, 0x00000000cad00000| Complete 
|   2|0x00000000cae00000, 0x00000000caf00000, 0x00000000caf00000|100%| O|  |TAMS 0x00000000caf00000, 0x00000000cae00000| Untracked 
|   3|0x00000000caf00000, 0x00000000cb000000, 0x00000000cb000000|100%| O|  |TAMS 0x00000000cb000000, 0x00000000caf00000| Untracked 
|   4|0x00000000cb000000, 0x00000000cb100000, 0x00000000cb100000|100%| O|  |TAMS 0x00000000cb100000, 0x00000000cb000000| Untracked 
|   5|0x00000000cb100000, 0x00000000cb200000, 0x00000000cb200000|100%| O|  |TAMS 0x00000000cb200000, 0x00000000cb100000| Untracked 
|   6|0x00000000cb200000, 0x00000000cb300000, 0x00000000cb300000|100%| O|  |TAMS 0x00000000cb300000, 0x00000000cb200000| Untracked 
|   7|0x00000000cb300000, 0x00000000cb400000, 0x00000000cb400000|100%| O|  |TAMS 0x00000000cb400000, 0x00000000cb300000| Untracked 
|   8|0x00000000cb400000, 0x00000000cb500000, 0x00000000cb500000|100%| O|  |TAMS 0x00000000cb500000, 0x00000000cb400000| Untracked 
|   9|0x00000000cb500000, 0x00000000cb600000, 0x00000000cb600000|100%| O|  |TAMS 0x00000000cb600000, 0x00000000cb500000| Untracked 
|  10|0x00000000cb600000, 0x00000000cb700000, 0x00000000cb700000|100%| O|  |TAMS 0x00000000cb700000, 0x00000000cb600000| Untracked 
|  11|0x00000000cb700000, 0x00000000cb7e2400, 0x00000000cb800000| 88%| O|  |TAMS 0x00000000cb7e2400, 0x00000000cb700000| Untracked 
|  12|0x00000000cb800000, 0x00000000cb900000, 0x00000000cb900000|100%| O|  |TAMS 0x00000000cb900000, 0x00000000cb800000| Untracked 
|  13|0x00000000cb900000, 0x00000000cba00000, 0x00000000cba00000|100%| O|  |TAMS 0x00000000cba00000, 0x00000000cb900000| Untracked 
|  14|0x00000000cba00000, 0x00000000cbb00000, 0x00000000cbb00000|100%| O|  |TAMS 0x00000000cbb00000, 0x00000000cba00000| Untracked 
|  15|0x00000000cbb00000, 0x00000000cbc00000, 0x00000000cbc00000|100%| O|  |TAMS 0x00000000cbc00000, 0x00000000cbb00000| Untracked 
|  16|0x00000000cbc00000, 0x00000000cbd00000, 0x00000000cbd00000|100%| O|  |TAMS 0x00000000cbd00000, 0x00000000cbc00000| Untracked 
|  17|0x00000000cbd00000, 0x00000000cbe00000, 0x00000000cbe00000|100%| O|  |TAMS 0x00000000cbe00000, 0x00000000cbd00000| Untracked 
|  18|0x00000000cbe00000, 0x00000000cbf00000, 0x00000000cbf00000|100%| O|  |TAMS 0x00000000cbf00000, 0x00000000cbe00000| Untracked 
|  19|0x00000000cbf00000, 0x00000000cc000000, 0x00000000cc000000|100%| O|  |TAMS 0x00000000cc000000, 0x00000000cbf00000| Untracked 
|  20|0x00000000cc000000, 0x00000000cc100000, 0x00000000cc100000|100%| O|  |TAMS 0x00000000cc100000, 0x00000000cc000000| Untracked 
|  21|0x00000000cc100000, 0x00000000cc200000, 0x00000000cc200000|100%| O|  |TAMS 0x00000000cc200000, 0x00000000cc100000| Untracked 
|  22|0x00000000cc200000, 0x00000000cc300000, 0x00000000cc300000|100%| O|  |TAMS 0x00000000cc300000, 0x00000000cc200000| Untracked 
|  23|0x00000000cc300000, 0x00000000cc400000, 0x00000000cc400000|100%| O|  |TAMS 0x00000000cc400000, 0x00000000cc300000| Untracked 
|  24|0x00000000cc400000, 0x00000000cc500000, 0x00000000cc500000|100%| O|  |TAMS 0x00000000cc500000, 0x00000000cc400000| Untracked 
|  25|0x00000000cc500000, 0x00000000cc600000, 0x00000000cc600000|100%| O|  |TAMS 0x00000000cc600000, 0x00000000cc500000| Untracked 
|  26|0x00000000cc600000, 0x00000000cc700000, 0x00000000cc700000|100%| O|  |TAMS 0x00000000cc700000, 0x00000000cc600000| Untracked 
|  27|0x00000000cc700000, 0x00000000cc800000, 0x00000000cc800000|100%| O|  |TAMS 0x00000000cc800000, 0x00000000cc700000| Untracked 
|  28|0x00000000cc800000, 0x00000000cc900000, 0x00000000cc900000|100%| O|  |TAMS 0x00000000cc900000, 0x00000000cc800000| Untracked 
|  29|0x00000000cc900000, 0x00000000cca00000, 0x00000000cca00000|100%| O|  |TAMS 0x00000000cca00000, 0x00000000cc900000| Untracked 
|  30|0x00000000cca00000, 0x00000000ccb00000, 0x00000000ccb00000|100%| O|  |TAMS 0x00000000ccb00000, 0x00000000cca00000| Untracked 
|  31|0x00000000ccb00000, 0x00000000ccc00000, 0x00000000ccc00000|100%| O|  |TAMS 0x00000000ccc00000, 0x00000000ccb00000| Untracked 
|  32|0x00000000ccc00000, 0x00000000ccd00000, 0x00000000ccd00000|100%| O|  |TAMS 0x00000000ccd00000, 0x00000000ccc00000| Untracked 
|  33|0x00000000ccd00000, 0x00000000cce00000, 0x00000000cce00000|100%| O|  |TAMS 0x00000000cce00000, 0x00000000ccd00000| Untracked 
|  34|0x00000000cce00000, 0x00000000ccf00000, 0x00000000ccf00000|100%| O|  |TAMS 0x00000000ccf00000, 0x00000000cce00000| Untracked 
|  35|0x00000000ccf00000, 0x00000000cd000000, 0x00000000cd000000|100%| O|  |TAMS 0x00000000cd000000, 0x00000000ccf00000| Untracked 
|  36|0x00000000cd000000, 0x00000000cd100000, 0x00000000cd100000|100%| O|  |TAMS 0x00000000cd100000, 0x00000000cd000000| Untracked 
|  37|0x00000000cd100000, 0x00000000cd200000, 0x00000000cd200000|100%| O|  |TAMS 0x00000000cd200000, 0x00000000cd100000| Untracked 
|  38|0x00000000cd200000, 0x00000000cd300000, 0x00000000cd300000|100%| O|  |TAMS 0x00000000cd300000, 0x00000000cd200000| Untracked 
|  39|0x00000000cd300000, 0x00000000cd400000, 0x00000000cd400000|100%| O|  |TAMS 0x00000000cd400000, 0x00000000cd300000| Untracked 
|  40|0x00000000cd400000, 0x00000000cd500000, 0x00000000cd500000|100%| O|  |TAMS 0x00000000cd500000, 0x00000000cd400000| Untracked 
|  41|0x00000000cd500000, 0x00000000cd600000, 0x00000000cd600000|100%| O|  |TAMS 0x00000000cd600000, 0x00000000cd500000| Untracked 
|  42|0x00000000cd600000, 0x00000000cd700000, 0x00000000cd700000|100%| O|  |TAMS 0x00000000cd700000, 0x00000000cd600000| Untracked 
|  43|0x00000000cd700000, 0x00000000cd800000, 0x00000000cd800000|100%| O|  |TAMS 0x00000000cd800000, 0x00000000cd700000| Untracked 
|  44|0x00000000cd800000, 0x00000000cd900000, 0x00000000cd900000|100%| O|  |TAMS 0x00000000cd900000, 0x00000000cd800000| Untracked 
|  45|0x00000000cd900000, 0x00000000cda00000, 0x00000000cda00000|100%| O|  |TAMS 0x00000000cda00000, 0x00000000cd900000| Untracked 
|  46|0x00000000cda00000, 0x00000000cdb00000, 0x00000000cdb00000|100%| O|  |TAMS 0x00000000cdb00000, 0x00000000cda00000| Untracked 
|  47|0x00000000cdb00000, 0x00000000cdc00000, 0x00000000cdc00000|100%| O|  |TAMS 0x00000000cdc00000, 0x00000000cdb00000| Untracked 
|  48|0x00000000cdc00000, 0x00000000cdd00000, 0x00000000cdd00000|100%| O|  |TAMS 0x00000000cdd00000, 0x00000000cdc00000| Untracked 
|  49|0x00000000cdd00000, 0x00000000cde00000, 0x00000000cde00000|100%| O|  |TAMS 0x00000000cde00000, 0x00000000cdd00000| Untracked 
|  50|0x00000000cde00000, 0x00000000cdf00000, 0x00000000cdf00000|100%|HS|  |TAMS 0x00000000cdf00000, 0x00000000cde00000| Complete 
|  51|0x00000000cdf00000, 0x00000000ce000000, 0x00000000ce000000|100%| O|  |TAMS 0x00000000ce000000, 0x00000000cdf00000| Untracked 
|  52|0x00000000ce000000, 0x00000000ce100000, 0x00000000ce100000|100%| O|  |TAMS 0x00000000ce100000, 0x00000000ce000000| Untracked 
|  53|0x00000000ce100000, 0x00000000ce200000, 0x00000000ce200000|100%| O|  |TAMS 0x00000000ce200000, 0x00000000ce100000| Untracked 
|  54|0x00000000ce200000, 0x00000000ce300000, 0x00000000ce300000|100%| O|  |TAMS 0x00000000ce2bce00, 0x00000000ce200000| Untracked 
|  55|0x00000000ce300000, 0x00000000ce400000, 0x00000000ce400000|100%| O|  |TAMS 0x00000000ce300000, 0x00000000ce300000| Untracked 
|  56|0x00000000ce400000, 0x00000000ce500000, 0x00000000ce500000|100%| O|  |TAMS 0x00000000ce400000, 0x00000000ce400000| Untracked 
|  57|0x00000000ce500000, 0x00000000ce600000, 0x00000000ce600000|100%| O|  |TAMS 0x00000000ce500000, 0x00000000ce500000| Untracked 
|  58|0x00000000ce600000, 0x00000000ce700000, 0x00000000ce700000|100%| O|  |TAMS 0x00000000ce600000, 0x00000000ce600000| Untracked 
|  59|0x00000000ce700000, 0x00000000ce800000, 0x00000000ce800000|100%| O|  |TAMS 0x00000000ce700000, 0x00000000ce700000| Untracked 
|  60|0x00000000ce800000, 0x00000000ce900000, 0x00000000ce900000|100%| O|  |TAMS 0x00000000ce800000, 0x00000000ce800000| Untracked 
|  61|0x00000000ce900000, 0x00000000cea00000, 0x00000000cea00000|100%| O|  |TAMS 0x00000000ce900000, 0x00000000ce900000| Untracked 
|  62|0x00000000cea00000, 0x00000000ceb00000, 0x00000000ceb00000|100%| O|  |TAMS 0x00000000cea00000, 0x00000000cea00000| Untracked 
|  63|0x00000000ceb00000, 0x00000000cec00000, 0x00000000cec00000|100%| O|  |TAMS 0x00000000ceb00000, 0x00000000ceb00000| Untracked 
|  64|0x00000000cec00000, 0x00000000ced00000, 0x00000000ced00000|100%| O|  |TAMS 0x00000000cec00000, 0x00000000cec00000| Untracked 
|  65|0x00000000ced00000, 0x00000000ced55c00, 0x00000000cee00000| 33%| O|  |TAMS 0x00000000ced00000, 0x00000000ced00000| Untracked 
|  66|0x00000000cee00000, 0x00000000cee00000, 0x00000000cef00000|  0%| F|  |TAMS 0x00000000cee00000, 0x00000000cee00000| Untracked 
|  67|0x00000000cef00000, 0x00000000cef00000, 0x00000000cf000000|  0%| F|  |TAMS 0x00000000cef00000, 0x00000000cef00000| Untracked 
|  68|0x00000000cf000000, 0x00000000cf000000, 0x00000000cf100000|  0%| F|  |TAMS 0x00000000cf000000, 0x00000000cf000000| Untracked 
|  69|0x00000000cf100000, 0x00000000cf100000, 0x00000000cf200000|  0%| F|  |TAMS 0x00000000cf100000, 0x00000000cf100000| Untracked 
|  70|0x00000000cf200000, 0x00000000cf200000, 0x00000000cf300000|  0%| F|  |TAMS 0x00000000cf200000, 0x00000000cf200000| Untracked 
|  71|0x00000000cf300000, 0x00000000cf300000, 0x00000000cf400000|  0%| F|  |TAMS 0x00000000cf300000, 0x00000000cf300000| Untracked 
|  72|0x00000000cf400000, 0x00000000cf400000, 0x00000000cf500000|  0%| F|  |TAMS 0x00000000cf400000, 0x00000000cf400000| Untracked 
|  73|0x00000000cf500000, 0x00000000cf500000, 0x00000000cf600000|  0%| F|  |TAMS 0x00000000cf500000, 0x00000000cf500000| Untracked 
|  74|0x00000000cf600000, 0x00000000cf600000, 0x00000000cf700000|  0%| F|  |TAMS 0x00000000cf600000, 0x00000000cf600000| Untracked 
|  75|0x00000000cf700000, 0x00000000cf700000, 0x00000000cf800000|  0%| F|  |TAMS 0x00000000cf700000, 0x00000000cf700000| Untracked 
|  76|0x00000000cf800000, 0x00000000cf800000, 0x00000000cf900000|  0%| F|  |TAMS 0x00000000cf800000, 0x00000000cf800000| Untracked 
|  77|0x00000000cf900000, 0x00000000cf900000, 0x00000000cfa00000|  0%| F|  |TAMS 0x00000000cf900000, 0x00000000cf900000| Untracked 
|  78|0x00000000cfa00000, 0x00000000cfa00000, 0x00000000cfb00000|  0%| F|  |TAMS 0x00000000cfa00000, 0x00000000cfa00000| Untracked 
|  79|0x00000000cfb00000, 0x00000000cfb00000, 0x00000000cfc00000|  0%| F|  |TAMS 0x00000000cfb00000, 0x00000000cfb00000| Untracked 
|  80|0x00000000cfc00000, 0x00000000cfc00000, 0x00000000cfd00000|  0%| F|  |TAMS 0x00000000cfc00000, 0x00000000cfc00000| Untracked 
|  81|0x00000000cfd00000, 0x00000000cfd00000, 0x00000000cfe00000|  0%| F|  |TAMS 0x00000000cfd00000, 0x00000000cfd00000| Untracked 
|  82|0x00000000cfe00000, 0x00000000cfe00000, 0x00000000cff00000|  0%| F|  |TAMS 0x00000000cfe00000, 0x00000000cfe00000| Untracked 
|  83|0x00000000cff00000, 0x00000000cff00000, 0x00000000d0000000|  0%| F|  |TAMS 0x00000000cff00000, 0x00000000cff00000| Untracked 
|  84|0x00000000d0000000, 0x00000000d0000000, 0x00000000d0100000|  0%| F|  |TAMS 0x00000000d0000000, 0x00000000d0000000| Untracked 
|  85|0x00000000d0100000, 0x00000000d0100000, 0x00000000d0200000|  0%| F|  |TAMS 0x00000000d0100000, 0x00000000d0100000| Untracked 
|  86|0x00000000d0200000, 0x00000000d0200000, 0x00000000d0300000|  0%| F|  |TAMS 0x00000000d0200000, 0x00000000d0200000| Untracked 
|  87|0x00000000d0300000, 0x00000000d0300000, 0x00000000d0400000|  0%| F|  |TAMS 0x00000000d0300000, 0x00000000d0300000| Untracked 
|  88|0x00000000d0400000, 0x00000000d0400000, 0x00000000d0500000|  0%| F|  |TAMS 0x00000000d0400000, 0x00000000d0400000| Untracked 
|  89|0x00000000d0500000, 0x00000000d0500000, 0x00000000d0600000|  0%| F|  |TAMS 0x00000000d0500000, 0x00000000d0500000| Untracked 
|  90|0x00000000d0600000, 0x00000000d0600000, 0x00000000d0700000|  0%| F|  |TAMS 0x00000000d0600000, 0x00000000d0600000| Untracked 
|  91|0x00000000d0700000, 0x00000000d0700000, 0x00000000d0800000|  0%| F|  |TAMS 0x00000000d0700000, 0x00000000d0700000| Untracked 
|  92|0x00000000d0800000, 0x00000000d0800000, 0x00000000d0900000|  0%| F|  |TAMS 0x00000000d0800000, 0x00000000d0800000| Untracked 
|  93|0x00000000d0900000, 0x00000000d0900000, 0x00000000d0a00000|  0%| F|  |TAMS 0x00000000d0900000, 0x00000000d0900000| Untracked 
|  94|0x00000000d0a00000, 0x00000000d0a00000, 0x00000000d0b00000|  0%| F|  |TAMS 0x00000000d0a00000, 0x00000000d0a00000| Untracked 
|  95|0x00000000d0b00000, 0x00000000d0b00000, 0x00000000d0c00000|  0%| F|  |TAMS 0x00000000d0b00000, 0x00000000d0b00000| Untracked 
|  96|0x00000000d0c00000, 0x00000000d0d00000, 0x00000000d0d00000|100%| S|CS|TAMS 0x00000000d0c00000, 0x00000000d0c00000| Complete 
|  97|0x00000000d0d00000, 0x00000000d0e00000, 0x00000000d0e00000|100%| S|CS|TAMS 0x00000000d0d00000, 0x00000000d0d00000| Complete 
|  98|0x00000000d0e00000, 0x00000000d0f00000, 0x00000000d0f00000|100%| S|CS|TAMS 0x00000000d0e00000, 0x00000000d0e00000| Complete 
|  99|0x00000000d0f00000, 0x00000000d0f00000, 0x00000000d1000000|  0%| F|  |TAMS 0x00000000d0f00000, 0x00000000d0f00000| Untracked 
| 100|0x00000000d1000000, 0x00000000d1000000, 0x00000000d1100000|  0%| F|  |TAMS 0x00000000d1000000, 0x00000000d1000000| Untracked 
| 101|0x00000000d1100000, 0x00000000d1100000, 0x00000000d1200000|  0%| F|  |TAMS 0x00000000d1100000, 0x00000000d1100000| Untracked 
| 102|0x00000000d1200000, 0x00000000d1200000, 0x00000000d1300000|  0%| F|  |TAMS 0x00000000d1200000, 0x00000000d1200000| Untracked 
| 103|0x00000000d1300000, 0x00000000d1300000, 0x00000000d1400000|  0%| F|  |TAMS 0x00000000d1300000, 0x00000000d1300000| Untracked 
| 104|0x00000000d1400000, 0x00000000d1400000, 0x00000000d1500000|  0%| F|  |TAMS 0x00000000d1400000, 0x00000000d1400000| Untracked 
| 105|0x00000000d1500000, 0x00000000d1500000, 0x00000000d1600000|  0%| F|  |TAMS 0x00000000d1500000, 0x00000000d1500000| Untracked 
| 106|0x00000000d1600000, 0x00000000d1600000, 0x00000000d1700000|  0%| F|  |TAMS 0x00000000d1600000, 0x00000000d1600000| Untracked 
| 107|0x00000000d1700000, 0x00000000d1700000, 0x00000000d1800000|  0%| F|  |TAMS 0x00000000d1700000, 0x00000000d1700000| Untracked 
| 108|0x00000000d1800000, 0x00000000d1800000, 0x00000000d1900000|  0%| F|  |TAMS 0x00000000d1800000, 0x00000000d1800000| Untracked 
| 109|0x00000000d1900000, 0x00000000d1900000, 0x00000000d1a00000|  0%| F|  |TAMS 0x00000000d1900000, 0x00000000d1900000| Untracked 
| 110|0x00000000d1a00000, 0x00000000d1a00000, 0x00000000d1b00000|  0%| F|  |TAMS 0x00000000d1a00000, 0x00000000d1a00000| Untracked 
| 111|0x00000000d1b00000, 0x00000000d1b00000, 0x00000000d1c00000|  0%| F|  |TAMS 0x00000000d1b00000, 0x00000000d1b00000| Untracked 
| 112|0x00000000d1c00000, 0x00000000d1c00000, 0x00000000d1d00000|  0%| F|  |TAMS 0x00000000d1c00000, 0x00000000d1c00000| Untracked 
| 113|0x00000000d1d00000, 0x00000000d1d00000, 0x00000000d1e00000|  0%| F|  |TAMS 0x00000000d1d00000, 0x00000000d1d00000| Untracked 
| 114|0x00000000d1e00000, 0x00000000d1e00000, 0x00000000d1f00000|  0%| F|  |TAMS 0x00000000d1e00000, 0x00000000d1e00000| Untracked 
| 115|0x00000000d1f00000, 0x00000000d1f00000, 0x00000000d2000000|  0%| F|  |TAMS 0x00000000d1f00000, 0x00000000d1f00000| Untracked 
| 116|0x00000000d2000000, 0x00000000d2000000, 0x00000000d2100000|  0%| F|  |TAMS 0x00000000d2000000, 0x00000000d2000000| Untracked 
| 117|0x00000000d2100000, 0x00000000d2100000, 0x00000000d2200000|  0%| F|  |TAMS 0x00000000d2100000, 0x00000000d2100000| Untracked 
| 118|0x00000000d2200000, 0x00000000d2200000, 0x00000000d2300000|  0%| F|  |TAMS 0x00000000d2200000, 0x00000000d2200000| Untracked 
| 119|0x00000000d2300000, 0x00000000d2300000, 0x00000000d2400000|  0%| F|  |TAMS 0x00000000d2300000, 0x00000000d2300000| Untracked 
| 120|0x00000000d2400000, 0x00000000d2400000, 0x00000000d2500000|  0%| F|  |TAMS 0x00000000d2400000, 0x00000000d2400000| Untracked 
| 121|0x00000000d2500000, 0x00000000d2500000, 0x00000000d2600000|  0%| F|  |TAMS 0x00000000d2500000, 0x00000000d2500000| Untracked 
| 122|0x00000000d2600000, 0x00000000d2600000, 0x00000000d2700000|  0%| F|  |TAMS 0x00000000d2600000, 0x00000000d2600000| Untracked 
| 123|0x00000000d2700000, 0x00000000d2700000, 0x00000000d2800000|  0%| F|  |TAMS 0x00000000d2700000, 0x00000000d2700000| Untracked 
| 124|0x00000000d2800000, 0x00000000d2800000, 0x00000000d2900000|  0%| F|  |TAMS 0x00000000d2800000, 0x00000000d2800000| Untracked 

Card table byte_map: [0x000001dad95b0000,0x000001dad9760000] _byte_map_base: 0x000001dad8f5a000

Marking Bits (Prev, Next): (CMBitMap*) 0x000001dac26273b0, (CMBitMap*) 0x000001dac26273f0
 Prev Bits: [0x000001dad9910000, 0x000001dada660000)
 Next Bits: [0x000001dada660000, 0x000001dadb3b0000)

Polling page: 0x000001dac0570000

Metaspace:

Usage:
  Non-class:     58.06 MB used.
      Class:      9.58 MB used.
       Both:     67.64 MB used.

Virtual space:
  Non-class space:       64.00 MB reserved,      58.38 MB ( 91%) committed,  1 nodes.
      Class space:        1.00 GB reserved,       9.81 MB ( <1%) committed,  1 nodes.
             Both:        1.06 GB reserved,      68.19 MB (  6%) committed. 

Chunk freelists:
   Non-Class:  5.55 MB
       Class:  6.02 MB
        Both:  11.56 MB

MaxMetaspaceSize: unlimited
CompressedClassSpaceSize: 1.00 GB
Initial GC threshold: 21.00 MB
Current GC threshold: 113.69 MB
CDS: on
MetaspaceReclaimPolicy: balanced
 - commit_granule_bytes: 65536.
 - commit_granule_words: 8192.
 - virtual_space_node_default_size: 8388608.
 - enlarge_chunks_in_place: 1.
 - new_chunks_are_fully_committed: 0.
 - uncommit_free_chunks: 1.
 - use_allocation_guard: 0.
 - handle_deallocations: 1.


Internal statistics:

num_allocs_failed_limit: 9.
num_arena_births: 710.
num_arena_deaths: 0.
num_vsnodes_births: 2.
num_vsnodes_deaths: 0.
num_space_committed: 1091.
num_space_uncommitted: 0.
num_chunks_returned_to_freelist: 9.
num_chunks_taken_from_freelist: 3145.
num_chunk_merges: 6.
num_chunk_splits: 2298.
num_chunks_enlarged: 1836.
num_inconsistent_stats: 0.

CodeHeap 'non-profiled nmethods': size=120000Kb used=3116Kb max_used=3116Kb free=116883Kb
 bounds [0x000001dad1980000, 0x000001dad1ca0000, 0x000001dad8eb0000]
CodeHeap 'profiled nmethods': size=120000Kb used=10127Kb max_used=10875Kb free=109872Kb
 bounds [0x000001dac9eb0000, 0x000001daca950000, 0x000001dad13e0000]
CodeHeap 'non-nmethods': size=5760Kb used=1347Kb max_used=1412Kb free=4413Kb
 bounds [0x000001dad13e0000, 0x000001dad1650000, 0x000001dad1980000]
 total_blobs=6019 nmethods=5341 adapters=589
 compilation: enabled
              stopped_count=0, restarted_count=0
 full_count=0

Compilation events (20 events):
Event: 25.727 Thread 0x000001db1f1417e0 6225       1       org.antlr.v4.runtime.CommonToken::setTokenIndex (6 bytes)
Event: 25.727 Thread 0x000001db1f1417e0 nmethod 6225 0x000001dad1adc890 code [0x000001dad1adca20, 0x000001dad1adcaf8]
Event: 25.727 Thread 0x000001db1f1417e0 6217       2       org.antlr.v4.runtime.CodePointCharStream::consume (56 bytes)
Event: 25.727 Thread 0x000001db1f1417e0 nmethod 6217 0x000001dac9efc690 code [0x000001dac9efc860, 0x000001dac9efcb28]
Event: 25.727 Thread 0x000001db1f1417e0 6218       2       org.antlr.v4.runtime.atn.LexerATNSimulator::captureSimState (32 bytes)
Event: 25.727 Thread 0x000001db1f1417e0 nmethod 6218 0x000001dac9efc210 code [0x000001dac9efc3a0, 0x000001dac9efc558]
Event: 25.727 Thread 0x000001db1f1417e0 6220       1       org.antlr.v4.runtime.atn.EmptyPredictionContext::size (2 bytes)
Event: 25.727 Thread 0x000001db1f1417e0 nmethod 6220 0x000001dad1adc590 code [0x000001dad1adc720, 0x000001dad1adc7f8]
Event: 25.750 Thread 0x000001db1f1417e0 6226 %     3       org.antlr.v4.runtime.atn.PredictionMode::getConflictingAltSubsets @ 13 (81 bytes)
Event: 25.752 Thread 0x000001db1f1417e0 nmethod 6226% 0x000001daca0a8c90 code [0x000001daca0a8f20, 0x000001daca0a9f68]
Event: 25.757 Thread 0x000001db1f1417e0 6228       1       org.antlr.v4.runtime.Recognizer::getState (5 bytes)
Event: 25.757 Thread 0x000001db1f1417e0 nmethod 6228 0x000001dad1adc290 code [0x000001dad1adc420, 0x000001dad1adc4f8]
Event: 25.763 Thread 0x000001db1f1417e0 6229       3       org.antlr.v4.runtime.atn.ATNConfigSet::optimizeConfigs (71 bytes)
Event: 25.764 Thread 0x000001db1f1417e0 nmethod 6229 0x000001daca0a7c90 code [0x000001daca0a7ec0, 0x000001daca0a8968]
Event: 25.772 Thread 0x000001db1f1417e0 6230   !   2       org.antlr.v4.runtime.atn.ParserATNSimulator::addDFAState (173 bytes)
Event: 25.773 Thread 0x000001db1f1417e0 nmethod 6230 0x000001daca000d10 code [0x000001daca000fe0, 0x000001daca001848]
Event: 25.782 Thread 0x000001db1f1417e0 6232       2       org.antlr.v4.runtime.BufferedTokenStream::consume (119 bytes)
Event: 25.782 Thread 0x000001db1f1417e0 nmethod 6232 0x000001dac9efba90 code [0x000001dac9efbc80, 0x000001dac9efbff8]
Event: 25.787 Thread 0x000001db1f1417e0 6233       3       java.util.HashMap::get (19 bytes)
Event: 25.787 Thread 0x000001db1f1417e0 nmethod 6233 0x000001dac9efb610 code [0x000001dac9efb7c0, 0x000001dac9efb988]

GC Heap History (20 events):
Event: 24.380 GC heap after
{Heap after GC invocations=20 (full 0):
 garbage-first heap   total 68608K, used 30657K [0x00000000cac00000, 0x0000000100000000)
  region size 1024K, 2 young (2048K), 2 survivors (2048K)
 Metaspace       used 65634K, committed 66112K, reserved 1114112K
  class space    used 9161K, committed 9408K, reserved 1048576K
}
Event: 24.702 GC heap before
{Heap before GC invocations=20 (full 0):
 garbage-first heap   total 68608K, used 54209K [0x00000000cac00000, 0x0000000100000000)
  region size 1024K, 26 young (26624K), 2 survivors (2048K)
 Metaspace       used 67406K, committed 67968K, reserved 1114112K
  class space    used 9539K, committed 9792K, reserved 1048576K
}
Event: 24.708 GC heap after
{Heap after GC invocations=21 (full 0):
 garbage-first heap   total 68608K, used 31630K [0x00000000cac00000, 0x0000000100000000)
  region size 1024K, 3 young (3072K), 3 survivors (3072K)
 Metaspace       used 67406K, committed 67968K, reserved 1114112K
  class space    used 9539K, committed 9792K, reserved 1048576K
}
Event: 24.807 GC heap before
{Heap before GC invocations=21 (full 0):
 garbage-first heap   total 68608K, used 55182K [0x00000000cac00000, 0x0000000100000000)
  region size 1024K, 26 young (26624K), 3 survivors (3072K)
 Metaspace       used 67429K, committed 67968K, reserved 1114112K
  class space    used 9539K, committed 9792K, reserved 1048576K
}
Event: 24.813 GC heap after
{Heap after GC invocations=22 (full 0):
 garbage-first heap   total 68608K, used 32081K [0x00000000cac00000, 0x0000000100000000)
  region size 1024K, 2 young (2048K), 2 survivors (2048K)
 Metaspace       used 67429K, committed 67968K, reserved 1114112K
  class space    used 9539K, committed 9792K, reserved 1048576K
}
Event: 25.162 GC heap before
{Heap before GC invocations=22 (full 0):
 garbage-first heap   total 68608K, used 55633K [0x00000000cac00000, 0x0000000100000000)
  region size 1024K, 26 young (26624K), 2 survivors (2048K)
 Metaspace       used 69267K, committed 69824K, reserved 1114112K
  class space    used 9809K, committed 10048K, reserved 1048576K
}
Event: 25.178 GC heap after
{Heap after GC invocations=23 (full 0):
 garbage-first heap   total 68608K, used 37620K [0x00000000cac00000, 0x0000000100000000)
  region size 1024K, 4 young (4096K), 4 survivors (4096K)
 Metaspace       used 69267K, committed 69824K, reserved 1114112K
  class space    used 9809K, committed 10048K, reserved 1048576K
}
Event: 25.295 GC heap before
{Heap before GC invocations=23 (full 0):
 garbage-first heap   total 68608K, used 52980K [0x00000000cac00000, 0x0000000100000000)
  region size 1024K, 19 young (19456K), 4 survivors (4096K)
 Metaspace       used 69267K, committed 69824K, reserved 1114112K
  class space    used 9809K, committed 10048K, reserved 1048576K
}
Event: 25.311 GC heap after
{Heap after GC invocations=24 (full 0):
 garbage-first heap   total 86016K, used 42869K [0x00000000cac00000, 0x0000000100000000)
  region size 1024K, 3 young (3072K), 3 survivors (3072K)
 Metaspace       used 69267K, committed 69824K, reserved 1114112K
  class space    used 9809K, committed 10048K, reserved 1048576K
}
Event: 25.407 GC heap before
{Heap before GC invocations=25 (full 0):
 garbage-first heap   total 86016K, used 63349K [0x00000000cac00000, 0x0000000100000000)
  region size 1024K, 23 young (23552K), 3 survivors (3072K)
 Metaspace       used 69267K, committed 69824K, reserved 1114112K
  class space    used 9809K, committed 10048K, reserved 1048576K
}
Event: 25.424 GC heap after
{Heap after GC invocations=26 (full 0):
 garbage-first heap   total 86016K, used 50005K [0x00000000cac00000, 0x0000000100000000)
  region size 1024K, 3 young (3072K), 3 survivors (3072K)
 Metaspace       used 69267K, committed 69824K, reserved 1114112K
  class space    used 9809K, committed 10048K, reserved 1048576K
}
Event: 25.436 GC heap before
{Heap before GC invocations=26 (full 0):
 garbage-first heap   total 86016K, used 53077K [0x00000000cac00000, 0x0000000100000000)
  region size 1024K, 7 young (7168K), 3 survivors (3072K)
 Metaspace       used 69267K, committed 69824K, reserved 1114112K
  class space    used 9809K, committed 10048K, reserved 1048576K
}
Event: 25.451 GC heap after
{Heap after GC invocations=27 (full 0):
 garbage-first heap   total 86016K, used 51901K [0x00000000cac00000, 0x0000000100000000)
  region size 1024K, 2 young (2048K), 2 survivors (2048K)
 Metaspace       used 69267K, committed 69824K, reserved 1114112K
  class space    used 9809K, committed 10048K, reserved 1048576K
}
Event: 25.536 GC heap before
{Heap before GC invocations=28 (full 0):
 garbage-first heap   total 101376K, used 67261K [0x00000000cac00000, 0x0000000100000000)
  region size 1024K, 16 young (16384K), 2 survivors (2048K)
 Metaspace       used 69267K, committed 69824K, reserved 1114112K
  class space    used 9809K, committed 10048K, reserved 1048576K
}
Event: 25.550 GC heap after
{Heap after GC invocations=29 (full 0):
 garbage-first heap   total 101376K, used 57980K [0x00000000cac00000, 0x0000000100000000)
  region size 1024K, 2 young (2048K), 2 survivors (2048K)
 Metaspace       used 69267K, committed 69824K, reserved 1114112K
  class space    used 9809K, committed 10048K, reserved 1048576K
}
Event: 25.613 GC heap before
{Heap before GC invocations=29 (full 0):
 garbage-first heap   total 101376K, used 76412K [0x00000000cac00000, 0x0000000100000000)
  region size 1024K, 20 young (20480K), 2 survivors (2048K)
 Metaspace       used 69267K, committed 69824K, reserved 1114112K
  class space    used 9809K, committed 10048K, reserved 1048576K
}
Event: 25.632 GC heap after
{Heap after GC invocations=30 (full 0):
 garbage-first heap   total 101376K, used 65174K [0x00000000cac00000, 0x0000000100000000)
  region size 1024K, 3 young (3072K), 3 survivors (3072K)
 Metaspace       used 69267K, committed 69824K, reserved 1114112K
  class space    used 9809K, committed 10048K, reserved 1048576K
}
Event: 25.693 GC heap before
{Heap before GC invocations=30 (full 0):
 garbage-first heap   total 128000K, used 78486K [0x00000000cac00000, 0x0000000100000000)
  region size 1024K, 16 young (16384K), 3 survivors (3072K)
 Metaspace       used 69267K, committed 69824K, reserved 1114112K
  class space    used 9809K, committed 10048K, reserved 1048576K
}
Event: 25.706 GC heap after
{Heap after GC invocations=31 (full 0):
 garbage-first heap   total 128000K, used 68832K [0x00000000cac00000, 0x0000000100000000)
  region size 1024K, 2 young (2048K), 2 survivors (2048K)
 Metaspace       used 69267K, committed 69824K, reserved 1114112K
  class space    used 9809K, committed 10048K, reserved 1048576K
}
Event: 25.793 GC heap before
{Heap before GC invocations=32 (full 0):
 garbage-first heap   total 128000K, used 93408K [0x00000000cac00000, 0x0000000100000000)
  region size 1024K, 26 young (26624K), 2 survivors (2048K)
 Metaspace       used 69267K, committed 69824K, reserved 1114112K
  class space    used 9809K, committed 10048K, reserved 1048576K
}

Deoptimization events (20 events):
Event: 25.428 Thread 0x000001dac25ec980 DEOPT PACKING pc=0x000001dad1a6b2d8 sp=0x0000004f57af8530
Event: 25.428 Thread 0x000001dac25ec980 DEOPT UNPACKING pc=0x000001dad14323a3 sp=0x0000004f57af8518 mode 2
Event: 25.428 Thread 0x000001dac25ec980 Uncommon trap: trap_request=0xffffffbe fr.pc=0x000001dad1a6b2d8 relative=0x0000000000000cd8
Event: 25.428 Thread 0x000001dac25ec980 Uncommon trap: reason=profile_predicate action=maybe_recompile pc=0x000001dad1a6b2d8 method=org.antlr.v4.runtime.misc.Array2DHashSet.getOrAddImpl(Ljava/lang/Object;)Ljava/lang/Object; @ 56 c2
Event: 25.428 Thread 0x000001dac25ec980 DEOPT PACKING pc=0x000001dad1a6b2d8 sp=0x0000004f57af8530
Event: 25.428 Thread 0x000001dac25ec980 DEOPT UNPACKING pc=0x000001dad14323a3 sp=0x0000004f57af8518 mode 2
Event: 25.483 Thread 0x000001dac25ec980 Uncommon trap: trap_request=0xffffff45 fr.pc=0x000001dad1a8362c relative=0x000000000000196c
Event: 25.483 Thread 0x000001dac25ec980 Uncommon trap: reason=unstable_if action=reinterpret pc=0x000001dad1a8362c method=org.antlr.v4.runtime.atn.ParserATNSimulator.closure_(Lorg/antlr/v4/runtime/atn/ATNConfig;Lorg/antlr/v4/runtime/atn/ATNConfigSet;Ljava/util/Set;ZZIZ)V @ 47 c2
Event: 25.483 Thread 0x000001dac25ec980 DEOPT PACKING pc=0x000001dad1a8362c sp=0x0000004f57af7810
Event: 25.483 Thread 0x000001dac25ec980 DEOPT UNPACKING pc=0x000001dad14323a3 sp=0x0000004f57af7838 mode 2
Event: 25.640 Thread 0x000001dac25ec980 Uncommon trap: trap_request=0xffffff45 fr.pc=0x000001dad19cb114 relative=0x00000000000000f4
Event: 25.640 Thread 0x000001dac25ec980 Uncommon trap: reason=unstable_if action=reinterpret pc=0x000001dad19cb114 method=org.antlr.v4.runtime.atn.SingletonPredictionContext.equals(Ljava/lang/Object;)Z @ 11 c2
Event: 25.640 Thread 0x000001dac25ec980 DEOPT PACKING pc=0x000001dad19cb114 sp=0x0000004f57af53a0
Event: 25.640 Thread 0x000001dac25ec980 DEOPT UNPACKING pc=0x000001dad14323a3 sp=0x0000004f57af5338 mode 2
Event: 25.762 Thread 0x000001dac25ec980 DEOPT PACKING pc=0x000001daca033883 sp=0x0000004f57af8c50
Event: 25.762 Thread 0x000001dac25ec980 DEOPT UNPACKING pc=0x000001dad1432b43 sp=0x0000004f57af8148 mode 0
Event: 25.787 Thread 0x000001dac25ec980 Uncommon trap: trap_request=0xffffff45 fr.pc=0x000001dad1ab3054 relative=0x0000000000000314
Event: 25.787 Thread 0x000001dac25ec980 Uncommon trap: reason=unstable_if action=reinterpret pc=0x000001dad1ab3054 method=java.util.HashMap.getNode(Ljava/lang/Object;)Ljava/util/HashMap$Node; @ 66 c2
Event: 25.787 Thread 0x000001dac25ec980 DEOPT PACKING pc=0x000001dad1ab3054 sp=0x0000004f57af8a90
Event: 25.787 Thread 0x000001dac25ec980 DEOPT UNPACKING pc=0x000001dad14323a3 sp=0x0000004f57af89a0 mode 2

Classes unloaded (0 events):
No events

Classes redefined (0 events):
No events

Internal exceptions (20 events):
Event: 20.926 Thread 0x000001dac25ec980 Exception <a 'java/lang/NoSuchMethodError'{0x00000000ce822338}: 'java.lang.Object java.lang.invoke.DirectMethodHandle$Holder.newInvokeSpecial(java.lang.Object, java.lang.Object, int, java.lang.Object)'> (0x00000000ce822338) 
thrown [s\open\src\hotspot\share\interpreter\linkResolver.cpp, line 759]
Event: 20.926 Thread 0x000001dac25ec980 Exception <a 'java/lang/NoSuchMethodError'{0x00000000ce8266f8}: 'java.lang.Object java.lang.invoke.Invokers$Holder.linkToTargetMethod(java.lang.Object, int, java.lang.Object, java.lang.Object)'> (0x00000000ce8266f8) 
thrown [s\open\src\hotspot\share\interpreter\linkResolver.cpp, line 759]
Event: 20.955 Thread 0x000001dac25ec980 Exception <a 'java/lang/NoSuchMethodError'{0x00000000ce718168}: 'void java.lang.invoke.DirectMethodHandle$Holder.invokeSpecial(java.lang.Object, java.lang.Object, int, java.lang.Object)'> (0x00000000ce718168) 
thrown [s\open\src\hotspot\share\interpreter\linkResolver.cpp, line 759]
Event: 20.955 Thread 0x000001dac25ec980 Exception <a 'java/lang/IncompatibleClassChangeError'{0x00000000ce71fa80}: Found class java.lang.Object, but interface was expected> (0x00000000ce71fa80) 
thrown [s\open\src\hotspot\share\interpreter\linkResolver.cpp, line 826]
Event: 20.994 Thread 0x000001dac25ec980 Exception <a 'java/lang/NoSuchMethodError'{0x00000000ce6acba0}: 'int java.lang.invoke.DirectMethodHandle$Holder.invokeStatic(java.lang.Object, int, java.lang.Object)'> (0x00000000ce6acba0) 
thrown [s\open\src\hotspot\share\interpreter\linkResolver.cpp, line 759]
Event: 20.998 Thread 0x000001dac25ec980 Exception <a 'java/lang/NoSuchMethodError'{0x00000000ce6d08f8}: 'java.lang.Object java.lang.invoke.DirectMethodHandle$Holder.newInvokeSpecial(java.lang.Object, java.lang.Object, java.lang.Object, java.lang.Object, java.lang.Object, int, java.lang.Object)'> (0x00000000ce6d08f8) 
thrown [s\open\src\hotspot\share\interpreter\linkResolver.cpp, line 759]
Event: 21.006 Thread 0x000001dac25ec980 Exception <a 'java/lang/NoSuchMethodError'{0x00000000ce50d4a8}: 'java.lang.Object java.lang.invoke.DirectMethodHandle$Holder.newInvokeSpecial(java.lang.Object, java.lang.Object, java.lang.Object, java.lang.Object, java.lang.Object, java.lang.Object, java.lang.Object, java.lang.Object, java.lang.Object, java.lang.Object, java.lang.Object, java.lang.Object)'> (0x00000000ce50d4a8) 
thrown [s\open\src\hotspot\share\interpreter\linkResolver.cpp, line 759]
Event: 21.006 Thread 0x000001dac25ec980 Exception <a 'java/lang/NoSuchMethodError'{0x00000000ce512738}: 'java.lang.Object java.lang.invoke.DirectMethodHandle$Holder.invokeSpecial(java.lang.Object, java.lang.Object, java.lang.Object, java.lang.Object, java.lang.Object, java.lang.Object, java.lang.Object, java.lang.Object, java.lang.Object, java.lang.Object, java.lang.Object, java.lang.Object, java.lang.Object)'> (0x00000000ce512738) 
thrown [s\open\src\hotspot\share\interpreter\linkResolver.cpp, line 759]
Event: 21.007 Thread 0x000001dac25ec980 Exception <a 'java/lang/NoSuchMethodError'{0x00000000ce517648}: 'java.lang.Object java.lang.invoke.Invokers$Holder.linkToTargetMethod(java.lang.Object, java.lang.Object, java.lang.Object, java.lang.Object, java.lang.Object, java.lang.Object, java.lang.Object, java.lang.Object, java.lang.Object, java.lang.Object, java.lang.Object, java.lang.Object)'> (0x00000000ce517648) 
thrown [s\open\src\hotspot\share\interpreter\linkResolver.cpp, line 759]
Event: 21.065 Thread 0x000001dac25ec980 Exception <a 'java/lang/IncompatibleClassChangeError'{0x00000000ce4fb020}: Found class java.lang.Object, but interface was expected> (0x00000000ce4fb020) 
thrown [s\open\src\hotspot\share\interpreter\linkResolver.cpp, line 826]
Event: 21.080 Thread 0x000001dac25ec980 Exception <a 'java/lang/NoSuchMethodError'{0x00000000ce389f70}: 'java.lang.Object java.lang.invoke.DirectMethodHandle$Holder.newInvokeSpecial(java.lang.Object, java.lang.Object, java.lang.Object, java.lang.Object, java.lang.Object, java.lang.Object, java.lang.Object, int)'> (0x00000000ce389f70) 
thrown [s\open\src\hotspot\share\interpreter\linkResolver.cpp, line 759]
Event: 21.081 Thread 0x000001dac25ec980 Exception <a 'java/lang/NoSuchMethodError'{0x00000000ce38f760}: 'java.lang.Object java.lang.invoke.DirectMethodHandle$Holder.invokeSpecial(java.lang.Object, java.lang.Object, java.lang.Object, java.lang.Object, java.lang.Object, java.lang.Object, java.lang.Object, java.lang.Object, int)'> (0x00000000ce38f760) 
thrown [s\open\src\hotspot\share\interpreter\linkResolver.cpp, line 759]
Event: 21.081 Thread 0x000001dac25ec980 Exception <a 'java/lang/NoSuchMethodError'{0x00000000ce394a20}: 'java.lang.Object java.lang.invoke.Invokers$Holder.linkToTargetMethod(java.lang.Object, java.lang.Object, java.lang.Object, java.lang.Object, java.lang.Object, java.lang.Object, int, java.lang.Object)'> (0x00000000ce394a20) 
thrown [s\open\src\hotspot\share\interpreter\linkResolver.cpp, line 759]
Event: 22.182 Thread 0x000001dac25ec980 Exception <a 'sun/nio/fs/WindowsException'{0x00000000ce9ef138}> (0x00000000ce9ef138) 
thrown [s\open\src\hotspot\share\prims\jni.cpp, line 516]
Event: 22.184 Thread 0x000001dac25ec980 Exception <a 'sun/nio/fs/WindowsException'{0x00000000ce9f2c90}> (0x00000000ce9f2c90) 
thrown [s\open\src\hotspot\share\prims\jni.cpp, line 516]
Event: 22.443 Thread 0x000001dac25ec980 Exception <a 'java/lang/IncompatibleClassChangeError'{0x00000000cd955940}: Found class java.lang.Object, but interface was expected> (0x00000000cd955940) 
thrown [s\open\src\hotspot\share\interpreter\linkResolver.cpp, line 826]
Event: 22.499 Thread 0x000001dac25ec980 Exception <a 'java/lang/IncompatibleClassChangeError'{0x00000000cd782c08}: Found class java.lang.Object, but interface was expected> (0x00000000cd782c08) 
thrown [s\open\src\hotspot\share\interpreter\linkResolver.cpp, line 826]
Event: 22.629 Thread 0x000001dac25ec980 Exception <a 'java/lang/IncompatibleClassChangeError'{0x00000000cd3cdd20}: Found class java.lang.Object, but interface was expected> (0x00000000cd3cdd20) 
thrown [s\open\src\hotspot\share\interpreter\linkResolver.cpp, line 826]
Event: 23.001 Thread 0x000001dac25ec980 Exception <a 'java/lang/reflect/InvocationTargetException'{0x00000000cebb7938}> (0x00000000cebb7938) 
thrown [s\open\src\hotspot\share\runtime\reflection.cpp, line 1121]
Event: 25.055 Thread 0x000001dac25ec980 Exception <a 'java/lang/reflect/InvocationTargetException'{0x00000000ce945d70}> (0x00000000ce945d70) 
thrown [s\open\src\hotspot\share\runtime\reflection.cpp, line 1121]

VM Operations (20 events):
Event: 25.357 Executing VM operation: G1Concurrent done
Event: 25.406 Executing VM operation: G1CollectForAllocation
Event: 25.424 Executing VM operation: G1CollectForAllocation done
Event: 25.436 Executing VM operation: G1TryInitiateConcMark
Event: 25.452 Executing VM operation: G1TryInitiateConcMark done
Event: 25.484 Executing VM operation: G1Concurrent
Event: 25.491 Executing VM operation: G1Concurrent done
Event: 25.511 Executing VM operation: G1Concurrent
Event: 25.511 Executing VM operation: G1Concurrent done
Event: 25.536 Executing VM operation: G1CollectForAllocation
Event: 25.550 Executing VM operation: G1CollectForAllocation done
Event: 25.612 Executing VM operation: G1CollectForAllocation
Event: 25.632 Executing VM operation: G1CollectForAllocation done
Event: 25.671 Executing VM operation: G1Concurrent
Event: 25.677 Executing VM operation: G1Concurrent done
Event: 25.693 Executing VM operation: G1CollectForAllocation
Event: 25.706 Executing VM operation: G1CollectForAllocation done
Event: 25.710 Executing VM operation: G1Concurrent
Event: 25.710 Executing VM operation: G1Concurrent done
Event: 25.793 Executing VM operation: G1CollectForAllocation

Events (20 events):
Event: 22.232 loading class java/util/EnumMap$EntrySet done
Event: 22.232 loading class java/util/EnumMap$EntryIterator
Event: 22.232 loading class java/util/EnumMap$EnumMapIterator
Event: 22.232 loading class java/util/EnumMap$EnumMapIterator done
Event: 22.232 loading class java/util/EnumMap$EntryIterator done
Event: 22.233 loading class java/lang/SafeVarargs
Event: 22.233 loading class java/lang/SafeVarargs done
Event: 22.638 loading class java/lang/Package$1PackageInfoProxy
Event: 22.638 loading class java/lang/Package$1PackageInfoProxy done
Event: 22.696 loading class jdk/internal/loader/BootLoader$PackageHelper
Event: 22.697 loading class jdk/internal/loader/BootLoader$PackageHelper done
Event: 23.214 loading class java/util/regex/Pattern$Bound
Event: 23.215 loading class java/util/regex/Pattern$Bound done
Event: 23.217 loading class java/util/regex/Pattern$Behind
Event: 23.217 loading class java/util/regex/Pattern$Behind done
Event: 23.423 loading class java/util/EmptyStackException
Event: 23.423 loading class java/util/EmptyStackException done
Event: 24.214 loading class java/io/InvalidClassException
Event: 24.214 loading class java/io/InvalidClassException done
Event: 24.947 Thread 0x000001db24935ec0 Thread exited: 0x000001db24935ec0


Dynamic libraries:
0x00007ff7af3d0000 - 0x00007ff7af3e0000 	C:\Program Files\Java\jdk-17\bin\java.exe
0x00007ffdfdea0000 - 0x00007ffdfe107000 	C:\WINDOWS\SYSTEM32\ntdll.dll
0x00007ffdfd220000 - 0x00007ffdfd2e9000 	C:\WINDOWS\System32\KERNEL32.DLL
0x00007ffdfb400000 - 0x00007ffdfb7ef000 	C:\WINDOWS\System32\KERNELBASE.dll
0x00007ffdfb970000 - 0x00007ffdfbabb000 	C:\WINDOWS\System32\ucrtbase.dll
0x00007ffdb5e40000 - 0x00007ffdb5e59000 	C:\Program Files\Java\jdk-17\bin\jli.dll
0x00007ffdbcb70000 - 0x00007ffdbcb8b000 	C:\Program Files\Java\jdk-17\bin\VCRUNTIME140.dll
0x00007ffdfd890000 - 0x00007ffdfd944000 	C:\WINDOWS\System32\ADVAPI32.dll
0x00007ffdfc920000 - 0x00007ffdfc9c9000 	C:\WINDOWS\System32\msvcrt.dll
0x00007ffdfc3a0000 - 0x00007ffdfc446000 	C:\WINDOWS\System32\sechost.dll
0x00007ffdfc800000 - 0x00007ffdfc918000 	C:\WINDOWS\System32\RPCRT4.dll
0x00007ffdfd4d0000 - 0x00007ffdfd695000 	C:\WINDOWS\System32\USER32.dll
0x00007ffdfb800000 - 0x00007ffdfb827000 	C:\WINDOWS\System32\win32u.dll
0x00007ffde04b0000 - 0x00007ffde0743000 	C:\WINDOWS\WinSxS\amd64_microsoft.windows.common-controls_6595b64144ccf1df_6.0.26100.7309_none_3e05feeae336a044\COMCTL32.dll
0x00007ffdfdcb0000 - 0x00007ffdfdcdb000 	C:\WINDOWS\System32\GDI32.dll
0x00007ffdfaff0000 - 0x00007ffdfb11c000 	C:\WINDOWS\System32\gdi32full.dll
0x00007ffdfb830000 - 0x00007ffdfb8d3000 	C:\WINDOWS\System32\msvcp_win.dll
0x00007ffdf3430000 - 0x00007ffdf343b000 	C:\WINDOWS\SYSTEM32\VERSION.dll
0x00007ffdfd0e0000 - 0x00007ffdfd111000 	C:\WINDOWS\System32\IMM32.DLL
0x00007ffdd2860000 - 0x00007ffdd286c000 	C:\Program Files\Java\jdk-17\bin\vcruntime140_1.dll
0x00007ffdb2450000 - 0x00007ffdb24de000 	C:\Program Files\Java\jdk-17\bin\msvcp140.dll
0x00007ffd8af80000 - 0x00007ffd8bb60000 	C:\Program Files\Java\jdk-17\bin\server\jvm.dll
0x00007ffdfd6a0000 - 0x00007ffdfd6a8000 	C:\WINDOWS\System32\PSAPI.DLL
0x00007ffdf33f0000 - 0x00007ffdf3425000 	C:\WINDOWS\SYSTEM32\WINMM.dll
0x00007ffdf6000000 - 0x00007ffdf600a000 	C:\WINDOWS\SYSTEM32\WSOCK32.dll
0x00007ffdfd800000 - 0x00007ffdfd874000 	C:\WINDOWS\System32\WS2_32.dll
0x00007ffdf9da0000 - 0x00007ffdf9dbb000 	C:\WINDOWS\SYSTEM32\kernel.appcore.dll
0x00007ffdd21c0000 - 0x00007ffdd21ca000 	C:\Program Files\Java\jdk-17\bin\jimage.dll
0x00007ffdee270000 - 0x00007ffdee4b2000 	C:\WINDOWS\SYSTEM32\DBGHELP.DLL
0x00007ffdfc450000 - 0x00007ffdfc7d5000 	C:\WINDOWS\System32\combase.dll
0x00007ffdfd3e0000 - 0x00007ffdfd4b6000 	C:\WINDOWS\System32\OLEAUT32.dll
0x00007ffde19a0000 - 0x00007ffde19dc000 	C:\WINDOWS\SYSTEM32\dbgcore.DLL
0x00007ffdfb120000 - 0x00007ffdfb1c5000 	C:\WINDOWS\System32\bcryptPrimitives.dll
0x00007ffdb2420000 - 0x00007ffdb2445000 	C:\Program Files\Java\jdk-17\bin\java.dll
0x00007ffda1c20000 - 0x00007ffda1cf7000 	C:\Program Files\Java\jdk-17\bin\jsvml.dll
0x00007ffdfbc40000 - 0x00007ffdfc393000 	C:\WINDOWS\System32\SHELL32.dll
0x00007ffdfb290000 - 0x00007ffdfb3fa000 	C:\WINDOWS\System32\wintypes.dll
0x00007ffdf8c10000 - 0x00007ffdf946e000 	C:\WINDOWS\SYSTEM32\windows.storage.dll
0x00007ffdfd120000 - 0x00007ffdfd215000 	C:\WINDOWS\System32\SHCORE.dll
0x00007ffdfd370000 - 0x00007ffdfd3d6000 	C:\WINDOWS\System32\shlwapi.dll
0x00007ffdfaf10000 - 0x00007ffdfaf39000 	C:\WINDOWS\SYSTEM32\profapi.dll
0x00007ffdb2400000 - 0x00007ffdb2419000 	C:\Program Files\Java\jdk-17\bin\net.dll
0x00007ffdf0db0000 - 0x00007ffdf0ed8000 	C:\WINDOWS\SYSTEM32\WINHTTP.dll
0x00007ffdfa310000 - 0x00007ffdfa37b000 	C:\WINDOWS\system32\mswsock.dll
0x00007ffdb23e0000 - 0x00007ffdb23f6000 	C:\Program Files\Java\jdk-17\bin\nio.dll
0x00007ffdb23c0000 - 0x00007ffdb23d8000 	C:\Program Files\Java\jdk-17\bin\zip.dll
0x00007ffdd2080000 - 0x00007ffdd208a000 	C:\Program Files\Java\jdk-17\bin\management.dll
0x00007ffdd1bd0000 - 0x00007ffdd1bdb000 	C:\Program Files\Java\jdk-17\bin\management_ext.dll
0x00007ffdd0370000 - 0x00007ffdd037e000 	C:\Program Files\Java\jdk-17\bin\sunmscapi.dll
0x00007ffdfbac0000 - 0x00007ffdfbc37000 	C:\WINDOWS\System32\CRYPT32.dll
0x00007ffdfa850000 - 0x00007ffdfa880000 	C:\WINDOWS\SYSTEM32\ncrypt.dll
0x00007ffdfa800000 - 0x00007ffdfa83f000 	C:\WINDOWS\SYSTEM32\NTASN1.dll
0x00007ffdfa5d0000 - 0x00007ffdfa5eb000 	C:\WINDOWS\SYSTEM32\CRYPTSP.dll
0x00007ffdf9d00000 - 0x00007ffdf9d3a000 	C:\WINDOWS\system32\rsaenh.dll
0x00007ffdfa3c0000 - 0x00007ffdfa3eb000 	C:\WINDOWS\SYSTEM32\USERENV.dll
0x00007ffdfaee0000 - 0x00007ffdfaf0a000 	C:\WINDOWS\SYSTEM32\bcrypt.dll
0x00007ffdfabf0000 - 0x00007ffdfabfc000 	C:\WINDOWS\SYSTEM32\CRYPTBASE.dll
0x00007ffdf9800000 - 0x00007ffdf9834000 	C:\WINDOWS\SYSTEM32\IPHLPAPI.DLL
0x00007ffdfd040000 - 0x00007ffdfd04a000 	C:\WINDOWS\System32\NSI.dll
0x00007ffdf3630000 - 0x00007ffdf364e000 	C:\WINDOWS\SYSTEM32\dhcpcsvc6.DLL
0x00007ffdf3600000 - 0x00007ffdf3623000 	C:\WINDOWS\SYSTEM32\dhcpcsvc.DLL
0x00007ffdf98a0000 - 0x00007ffdf99cc000 	C:\WINDOWS\SYSTEM32\DNSAPI.dll
0x00007ffdf0630000 - 0x00007ffdf063b000 	C:\Windows\System32\rasadhlp.dll
0x00007ffdf40c0000 - 0x00007ffdf4146000 	C:\WINDOWS\System32\fwpuclnt.dll

dbghelp: loaded successfully - version: 4.0.5 - missing functions: none
symbol engine: initialized successfully - sym options: 0x614 - pdb path: .;C:\Program Files\Java\jdk-17\bin;C:\WINDOWS\SYSTEM32;C:\WINDOWS\WinSxS\amd64_microsoft.windows.common-controls_6595b64144ccf1df_6.0.26100.7309_none_3e05feeae336a044;C:\Program Files\Java\jdk-17\bin\server

VM Arguments:
java_command: C:\Users\HOME PC\AppData\Local\Temp\surefire3043984597972444929\surefirebooter-20260103190559368_3.jar C:\Users\HOME PC\AppData\Local\Temp\surefire3043984597972444929 2026-01-03T19-05-58_993-jvmRun1 surefire-20260103190559368_1tmp surefire_0-20260103190559368_2tmp
java_class_path (initial): C:\Users\HOME PC\AppData\Local\Temp\surefire3043984597972444929\surefirebooter-20260103190559368_3.jar
Launcher Type: SUN_STANDARD

[Global flags]
     intx CICompilerCount                          = 4                                         {product} {ergonomic}
     uint ConcGCThreads                            = 3                                         {product} {ergonomic}
     uint G1ConcRefinementThreads                  = 10                                        {product} {ergonomic}
   size_t G1HeapRegionSize                         = 1048576                                   {product} {ergonomic}
    uintx GCDrainStackTargetSize                   = 64                                        {product} {ergonomic}
   size_t InitialHeapSize                          = 56623104                                  {product} {ergonomic}
   size_t MarkStackSize                            = 4194304                                   {product} {ergonomic}
   size_t MaxHeapSize                              = 893386752                                 {product} {ergonomic}
   size_t MaxNewSize                               = 535822336                                 {product} {ergonomic}
   size_t MinHeapDeltaBytes                        = 1048576                                   {product} {ergonomic}
   size_t MinHeapSize                              = 8388608                                   {product} {ergonomic}
    uintx NonNMethodCodeHeapSize                   = 5839372                                {pd product} {ergonomic}
    uintx NonProfiledCodeHeapSize                  = 122909434                              {pd product} {ergonomic}
    uintx ProfiledCodeHeapSize                     = 122909434                              {pd product} {ergonomic}
    uintx ReservedCodeCacheSize                    = 251658240                              {pd product} {ergonomic}
     bool SegmentedCodeCache                       = true                                      {product} {ergonomic}
   size_t SoftMaxHeapSize                          = 893386752                              {manageable} {ergonomic}
     bool UseCompressedClassPointers               = true                           {product lp64_product} {ergonomic}
     bool UseCompressedOops                        = true                           {product lp64_product} {ergonomic}
     bool UseG1GC                                  = true                                      {product} {ergonomic}
     bool UseLargePagesIndividualAllocation        = false                                  {pd product} {ergonomic}

Logging:
Log output configuration:
 #0: stdout all=warning uptime,level,tags
 #1: stderr all=off uptime,level,tags

Environment Variables:
PATH=C:/Users/HOME PC/.p2/pool/plugins/org.eclipse.justj.openjdk.hotspot.jre.full.win32.x86_64_21.0.9.v20251105-0741/jre/bin/server;C:/Users/HOME PC/.p2/pool/plugins/org.eclipse.justj.openjdk.hotspot.jre.full.win32.x86_64_21.0.9.v20251105-0741/jre/bin;C:\Program Files\Common Files\Oracle\Java\javapath;C:\WINDOWS\system32;C:\WINDOWS;C:\WINDOWS\System32\Wbem;C:\WINDOWS\System32\WindowsPowerShell\v1.0\;C:\WINDOWS\System32\OpenSSH\;C:\Program Files\nodejs\;C:\Program Files\MySQL\MySQL Server 8.0\bin;C:\Users\HOME PC\AppData\Local\Programs\Python\Python313\Scripts\;C:\Users\HOME PC\AppData\Local\Programs\Python\Python313\;C:\Users\HOME PC\AppData\Local\Programs\Python\Launcher\;C:\Users\HOME PC\AppData\Local\Microsoft\WindowsApps;C:\Users\HOME PC\AppData\Local\Programs\Git\cmd;C:\Users\HOME PC\AppData\Local\Programs\Microsoft VS Code\bin;C:\Users\HOME PC\AppData\Local\Programs\mongosh\;C:\Users\HOME PC\AppData\Roaming\npm;C:\Users\HOME PC\OneDrive\Desktop;
USERNAME=HOME PC
OS=Windows_NT
PROCESSOR_IDENTIFIER=AMD64 Family 23 Model 104 Stepping 1, AuthenticAMD



---------------  S Y S T E M  ---------------

OS:
 Windows 11 , 64 bit Build 26100 (10.0.26100.7309)
OS uptime: 4 days 4:01 hours

CPU: total 12 (initial active 12) (12 cores per cpu, 2 threads per core) family 23 model 104 stepping 1 microcode 0x8608109, cx8, cmov, fxsr, ht, mmx, 3dnowpref, sse, sse2, sse3, ssse3, sse4a, sse4.1, sse4.2, popcnt, lzcnt, tsc, tscinvbit, avx, avx2, aes, clmul, bmi1, bmi2, adx, sha, fma, vzeroupper, clflush, clflushopt

Memory: 4k page, system-wide physical 3405M (308M free)
TotalPageFile size 13645M (AvailPageFile size 105M)
current process WorkingSet (physical memory assigned to process): 286M, peak: 292M
current process commit charge ("private bytes"): 346M, peak: 520M

vm_info: Java HotSpot(TM) 64-Bit Server VM (17.0.12+8-LTS-286) for windows-amd64 JRE (17.0.12+8-LTS-286), built on Jun  5 2024 06:46:59 by "mach5one" with MS VC++ 17.6 (VS2022)

END.
