#
# There is insufficient memory for the Java Runtime Environment to continue.
# Native memory allocation (mmap) failed to map 65536 bytes for Failed to commit metaspace.
# Possible reasons:
#   The system is out of physical RAM or swap space
#   The process is running with CompressedOops enabled, and the Java Heap may be blocking the growth of the native heap
# Possible solutions:
#   Reduce memory load on the system
#   Increase physical memory or swap space
#   Check if swap backing store is full
#   Decrease Java heap size (-Xmx/-Xms)
#   Decrease number of Java threads
#   Decrease Java thread stack sizes (-Xss)
#   Set larger code cache with -XX:ReservedCodeCacheSize=
#   JVM is running with Unscaled Compressed Oops mode in which the Java heap is
#     placed in the first 4GB address space. The Java Heap base address is the
#     maximum limit for the native heap growth. Please use -XX:HeapBaseMinAddress
#     to set the Java Heap base and to place the Java Heap above 4GB virtual address.
# This output file may be truncated or incomplete.
#
#  Out of Memory Error (virtualSpaceNode.cpp:110), pid=10184, tid=27472
#
# JRE version: Java(TM) SE Runtime Environment (17.0.12+8) (build 17.0.12+8-LTS-286)
# Java VM: Java HotSpot(TM) 64-Bit Server VM (17.0.12+8-LTS-286, mixed mode, emulated-client, tiered, compressed oops, compressed class ptrs, g1 gc, windows-amd64)
# No core dump will be written. Minidumps are not enabled by default on client versions of Windows
#

---------------  S U M M A R Y ------------

Command Line: -Dcom.sun.management.jmxremote -Dcom.sun.management.jmxremote.port=53716 -Dcom.sun.management.jmxremote.authenticate=false -Dcom.sun.management.jmxremote.ssl=false -Djava.rmi.server.hostname=localhost -Dspring.jmx.enabled=true -Dmanagement.endpoints.jmx.exposure.include=* -Dspring.application.admin.enabled=true -Dspring.output.ansi.enabled=always -XX:TieredStopAtLevel=1 -Dspring.boot.project.name=lostFoundApplication -Dfile.encoding=UTF-8 -Dstdout.encoding=UTF-8 -Dstderr.encoding=UTF-8 -XX:+ShowCodeDetailsInExceptionMessages com.infosys.lostFoundApplication.LostFoundApplication

Host: AMD Ryzen 5 5500U with Radeon Graphics         , 12 cores, 3G,  Windows 11 , 64 bit Build 26100 (10.0.26100.7019)
Time: Sun Nov 23 14:27:17 2025 India Standard Time elapsed time: 9.081219 seconds (0d 0h 0m 9s)

---------------  T H R E A D  ---------------

Current thread (0x00000201f41ab120):  JavaThread "main" [_thread_in_vm, id=27472, stack(0x00000016d3c00000,0x00000016d3d00000)]

Stack: [0x00000016d3c00000,0x00000016d3d00000]
Native frames: (J=compiled Java code, j=interpreted, Vv=VM code, C=native code)
V  [jvm.dll+0x67a04a]
V  [jvm.dll+0x7da4ed]
V  [jvm.dll+0x7dbe33]
V  [jvm.dll+0x7dc4a3]
V  [jvm.dll+0x24508f]
V  [jvm.dll+0x7d60bb]
V  [jvm.dll+0x6206c6]
V  [jvm.dll+0x62072a]
V  [jvm.dll+0x622f4d]
V  [jvm.dll+0x621086]
V  [jvm.dll+0x23a821]
V  [jvm.dll+0x1e8e87]
V  [jvm.dll+0x1dea41]
V  [jvm.dll+0x53f78c]
V  [jvm.dll+0x1ef3ca]
V  [jvm.dll+0x7547ad]
V  [jvm.dll+0x755bc6]
V  [jvm.dll+0x755ef8]
V  [jvm.dll+0x23d13b]
V  [jvm.dll+0x23d38f]
V  [jvm.dll+0x55dc68]
V  [jvm.dll+0x560b4e]
V  [jvm.dll+0x380f73]
V  [jvm.dll+0x3805df]
C  0x00000201fba78faa

Java frames: (J=compiled Java code, j=interpreted, Vv=VM code)
j  sun.invoke.util.Wrapper.<clinit>()V+41 java.base@17.0.12
v  ~StubRoutines::call_stub
j  java.lang.invoke.DirectMethodHandle.<clinit>()V+22 java.base@17.0.12
v  ~StubRoutines::call_stub
j  java.lang.invoke.MethodHandles$Lookup.getDirectMethodCommon(BLjava/lang/Class;Ljava/lang/invoke/MemberName;ZZLjava/lang/invoke/MethodHandles$Lookup;)Ljava/lang/invoke/MethodHandle;+210 java.base@17.0.12
j  java.lang.invoke.MethodHandles$Lookup.getDirectMethodNoSecurityManager(BLjava/lang/Class;Ljava/lang/invoke/MemberName;Ljava/lang/invoke/MethodHandles$Lookup;)Ljava/lang/invoke/MethodHandle;+14 java.base@17.0.12
j  java.lang.invoke.MethodHandles$Lookup.getDirectMethodForConstant(BLjava/lang/Class;Ljava/lang/invoke/MemberName;)Ljava/lang/invoke/MethodHandle;+31 java.base@17.0.12
j  java.lang.invoke.MethodHandles$Lookup.linkMethodHandleConstant(BLjava/lang/Class;Ljava/lang/String;Ljava/lang/Object;)Ljava/lang/invoke/MethodHandle;+153 java.base@17.0.12
j  java.lang.invoke.MethodHandleNatives.linkMethodHandleConstant(Ljava/lang/Class;ILjava/lang/Class;Ljava/lang/String;Ljava/lang/Object;)Ljava/lang/invoke/MethodHandle;+38 java.base@17.0.12
v  ~StubRoutines::call_stub
j  jdk.internal.module.DefaultRoots.compute(Ljava/lang/module/ModuleFinder;Ljava/lang/module/ModuleFinder;)Ljava/util/Set;+11 java.base@17.0.12
j  jdk.internal.module.ModuleBootstrap.boot2()Ljava/lang/ModuleLayer;+727 java.base@17.0.12
j  jdk.internal.module.ModuleBootstrap.boot()Ljava/lang/ModuleLayer;+64 java.base@17.0.12
j  java.lang.System.initPhase2(ZZ)I+0 java.base@17.0.12
v  ~StubRoutines::call_stub

---------------  P R O C E S S  ---------------

Threads class SMR info:
_java_thread_list=0x00000201839db840, length=9, elements={
0x00000201f41ab120, 0x00000201839b1020, 0x00000201839b2900, 0x00000201839880d0,
0x00000201839c17b0, 0x00000201839cf2b0, 0x00000201839cfb80, 0x00000201839d0450,
0x0000020183b50430
}

Java Threads: ( => current thread )
=>0x00000201f41ab120 JavaThread "main" [_thread_in_vm, id=27472, stack(0x00000016d3c00000,0x00000016d3d00000)]
  0x00000201839b1020 JavaThread "Reference Handler" daemon [_thread_blocked, id=26972, stack(0x00000016d4300000,0x00000016d4400000)]
  0x00000201839b2900 JavaThread "Finalizer" daemon [_thread_blocked, id=14580, stack(0x00000016d4400000,0x00000016d4500000)]
  0x00000201839880d0 JavaThread "Signal Dispatcher" daemon [_thread_blocked, id=8564, stack(0x00000016d4500000,0x00000016d4600000)]
  0x00000201839c17b0 JavaThread "Attach Listener" daemon [_thread_blocked, id=13268, stack(0x00000016d4600000,0x00000016d4700000)]
  0x00000201839cf2b0 JavaThread "Service Thread" daemon [_thread_blocked, id=24564, stack(0x00000016d4700000,0x00000016d4800000)]
  0x00000201839cfb80 JavaThread "Monitor Deflation Thread" daemon [_thread_blocked, id=3416, stack(0x00000016d4800000,0x00000016d4900000)]
  0x00000201839d0450 JavaThread "C1 CompilerThread0" daemon [_thread_blocked, id=1964, stack(0x00000016d4900000,0x00000016d4a00000)]
  0x0000020183b50430 JavaThread "Sweeper thread" daemon [_thread_blocked, id=13248, stack(0x00000016d4a00000,0x00000016d4b00000)]

Other Threads:
  0x000002018399c400 VMThread "VM Thread" [stack: 0x00000016d4200000,0x00000016d4300000] [id=25408]
  0x00000201f41e66d0 GCTaskThread "GC Thread#0" [stack: 0x00000016d3d00000,0x00000016d3e00000] [id=7972]
  0x00000201f41ef130 ConcurrentGCThread "G1 Main Marker" [stack: 0x00000016d3e00000,0x00000016d3f00000] [id=25748]
  0x00000201f41f1c10 ConcurrentGCThread "G1 Conc#0" [stack: 0x00000016d3f00000,0x00000016d4000000] [id=28884]
  0x00000201f424dae0 ConcurrentGCThread "G1 Refine#0" [stack: 0x00000016d4000000,0x00000016d4100000] [id=16596]
  0x00000201f424e2c0 ConcurrentGCThread "G1 Service" [stack: 0x00000016d4100000,0x00000016d4200000] [id=6260]

Threads with active compile tasks:

VM state: not at safepoint (normal execution)

VM Mutex/Monitor currently owned by a thread:  ([mutex/lock_event])
[0x00000201f4195450] Metaspace_lock - owner thread: 0x00000201f41ab120

Heap address: 0x00000000cac00000, size: 852 MB, Compressed Oops mode: 32-bit

CDS archive(s) not mapped
Compressed class space mapped at: 0x0000000100000000-0x0000000140000000, reserved size: 1073741824
Narrow klass base: 0x0000000000000000, Narrow klass shift: 3, Narrow klass range: 0x140000000

GC Precious Log:
 CPUs: 12 total, 12 available
 Memory: 3405M
 Large Page Support: Disabled
 NUMA Support: Disabled
 Compressed Oops: Enabled (32-bit)
 Heap Region Size: 1M
 Heap Min Capacity: 8M
 Heap Initial Capacity: 54M
 Heap Max Capacity: 852M
 Pre-touch: Disabled
 Parallel Workers: 10
 Concurrent Workers: 3
 Concurrent Refinement Workers: 10
 Periodic GC: Disabled

Heap:
 garbage-first heap   total 55296K, used 0K [0x00000000cac00000, 0x0000000100000000)
  region size 1024K, 1 young (1024K), 0 survivors (0K)
 Metaspace       used 3540K, committed 3584K, reserved 1114112K
  class space    used 277K, committed 320K, reserved 1048576K

Heap Regions: E=young(eden), S=young(survivor), O=old, HS=humongous(starts), HC=humongous(continues), CS=collection set, F=free, OA=open archive, CA=closed archive, TAMS=top-at-mark-start (previous, next)
|   0|0x00000000cac00000, 0x00000000cac00000, 0x00000000cad00000|  0%| F|  |TAMS 0x00000000cac00000, 0x00000000cac00000| Untracked 
|   1|0x00000000cad00000, 0x00000000cad00000, 0x00000000cae00000|  0%| F|  |TAMS 0x00000000cad00000, 0x00000000cad00000| Untracked 
|   2|0x00000000cae00000, 0x00000000cae00000, 0x00000000caf00000|  0%| F|  |TAMS 0x00000000cae00000, 0x00000000cae00000| Untracked 
|   3|0x00000000caf00000, 0x00000000caf00000, 0x00000000cb000000|  0%| F|  |TAMS 0x00000000caf00000, 0x00000000caf00000| Untracked 
|   4|0x00000000cb000000, 0x00000000cb000000, 0x00000000cb100000|  0%| F|  |TAMS 0x00000000cb000000, 0x00000000cb000000| Untracked 
|   5|0x00000000cb100000, 0x00000000cb100000, 0x00000000cb200000|  0%| F|  |TAMS 0x00000000cb100000, 0x00000000cb100000| Untracked 
|   6|0x00000000cb200000, 0x00000000cb200000, 0x00000000cb300000|  0%| F|  |TAMS 0x00000000cb200000, 0x00000000cb200000| Untracked 
|   7|0x00000000cb300000, 0x00000000cb300000, 0x00000000cb400000|  0%| F|  |TAMS 0x00000000cb300000, 0x00000000cb300000| Untracked 
|   8|0x00000000cb400000, 0x00000000cb400000, 0x00000000cb500000|  0%| F|  |TAMS 0x00000000cb400000, 0x00000000cb400000| Untracked 
|   9|0x00000000cb500000, 0x00000000cb500000, 0x00000000cb600000|  0%| F|  |TAMS 0x00000000cb500000, 0x00000000cb500000| Untracked 
|  10|0x00000000cb600000, 0x00000000cb600000, 0x00000000cb700000|  0%| F|  |TAMS 0x00000000cb600000, 0x00000000cb600000| Untracked 
|  11|0x00000000cb700000, 0x00000000cb700000, 0x00000000cb800000|  0%| F|  |TAMS 0x00000000cb700000, 0x00000000cb700000| Untracked 
|  12|0x00000000cb800000, 0x00000000cb800000, 0x00000000cb900000|  0%| F|  |TAMS 0x00000000cb800000, 0x00000000cb800000| Untracked 
|  13|0x00000000cb900000, 0x00000000cb900000, 0x00000000cba00000|  0%| F|  |TAMS 0x00000000cb900000, 0x00000000cb900000| Untracked 
|  14|0x00000000cba00000, 0x00000000cba00000, 0x00000000cbb00000|  0%| F|  |TAMS 0x00000000cba00000, 0x00000000cba00000| Untracked 
|  15|0x00000000cbb00000, 0x00000000cbb00000, 0x00000000cbc00000|  0%| F|  |TAMS 0x00000000cbb00000, 0x00000000cbb00000| Untracked 
|  16|0x00000000cbc00000, 0x00000000cbc00000, 0x00000000cbd00000|  0%| F|  |TAMS 0x00000000cbc00000, 0x00000000cbc00000| Untracked 
|  17|0x00000000cbd00000, 0x00000000cbd00000, 0x00000000cbe00000|  0%| F|  |TAMS 0x00000000cbd00000, 0x00000000cbd00000| Untracked 
|  18|0x00000000cbe00000, 0x00000000cbe00000, 0x00000000cbf00000|  0%| F|  |TAMS 0x00000000cbe00000, 0x00000000cbe00000| Untracked 
|  19|0x00000000cbf00000, 0x00000000cbf00000, 0x00000000cc000000|  0%| F|  |TAMS 0x00000000cbf00000, 0x00000000cbf00000| Untracked 
|  20|0x00000000cc000000, 0x00000000cc000000, 0x00000000cc100000|  0%| F|  |TAMS 0x00000000cc000000, 0x00000000cc000000| Untracked 
|  21|0x00000000cc100000, 0x00000000cc100000, 0x00000000cc200000|  0%| F|  |TAMS 0x00000000cc100000, 0x00000000cc100000| Untracked 
|  22|0x00000000cc200000, 0x00000000cc200000, 0x00000000cc300000|  0%| F|  |TAMS 0x00000000cc200000, 0x00000000cc200000| Untracked 
|  23|0x00000000cc300000, 0x00000000cc300000, 0x00000000cc400000|  0%| F|  |TAMS 0x00000000cc300000, 0x00000000cc300000| Untracked 
|  24|0x00000000cc400000, 0x00000000cc400000, 0x00000000cc500000|  0%| F|  |TAMS 0x00000000cc400000, 0x00000000cc400000| Untracked 
|  25|0x00000000cc500000, 0x00000000cc500000, 0x00000000cc600000|  0%| F|  |TAMS 0x00000000cc500000, 0x00000000cc500000| Untracked 
|  26|0x00000000cc600000, 0x00000000cc600000, 0x00000000cc700000|  0%| F|  |TAMS 0x00000000cc600000, 0x00000000cc600000| Untracked 
|  27|0x00000000cc700000, 0x00000000cc700000, 0x00000000cc800000|  0%| F|  |TAMS 0x00000000cc700000, 0x00000000cc700000| Untracked 
|  28|0x00000000cc800000, 0x00000000cc800000, 0x00000000cc900000|  0%| F|  |TAMS 0x00000000cc800000, 0x00000000cc800000| Untracked 
|  29|0x00000000cc900000, 0x00000000cc900000, 0x00000000cca00000|  0%| F|  |TAMS 0x00000000cc900000, 0x00000000cc900000| Untracked 
|  30|0x00000000cca00000, 0x00000000cca00000, 0x00000000ccb00000|  0%| F|  |TAMS 0x00000000cca00000, 0x00000000cca00000| Untracked 
|  31|0x00000000ccb00000, 0x00000000ccb00000, 0x00000000ccc00000|  0%| F|  |TAMS 0x00000000ccb00000, 0x00000000ccb00000| Untracked 
|  32|0x00000000ccc00000, 0x00000000ccc00000, 0x00000000ccd00000|  0%| F|  |TAMS 0x00000000ccc00000, 0x00000000ccc00000| Untracked 
|  33|0x00000000ccd00000, 0x00000000ccd00000, 0x00000000cce00000|  0%| F|  |TAMS 0x00000000ccd00000, 0x00000000ccd00000| Untracked 
|  34|0x00000000cce00000, 0x00000000cce00000, 0x00000000ccf00000|  0%| F|  |TAMS 0x00000000cce00000, 0x00000000cce00000| Untracked 
|  35|0x00000000ccf00000, 0x00000000ccf00000, 0x00000000cd000000|  0%| F|  |TAMS 0x00000000ccf00000, 0x00000000ccf00000| Untracked 
|  36|0x00000000cd000000, 0x00000000cd000000, 0x00000000cd100000|  0%| F|  |TAMS 0x00000000cd000000, 0x00000000cd000000| Untracked 
|  37|0x00000000cd100000, 0x00000000cd100000, 0x00000000cd200000|  0%| F|  |TAMS 0x00000000cd100000, 0x00000000cd100000| Untracked 
|  38|0x00000000cd200000, 0x00000000cd200000, 0x00000000cd300000|  0%| F|  |TAMS 0x00000000cd200000, 0x00000000cd200000| Untracked 
|  39|0x00000000cd300000, 0x00000000cd300000, 0x00000000cd400000|  0%| F|  |TAMS 0x00000000cd300000, 0x00000000cd300000| Untracked 
|  40|0x00000000cd400000, 0x00000000cd400000, 0x00000000cd500000|  0%| F|  |TAMS 0x00000000cd400000, 0x00000000cd400000| Untracked 
|  41|0x00000000cd500000, 0x00000000cd500000, 0x00000000cd600000|  0%| F|  |TAMS 0x00000000cd500000, 0x00000000cd500000| Untracked 
|  42|0x00000000cd600000, 0x00000000cd600000, 0x00000000cd700000|  0%| F|  |TAMS 0x00000000cd600000, 0x00000000cd600000| Untracked 
|  43|0x00000000cd700000, 0x00000000cd700000, 0x00000000cd800000|  0%| F|  |TAMS 0x00000000cd700000, 0x00000000cd700000| Untracked 
|  44|0x00000000cd800000, 0x00000000cd800000, 0x00000000cd900000|  0%| F|  |TAMS 0x00000000cd800000, 0x00000000cd800000| Untracked 
|  45|0x00000000cd900000, 0x00000000cd900000, 0x00000000cda00000|  0%| F|  |TAMS 0x00000000cd900000, 0x00000000cd900000| Untracked 
|  46|0x00000000cda00000, 0x00000000cda00000, 0x00000000cdb00000|  0%| F|  |TAMS 0x00000000cda00000, 0x00000000cda00000| Untracked 
|  47|0x00000000cdb00000, 0x00000000cdb00000, 0x00000000cdc00000|  0%| F|  |TAMS 0x00000000cdb00000, 0x00000000cdb00000| Untracked 
|  48|0x00000000cdc00000, 0x00000000cdc00000, 0x00000000cdd00000|  0%| F|  |TAMS 0x00000000cdc00000, 0x00000000cdc00000| Untracked 
|  49|0x00000000cdd00000, 0x00000000cdd00000, 0x00000000cde00000|  0%| F|  |TAMS 0x00000000cdd00000, 0x00000000cdd00000| Untracked 
|  50|0x00000000cde00000, 0x00000000cde00000, 0x00000000cdf00000|  0%| F|  |TAMS 0x00000000cde00000, 0x00000000cde00000| Untracked 
|  51|0x00000000cdf00000, 0x00000000cdf00000, 0x00000000ce000000|  0%| F|  |TAMS 0x00000000cdf00000, 0x00000000cdf00000| Untracked 
|  52|0x00000000ce000000, 0x00000000ce000000, 0x00000000ce100000|  0%| F|  |TAMS 0x00000000ce000000, 0x00000000ce000000| Untracked 
|  53|0x00000000ce100000, 0x00000000ce200000, 0x00000000ce200000|100%| E|  |TAMS 0x00000000ce100000, 0x00000000ce100000| Complete 

Card table byte_map: [0x00000201fef40000,0x00000201ff0f0000] _byte_map_base: 0x00000201fe8ea000

Marking Bits (Prev, Next): (CMBitMap*) 0x00000201f41e7c10, (CMBitMap*) 0x00000201f41e7c50
 Prev Bits: [0x00000201ff2a0000, 0x00000201ffff0000)
 Next Bits: [0x0000020180000000, 0x0000020180d50000)

Polling page: 0x00000201f38d0000

Metaspace:

Usage:
  Non-class:      3.19 MB used.
      Class:    277.58 KB used.
       Both:      3.46 MB used.

Virtual space:
  Non-class space:       64.00 MB reserved,       3.19 MB (  5%) committed,  1 nodes.
      Class space:        1.00 GB reserved,     320.00 KB ( <1%) committed,  1 nodes.
             Both:        1.06 GB reserved,       3.50 MB ( <1%) committed. 

Chunk freelists:
   Non-Class:  12.00 MB
       Class:  15.62 MB
        Both:  27.62 MB

MaxMetaspaceSize: unlimited
CompressedClassSpaceSize: 1.00 GB
Initial GC threshold: 21.00 MB
Current GC threshold: 21.00 MB
CDS: off
MetaspaceReclaimPolicy: balanced
 - commit_granule_bytes: 65536.
 - commit_granule_words: 8192.
 - virtual_space_node_default_size: 8388608.
 - enlarge_chunks_in_place: 1.
 - new_chunks_are_fully_committed: 0.
 - uncommit_free_chunks: 1.
 - use_allocation_guard: 0.
 - handle_deallocations: 1.


Internal statistics:

num_allocs_failed_limit: 0.
num_arena_births: 2.
num_arena_deaths: 0.
num_vsnodes_births: 2.
num_vsnodes_deaths: 0.
num_space_committed: 56.
num_space_uncommitted: 0.
num_chunks_returned_to_freelist: 0.
num_chunks_taken_from_freelist: 4.
num_chunk_merges: 0.
num_chunk_splits: 2.
num_chunks_enlarged: 0.
num_inconsistent_stats: 0.

CodeCache: size=49152Kb used=1051Kb max_used=1051Kb free=48100Kb
 bounds [0x00000201fba60000, 0x00000201fbcd0000, 0x00000201fea60000]
 total_blobs=315 nmethods=41 adapters=202
 compilation: enabled
              stopped_count=0, restarted_count=0
 full_count=0

Compilation events (20 events):
Event: 5.898 Thread 0x00000201839d0450   31       1       java.lang.StringLatin1::canEncode (13 bytes)
Event: 5.898 Thread 0x00000201839d0450 nmethod 31 0x00000201fbb63410 code [0x00000201fbb635a0, 0x00000201fbb63658]
Event: 6.164 Thread 0x00000201839d0450   32       1       java.lang.String::indexOf (29 bytes)
Event: 6.164 Thread 0x00000201839d0450 nmethod 32 0x00000201fbb63710 code [0x00000201fbb638c0, 0x00000201fbb63a18]
Event: 6.164 Thread 0x00000201839d0450   33       1       java.lang.StringLatin1::indexOf (36 bytes)
Event: 6.164 Thread 0x00000201839d0450 nmethod 33 0x00000201fbb63a90 code [0x00000201fbb63c20, 0x00000201fbb63db8]
Event: 6.201 Thread 0x00000201839d0450   34       1       java.lang.String::indexOf (7 bytes)
Event: 6.201 Thread 0x00000201839d0450 nmethod 34 0x00000201fbb63e90 code [0x00000201fbb64040, 0x00000201fbb64198]
Event: 6.420 Thread 0x00000201839d0450   35       1       java.lang.Math::min (11 bytes)
Event: 6.420 Thread 0x00000201839d0450 nmethod 35 0x00000201fbb64290 code [0x00000201fbb64420, 0x00000201fbb644d8]
Event: 6.643 Thread 0x00000201839d0450   36       1       java.io.File::getPrefixLength (5 bytes)
Event: 6.643 Thread 0x00000201839d0450 nmethod 36 0x00000201fbb64590 code [0x00000201fbb64720, 0x00000201fbb647f8]
Event: 6.788 Thread 0x00000201839d0450   37       1       java.util.concurrent.ConcurrentHashMap::tabAt (22 bytes)
Event: 6.789 Thread 0x00000201839d0450 nmethod 37 0x00000201fbb65310 code [0x00000201fbb654a0, 0x00000201fbb655b8]
Event: 6.789 Thread 0x00000201839d0450   41       1       java.util.ImmutableCollections$SetN$SetNIterator::next (90 bytes)
Event: 6.789 Thread 0x00000201839d0450 nmethod 41 0x00000201fbb65690 code [0x00000201fbb65840, 0x00000201fbb659c8]
Event: 6.789 Thread 0x00000201839d0450   38       1       jdk.internal.misc.Unsafe::getReferenceAcquire (7 bytes)
Event: 6.789 Thread 0x00000201839d0450 nmethod 38 0x00000201fbb65b10 code [0x00000201fbb65ca0, 0x00000201fbb65db8]
Event: 6.789 Thread 0x00000201839d0450   40       1       java.util.concurrent.ConcurrentHashMap::spread (10 bytes)
Event: 6.789 Thread 0x00000201839d0450 nmethod 40 0x00000201fbb65e10 code [0x00000201fbb65fa0, 0x00000201fbb66058]

GC Heap History (0 events):
No events

Deoptimization events (0 events):
No events

Classes unloaded (0 events):
No events

Classes redefined (0 events):
No events

Internal exceptions (0 events):
No events

VM Operations (2 events):
Event: 5.335 Executing VM operation: Cleanup
Event: 5.335 Executing VM operation: Cleanup done

Events (20 events):
Event: 6.821 loading class java/lang/Class$3 done
Event: 6.821 loading class sun/reflect/annotation/AnnotationParser
Event: 6.822 loading class sun/reflect/annotation/AnnotationParser done
Event: 6.822 loading class jdk/internal/reflect/NativeMethodAccessorImpl
Event: 6.822 loading class jdk/internal/reflect/NativeMethodAccessorImpl done
Event: 6.822 loading class jdk/internal/reflect/DelegatingMethodAccessorImpl
Event: 6.822 loading class jdk/internal/reflect/DelegatingMethodAccessorImpl done
Event: 6.823 loading class java/lang/invoke/LambdaMetafactory
Event: 6.823 loading class java/lang/invoke/LambdaMetafactory done
Event: 6.823 loading class java/lang/invoke/MethodType$ConcurrentWeakInternSet
Event: 6.823 loading class java/lang/invoke/MethodType$ConcurrentWeakInternSet done
Event: 6.823 loading class java/lang/Void
Event: 6.823 loading class java/lang/Void done
Event: 6.823 loading class java/lang/invoke/MethodTypeForm
Event: 6.823 loading class java/lang/invoke/MethodTypeForm done
Event: 6.823 loading class java/lang/invoke/MethodType$ConcurrentWeakInternSet$WeakEntry
Event: 6.823 loading class java/lang/invoke/MethodType$ConcurrentWeakInternSet$WeakEntry done
Event: 6.824 loading class sun/invoke/util/Wrapper
Event: 6.857 loading class sun/invoke/util/Wrapper done
Event: 6.857 loading class sun/invoke/util/Wrapper$Format


Dynamic libraries:
0x00007ff75f090000 - 0x00007ff75f0a0000 	C:\Program Files\Java\jdk-17\bin\javaw.exe
0x00007ff809f00000 - 0x00007ff80a168000 	C:\WINDOWS\SYSTEM32\ntdll.dll
0x00007ff808c30000 - 0x00007ff808cf9000 	C:\WINDOWS\System32\KERNEL32.DLL
0x00007ff8073f0000 - 0x00007ff8077e8000 	C:\WINDOWS\System32\KERNELBASE.dll
0x00007ff8078b0000 - 0x00007ff8079fb000 	C:\WINDOWS\System32\ucrtbase.dll
0x00007ffff10d0000 - 0x00007ffff10eb000 	C:\Program Files\Java\jdk-17\bin\VCRUNTIME140.dll
0x00007fffdfea0000 - 0x00007fffdfeb9000 	C:\Program Files\Java\jdk-17\bin\jli.dll
0x00007ff8088a0000 - 0x00007ff808954000 	C:\WINDOWS\System32\ADVAPI32.dll
0x00007ff8096a0000 - 0x00007ff809749000 	C:\WINDOWS\System32\msvcrt.dll
0x00007ff807cb0000 - 0x00007ff807d56000 	C:\WINDOWS\System32\sechost.dll
0x00007ff808d00000 - 0x00007ff808e18000 	C:\WINDOWS\System32\RPCRT4.dll
0x00007ff808a60000 - 0x00007ff808c27000 	C:\WINDOWS\System32\USER32.dll
0x00007ff8073c0000 - 0x00007ff8073e7000 	C:\WINDOWS\System32\win32u.dll
0x00007ff808450000 - 0x00007ff80847b000 	C:\WINDOWS\System32\GDI32.dll
0x00007ff807b70000 - 0x00007ff807c9c000 	C:\WINDOWS\System32\gdi32full.dll
0x00007fffee1b0000 - 0x00007fffee444000 	C:\WINDOWS\WinSxS\amd64_microsoft.windows.common-controls_6595b64144ccf1df_6.0.26100.7019_none_3e06ffa0e335b8a8\COMCTL32.dll
0x00007ff807100000 - 0x00007ff8071a3000 	C:\WINDOWS\System32\msvcp_win.dll
0x00007ff8002f0000 - 0x00007ff8002fb000 	C:\WINDOWS\SYSTEM32\VERSION.dll
0x00007ff808a20000 - 0x00007ff808a51000 	C:\WINDOWS\System32\IMM32.DLL
0x00007fffeec70000 - 0x00007fffeec7c000 	C:\Program Files\Java\jdk-17\bin\vcruntime140_1.dll
0x00007fff87d00000 - 0x00007fff87d8e000 	C:\Program Files\Java\jdk-17\bin\msvcp140.dll
0x00007fff64e90000 - 0x00007fff65a70000 	C:\Program Files\Java\jdk-17\bin\server\jvm.dll
0x00007ff809750000 - 0x00007ff809758000 	C:\WINDOWS\System32\PSAPI.DLL
0x00007ff800000000 - 0x00007ff800035000 	C:\WINDOWS\SYSTEM32\WINMM.dll
0x00007ffff2760000 - 0x00007ffff276a000 	C:\WINDOWS\SYSTEM32\WSOCK32.dll
0x00007ff8092b0000 - 0x00007ff809324000 	C:\WINDOWS\System32\ws2_32.DLL
0x00007ff805e10000 - 0x00007ff805e2b000 	C:\WINDOWS\SYSTEM32\kernel.appcore.dll
0x00007fffee970000 - 0x00007fffee97a000 	C:\Program Files\Java\jdk-17\bin\jimage.dll
0x00007ffffc2a0000 - 0x00007ffffc4e2000 	C:\WINDOWS\SYSTEM32\DBGHELP.DLL
0x00007ff808510000 - 0x00007ff80889b000 	C:\WINDOWS\System32\combase.dll
0x00007ff8093f0000 - 0x00007ff8094c7000 	C:\WINDOWS\System32\OLEAUT32.dll
0x00007fffeced0000 - 0x00007fffecf0c000 	C:\WINDOWS\SYSTEM32\dbgcore.DLL
0x00007ff807050000 - 0x00007ff8070f5000 	C:\WINDOWS\System32\bcryptPrimitives.dll
0x00007fffcb830000 - 0x00007fffcb855000 	C:\Program Files\Java\jdk-17\bin\java.dll
0x00007fff87c20000 - 0x00007fff87cf7000 	C:\Program Files\Java\jdk-17\bin\jsvml.dll
0x00007ff809760000 - 0x00007ff809eaf000 	C:\WINDOWS\System32\SHELL32.dll
0x00007ff807a00000 - 0x00007ff807b6b000 	C:\WINDOWS\System32\wintypes.dll
0x00007ff804c90000 - 0x00007ff8054ed000 	C:\WINDOWS\SYSTEM32\windows.storage.dll
0x00007ff809580000 - 0x00007ff809672000 	C:\WINDOWS\System32\SHCORE.dll
0x00007ff808100000 - 0x00007ff808167000 	C:\WINDOWS\System32\shlwapi.dll
0x00007ff806f70000 - 0x00007ff806f99000 	C:\WINDOWS\SYSTEM32\profapi.dll

dbghelp: loaded successfully - version: 4.0.5 - missing functions: none
symbol engine: initialized successfully - sym options: 0x614 - pdb path: .;C:\Program Files\Java\jdk-17\bin;C:\WINDOWS\SYSTEM32;C:\WINDOWS\WinSxS\amd64_microsoft.windows.common-controls_6595b64144ccf1df_6.0.26100.7019_none_3e06ffa0e335b8a8;C:\Program Files\Java\jdk-17\bin\server

VM Arguments:
jvm_args: -Dcom.sun.management.jmxremote -Dcom.sun.management.jmxremote.port=53716 -Dcom.sun.management.jmxremote.authenticate=false -Dcom.sun.management.jmxremote.ssl=false -Djava.rmi.server.hostname=localhost -Dspring.jmx.enabled=true -Dmanagement.endpoints.jmx.exposure.include=* -Dspring.application.admin.enabled=true -Dspring.output.ansi.enabled=always -XX:TieredStopAtLevel=1 -Dspring.boot.project.name=lostFoundApplication -Dfile.encoding=UTF-8 -Dstdout.encoding=UTF-8 -Dstderr.encoding=UTF-8 -XX:+ShowCodeDetailsInExceptionMessages 
java_command: com.infosys.lostFoundApplication.LostFoundApplication
java_class_path (initial): C:\InfosysProject\LostFoundProject\lostFoundApplication\target\classes;C:\Users\HOME PC\.m2\repository\org\springframework\boot\spring-boot-starter-data-jpa\3.5.7\spring-boot-starter-data-jpa-3.5.7.jar;C:\Users\HOME PC\.m2\repository\org\springframework\boot\spring-boot-starter\3.5.7\spring-boot-starter-3.5.7.jar;C:\Users\HOME PC\.m2\repository\org\springframework\boot\spring-boot\3.5.7\spring-boot-3.5.7.jar;C:\Users\HOME PC\.m2\repository\org\springframework\boot\spring-boot-autoconfigure\3.5.7\spring-boot-autoconfigure-3.5.7.jar;C:\Users\HOME PC\.m2\repository\org\springframework\boot\spring-boot-starter-logging\3.5.7\spring-boot-starter-logging-3.5.7.jar;C:\Users\HOME PC\.m2\repository\ch\qos\logback\logback-classic\1.5.20\logback-classic-1.5.20.jar;C:\Users\HOME PC\.m2\repository\ch\qos\logback\logback-core\1.5.20\logback-core-1.5.20.jar;C:\Users\HOME PC\.m2\repository\org\apache\logging\log4j\log4j-to-slf4j\2.24.3\log4j-to-slf4j-2.24.3.jar;C:\Users\HOME PC\.m2\repository\org\apache\logging\log4j\log4j-api\2.24.3\log4j-api-2.24.3.jar;C:\Users\HOME PC\.m2\repository\org\slf4j\jul-to-slf4j\2.0.17\jul-to-slf4j-2.0.17.jar;C:\Users\HOME PC\.m2\repository\jakarta\annotation\jakarta.annotation-api\2.1.1\jakarta.annotation-api-2.1.1.jar;C:\Users\HOME PC\.m2\repository\org\yaml\snakeyaml\2.4\snakeyaml-2.4.jar;C:\Users\HOME PC\.m2\repository\org\springframework\boot\spring-boot-starter-jdbc\3.5.7\spring-boot-starter-jdbc-3.5.7.jar;C:\Users\HOME PC\.m2\repository\com\zaxxer\HikariCP\6.3.3\HikariCP-6.3.3.jar;C:\Users\HOME PC\.m2\repository\org\springframework\spring-jdbc\6.2.12\spring-jdbc-6.2.12.jar;C:\Users\HOME PC\.m2\repository\org\hibernate\orm\hibernate-core\6.6.33.Final\hibernate-core-6.6.33.Final.jar;C:\Users\HOME PC\.m2\repository\jakarta\persistence\jakarta.persistence-api\3.1.0\jakarta.persistence-api-3.1.0.jar;C:\Users\HOME PC\.m2\repository\jakarta\transaction\jakarta.transaction-api\2.0.1\jakarta.transaction-api-2.0.1.jar;C:\Users\
Launcher Type: SUN_STANDARD

[Global flags]
     intx CICompilerCount                          = 4                                         {product} {ergonomic}
     uint ConcGCThreads                            = 3                                         {product} {ergonomic}
     uint G1ConcRefinementThreads                  = 10                                        {product} {ergonomic}
   size_t G1HeapRegionSize                         = 1048576                                   {product} {ergonomic}
    uintx GCDrainStackTargetSize                   = 64                                        {product} {ergonomic}
   size_t InitialHeapSize                          = 56623104                                  {product} {ergonomic}
     bool ManagementServer                         = true                                      {product} {command line}
   size_t MarkStackSize                            = 4194304                                   {product} {ergonomic}
   size_t MaxHeapSize                              = 893386752                                 {product} {ergonomic}
   size_t MaxNewSize                               = 535822336                                 {product} {ergonomic}
   size_t MinHeapDeltaBytes                        = 1048576                                   {product} {ergonomic}
   size_t MinHeapSize                              = 8388608                                   {product} {ergonomic}
    uintx NonProfiledCodeHeapSize                  = 0                                      {pd product} {ergonomic}
     bool ProfileInterpreter                       = false                                  {pd product} {command line}
    uintx ProfiledCodeHeapSize                     = 0                                      {pd product} {ergonomic}
     bool ShowCodeDetailsInExceptionMessages       = true                                   {manageable} {command line}
   size_t SoftMaxHeapSize                          = 893386752                              {manageable} {ergonomic}
     intx TieredStopAtLevel                        = 1                                         {product} {command line}
     bool UseCompressedClassPointers               = true                           {product lp64_product} {ergonomic}
     bool UseCompressedOops                        = true                           {product lp64_product} {ergonomic}
     bool UseG1GC                                  = true                                      {product} {ergonomic}
     bool UseLargePagesIndividualAllocation        = false                                  {pd product} {ergonomic}

Logging:
Log output configuration:
 #0: stdout all=warning uptime,level,tags
 #1: stderr all=off uptime,level,tags

Environment Variables:
PATH=C:/Users/HOME PC/.p2/pool/plugins/org.eclipse.justj.openjdk.hotspot.jre.full.win32.x86_64_21.0.9.v20251105-0741/jre/bin/server;C:/Users/HOME PC/.p2/pool/plugins/org.eclipse.justj.openjdk.hotspot.jre.full.win32.x86_64_21.0.9.v20251105-0741/jre/bin;C:\Program Files\Common Files\Oracle\Java\javapath;C:\WINDOWS\system32;C:\WINDOWS;C:\WINDOWS\System32\Wbem;C:\WINDOWS\System32\WindowsPowerShell\v1.0\;C:\WINDOWS\System32\OpenSSH\;C:\Program Files\nodejs\;C:\Program Files\MySQL\MySQL Server 8.0\bin;C:\Users\HOME PC\AppData\Local\Programs\Python\Python313\Scripts\;C:\Users\HOME PC\AppData\Local\Programs\Python\Python313\;C:\Users\HOME PC\AppData\Local\Programs\Python\Launcher\;C:\Users\HOME PC\AppData\Local\Microsoft\WindowsApps;C:\Users\HOME PC\AppData\Local\Programs\Git\cmd;C:\Users\HOME PC\AppData\Local\Programs\Microsoft VS Code\bin;C:\Users\HOME PC\AppData\Local\Programs\mongosh\;C:\Users\HOME PC\AppData\Roaming\npm;C:\Users\HOME PC\OneDrive\Desktop;
USERNAME=HOME PC
OS=Windows_NT
PROCESSOR_IDENTIFIER=AMD64 Family 23 Model 104 Stepping 1, AuthenticAMD



---------------  S Y S T E M  ---------------

OS:
 Windows 11 , 64 bit Build 26100 (10.0.26100.7019)
OS uptime: 0 days 23:11 hours

CPU: total 12 (initial active 12) (12 cores per cpu, 2 threads per core) family 23 model 104 stepping 1 microcode 0x8608109, cx8, cmov, fxsr, ht, mmx, 3dnowpref, sse, sse2, sse3, ssse3, sse4a, sse4.1, sse4.2, popcnt, lzcnt, tsc, tscinvbit, avx, avx2, aes, clmul, bmi1, bmi2, adx, sha, fma, vzeroupper, clflush, clflushopt

Memory: 4k page, system-wide physical 3405M (318M free)
TotalPageFile size 13645M (AvailPageFile size 0M)
current process WorkingSet (physical memory assigned to process): 24M, peak: 24M
current process commit charge ("private bytes"): 122M, peak: 122M

vm_info: Java HotSpot(TM) 64-Bit Server VM (17.0.12+8-LTS-286) for windows-amd64 JRE (17.0.12+8-LTS-286), built on Jun  5 2024 06:46:59 by "mach5one" with MS VC++ 17.6 (VS2022)

END.
