#
# There is insufficient memory for the Java Runtime Environment to continue.
# Native memory allocation (mmap) failed to map 188743680 bytes for G1 virtual space
# Possible reasons:
#   The system is out of physical RAM or swap space
#   The process is running with CompressedOops enabled, and the Java Heap may be blocking the growth of the native heap
# Possible solutions:
#   Reduce memory load on the system
#   Increase physical memory or swap space
#   Check if swap backing store is full
#   Decrease Java heap size (-Xmx/-Xms)
#   Decrease number of Java threads
#   Decrease Java thread stack sizes (-Xss)
#   Set larger code cache with -XX:ReservedCodeCacheSize=
#   JVM is running with Unscaled Compressed Oops mode in which the Java heap is
#     placed in the first 4GB address space. The Java Heap base address is the
#     maximum limit for the native heap growth. Please use -XX:HeapBaseMinAddress
#     to set the Java Heap base and to place the Java Heap above 4GB virtual address.
# This output file may be truncated or incomplete.
#
#  Out of Memory Error (os_windows.cpp:3548), pid=27168, tid=26224
#
# JRE version: Java(TM) SE Runtime Environment (17.0.12+8) (build 17.0.12+8-LTS-286)
# Java VM: Java HotSpot(TM) 64-Bit Server VM (17.0.12+8-LTS-286, mixed mode, sharing, tiered, compressed oops, compressed class ptrs, g1 gc, windows-amd64)
# No core dump will be written. Minidumps are not enabled by default on client versions of Windows
#

---------------  S U M M A R Y ------------

Command Line: C:\Users\HOME PC\AppData\Local\Temp\surefire3494028405163965863\surefirebooter-20260103221704102_3.jar C:\Users\HOME PC\AppData\Local\Temp\surefire3494028405163965863 2026-01-03T22-17-03_769-jvmRun1 surefire-20260103221704102_1tmp surefire_0-20260103221704102_2tmp

Host: AMD Ryzen 5 5500U with Radeon Graphics         , 12 cores, 3G,  Windows 11 , 64 bit Build 26100 (10.0.26100.7309)
Time: Sat Jan  3 22:17:18 2026 India Standard Time elapsed time: 14.171313 seconds (0d 0h 0m 14s)

---------------  T H R E A D  ---------------

Current thread (0x0000012de440de60):  VMThread "VM Thread" [stack: 0x0000002312f00000,0x0000002313000000] [id=26224]

Stack: [0x0000002312f00000,0x0000002313000000]
Native frames: (J=compiled Java code, j=interpreted, Vv=VM code, C=native code)
V  [jvm.dll+0x67a04a]
V  [jvm.dll+0x7da4ed]
V  [jvm.dll+0x7dbe33]
V  [jvm.dll+0x7dc4a3]
V  [jvm.dll+0x24508f]
V  [jvm.dll+0x677089]
V  [jvm.dll+0x66bd32]
V  [jvm.dll+0x301fa6]
V  [jvm.dll+0x309546]
V  [jvm.dll+0x359d2e]
V  [jvm.dll+0x359f5f]
V  [jvm.dll+0x2d9078]
V  [jvm.dll+0x2d74ad]
V  [jvm.dll+0x2d6afc]
V  [jvm.dll+0x31a65b]
V  [jvm.dll+0x7e0d9b]
V  [jvm.dll+0x7e1ad4]
V  [jvm.dll+0x7e1fed]
V  [jvm.dll+0x7e23c4]
V  [jvm.dll+0x7e2490]
V  [jvm.dll+0x78abea]
V  [jvm.dll+0x678f35]
C  [ucrtbase.dll+0x37b0]
C  [KERNEL32.DLL+0x2e8d7]
C  [ntdll.dll+0x8c53c]

VM_Operation (0x00000023129faf00): G1CollectForAllocation, mode: safepoint, requested by thread 0x0000012dc6cfd0e0


---------------  P R O C E S S  ---------------

Threads class SMR info:
_java_thread_list=0x0000012de9742940, length=17, elements={
0x0000012dc6cfd0e0, 0x0000012de4414330, 0x0000012de4416980, 0x0000012de442b830,
0x0000012de442c100, 0x0000012de442d540, 0x0000012de442e980, 0x0000012de4432c70,
0x0000012de445c110, 0x0000012de4465b70, 0x0000012de46acd50, 0x0000012de46afe60,
0x0000012de91ae8d0, 0x0000012de491a0f0, 0x0000012de9da78c0, 0x0000012de9c859b0,
0x0000012de9c84f90
}

Java Threads: ( => current thread )
  0x0000012dc6cfd0e0 JavaThread "main" [_thread_blocked, id=4168, stack(0x0000002312900000,0x0000002312a00000)]
  0x0000012de4414330 JavaThread "Reference Handler" daemon [_thread_blocked, id=24560, stack(0x0000002313000000,0x0000002313100000)]
  0x0000012de4416980 JavaThread "Finalizer" daemon [_thread_blocked, id=24160, stack(0x0000002313100000,0x0000002313200000)]
  0x0000012de442b830 JavaThread "Signal Dispatcher" daemon [_thread_blocked, id=22616, stack(0x0000002313200000,0x0000002313300000)]
  0x0000012de442c100 JavaThread "Attach Listener" daemon [_thread_blocked, id=15852, stack(0x0000002313300000,0x0000002313400000)]
  0x0000012de442d540 JavaThread "Service Thread" daemon [_thread_blocked, id=27520, stack(0x0000002313400000,0x0000002313500000)]
  0x0000012de442e980 JavaThread "Monitor Deflation Thread" daemon [_thread_blocked, id=19412, stack(0x0000002313500000,0x0000002313600000)]
  0x0000012de4432c70 JavaThread "C2 CompilerThread0" daemon [_thread_blocked, id=24784, stack(0x0000002313600000,0x0000002313700000)]
  0x0000012de445c110 JavaThread "C1 CompilerThread0" daemon [_thread_blocked, id=16396, stack(0x0000002313700000,0x0000002313800000)]
  0x0000012de4465b70 JavaThread "Sweeper thread" daemon [_thread_blocked, id=23288, stack(0x0000002313800000,0x0000002313900000)]
  0x0000012de46acd50 JavaThread "Notification Thread" daemon [_thread_blocked, id=10404, stack(0x0000002313900000,0x0000002313a00000)]
  0x0000012de46afe60 JavaThread "Common-Cleaner" daemon [_thread_blocked, id=18108, stack(0x0000002313b00000,0x0000002313c00000)]
  0x0000012de91ae8d0 JavaThread "surefire-forkedjvm-stream-flusher" daemon [_thread_blocked, id=2472, stack(0x0000002313c00000,0x0000002313d00000)]
  0x0000012de491a0f0 JavaThread "surefire-forkedjvm-command-thread" daemon [_thread_in_native, id=11688, stack(0x0000002313d00000,0x0000002313e00000)]
  0x0000012de9da78c0 JavaThread "C2 CompilerThread1" daemon [_thread_blocked, id=14720, stack(0x0000002314800000,0x0000002314900000)]
  0x0000012de9c859b0 JavaThread "mysql-cj-abandoned-connection-cleanup" daemon [_thread_blocked, id=23448, stack(0x0000002314900000,0x0000002314a00000)]
  0x0000012de9c84f90 JavaThread "HikariPool-1:housekeeper" daemon [_thread_blocked, id=27100, stack(0x0000002314d00000,0x0000002314e00000)]

Other Threads:
=>0x0000012de440de60 VMThread "VM Thread" [stack: 0x0000002312f00000,0x0000002313000000] [id=26224]
  0x0000012dc6d497b0 WatcherThread [stack: 0x0000002313a00000,0x0000002313b00000] [id=19312]
  0x0000012dc6d384e0 GCTaskThread "GC Thread#0" [stack: 0x0000002312a00000,0x0000002312b00000] [id=11928]
  0x0000012de99396a0 GCTaskThread "GC Thread#1" [stack: 0x0000002313e00000,0x0000002313f00000] [id=19228]
  0x0000012de97a5e10 GCTaskThread "GC Thread#2" [stack: 0x0000002313f00000,0x0000002314000000] [id=11944]
  0x0000012de97a60d0 GCTaskThread "GC Thread#3" [stack: 0x0000002314000000,0x0000002314100000] [id=9936]
  0x0000012de9343880 GCTaskThread "GC Thread#4" [stack: 0x0000002314100000,0x0000002314200000] [id=26352]
  0x0000012de9343b40 GCTaskThread "GC Thread#5" [stack: 0x0000002314200000,0x0000002314300000] [id=28312]
  0x0000012de97e7860 GCTaskThread "GC Thread#6" [stack: 0x0000002314300000,0x0000002314400000] [id=11060]
  0x0000012de9ba9ce0 GCTaskThread "GC Thread#7" [stack: 0x0000002314500000,0x0000002314600000] [id=13044]
  0x0000012de9ba9fa0 GCTaskThread "GC Thread#8" [stack: 0x0000002314600000,0x0000002314700000] [id=8032]
  0x0000012de9baa260 GCTaskThread "GC Thread#9" [stack: 0x0000002314700000,0x0000002314800000] [id=25204]
  0x0000012dc6d40dd0 ConcurrentGCThread "G1 Main Marker" [stack: 0x0000002312b00000,0x0000002312c00000] [id=8340]
  0x0000012dc6d423c0 ConcurrentGCThread "G1 Conc#0" [stack: 0x0000002312c00000,0x0000002312d00000] [id=22456]
  0x0000012de9ed7c30 ConcurrentGCThread "G1 Conc#1" [stack: 0x0000002314a00000,0x0000002314b00000] [id=28472]
  0x0000012de9ed6630 ConcurrentGCThread "G1 Conc#2" [stack: 0x0000002314b00000,0x0000002314c00000] [id=25652]
  0x0000012dc6dbcaf0 ConcurrentGCThread "G1 Refine#0" [stack: 0x0000002312d00000,0x0000002312e00000] [id=8316]
  0x0000012de97e7b20 ConcurrentGCThread "G1 Refine#1" [stack: 0x0000002314400000,0x0000002314500000] [id=22880]
  0x0000012deba86e00 ConcurrentGCThread "G1 Refine#2" [stack: 0x0000002314f00000,0x0000002315000000] [id=1040]
  0x0000012deba85390 ConcurrentGCThread "G1 Refine#3" [stack: 0x0000002315000000,0x0000002315100000] [id=25004]
  0x0000012decd62550 ConcurrentGCThread "G1 Refine#4" [stack: 0x0000002315100000,0x0000002315200000] [id=14824]
  0x0000012decd61c80 ConcurrentGCThread "G1 Refine#5" [stack: 0x0000002315200000,0x0000002315300000] [id=4004]
  0x0000012decd60210 ConcurrentGCThread "G1 Refine#6" [stack: 0x0000002315300000,0x0000002315400000] [id=25388]
  0x0000012decd61f70 ConcurrentGCThread "G1 Refine#7" [stack: 0x0000002315400000,0x0000002315500000] [id=14236]
  0x0000012dc6dbe2e0 ConcurrentGCThread "G1 Service" [stack: 0x0000002312e00000,0x0000002312f00000] [id=17288]

Threads with active compile tasks:
C2 CompilerThread0    14224 6745   !   4       org.springframework.util.ClassUtils::getMostSpecificMethod (83 bytes)
C2 CompilerThread1    14224 6698       4       org.springframework.core.annotation.TypeMappedAnnotations$IsPresent::doWithAnnotations (183 bytes)

VM state: at safepoint (normal execution)

VM Mutex/Monitor currently owned by a thread:  ([mutex/lock_event])
[0x0000012dc6809150] Threads_lock - owner thread: 0x0000012de440de60
[0x0000012dc6cfb3f0] Heap_lock - owner thread: 0x0000012dc6cfd0e0

Heap address: 0x00000000cac00000, size: 852 MB, Compressed Oops mode: 32-bit

CDS archive(s) mapped at: [0x0000012d80000000-0x0000012d80bd0000-0x0000012d80bd0000), size 12386304, SharedBaseAddress: 0x0000012d80000000, ArchiveRelocationMode: 1.
Compressed class space mapped at: 0x0000012d81000000-0x0000012dc1000000, reserved size: 1073741824
Narrow klass base: 0x0000012d80000000, Narrow klass shift: 0, Narrow klass range: 0x100000000

GC Precious Log:
 CPUs: 12 total, 12 available
 Memory: 3405M
 Large Page Support: Disabled
 NUMA Support: Disabled
 Compressed Oops: Enabled (32-bit)
 Heap Region Size: 1M
 Heap Min Capacity: 8M
 Heap Initial Capacity: 54M
 Heap Max Capacity: 852M
 Pre-touch: Disabled
 Parallel Workers: 10
 Concurrent Workers: 3
 Concurrent Refinement Workers: 10
 Periodic GC: Disabled

Heap:
 garbage-first heap   total 348160K, used 152813K [0x00000000cac00000, 0x0000000100000000)
  region size 1024K, 4 young (4096K), 4 survivors (4096K)
 Metaspace       used 73874K, committed 74432K, reserved 1114112K
  class space    used 10473K, committed 10752K, reserved 1048576K

Heap Regions: E=young(eden), S=young(survivor), O=old, HS=humongous(starts), HC=humongous(continues), CS=collection set, F=free, OA=open archive, CA=closed archive, TAMS=top-at-mark-start (previous, next)
|   0|0x00000000cac00000, 0x00000000cad00000, 0x00000000cad00000|100%|HS|  |TAMS 0x00000000cad00000, 0x00000000cac00000| Complete 
|   1|0x00000000cad00000, 0x00000000cae00000, 0x00000000cae00000|100%|HS|  |TAMS 0x00000000cae00000, 0x00000000cad00000| Complete 
|   2|0x00000000cae00000, 0x00000000caf00000, 0x00000000caf00000|100%| O|  |TAMS 0x00000000caf00000, 0x00000000cae00000| Untracked 
|   3|0x00000000caf00000, 0x00000000cb000000, 0x00000000cb000000|100%| O|  |TAMS 0x00000000cb000000, 0x00000000caf00000| Untracked 
|   4|0x00000000cb000000, 0x00000000cb100000, 0x00000000cb100000|100%| O|  |TAMS 0x00000000cb100000, 0x00000000cb000000| Untracked 
|   5|0x00000000cb100000, 0x00000000cb200000, 0x00000000cb200000|100%| O|  |TAMS 0x00000000cb200000, 0x00000000cb100000| Untracked 
|   6|0x00000000cb200000, 0x00000000cb300000, 0x00000000cb300000|100%| O|  |TAMS 0x00000000cb300000, 0x00000000cb200000| Untracked 
|   7|0x00000000cb300000, 0x00000000cb400000, 0x00000000cb400000|100%| O|  |TAMS 0x00000000cb400000, 0x00000000cb300000| Untracked 
|   8|0x00000000cb400000, 0x00000000cb500000, 0x00000000cb500000|100%| O|  |TAMS 0x00000000cb500000, 0x00000000cb400000| Untracked 
|   9|0x00000000cb500000, 0x00000000cb600000, 0x00000000cb600000|100%| O|  |TAMS 0x00000000cb600000, 0x00000000cb500000| Untracked 
|  10|0x00000000cb600000, 0x00000000cb700000, 0x00000000cb700000|100%| O|  |TAMS 0x00000000cb700000, 0x00000000cb600000| Untracked 
|  11|0x00000000cb700000, 0x00000000cb7de400, 0x00000000cb800000| 86%| O|  |TAMS 0x00000000cb7de400, 0x00000000cb700000| Untracked 
|  12|0x00000000cb800000, 0x00000000cb900000, 0x00000000cb900000|100%| O|  |TAMS 0x00000000cb900000, 0x00000000cb800000| Untracked 
|  13|0x00000000cb900000, 0x00000000cba00000, 0x00000000cba00000|100%| O|  |TAMS 0x00000000cba00000, 0x00000000cb900000| Untracked 
|  14|0x00000000cba00000, 0x00000000cbb00000, 0x00000000cbb00000|100%| O|  |TAMS 0x00000000cbb00000, 0x00000000cba00000| Untracked 
|  15|0x00000000cbb00000, 0x00000000cbc00000, 0x00000000cbc00000|100%| O|  |TAMS 0x00000000cbc00000, 0x00000000cbb00000| Untracked 
|  16|0x00000000cbc00000, 0x00000000cbd00000, 0x00000000cbd00000|100%| O|  |TAMS 0x00000000cbd00000, 0x00000000cbc00000| Untracked 
|  17|0x00000000cbd00000, 0x00000000cbe00000, 0x00000000cbe00000|100%| O|  |TAMS 0x00000000cbe00000, 0x00000000cbd00000| Untracked 
|  18|0x00000000cbe00000, 0x00000000cbf00000, 0x00000000cbf00000|100%| O|  |TAMS 0x00000000cbf00000, 0x00000000cbe00000| Untracked 
|  19|0x00000000cbf00000, 0x00000000cc000000, 0x00000000cc000000|100%| O|  |TAMS 0x00000000cc000000, 0x00000000cbf00000| Untracked 
|  20|0x00000000cc000000, 0x00000000cc100000, 0x00000000cc100000|100%| O|  |TAMS 0x00000000cc100000, 0x00000000cc000000| Untracked 
|  21|0x00000000cc100000, 0x00000000cc200000, 0x00000000cc200000|100%| O|  |TAMS 0x00000000cc200000, 0x00000000cc100000| Untracked 
|  22|0x00000000cc200000, 0x00000000cc300000, 0x00000000cc300000|100%| O|  |TAMS 0x00000000cc300000, 0x00000000cc200000| Untracked 
|  23|0x00000000cc300000, 0x00000000cc3a3e00, 0x00000000cc400000| 64%| O|  |TAMS 0x00000000cc3a3e00, 0x00000000cc300000| Untracked 
|  24|0x00000000cc400000, 0x00000000cc500000, 0x00000000cc500000|100%| O|  |TAMS 0x00000000cc500000, 0x00000000cc400000| Untracked 
|  25|0x00000000cc500000, 0x00000000cc600000, 0x00000000cc600000|100%| O|  |TAMS 0x00000000cc600000, 0x00000000cc500000| Untracked 
|  26|0x00000000cc600000, 0x00000000cc700000, 0x00000000cc700000|100%| O|  |TAMS 0x00000000cc700000, 0x00000000cc600000| Untracked 
|  27|0x00000000cc700000, 0x00000000cc800000, 0x00000000cc800000|100%| O|  |TAMS 0x00000000cc800000, 0x00000000cc700000| Untracked 
|  28|0x00000000cc800000, 0x00000000cc900000, 0x00000000cc900000|100%| O|  |TAMS 0x00000000cc900000, 0x00000000cc800000| Untracked 
|  29|0x00000000cc900000, 0x00000000cca00000, 0x00000000cca00000|100%| O|  |TAMS 0x00000000cca00000, 0x00000000cc900000| Untracked 
|  30|0x00000000cca00000, 0x00000000ccb00000, 0x00000000ccb00000|100%| O|  |TAMS 0x00000000ccb00000, 0x00000000cca00000| Untracked 
|  31|0x00000000ccb00000, 0x00000000ccc00000, 0x00000000ccc00000|100%| O|  |TAMS 0x00000000ccc00000, 0x00000000ccb00000| Untracked 
|  32|0x00000000ccc00000, 0x00000000ccd00000, 0x00000000ccd00000|100%| O|  |TAMS 0x00000000ccd00000, 0x00000000ccc00000| Untracked 
|  33|0x00000000ccd00000, 0x00000000cce00000, 0x00000000cce00000|100%| O|  |TAMS 0x00000000cce00000, 0x00000000ccd00000| Untracked 
|  34|0x00000000cce00000, 0x00000000ccf00000, 0x00000000ccf00000|100%| O|  |TAMS 0x00000000ccf00000, 0x00000000cce00000| Untracked 
|  35|0x00000000ccf00000, 0x00000000cd000000, 0x00000000cd000000|100%| O|  |TAMS 0x00000000cd000000, 0x00000000ccf00000| Untracked 
|  36|0x00000000cd000000, 0x00000000cd100000, 0x00000000cd100000|100%| O|  |TAMS 0x00000000cd100000, 0x00000000cd000000| Untracked 
|  37|0x00000000cd100000, 0x00000000cd200000, 0x00000000cd200000|100%| O|  |TAMS 0x00000000cd200000, 0x00000000cd100000| Untracked 
|  38|0x00000000cd200000, 0x00000000cd300000, 0x00000000cd300000|100%| O|  |TAMS 0x00000000cd300000, 0x00000000cd200000| Untracked 
|  39|0x00000000cd300000, 0x00000000cd400000, 0x00000000cd400000|100%| O|  |TAMS 0x00000000cd400000, 0x00000000cd300000| Untracked 
|  40|0x00000000cd400000, 0x00000000cd500000, 0x00000000cd500000|100%| O|  |TAMS 0x00000000cd500000, 0x00000000cd400000| Untracked 
|  41|0x00000000cd500000, 0x00000000cd600000, 0x00000000cd600000|100%| O|  |TAMS 0x00000000cd600000, 0x00000000cd500000| Untracked 
|  42|0x00000000cd600000, 0x00000000cd700000, 0x00000000cd700000|100%| O|  |TAMS 0x00000000cd700000, 0x00000000cd600000| Untracked 
|  43|0x00000000cd700000, 0x00000000cd800000, 0x00000000cd800000|100%| O|  |TAMS 0x00000000cd800000, 0x00000000cd700000| Untracked 
|  44|0x00000000cd800000, 0x00000000cd900000, 0x00000000cd900000|100%| O|  |TAMS 0x00000000cd900000, 0x00000000cd800000| Untracked 
|  45|0x00000000cd900000, 0x00000000cda00000, 0x00000000cda00000|100%|HS|  |TAMS 0x00000000cd900000, 0x00000000cd900000| Complete 
|  46|0x00000000cda00000, 0x00000000cdb00000, 0x00000000cdb00000|100%| O|  |TAMS 0x00000000cdb00000, 0x00000000cda00000| Untracked 
|  47|0x00000000cdb00000, 0x00000000cdc00000, 0x00000000cdc00000|100%| O|  |TAMS 0x00000000cdc00000, 0x00000000cdb00000| Untracked 
|  48|0x00000000cdc00000, 0x00000000cdd00000, 0x00000000cdd00000|100%| O|  |TAMS 0x00000000cdd00000, 0x00000000cdc00000| Untracked 
|  49|0x00000000cdd00000, 0x00000000cde00000, 0x00000000cde00000|100%| O|  |TAMS 0x00000000cde00000, 0x00000000cdd00000| Untracked 
|  50|0x00000000cde00000, 0x00000000cdf00000, 0x00000000cdf00000|100%| O|  |TAMS 0x00000000cdf00000, 0x00000000cde00000| Untracked 
|  51|0x00000000cdf00000, 0x00000000ce000000, 0x00000000ce000000|100%| O|  |TAMS 0x00000000ce000000, 0x00000000cdf00000| Untracked 
|  52|0x00000000ce000000, 0x00000000ce100000, 0x00000000ce100000|100%| O|  |TAMS 0x00000000ce100000, 0x00000000ce000000| Untracked 
|  53|0x00000000ce100000, 0x00000000ce200000, 0x00000000ce200000|100%| O|  |TAMS 0x00000000ce200000, 0x00000000ce100000| Untracked 
|  54|0x00000000ce200000, 0x00000000ce300000, 0x00000000ce300000|100%| O|  |TAMS 0x00000000ce300000, 0x00000000ce200000| Untracked 
|  55|0x00000000ce300000, 0x00000000ce400000, 0x00000000ce400000|100%| O|  |TAMS 0x00000000ce400000, 0x00000000ce300000| Untracked 
|  56|0x00000000ce400000, 0x00000000ce500000, 0x00000000ce500000|100%| O|  |TAMS 0x00000000ce500000, 0x00000000ce400000| Untracked 
|  57|0x00000000ce500000, 0x00000000ce600000, 0x00000000ce600000|100%| O|  |TAMS 0x00000000ce600000, 0x00000000ce500000| Untracked 
|  58|0x00000000ce600000, 0x00000000ce700000, 0x00000000ce700000|100%| O|  |TAMS 0x00000000ce700000, 0x00000000ce600000| Untracked 
|  59|0x00000000ce700000, 0x00000000ce800000, 0x00000000ce800000|100%| O|  |TAMS 0x00000000ce800000, 0x00000000ce700000| Untracked 
|  60|0x00000000ce800000, 0x00000000ce900000, 0x00000000ce900000|100%| O|  |TAMS 0x00000000ce900000, 0x00000000ce800000| Untracked 
|  61|0x00000000ce900000, 0x00000000cea00000, 0x00000000cea00000|100%| O|  |TAMS 0x00000000cea00000, 0x00000000ce900000| Untracked 
|  62|0x00000000cea00000, 0x00000000ceb00000, 0x00000000ceb00000|100%| O|  |TAMS 0x00000000ceb00000, 0x00000000cea00000| Untracked 
|  63|0x00000000ceb00000, 0x00000000cec00000, 0x00000000cec00000|100%| O|  |TAMS 0x00000000cec00000, 0x00000000ceb00000| Untracked 
|  64|0x00000000cec00000, 0x00000000ced00000, 0x00000000ced00000|100%| O|  |TAMS 0x00000000ced00000, 0x00000000cec00000| Untracked 
|  65|0x00000000ced00000, 0x00000000cee00000, 0x00000000cee00000|100%| O|  |TAMS 0x00000000ced00000, 0x00000000ced00000| Untracked 
|  66|0x00000000cee00000, 0x00000000cef00000, 0x00000000cef00000|100%|HS|  |TAMS 0x00000000cee00000, 0x00000000cee00000| Complete 
|  67|0x00000000cef00000, 0x00000000cf000000, 0x00000000cf000000|100%|HC|  |TAMS 0x00000000cef00000, 0x00000000cef00000| Complete 
|  68|0x00000000cf000000, 0x00000000cf100000, 0x00000000cf100000|100%| O|  |TAMS 0x00000000cf000000, 0x00000000cf000000| Untracked 
|  69|0x00000000cf100000, 0x00000000cf200000, 0x00000000cf200000|100%| O|  |TAMS 0x00000000cf100000, 0x00000000cf100000| Untracked 
|  70|0x00000000cf200000, 0x00000000cf300000, 0x00000000cf300000|100%| O|  |TAMS 0x00000000cf200000, 0x00000000cf200000| Untracked 
|  71|0x00000000cf300000, 0x00000000cf400000, 0x00000000cf400000|100%| O|  |TAMS 0x00000000cf300000, 0x00000000cf300000| Untracked 
|  72|0x00000000cf400000, 0x00000000cf500000, 0x00000000cf500000|100%| O|  |TAMS 0x00000000cf400000, 0x00000000cf400000| Untracked 
|  73|0x00000000cf500000, 0x00000000cf600000, 0x00000000cf600000|100%| O|  |TAMS 0x00000000cf500000, 0x00000000cf500000| Untracked 
|  74|0x00000000cf600000, 0x00000000cf700000, 0x00000000cf700000|100%| O|  |TAMS 0x00000000cf600000, 0x00000000cf600000| Untracked 
|  75|0x00000000cf700000, 0x00000000cf800000, 0x00000000cf800000|100%| O|  |TAMS 0x00000000cf700000, 0x00000000cf700000| Untracked 
|  76|0x00000000cf800000, 0x00000000cf900000, 0x00000000cf900000|100%| O|  |TAMS 0x00000000cf800000, 0x00000000cf800000| Untracked 
|  77|0x00000000cf900000, 0x00000000cfa00000, 0x00000000cfa00000|100%| O|  |TAMS 0x00000000cf900000, 0x00000000cf900000| Untracked 
|  78|0x00000000cfa00000, 0x00000000cfb00000, 0x00000000cfb00000|100%| O|  |TAMS 0x00000000cfa00000, 0x00000000cfa00000| Untracked 
|  79|0x00000000cfb00000, 0x00000000cfc00000, 0x00000000cfc00000|100%| O|  |TAMS 0x00000000cfb00000, 0x00000000cfb00000| Untracked 
|  80|0x00000000cfc00000, 0x00000000cfd00000, 0x00000000cfd00000|100%| O|  |TAMS 0x00000000cfc00000, 0x00000000cfc00000| Untracked 
|  81|0x00000000cfd00000, 0x00000000cfe00000, 0x00000000cfe00000|100%| O|  |TAMS 0x00000000cfd00000, 0x00000000cfd00000| Untracked 
|  82|0x00000000cfe00000, 0x00000000cff00000, 0x00000000cff00000|100%| O|  |TAMS 0x00000000cfe00000, 0x00000000cfe00000| Untracked 
|  83|0x00000000cff00000, 0x00000000d0000000, 0x00000000d0000000|100%| O|  |TAMS 0x00000000cff00000, 0x00000000cff00000| Untracked 
|  84|0x00000000d0000000, 0x00000000d0100000, 0x00000000d0100000|100%| O|  |TAMS 0x00000000d0000000, 0x00000000d0000000| Untracked 
|  85|0x00000000d0100000, 0x00000000d0200000, 0x00000000d0200000|100%| O|  |TAMS 0x00000000d0100000, 0x00000000d0100000| Untracked 
|  86|0x00000000d0200000, 0x00000000d0300000, 0x00000000d0300000|100%| O|  |TAMS 0x00000000d0200000, 0x00000000d0200000| Untracked 
|  87|0x00000000d0300000, 0x00000000d0400000, 0x00000000d0400000|100%| O|  |TAMS 0x00000000d0300000, 0x00000000d0300000| Untracked 
|  88|0x00000000d0400000, 0x00000000d0500000, 0x00000000d0500000|100%| O|  |TAMS 0x00000000d0400000, 0x00000000d0400000| Untracked 
|  89|0x00000000d0500000, 0x00000000d0600000, 0x00000000d0600000|100%| O|  |TAMS 0x00000000d0500000, 0x00000000d0500000| Untracked 
|  90|0x00000000d0600000, 0x00000000d0700000, 0x00000000d0700000|100%| O|  |TAMS 0x00000000d0600000, 0x00000000d0600000| Untracked 
|  91|0x00000000d0700000, 0x00000000d0800000, 0x00000000d0800000|100%| O|  |TAMS 0x00000000d0700000, 0x00000000d0700000| Untracked 
|  92|0x00000000d0800000, 0x00000000d0900000, 0x00000000d0900000|100%| O|  |TAMS 0x00000000d0800000, 0x00000000d0800000| Untracked 
|  93|0x00000000d0900000, 0x00000000d0a00000, 0x00000000d0a00000|100%| O|  |TAMS 0x00000000d0900000, 0x00000000d0900000| Untracked 
|  94|0x00000000d0a00000, 0x00000000d0b00000, 0x00000000d0b00000|100%| O|  |TAMS 0x00000000d0a00000, 0x00000000d0a00000| Untracked 
|  95|0x00000000d0b00000, 0x00000000d0c00000, 0x00000000d0c00000|100%| O|  |TAMS 0x00000000d0b00000, 0x00000000d0b00000| Untracked 
|  96|0x00000000d0c00000, 0x00000000d0d00000, 0x00000000d0d00000|100%| O|  |TAMS 0x00000000d0c00000, 0x00000000d0c00000| Untracked 
|  97|0x00000000d0d00000, 0x00000000d0e00000, 0x00000000d0e00000|100%| O|  |TAMS 0x00000000d0d00000, 0x00000000d0d00000| Untracked 
|  98|0x00000000d0e00000, 0x00000000d0f00000, 0x00000000d0f00000|100%| O|  |TAMS 0x00000000d0e00000, 0x00000000d0e00000| Untracked 
|  99|0x00000000d0f00000, 0x00000000d1000000, 0x00000000d1000000|100%| O|  |TAMS 0x00000000d0f00000, 0x00000000d0f00000| Untracked 
| 100|0x00000000d1000000, 0x00000000d1100000, 0x00000000d1100000|100%| O|  |TAMS 0x00000000d1000000, 0x00000000d1000000| Untracked 
| 101|0x00000000d1100000, 0x00000000d1200000, 0x00000000d1200000|100%| O|  |TAMS 0x00000000d1100000, 0x00000000d1100000| Untracked 
| 102|0x00000000d1200000, 0x00000000d1300000, 0x00000000d1300000|100%| O|  |TAMS 0x00000000d1200000, 0x00000000d1200000| Untracked 
| 103|0x00000000d1300000, 0x00000000d1400000, 0x00000000d1400000|100%| O|  |TAMS 0x00000000d1300000, 0x00000000d1300000| Untracked 
| 104|0x00000000d1400000, 0x00000000d1500000, 0x00000000d1500000|100%| O|  |TAMS 0x00000000d1400000, 0x00000000d1400000| Untracked 
| 105|0x00000000d1500000, 0x00000000d1600000, 0x00000000d1600000|100%| O|  |TAMS 0x00000000d1500000, 0x00000000d1500000| Untracked 
| 106|0x00000000d1600000, 0x00000000d1700000, 0x00000000d1700000|100%| O|  |TAMS 0x00000000d1600000, 0x00000000d1600000| Untracked 
| 107|0x00000000d1700000, 0x00000000d1800000, 0x00000000d1800000|100%| O|  |TAMS 0x00000000d1700000, 0x00000000d1700000| Untracked 
| 108|0x00000000d1800000, 0x00000000d1900000, 0x00000000d1900000|100%| O|  |TAMS 0x00000000d1800000, 0x00000000d1800000| Untracked 
| 109|0x00000000d1900000, 0x00000000d1a00000, 0x00000000d1a00000|100%| O|  |TAMS 0x00000000d1900000, 0x00000000d1900000| Untracked 
| 110|0x00000000d1a00000, 0x00000000d1b00000, 0x00000000d1b00000|100%| O|  |TAMS 0x00000000d1a00000, 0x00000000d1a00000| Untracked 
| 111|0x00000000d1b00000, 0x00000000d1c00000, 0x00000000d1c00000|100%| O|  |TAMS 0x00000000d1b00000, 0x00000000d1b00000| Untracked 
| 112|0x00000000d1c00000, 0x00000000d1d00000, 0x00000000d1d00000|100%| O|  |TAMS 0x00000000d1c00000, 0x00000000d1c00000| Untracked 
| 113|0x00000000d1d00000, 0x00000000d1e00000, 0x00000000d1e00000|100%| O|  |TAMS 0x00000000d1d00000, 0x00000000d1d00000| Untracked 
| 114|0x00000000d1e00000, 0x00000000d1f00000, 0x00000000d1f00000|100%| O|  |TAMS 0x00000000d1e00000, 0x00000000d1e00000| Untracked 
| 115|0x00000000d1f00000, 0x00000000d2000000, 0x00000000d2000000|100%| O|  |TAMS 0x00000000d1f00000, 0x00000000d1f00000| Untracked 
| 116|0x00000000d2000000, 0x00000000d2100000, 0x00000000d2100000|100%| O|  |TAMS 0x00000000d2000000, 0x00000000d2000000| Untracked 
| 117|0x00000000d2100000, 0x00000000d2200000, 0x00000000d2200000|100%| O|  |TAMS 0x00000000d2100000, 0x00000000d2100000| Untracked 
| 118|0x00000000d2200000, 0x00000000d2300000, 0x00000000d2300000|100%| O|  |TAMS 0x00000000d2200000, 0x00000000d2200000| Untracked 
| 119|0x00000000d2300000, 0x00000000d2400000, 0x00000000d2400000|100%| O|  |TAMS 0x00000000d2300000, 0x00000000d2300000| Untracked 
| 120|0x00000000d2400000, 0x00000000d2500000, 0x00000000d2500000|100%| O|  |TAMS 0x00000000d2400000, 0x00000000d2400000| Untracked 
| 121|0x00000000d2500000, 0x00000000d2600000, 0x00000000d2600000|100%| O|  |TAMS 0x00000000d2500000, 0x00000000d2500000| Untracked 
| 122|0x00000000d2600000, 0x00000000d2700000, 0x00000000d2700000|100%| O|  |TAMS 0x00000000d2600000, 0x00000000d2600000| Untracked 
| 123|0x00000000d2700000, 0x00000000d2800000, 0x00000000d2800000|100%| O|  |TAMS 0x00000000d2700000, 0x00000000d2700000| Untracked 
| 124|0x00000000d2800000, 0x00000000d2900000, 0x00000000d2900000|100%|HS|  |TAMS 0x00000000d2800000, 0x00000000d2800000| Complete 
| 125|0x00000000d2900000, 0x00000000d2a00000, 0x00000000d2a00000|100%|HC|  |TAMS 0x00000000d2900000, 0x00000000d2900000| Complete 
| 126|0x00000000d2a00000, 0x00000000d2b00000, 0x00000000d2b00000|100%|HC|  |TAMS 0x00000000d2a00000, 0x00000000d2a00000| Complete 
| 127|0x00000000d2b00000, 0x00000000d2c00000, 0x00000000d2c00000|100%| O|  |TAMS 0x00000000d2b00000, 0x00000000d2b00000| Untracked 
| 128|0x00000000d2c00000, 0x00000000d2d00000, 0x00000000d2d00000|100%| O|  |TAMS 0x00000000d2c00000, 0x00000000d2c00000| Untracked 
| 129|0x00000000d2d00000, 0x00000000d2e00000, 0x00000000d2e00000|100%| O|  |TAMS 0x00000000d2d00000, 0x00000000d2d00000| Untracked 
| 130|0x00000000d2e00000, 0x00000000d2f00000, 0x00000000d2f00000|100%| O|  |TAMS 0x00000000d2e00000, 0x00000000d2e00000| Untracked 
| 131|0x00000000d2f00000, 0x00000000d3000000, 0x00000000d3000000|100%| O|  |TAMS 0x00000000d2f00000, 0x00000000d2f00000| Untracked 
| 132|0x00000000d3000000, 0x00000000d3100000, 0x00000000d3100000|100%| O|  |TAMS 0x00000000d3000000, 0x00000000d3000000| Untracked 
| 133|0x00000000d3100000, 0x00000000d3200000, 0x00000000d3200000|100%| O|  |TAMS 0x00000000d3100000, 0x00000000d3100000| Untracked 
| 134|0x00000000d3200000, 0x00000000d3300000, 0x00000000d3300000|100%| O|  |TAMS 0x00000000d3200000, 0x00000000d3200000| Untracked 
| 135|0x00000000d3300000, 0x00000000d3400000, 0x00000000d3400000|100%| O|  |TAMS 0x00000000d3300000, 0x00000000d3300000| Untracked 
| 136|0x00000000d3400000, 0x00000000d3500000, 0x00000000d3500000|100%| O|  |TAMS 0x00000000d3400000, 0x00000000d3400000| Untracked 
| 137|0x00000000d3500000, 0x00000000d3600000, 0x00000000d3600000|100%| O|  |TAMS 0x00000000d3500000, 0x00000000d3500000| Untracked 
| 138|0x00000000d3600000, 0x00000000d3700000, 0x00000000d3700000|100%| O|  |TAMS 0x00000000d3600000, 0x00000000d3600000| Untracked 
| 139|0x00000000d3700000, 0x00000000d3800000, 0x00000000d3800000|100%| O|  |TAMS 0x00000000d3700000, 0x00000000d3700000| Untracked 
| 140|0x00000000d3800000, 0x00000000d3900000, 0x00000000d3900000|100%| O|  |TAMS 0x00000000d3800000, 0x00000000d3800000| Untracked 
| 141|0x00000000d3900000, 0x00000000d3a00000, 0x00000000d3a00000|100%| O|  |TAMS 0x00000000d3900000, 0x00000000d3900000| Untracked 
| 142|0x00000000d3a00000, 0x00000000d3b00000, 0x00000000d3b00000|100%| O|  |TAMS 0x00000000d3a00000, 0x00000000d3a00000| Untracked 
| 143|0x00000000d3b00000, 0x00000000d3c00000, 0x00000000d3c00000|100%| O|  |TAMS 0x00000000d3b00000, 0x00000000d3b00000| Untracked 
| 144|0x00000000d3c00000, 0x00000000d3d00000, 0x00000000d3d00000|100%| O|  |TAMS 0x00000000d3c00000, 0x00000000d3c00000| Untracked 
| 145|0x00000000d3d00000, 0x00000000d3db9400, 0x00000000d3e00000| 72%| O|  |TAMS 0x00000000d3d00000, 0x00000000d3d00000| Untracked 
| 146|0x00000000d3e00000, 0x00000000d3e00000, 0x00000000d3f00000|  0%| F|  |TAMS 0x00000000d3e00000, 0x00000000d3e00000| Untracked 
| 147|0x00000000d3f00000, 0x00000000d3f00000, 0x00000000d4000000|  0%| F|  |TAMS 0x00000000d3f00000, 0x00000000d3f00000| Untracked 
| 148|0x00000000d4000000, 0x00000000d4000000, 0x00000000d4100000|  0%| F|  |TAMS 0x00000000d4000000, 0x00000000d4000000| Untracked 
| 149|0x00000000d4100000, 0x00000000d4100000, 0x00000000d4200000|  0%| F|  |TAMS 0x00000000d4100000, 0x00000000d4100000| Untracked 
| 150|0x00000000d4200000, 0x00000000d4200000, 0x00000000d4300000|  0%| F|  |TAMS 0x00000000d4200000, 0x00000000d4200000| Untracked 
| 151|0x00000000d4300000, 0x00000000d4300000, 0x00000000d4400000|  0%| F|  |TAMS 0x00000000d4300000, 0x00000000d4300000| Untracked 
| 152|0x00000000d4400000, 0x00000000d4400000, 0x00000000d4500000|  0%| F|  |TAMS 0x00000000d4400000, 0x00000000d4400000| Untracked 
| 153|0x00000000d4500000, 0x00000000d4500000, 0x00000000d4600000|  0%| F|  |TAMS 0x00000000d4500000, 0x00000000d4500000| Untracked 
| 154|0x00000000d4600000, 0x00000000d4600000, 0x00000000d4700000|  0%| F|  |TAMS 0x00000000d4600000, 0x00000000d4600000| Untracked 
| 155|0x00000000d4700000, 0x00000000d4700000, 0x00000000d4800000|  0%| F|  |TAMS 0x00000000d4700000, 0x00000000d4700000| Untracked 
| 156|0x00000000d4800000, 0x00000000d4800000, 0x00000000d4900000|  0%| F|  |TAMS 0x00000000d4800000, 0x00000000d4800000| Untracked 
| 157|0x00000000d4900000, 0x00000000d4900000, 0x00000000d4a00000|  0%| F|  |TAMS 0x00000000d4900000, 0x00000000d4900000| Untracked 
| 158|0x00000000d4a00000, 0x00000000d4a00000, 0x00000000d4b00000|  0%| F|  |TAMS 0x00000000d4a00000, 0x00000000d4a00000| Untracked 
| 159|0x00000000d4b00000, 0x00000000d4b00000, 0x00000000d4c00000|  0%| F|  |TAMS 0x00000000d4b00000, 0x00000000d4b00000| Untracked 
| 160|0x00000000d4c00000, 0x00000000d4c00000, 0x00000000d4d00000|  0%| F|  |TAMS 0x00000000d4c00000, 0x00000000d4c00000| Untracked 
| 161|0x00000000d4d00000, 0x00000000d4d00000, 0x00000000d4e00000|  0%| F|  |TAMS 0x00000000d4d00000, 0x00000000d4d00000| Untracked 
| 162|0x00000000d4e00000, 0x00000000d4e00000, 0x00000000d4f00000|  0%| F|  |TAMS 0x00000000d4e00000, 0x00000000d4e00000| Untracked 
| 163|0x00000000d4f00000, 0x00000000d4f00000, 0x00000000d5000000|  0%| F|  |TAMS 0x00000000d4f00000, 0x00000000d4f00000| Untracked 
| 164|0x00000000d5000000, 0x00000000d5000000, 0x00000000d5100000|  0%| F|  |TAMS 0x00000000d5000000, 0x00000000d5000000| Untracked 
| 165|0x00000000d5100000, 0x00000000d5100000, 0x00000000d5200000|  0%| F|  |TAMS 0x00000000d5100000, 0x00000000d5100000| Untracked 
| 166|0x00000000d5200000, 0x00000000d5200000, 0x00000000d5300000|  0%| F|  |TAMS 0x00000000d5200000, 0x00000000d5200000| Untracked 
| 167|0x00000000d5300000, 0x00000000d5300000, 0x00000000d5400000|  0%| F|  |TAMS 0x00000000d5300000, 0x00000000d5300000| Untracked 
| 168|0x00000000d5400000, 0x00000000d5400000, 0x00000000d5500000|  0%| F|  |TAMS 0x00000000d5400000, 0x00000000d5400000| Untracked 
| 169|0x00000000d5500000, 0x00000000d5500000, 0x00000000d5600000|  0%| F|  |TAMS 0x00000000d5500000, 0x00000000d5500000| Untracked 
| 170|0x00000000d5600000, 0x00000000d5600000, 0x00000000d5700000|  0%| F|  |TAMS 0x00000000d5600000, 0x00000000d5600000| Untracked 
| 171|0x00000000d5700000, 0x00000000d5700000, 0x00000000d5800000|  0%| F|  |TAMS 0x00000000d5700000, 0x00000000d5700000| Untracked 
| 172|0x00000000d5800000, 0x00000000d5800000, 0x00000000d5900000|  0%| F|  |TAMS 0x00000000d5800000, 0x00000000d5800000| Untracked 
| 173|0x00000000d5900000, 0x00000000d5900000, 0x00000000d5a00000|  0%| F|  |TAMS 0x00000000d5900000, 0x00000000d5900000| Untracked 
| 174|0x00000000d5a00000, 0x00000000d5a00000, 0x00000000d5b00000|  0%| F|  |TAMS 0x00000000d5a00000, 0x00000000d5a00000| Untracked 
| 175|0x00000000d5b00000, 0x00000000d5b00000, 0x00000000d5c00000|  0%| F|  |TAMS 0x00000000d5b00000, 0x00000000d5b00000| Untracked 
| 176|0x00000000d5c00000, 0x00000000d5c00000, 0x00000000d5d00000|  0%| F|  |TAMS 0x00000000d5c00000, 0x00000000d5c00000| Untracked 
| 177|0x00000000d5d00000, 0x00000000d5d00000, 0x00000000d5e00000|  0%| F|  |TAMS 0x00000000d5d00000, 0x00000000d5d00000| Untracked 
| 178|0x00000000d5e00000, 0x00000000d5e00000, 0x00000000d5f00000|  0%| F|  |TAMS 0x00000000d5e00000, 0x00000000d5e00000| Untracked 
| 179|0x00000000d5f00000, 0x00000000d5f00000, 0x00000000d6000000|  0%| F|  |TAMS 0x00000000d5f00000, 0x00000000d5f00000| Untracked 
| 180|0x00000000d6000000, 0x00000000d6000000, 0x00000000d6100000|  0%| F|  |TAMS 0x00000000d6000000, 0x00000000d6000000| Untracked 
| 181|0x00000000d6100000, 0x00000000d6100000, 0x00000000d6200000|  0%| F|  |TAMS 0x00000000d6100000, 0x00000000d6100000| Untracked 
| 182|0x00000000d6200000, 0x00000000d6200000, 0x00000000d6300000|  0%| F|  |TAMS 0x00000000d6200000, 0x00000000d6200000| Untracked 
| 183|0x00000000d6300000, 0x00000000d6300000, 0x00000000d6400000|  0%| F|  |TAMS 0x00000000d6300000, 0x00000000d6300000| Untracked 
| 184|0x00000000d6400000, 0x00000000d6400000, 0x00000000d6500000|  0%| F|  |TAMS 0x00000000d6400000, 0x00000000d6400000| Untracked 
| 185|0x00000000d6500000, 0x00000000d6500000, 0x00000000d6600000|  0%| F|  |TAMS 0x00000000d6500000, 0x00000000d6500000| Untracked 
| 186|0x00000000d6600000, 0x00000000d6600000, 0x00000000d6700000|  0%| F|  |TAMS 0x00000000d6600000, 0x00000000d6600000| Untracked 
| 187|0x00000000d6700000, 0x00000000d6700000, 0x00000000d6800000|  0%| F|  |TAMS 0x00000000d6700000, 0x00000000d6700000| Untracked 
| 188|0x00000000d6800000, 0x00000000d6800000, 0x00000000d6900000|  0%| F|  |TAMS 0x00000000d6800000, 0x00000000d6800000| Untracked 
| 189|0x00000000d6900000, 0x00000000d6900000, 0x00000000d6a00000|  0%| F|  |TAMS 0x00000000d6900000, 0x00000000d6900000| Untracked 
| 190|0x00000000d6a00000, 0x00000000d6a00000, 0x00000000d6b00000|  0%| F|  |TAMS 0x00000000d6a00000, 0x00000000d6a00000| Untracked 
| 191|0x00000000d6b00000, 0x00000000d6b00000, 0x00000000d6c00000|  0%| F|  |TAMS 0x00000000d6b00000, 0x00000000d6b00000| Untracked 
| 192|0x00000000d6c00000, 0x00000000d6c00000, 0x00000000d6d00000|  0%| F|  |TAMS 0x00000000d6c00000, 0x00000000d6c00000| Untracked 
| 193|0x00000000d6d00000, 0x00000000d6d00000, 0x00000000d6e00000|  0%| F|  |TAMS 0x00000000d6d00000, 0x00000000d6d00000| Untracked 
| 194|0x00000000d6e00000, 0x00000000d6e00000, 0x00000000d6f00000|  0%| F|  |TAMS 0x00000000d6e00000, 0x00000000d6e00000| Untracked 
| 195|0x00000000d6f00000, 0x00000000d6f00000, 0x00000000d7000000|  0%| F|  |TAMS 0x00000000d6f00000, 0x00000000d6f00000| Untracked 
| 196|0x00000000d7000000, 0x00000000d7000000, 0x00000000d7100000|  0%| F|  |TAMS 0x00000000d7000000, 0x00000000d7000000| Untracked 
| 197|0x00000000d7100000, 0x00000000d7100000, 0x00000000d7200000|  0%| F|  |TAMS 0x00000000d7100000, 0x00000000d7100000| Untracked 
| 198|0x00000000d7200000, 0x00000000d7200000, 0x00000000d7300000|  0%| F|  |TAMS 0x00000000d7200000, 0x00000000d7200000| Untracked 
| 199|0x00000000d7300000, 0x00000000d7300000, 0x00000000d7400000|  0%| F|  |TAMS 0x00000000d7300000, 0x00000000d7300000| Untracked 
| 200|0x00000000d7400000, 0x00000000d7400000, 0x00000000d7500000|  0%| F|  |TAMS 0x00000000d7400000, 0x00000000d7400000| Untracked 
| 201|0x00000000d7500000, 0x00000000d7500000, 0x00000000d7600000|  0%| F|  |TAMS 0x00000000d7500000, 0x00000000d7500000| Untracked 
| 202|0x00000000d7600000, 0x00000000d7600000, 0x00000000d7700000|  0%| F|  |TAMS 0x00000000d7600000, 0x00000000d7600000| Untracked 
| 203|0x00000000d7700000, 0x00000000d7700000, 0x00000000d7800000|  0%| F|  |TAMS 0x00000000d7700000, 0x00000000d7700000| Untracked 
| 204|0x00000000d7800000, 0x00000000d7800000, 0x00000000d7900000|  0%| F|  |TAMS 0x00000000d7800000, 0x00000000d7800000| Untracked 
| 205|0x00000000d7900000, 0x00000000d7900000, 0x00000000d7a00000|  0%| F|  |TAMS 0x00000000d7900000, 0x00000000d7900000| Untracked 
| 206|0x00000000d7a00000, 0x00000000d7a00000, 0x00000000d7b00000|  0%| F|  |TAMS 0x00000000d7a00000, 0x00000000d7a00000| Untracked 
| 207|0x00000000d7b00000, 0x00000000d7b00000, 0x00000000d7c00000|  0%| F|  |TAMS 0x00000000d7b00000, 0x00000000d7b00000| Untracked 
| 208|0x00000000d7c00000, 0x00000000d7c00000, 0x00000000d7d00000|  0%| F|  |TAMS 0x00000000d7c00000, 0x00000000d7c00000| Untracked 
| 209|0x00000000d7d00000, 0x00000000d7d00000, 0x00000000d7e00000|  0%| F|  |TAMS 0x00000000d7d00000, 0x00000000d7d00000| Untracked 
| 210|0x00000000d7e00000, 0x00000000d7e00000, 0x00000000d7f00000|  0%| F|  |TAMS 0x00000000d7e00000, 0x00000000d7e00000| Untracked 
| 211|0x00000000d7f00000, 0x00000000d7f00000, 0x00000000d8000000|  0%| F|  |TAMS 0x00000000d7f00000, 0x00000000d7f00000| Untracked 
| 212|0x00000000d8000000, 0x00000000d8000000, 0x00000000d8100000|  0%| F|  |TAMS 0x00000000d8000000, 0x00000000d8000000| Untracked 
| 213|0x00000000d8100000, 0x00000000d8100000, 0x00000000d8200000|  0%| F|  |TAMS 0x00000000d8100000, 0x00000000d8100000| Untracked 
| 214|0x00000000d8200000, 0x00000000d8200000, 0x00000000d8300000|  0%| F|  |TAMS 0x00000000d8200000, 0x00000000d8200000| Untracked 
| 215|0x00000000d8300000, 0x00000000d8300000, 0x00000000d8400000|  0%| F|  |TAMS 0x00000000d8300000, 0x00000000d8300000| Untracked 
| 216|0x00000000d8400000, 0x00000000d8400000, 0x00000000d8500000|  0%| F|  |TAMS 0x00000000d8400000, 0x00000000d8400000| Untracked 
| 217|0x00000000d8500000, 0x00000000d8500000, 0x00000000d8600000|  0%| F|  |TAMS 0x00000000d8500000, 0x00000000d8500000| Untracked 
| 218|0x00000000d8600000, 0x00000000d8600000, 0x00000000d8700000|  0%| F|  |TAMS 0x00000000d8600000, 0x00000000d8600000| Untracked 
| 219|0x00000000d8700000, 0x00000000d8700000, 0x00000000d8800000|  0%| F|  |TAMS 0x00000000d8700000, 0x00000000d8700000| Untracked 
| 220|0x00000000d8800000, 0x00000000d8800000, 0x00000000d8900000|  0%| F|  |TAMS 0x00000000d8800000, 0x00000000d8800000| Untracked 
| 221|0x00000000d8900000, 0x00000000d8900000, 0x00000000d8a00000|  0%| F|  |TAMS 0x00000000d8900000, 0x00000000d8900000| Untracked 
| 222|0x00000000d8a00000, 0x00000000d8a00000, 0x00000000d8b00000|  0%| F|  |TAMS 0x00000000d8a00000, 0x00000000d8a00000| Untracked 
| 223|0x00000000d8b00000, 0x00000000d8b00000, 0x00000000d8c00000|  0%| F|  |TAMS 0x00000000d8b00000, 0x00000000d8b00000| Untracked 
| 224|0x00000000d8c00000, 0x00000000d8c00000, 0x00000000d8d00000|  0%| F|  |TAMS 0x00000000d8c00000, 0x00000000d8c00000| Untracked 
| 225|0x00000000d8d00000, 0x00000000d8d00000, 0x00000000d8e00000|  0%| F|  |TAMS 0x00000000d8d00000, 0x00000000d8d00000| Untracked 
| 226|0x00000000d8e00000, 0x00000000d8e00000, 0x00000000d8f00000|  0%| F|  |TAMS 0x00000000d8e00000, 0x00000000d8e00000| Untracked 
| 227|0x00000000d8f00000, 0x00000000d8f00000, 0x00000000d9000000|  0%| F|  |TAMS 0x00000000d8f00000, 0x00000000d8f00000| Untracked 
| 228|0x00000000d9000000, 0x00000000d9000000, 0x00000000d9100000|  0%| F|  |TAMS 0x00000000d9000000, 0x00000000d9000000| Untracked 
| 229|0x00000000d9100000, 0x00000000d9100000, 0x00000000d9200000|  0%| F|  |TAMS 0x00000000d9100000, 0x00000000d9100000| Untracked 
| 230|0x00000000d9200000, 0x00000000d9200000, 0x00000000d9300000|  0%| F|  |TAMS 0x00000000d9200000, 0x00000000d9200000| Untracked 
| 231|0x00000000d9300000, 0x00000000d9300000, 0x00000000d9400000|  0%| F|  |TAMS 0x00000000d9300000, 0x00000000d9300000| Untracked 
| 232|0x00000000d9400000, 0x00000000d9400000, 0x00000000d9500000|  0%| F|  |TAMS 0x00000000d9400000, 0x00000000d9400000| Untracked 
| 233|0x00000000d9500000, 0x00000000d9600000, 0x00000000d9600000|100%| S|CS|TAMS 0x00000000d9500000, 0x00000000d9500000| Complete 
| 234|0x00000000d9600000, 0x00000000d9700000, 0x00000000d9700000|100%| S|CS|TAMS 0x00000000d9600000, 0x00000000d9600000| Complete 
| 235|0x00000000d9700000, 0x00000000d9800000, 0x00000000d9800000|100%| S|CS|TAMS 0x00000000d9700000, 0x00000000d9700000| Complete 
| 236|0x00000000d9800000, 0x00000000d9900000, 0x00000000d9900000|100%| S|CS|TAMS 0x00000000d9800000, 0x00000000d9800000| Complete 
| 237|0x00000000d9900000, 0x00000000d9900000, 0x00000000d9a00000|  0%| F|  |TAMS 0x00000000d9900000, 0x00000000d9900000| Untracked 
| 238|0x00000000d9a00000, 0x00000000d9a00000, 0x00000000d9b00000|  0%| F|  |TAMS 0x00000000d9a00000, 0x00000000d9a00000| Untracked 
| 239|0x00000000d9b00000, 0x00000000d9b00000, 0x00000000d9c00000|  0%| F|  |TAMS 0x00000000d9b00000, 0x00000000d9b00000| Untracked 
| 240|0x00000000d9c00000, 0x00000000d9c00000, 0x00000000d9d00000|  0%| F|  |TAMS 0x00000000d9c00000, 0x00000000d9c00000| Untracked 
| 241|0x00000000d9d00000, 0x00000000d9d00000, 0x00000000d9e00000|  0%| F|  |TAMS 0x00000000d9d00000, 0x00000000d9d00000| Untracked 
| 242|0x00000000d9e00000, 0x00000000d9e00000, 0x00000000d9f00000|  0%| F|  |TAMS 0x00000000d9e00000, 0x00000000d9e00000| Untracked 
| 243|0x00000000d9f00000, 0x00000000d9f00000, 0x00000000da000000|  0%| F|  |TAMS 0x00000000d9f00000, 0x00000000d9f00000| Untracked 
| 244|0x00000000da000000, 0x00000000da000000, 0x00000000da100000|  0%| F|  |TAMS 0x00000000da000000, 0x00000000da000000| Untracked 
| 245|0x00000000da100000, 0x00000000da100000, 0x00000000da200000|  0%| F|  |TAMS 0x00000000da100000, 0x00000000da100000| Untracked 
| 246|0x00000000da200000, 0x00000000da200000, 0x00000000da300000|  0%| F|  |TAMS 0x00000000da200000, 0x00000000da200000| Untracked 
| 247|0x00000000da300000, 0x00000000da300000, 0x00000000da400000|  0%| F|  |TAMS 0x00000000da300000, 0x00000000da300000| Untracked 
| 248|0x00000000da400000, 0x00000000da400000, 0x00000000da500000|  0%| F|  |TAMS 0x00000000da400000, 0x00000000da400000| Untracked 
| 249|0x00000000da500000, 0x00000000da500000, 0x00000000da600000|  0%| F|  |TAMS 0x00000000da500000, 0x00000000da500000| Untracked 
| 250|0x00000000da600000, 0x00000000da600000, 0x00000000da700000|  0%| F|  |TAMS 0x00000000da600000, 0x00000000da600000| Untracked 
| 251|0x00000000da700000, 0x00000000da700000, 0x00000000da800000|  0%| F|  |TAMS 0x00000000da700000, 0x00000000da700000| Untracked 
| 252|0x00000000da800000, 0x00000000da800000, 0x00000000da900000|  0%| F|  |TAMS 0x00000000da800000, 0x00000000da800000| Untracked 
| 253|0x00000000da900000, 0x00000000da900000, 0x00000000daa00000|  0%| F|  |TAMS 0x00000000da900000, 0x00000000da900000| Untracked 
| 254|0x00000000daa00000, 0x00000000daa00000, 0x00000000dab00000|  0%| F|  |TAMS 0x00000000daa00000, 0x00000000daa00000| Untracked 
| 255|0x00000000dab00000, 0x00000000dab00000, 0x00000000dac00000|  0%| F|  |TAMS 0x00000000dab00000, 0x00000000dab00000| Untracked 
| 256|0x00000000dac00000, 0x00000000dac00000, 0x00000000dad00000|  0%| F|  |TAMS 0x00000000dac00000, 0x00000000dac00000| Untracked 
| 257|0x00000000dad00000, 0x00000000dad00000, 0x00000000dae00000|  0%| F|  |TAMS 0x00000000dad00000, 0x00000000dad00000| Untracked 
| 258|0x00000000dae00000, 0x00000000dae00000, 0x00000000daf00000|  0%| F|  |TAMS 0x00000000dae00000, 0x00000000dae00000| Untracked 
| 259|0x00000000daf00000, 0x00000000daf00000, 0x00000000db000000|  0%| F|  |TAMS 0x00000000daf00000, 0x00000000daf00000| Untracked 
| 260|0x00000000db000000, 0x00000000db000000, 0x00000000db100000|  0%| F|  |TAMS 0x00000000db000000, 0x00000000db000000| Untracked 
| 261|0x00000000db100000, 0x00000000db100000, 0x00000000db200000|  0%| F|  |TAMS 0x00000000db100000, 0x00000000db100000| Untracked 
| 262|0x00000000db200000, 0x00000000db200000, 0x00000000db300000|  0%| F|  |TAMS 0x00000000db200000, 0x00000000db200000| Untracked 
| 263|0x00000000db300000, 0x00000000db300000, 0x00000000db400000|  0%| F|  |TAMS 0x00000000db300000, 0x00000000db300000| Untracked 
| 264|0x00000000db400000, 0x00000000db400000, 0x00000000db500000|  0%| F|  |TAMS 0x00000000db400000, 0x00000000db400000| Untracked 
| 265|0x00000000db500000, 0x00000000db500000, 0x00000000db600000|  0%| F|  |TAMS 0x00000000db500000, 0x00000000db500000| Untracked 
| 266|0x00000000db600000, 0x00000000db600000, 0x00000000db700000|  0%| F|  |TAMS 0x00000000db600000, 0x00000000db600000| Untracked 
| 267|0x00000000db700000, 0x00000000db700000, 0x00000000db800000|  0%| F|  |TAMS 0x00000000db700000, 0x00000000db700000| Untracked 
| 268|0x00000000db800000, 0x00000000db800000, 0x00000000db900000|  0%| F|  |TAMS 0x00000000db800000, 0x00000000db800000| Untracked 
| 269|0x00000000db900000, 0x00000000db900000, 0x00000000dba00000|  0%| F|  |TAMS 0x00000000db900000, 0x00000000db900000| Untracked 
| 270|0x00000000dba00000, 0x00000000dba00000, 0x00000000dbb00000|  0%| F|  |TAMS 0x00000000dba00000, 0x00000000dba00000| Untracked 
| 271|0x00000000dbb00000, 0x00000000dbb00000, 0x00000000dbc00000|  0%| F|  |TAMS 0x00000000dbb00000, 0x00000000dbb00000| Untracked 
| 272|0x00000000dbc00000, 0x00000000dbc00000, 0x00000000dbd00000|  0%| F|  |TAMS 0x00000000dbc00000, 0x00000000dbc00000| Untracked 
| 273|0x00000000dbd00000, 0x00000000dbd00000, 0x00000000dbe00000|  0%| F|  |TAMS 0x00000000dbd00000, 0x00000000dbd00000| Untracked 
| 274|0x00000000dbe00000, 0x00000000dbe00000, 0x00000000dbf00000|  0%| F|  |TAMS 0x00000000dbe00000, 0x00000000dbe00000| Untracked 
| 275|0x00000000dbf00000, 0x00000000dbf00000, 0x00000000dc000000|  0%| F|  |TAMS 0x00000000dbf00000, 0x00000000dbf00000| Untracked 
| 276|0x00000000dc000000, 0x00000000dc000000, 0x00000000dc100000|  0%| F|  |TAMS 0x00000000dc000000, 0x00000000dc000000| Untracked 
| 277|0x00000000dc100000, 0x00000000dc100000, 0x00000000dc200000|  0%| F|  |TAMS 0x00000000dc100000, 0x00000000dc100000| Untracked 
| 278|0x00000000dc200000, 0x00000000dc200000, 0x00000000dc300000|  0%| F|  |TAMS 0x00000000dc200000, 0x00000000dc200000| Untracked 
| 279|0x00000000dc300000, 0x00000000dc300000, 0x00000000dc400000|  0%| F|  |TAMS 0x00000000dc300000, 0x00000000dc300000| Untracked 
| 280|0x00000000dc400000, 0x00000000dc400000, 0x00000000dc500000|  0%| F|  |TAMS 0x00000000dc400000, 0x00000000dc400000| Untracked 
| 281|0x00000000dc500000, 0x00000000dc500000, 0x00000000dc600000|  0%| F|  |TAMS 0x00000000dc500000, 0x00000000dc500000| Untracked 
| 282|0x00000000dc600000, 0x00000000dc600000, 0x00000000dc700000|  0%| F|  |TAMS 0x00000000dc600000, 0x00000000dc600000| Untracked 
| 283|0x00000000dc700000, 0x00000000dc700000, 0x00000000dc800000|  0%| F|  |TAMS 0x00000000dc700000, 0x00000000dc700000| Untracked 
| 284|0x00000000dc800000, 0x00000000dc800000, 0x00000000dc900000|  0%| F|  |TAMS 0x00000000dc800000, 0x00000000dc800000| Untracked 
| 285|0x00000000dc900000, 0x00000000dc900000, 0x00000000dca00000|  0%| F|  |TAMS 0x00000000dc900000, 0x00000000dc900000| Untracked 
| 286|0x00000000dca00000, 0x00000000dca00000, 0x00000000dcb00000|  0%| F|  |TAMS 0x00000000dca00000, 0x00000000dca00000| Untracked 
| 287|0x00000000dcb00000, 0x00000000dcb00000, 0x00000000dcc00000|  0%| F|  |TAMS 0x00000000dcb00000, 0x00000000dcb00000| Untracked 
| 288|0x00000000dcc00000, 0x00000000dcc00000, 0x00000000dcd00000|  0%| F|  |TAMS 0x00000000dcc00000, 0x00000000dcc00000| Untracked 
| 289|0x00000000dcd00000, 0x00000000dcd00000, 0x00000000dce00000|  0%| F|  |TAMS 0x00000000dcd00000, 0x00000000dcd00000| Untracked 
| 290|0x00000000dce00000, 0x00000000dce00000, 0x00000000dcf00000|  0%| F|  |TAMS 0x00000000dce00000, 0x00000000dce00000| Untracked 
| 291|0x00000000dcf00000, 0x00000000dcf00000, 0x00000000dd000000|  0%| F|  |TAMS 0x00000000dcf00000, 0x00000000dcf00000| Untracked 
| 292|0x00000000dd000000, 0x00000000dd000000, 0x00000000dd100000|  0%| F|  |TAMS 0x00000000dd000000, 0x00000000dd000000| Untracked 
| 293|0x00000000dd100000, 0x00000000dd100000, 0x00000000dd200000|  0%| F|  |TAMS 0x00000000dd100000, 0x00000000dd100000| Untracked 
| 294|0x00000000dd200000, 0x00000000dd200000, 0x00000000dd300000|  0%| F|  |TAMS 0x00000000dd200000, 0x00000000dd200000| Untracked 
| 295|0x00000000dd300000, 0x00000000dd300000, 0x00000000dd400000|  0%| F|  |TAMS 0x00000000dd300000, 0x00000000dd300000| Untracked 
| 296|0x00000000dd400000, 0x00000000dd400000, 0x00000000dd500000|  0%| F|  |TAMS 0x00000000dd400000, 0x00000000dd400000| Untracked 
| 297|0x00000000dd500000, 0x00000000dd500000, 0x00000000dd600000|  0%| F|  |TAMS 0x00000000dd500000, 0x00000000dd500000| Untracked 
| 298|0x00000000dd600000, 0x00000000dd600000, 0x00000000dd700000|  0%| F|  |TAMS 0x00000000dd600000, 0x00000000dd600000| Untracked 
| 299|0x00000000dd700000, 0x00000000dd700000, 0x00000000dd800000|  0%| F|  |TAMS 0x00000000dd700000, 0x00000000dd700000| Untracked 
| 300|0x00000000dd800000, 0x00000000dd800000, 0x00000000dd900000|  0%| F|  |TAMS 0x00000000dd800000, 0x00000000dd800000| Untracked 
| 301|0x00000000dd900000, 0x00000000dd900000, 0x00000000dda00000|  0%| F|  |TAMS 0x00000000dd900000, 0x00000000dd900000| Untracked 
| 302|0x00000000dda00000, 0x00000000dda00000, 0x00000000ddb00000|  0%| F|  |TAMS 0x00000000dda00000, 0x00000000dda00000| Untracked 
| 303|0x00000000ddb00000, 0x00000000ddb00000, 0x00000000ddc00000|  0%| F|  |TAMS 0x00000000ddb00000, 0x00000000ddb00000| Untracked 
| 304|0x00000000ddc00000, 0x00000000ddc00000, 0x00000000ddd00000|  0%| F|  |TAMS 0x00000000ddc00000, 0x00000000ddc00000| Untracked 
| 305|0x00000000ddd00000, 0x00000000ddd00000, 0x00000000dde00000|  0%| F|  |TAMS 0x00000000ddd00000, 0x00000000ddd00000| Untracked 
| 306|0x00000000dde00000, 0x00000000dde00000, 0x00000000ddf00000|  0%| F|  |TAMS 0x00000000dde00000, 0x00000000dde00000| Untracked 
| 307|0x00000000ddf00000, 0x00000000ddf00000, 0x00000000de000000|  0%| F|  |TAMS 0x00000000ddf00000, 0x00000000ddf00000| Untracked 
| 308|0x00000000de000000, 0x00000000de000000, 0x00000000de100000|  0%| F|  |TAMS 0x00000000de000000, 0x00000000de000000| Untracked 
| 309|0x00000000de100000, 0x00000000de100000, 0x00000000de200000|  0%| F|  |TAMS 0x00000000de100000, 0x00000000de100000| Untracked 
| 310|0x00000000de200000, 0x00000000de200000, 0x00000000de300000|  0%| F|  |TAMS 0x00000000de200000, 0x00000000de200000| Untracked 
| 311|0x00000000de300000, 0x00000000de300000, 0x00000000de400000|  0%| F|  |TAMS 0x00000000de300000, 0x00000000de300000| Untracked 
| 312|0x00000000de400000, 0x00000000de400000, 0x00000000de500000|  0%| F|  |TAMS 0x00000000de400000, 0x00000000de400000| Untracked 
| 313|0x00000000de500000, 0x00000000de500000, 0x00000000de600000|  0%| F|  |TAMS 0x00000000de500000, 0x00000000de500000| Untracked 
| 314|0x00000000de600000, 0x00000000de600000, 0x00000000de700000|  0%| F|  |TAMS 0x00000000de600000, 0x00000000de600000| Untracked 
| 315|0x00000000de700000, 0x00000000de700000, 0x00000000de800000|  0%| F|  |TAMS 0x00000000de700000, 0x00000000de700000| Untracked 
| 316|0x00000000de800000, 0x00000000de800000, 0x00000000de900000|  0%| F|  |TAMS 0x00000000de800000, 0x00000000de800000| Untracked 
| 317|0x00000000de900000, 0x00000000de900000, 0x00000000dea00000|  0%| F|  |TAMS 0x00000000de900000, 0x00000000de900000| Untracked 
| 318|0x00000000dea00000, 0x00000000dea00000, 0x00000000deb00000|  0%| F|  |TAMS 0x00000000dea00000, 0x00000000dea00000| Untracked 
| 319|0x00000000deb00000, 0x00000000deb00000, 0x00000000dec00000|  0%| F|  |TAMS 0x00000000deb00000, 0x00000000deb00000| Untracked 
| 320|0x00000000dec00000, 0x00000000dec00000, 0x00000000ded00000|  0%| F|  |TAMS 0x00000000dec00000, 0x00000000dec00000| Untracked 
| 321|0x00000000ded00000, 0x00000000ded00000, 0x00000000dee00000|  0%| F|  |TAMS 0x00000000ded00000, 0x00000000ded00000| Untracked 
| 322|0x00000000dee00000, 0x00000000dee00000, 0x00000000def00000|  0%| F|  |TAMS 0x00000000dee00000, 0x00000000dee00000| Untracked 
| 323|0x00000000def00000, 0x00000000def00000, 0x00000000df000000|  0%| F|  |TAMS 0x00000000def00000, 0x00000000def00000| Untracked 
| 324|0x00000000df000000, 0x00000000df000000, 0x00000000df100000|  0%| F|  |TAMS 0x00000000df000000, 0x00000000df000000| Untracked 
| 325|0x00000000df100000, 0x00000000df100000, 0x00000000df200000|  0%| F|  |TAMS 0x00000000df100000, 0x00000000df100000| Untracked 
| 326|0x00000000df200000, 0x00000000df200000, 0x00000000df300000|  0%| F|  |TAMS 0x00000000df200000, 0x00000000df200000| Untracked 
| 327|0x00000000df300000, 0x00000000df300000, 0x00000000df400000|  0%| F|  |TAMS 0x00000000df300000, 0x00000000df300000| Untracked 
| 328|0x00000000df400000, 0x00000000df400000, 0x00000000df500000|  0%| F|  |TAMS 0x00000000df400000, 0x00000000df400000| Untracked 
| 329|0x00000000df500000, 0x00000000df500000, 0x00000000df600000|  0%| F|  |TAMS 0x00000000df500000, 0x00000000df500000| Untracked 
| 330|0x00000000df600000, 0x00000000df600000, 0x00000000df700000|  0%| F|  |TAMS 0x00000000df600000, 0x00000000df600000| Untracked 
| 331|0x00000000df700000, 0x00000000df700000, 0x00000000df800000|  0%| F|  |TAMS 0x00000000df700000, 0x00000000df700000| Untracked 
| 332|0x00000000df800000, 0x00000000df800000, 0x00000000df900000|  0%| F|  |TAMS 0x00000000df800000, 0x00000000df800000| Untracked 
| 333|0x00000000df900000, 0x00000000df900000, 0x00000000dfa00000|  0%| F|  |TAMS 0x00000000df900000, 0x00000000df900000| Untracked 
| 334|0x00000000dfa00000, 0x00000000dfa00000, 0x00000000dfb00000|  0%| F|  |TAMS 0x00000000dfa00000, 0x00000000dfa00000| Untracked 
| 335|0x00000000dfb00000, 0x00000000dfb00000, 0x00000000dfc00000|  0%| F|  |TAMS 0x00000000dfb00000, 0x00000000dfb00000| Untracked 
| 336|0x00000000dfc00000, 0x00000000dfc00000, 0x00000000dfd00000|  0%| F|  |TAMS 0x00000000dfc00000, 0x00000000dfc00000| Untracked 
| 337|0x00000000dfd00000, 0x00000000dfd00000, 0x00000000dfe00000|  0%| F|  |TAMS 0x00000000dfd00000, 0x00000000dfd00000| Untracked 
| 338|0x00000000dfe00000, 0x00000000dfe00000, 0x00000000dff00000|  0%| F|  |TAMS 0x00000000dfe00000, 0x00000000dfe00000| Untracked 
| 339|0x00000000dff00000, 0x00000000dff00000, 0x00000000e0000000|  0%| F|  |TAMS 0x00000000dff00000, 0x00000000dff00000| Untracked 

Card table byte_map: [0x0000012ddf9d0000,0x0000012ddfb80000] _byte_map_base: 0x0000012ddf37a000

Marking Bits (Prev, Next): (CMBitMap*) 0x0000012dc6d39a20, (CMBitMap*) 0x0000012dc6d39a60
 Prev Bits: [0x0000012ddfd30000, 0x0000012de0a80000)
 Next Bits: [0x0000012de0a80000, 0x0000012de17d0000)

Polling page: 0x0000012dc6aa0000

Metaspace:

Usage:
  Non-class:     61.91 MB used.
      Class:     10.23 MB used.
       Both:     72.14 MB used.

Virtual space:
  Non-class space:       64.00 MB reserved,      62.19 MB ( 97%) committed,  1 nodes.
      Class space:        1.00 GB reserved,      10.50 MB (  1%) committed,  1 nodes.
             Both:        1.06 GB reserved,      72.69 MB (  7%) committed. 

Chunk freelists:
   Non-Class:  976.00 KB
       Class:  5.36 MB
        Both:  6.31 MB

MaxMetaspaceSize: unlimited
CompressedClassSpaceSize: 1.00 GB
Initial GC threshold: 21.00 MB
Current GC threshold: 114.00 MB
CDS: on
MetaspaceReclaimPolicy: balanced
 - commit_granule_bytes: 65536.
 - commit_granule_words: 8192.
 - virtual_space_node_default_size: 8388608.
 - enlarge_chunks_in_place: 1.
 - new_chunks_are_fully_committed: 0.
 - uncommit_free_chunks: 1.
 - use_allocation_guard: 0.
 - handle_deallocations: 1.


Internal statistics:

num_allocs_failed_limit: 9.
num_arena_births: 750.
num_arena_deaths: 0.
num_vsnodes_births: 2.
num_vsnodes_deaths: 0.
num_space_committed: 1163.
num_space_uncommitted: 0.
num_chunks_returned_to_freelist: 9.
num_chunks_taken_from_freelist: 3406.
num_chunk_merges: 6.
num_chunk_splits: 2470.
num_chunks_enlarged: 1954.
num_inconsistent_stats: 0.

CodeHeap 'non-profiled nmethods': size=120000Kb used=4184Kb max_used=4184Kb free=115815Kb
 bounds [0x0000012dd7670000, 0x0000012dd7a90000, 0x0000012ddeba0000]
CodeHeap 'profiled nmethods': size=120000Kb used=11624Kb max_used=11624Kb free=108375Kb
 bounds [0x0000012dcfba0000, 0x0000012dd0700000, 0x0000012dd70d0000]
CodeHeap 'non-nmethods': size=5760Kb used=1348Kb max_used=1415Kb free=4411Kb
 bounds [0x0000012dd70d0000, 0x0000012dd7340000, 0x0000012dd7670000]
 total_blobs=6651 nmethods=5972 adapters=589
 compilation: enabled
              stopped_count=0, restarted_count=0
 full_count=0

Compilation events (20 events):
Event: 12.783 Thread 0x0000012de4432c70 nmethod 6712 0x0000012dd7a85290 code [0x0000012dd7a85440, 0x0000012dd7a85b18]
Event: 12.783 Thread 0x0000012de4432c70 6745   !   4       org.springframework.util.ClassUtils::getMostSpecificMethod (83 bytes)
Event: 12.786 Thread 0x0000012de445c110 6746       2       java.lang.ThreadLocal$ThreadLocalMap::expungeStaleEntry (146 bytes)
Event: 12.787 Thread 0x0000012de445c110 nmethod 6746 0x0000012dd06f7c10 code [0x0000012dd06f7de0, 0x0000012dd06f82d8]
Event: 12.815 Thread 0x0000012de445c110 6747       2       org.springframework.beans.MutablePropertyValues::isEmpty (10 bytes)
Event: 12.815 Thread 0x0000012de445c110 nmethod 6747 0x0000012dd06f8510 code [0x0000012dd06f86a0, 0x0000012dd06f87c8]
Event: 12.816 Thread 0x0000012de445c110 6749       2       org.springframework.core.convert.support.GenericConversionService::getConverter (106 bytes)
Event: 12.817 Thread 0x0000012de445c110 nmethod 6749 0x0000012dd06f8890 code [0x0000012dd06f8aa0, 0x0000012dd06f8f08]
Event: 12.817 Thread 0x0000012de445c110 6750       2       org.springframework.core.convert.support.GenericConversionService$ConverterCacheKey::<init> (15 bytes)
Event: 12.817 Thread 0x0000012de445c110 nmethod 6750 0x0000012dd06f9110 code [0x0000012dd06f92a0, 0x0000012dd06f9458]
Event: 12.842 Thread 0x0000012de445c110 6751       1       org.springframework.boot.context.properties.bind.JavaBeanBinder$BeanProperty::getName (5 bytes)
Event: 12.842 Thread 0x0000012de445c110 nmethod 6751 0x0000012dd7a85e90 code [0x0000012dd7a86020, 0x0000012dd7a860f8]
Event: 12.842 Thread 0x0000012de445c110 6753       2       org.springframework.boot.context.properties.bind.AbstractBindHandler::onFinish (15 bytes)
Event: 12.842 Thread 0x0000012de445c110 nmethod 6753 0x0000012dd06f9510 code [0x0000012dd06f96a0, 0x0000012dd06f97c8]
Event: 12.842 Thread 0x0000012de445c110 6752       2       org.springframework.boot.context.properties.bind.Binder$Context::getConverter (8 bytes)
Event: 12.842 Thread 0x0000012de445c110 nmethod 6752 0x0000012dd06f9890 code [0x0000012dd06f9a20, 0x0000012dd06f9b38]
Event: 12.842 Thread 0x0000012de445c110 6754       2       org.springframework.boot.context.properties.bind.BindConverter::convert (14 bytes)
Event: 12.842 Thread 0x0000012de445c110 nmethod 6754 0x0000012dd06f9c10 code [0x0000012dd06f9da0, 0x0000012dd06f9ec8]
Event: 12.844 Thread 0x0000012de445c110 6755       2       java.util.Collections$SynchronizedCollection::stream (10 bytes)
Event: 12.844 Thread 0x0000012de445c110 nmethod 6755 0x0000012dd06f9f90 code [0x0000012dd06fa120, 0x0000012dd06fa248]

GC Heap History (20 events):
Event: 10.430 GC heap after
{Heap after GC invocations=20 (full 0):
 garbage-first heap   total 96256K, used 48063K [0x00000000cac00000, 0x0000000100000000)
  region size 1024K, 6 young (6144K), 6 survivors (6144K)
 Metaspace       used 69406K, committed 70016K, reserved 1114112K
  class space    used 9838K, committed 10112K, reserved 1048576K
}
Event: 10.463 GC heap before
{Heap before GC invocations=20 (full 0):
 garbage-first heap   total 96256K, used 57279K [0x00000000cac00000, 0x0000000100000000)
  region size 1024K, 16 young (16384K), 6 survivors (6144K)
 Metaspace       used 69407K, committed 70016K, reserved 1114112K
  class space    used 9838K, committed 10112K, reserved 1048576K
}
Event: 10.477 GC heap after
{Heap after GC invocations=21 (full 0):
 garbage-first heap   total 96256K, used 50696K [0x00000000cac00000, 0x0000000100000000)
  region size 1024K, 2 young (2048K), 2 survivors (2048K)
 Metaspace       used 69407K, committed 70016K, reserved 1114112K
  class space    used 9838K, committed 10112K, reserved 1048576K
}
Event: 10.571 GC heap before
{Heap before GC invocations=22 (full 0):
 garbage-first heap   total 101376K, used 72200K [0x00000000cac00000, 0x0000000100000000)
  region size 1024K, 22 young (22528K), 2 survivors (2048K)
 Metaspace       used 69407K, committed 70016K, reserved 1114112K
  class space    used 9838K, committed 10112K, reserved 1048576K
}
Event: 10.586 GC heap after
{Heap after GC invocations=23 (full 0):
 garbage-first heap   total 101376K, used 58888K [0x00000000cac00000, 0x0000000100000000)
  region size 1024K, 3 young (3072K), 3 survivors (3072K)
 Metaspace       used 69407K, committed 70016K, reserved 1114112K
  class space    used 9838K, committed 10112K, reserved 1048576K
}
Event: 10.662 GC heap before
{Heap before GC invocations=23 (full 0):
 garbage-first heap   total 101376K, used 76296K [0x00000000cac00000, 0x0000000100000000)
  region size 1024K, 20 young (20480K), 3 survivors (3072K)
 Metaspace       used 69407K, committed 70016K, reserved 1114112K
  class space    used 9838K, committed 10112K, reserved 1048576K
}
Event: 10.686 GC heap after
{Heap after GC invocations=24 (full 0):
 garbage-first heap   total 101376K, used 66056K [0x00000000cac00000, 0x0000000100000000)
  region size 1024K, 3 young (3072K), 3 survivors (3072K)
 Metaspace       used 69407K, committed 70016K, reserved 1114112K
  class space    used 9838K, committed 10112K, reserved 1048576K
}
Event: 10.754 GC heap before
{Heap before GC invocations=25 (full 0):
 garbage-first heap   total 122880K, used 79368K [0x00000000cac00000, 0x0000000100000000)
  region size 1024K, 16 young (16384K), 3 survivors (3072K)
 Metaspace       used 69407K, committed 70016K, reserved 1114112K
  class space    used 9838K, committed 10112K, reserved 1048576K
}
Event: 10.768 GC heap after
{Heap after GC invocations=26 (full 0):
 garbage-first heap   total 122880K, used 68200K [0x00000000cac00000, 0x0000000100000000)
  region size 1024K, 2 young (2048K), 2 survivors (2048K)
 Metaspace       used 69407K, committed 70016K, reserved 1114112K
  class space    used 9838K, committed 10112K, reserved 1048576K
}
Event: 10.812 GC heap before
{Heap before GC invocations=26 (full 0):
 garbage-first heap   total 122880K, used 90728K [0x00000000cac00000, 0x0000000100000000)
  region size 1024K, 24 young (24576K), 2 survivors (2048K)
 Metaspace       used 69408K, committed 70016K, reserved 1114112K
  class space    used 9838K, committed 10112K, reserved 1048576K
}
Event: 10.822 GC heap after
{Heap after GC invocations=27 (full 0):
 garbage-first heap   total 348160K, used 69570K [0x00000000cac00000, 0x0000000100000000)
  region size 1024K, 3 young (3072K), 3 survivors (3072K)
 Metaspace       used 69408K, committed 70016K, reserved 1114112K
  class space    used 9838K, committed 10112K, reserved 1048576K
}
Event: 11.178 GC heap before
{Heap before GC invocations=28 (full 0):
 garbage-first heap   total 327680K, used 208834K [0x00000000cac00000, 0x0000000100000000)
  region size 1024K, 137 young (140288K), 3 survivors (3072K)
 Metaspace       used 69409K, committed 70016K, reserved 1114112K
  class space    used 9838K, committed 10112K, reserved 1048576K
}
Event: 11.219 GC heap after
{Heap after GC invocations=29 (full 0):
 garbage-first heap   total 327680K, used 105196K [0x00000000cac00000, 0x0000000100000000)
  region size 1024K, 18 young (18432K), 18 survivors (18432K)
 Metaspace       used 69409K, committed 70016K, reserved 1114112K
  class space    used 9838K, committed 10112K, reserved 1048576K
}
Event: 11.223 GC heap before
{Heap before GC invocations=29 (full 0):
 garbage-first heap   total 327680K, used 106220K [0x00000000cac00000, 0x0000000100000000)
  region size 1024K, 19 young (19456K), 18 survivors (18432K)
 Metaspace       used 69409K, committed 70016K, reserved 1114112K
  class space    used 9838K, committed 10112K, reserved 1048576K
}
Event: 11.239 GC heap after
{Heap after GC invocations=30 (full 0):
 garbage-first heap   total 327680K, used 107192K [0x00000000cac00000, 0x0000000100000000)
  region size 1024K, 2 young (2048K), 2 survivors (2048K)
 Metaspace       used 69409K, committed 70016K, reserved 1114112K
  class space    used 9838K, committed 10112K, reserved 1048576K
}
Event: 11.405 GC heap before
{Heap before GC invocations=30 (full 0):
 garbage-first heap   total 327680K, used 192184K [0x00000000cac00000, 0x0000000100000000)
  region size 1024K, 85 young (87040K), 2 survivors (2048K)
 Metaspace       used 69409K, committed 70016K, reserved 1114112K
  class space    used 9838K, committed 10112K, reserved 1048576K
}
Event: 11.437 GC heap after
{Heap after GC invocations=31 (full 0):
 garbage-first heap   total 327680K, used 137699K [0x00000000cac00000, 0x0000000100000000)
  region size 1024K, 11 young (11264K), 11 survivors (11264K)
 Metaspace       used 69409K, committed 70016K, reserved 1114112K
  class space    used 9838K, committed 10112K, reserved 1048576K
}
Event: 11.591 GC heap before
{Heap before GC invocations=31 (full 0):
 garbage-first heap   total 327680K, used 215523K [0x00000000cac00000, 0x0000000100000000)
  region size 1024K, 84 young (86016K), 11 survivors (11264K)
 Metaspace       used 69413K, committed 70016K, reserved 1114112K
  class space    used 9838K, committed 10112K, reserved 1048576K
}
Event: 11.611 GC heap after
{Heap after GC invocations=32 (full 0):
 garbage-first heap   total 327680K, used 150832K [0x00000000cac00000, 0x0000000100000000)
  region size 1024K, 8 young (8192K), 8 survivors (8192K)
 Metaspace       used 69413K, committed 70016K, reserved 1114112K
  class space    used 9838K, committed 10112K, reserved 1048576K
}
Event: 12.846 GC heap before
{Heap before GC invocations=32 (full 0):
 garbage-first heap   total 327680K, used 227632K [0x00000000cac00000, 0x0000000100000000)
  region size 1024K, 83 young (84992K), 8 survivors (8192K)
 Metaspace       used 73874K, committed 74432K, reserved 1114112K
  class space    used 10473K, committed 10752K, reserved 1048576K
}

Deoptimization events (20 events):
Event: 12.431 Thread 0x0000012dc6cfd0e0 Uncommon trap: trap_request=0xffffffde fr.pc=0x0000012dd7a5b6e0 relative=0x0000000000001060
Event: 12.431 Thread 0x0000012dc6cfd0e0 Uncommon trap: reason=class_check action=maybe_recompile pc=0x0000012dd7a5b6e0 method=org.springframework.core.annotation.AnnotatedElementUtils.hasAnnotation(Ljava/lang/reflect/AnnotatedElement;Ljava/lang/Class;)Z @ 21 c2
Event: 12.431 Thread 0x0000012dc6cfd0e0 DEOPT PACKING pc=0x0000012dd7a5b6e0 sp=0x00000023129f8ff0
Event: 12.431 Thread 0x0000012dc6cfd0e0 DEOPT UNPACKING pc=0x0000012dd71223a3 sp=0x00000023129f8fb8 mode 2
Event: 12.779 Thread 0x0000012dc6cfd0e0 Uncommon trap: trap_request=0xffffffbe fr.pc=0x0000012dd7a7f7bc relative=0x00000000000027fc
Event: 12.779 Thread 0x0000012dc6cfd0e0 Uncommon trap: reason=profile_predicate action=maybe_recompile pc=0x0000012dd7a7f7bc method=org.springframework.util.ReflectionUtils.findMethod(Ljava/lang/Class;Ljava/lang/String;[Ljava/lang/Class;)Ljava/lang/reflect/Method; @ 55 c2
Event: 12.779 Thread 0x0000012dc6cfd0e0 DEOPT PACKING pc=0x0000012dd7a7f7bc sp=0x00000023129faf70
Event: 12.779 Thread 0x0000012dc6cfd0e0 DEOPT UNPACKING pc=0x0000012dd71223a3 sp=0x00000023129faf20 mode 2
Event: 12.779 Thread 0x0000012dc6cfd0e0 Uncommon trap: trap_request=0xffffffbe fr.pc=0x0000012dd7a7f7bc relative=0x00000000000027fc
Event: 12.779 Thread 0x0000012dc6cfd0e0 Uncommon trap: reason=profile_predicate action=maybe_recompile pc=0x0000012dd7a7f7bc method=org.springframework.util.ReflectionUtils.findMethod(Ljava/lang/Class;Ljava/lang/String;[Ljava/lang/Class;)Ljava/lang/reflect/Method; @ 55 c2
Event: 12.779 Thread 0x0000012dc6cfd0e0 DEOPT PACKING pc=0x0000012dd7a7f7bc sp=0x00000023129faf70
Event: 12.780 Thread 0x0000012dc6cfd0e0 DEOPT UNPACKING pc=0x0000012dd71223a3 sp=0x00000023129faf20 mode 2
Event: 12.780 Thread 0x0000012dc6cfd0e0 Uncommon trap: trap_request=0xffffffbe fr.pc=0x0000012dd7a7f7bc relative=0x00000000000027fc
Event: 12.780 Thread 0x0000012dc6cfd0e0 Uncommon trap: reason=profile_predicate action=maybe_recompile pc=0x0000012dd7a7f7bc method=org.springframework.util.ReflectionUtils.findMethod(Ljava/lang/Class;Ljava/lang/String;[Ljava/lang/Class;)Ljava/lang/reflect/Method; @ 55 c2
Event: 12.780 Thread 0x0000012dc6cfd0e0 DEOPT PACKING pc=0x0000012dd7a7f7bc sp=0x00000023129faf70
Event: 12.780 Thread 0x0000012dc6cfd0e0 DEOPT UNPACKING pc=0x0000012dd71223a3 sp=0x00000023129faf20 mode 2
Event: 12.780 Thread 0x0000012dc6cfd0e0 Uncommon trap: trap_request=0xffffffbe fr.pc=0x0000012dd7a7f7bc relative=0x00000000000027fc
Event: 12.780 Thread 0x0000012dc6cfd0e0 Uncommon trap: reason=profile_predicate action=maybe_recompile pc=0x0000012dd7a7f7bc method=org.springframework.util.ReflectionUtils.findMethod(Ljava/lang/Class;Ljava/lang/String;[Ljava/lang/Class;)Ljava/lang/reflect/Method; @ 55 c2
Event: 12.780 Thread 0x0000012dc6cfd0e0 DEOPT PACKING pc=0x0000012dd7a7f7bc sp=0x00000023129faf70
Event: 12.780 Thread 0x0000012dc6cfd0e0 DEOPT UNPACKING pc=0x0000012dd71223a3 sp=0x00000023129faf20 mode 2

Classes unloaded (0 events):
No events

Classes redefined (0 events):
No events

Internal exceptions (20 events):
Event: 8.504 Thread 0x0000012dc6cfd0e0 Exception <a 'java/lang/NoSuchMethodError'{0x00000000d17f5cf8}: 'java.lang.Object java.lang.invoke.DirectMethodHandle$Holder.invokeSpecial(java.lang.Object, java.lang.Object, java.lang.Object, java.lang.Object, java.lang.Object, java.lang.Object, java.lang.Object, java.lang.Object, java.lang.Object, java.lang.Object, java.lang.Object, java.lang.Object, java.lang.Object)'> (0x00000000d17f5cf8) 
thrown [s\open\src\hotspot\share\interpreter\linkResolver.cpp, line 759]
Event: 8.505 Thread 0x0000012dc6cfd0e0 Exception <a 'java/lang/NoSuchMethodError'{0x00000000d17fac08}: 'java.lang.Object java.lang.invoke.Invokers$Holder.linkToTargetMethod(java.lang.Object, java.lang.Object, java.lang.Object, java.lang.Object, java.lang.Object, java.lang.Object, java.lang.Object, java.lang.Object, java.lang.Object, java.lang.Object, java.lang.Object, java.lang.Object)'> (0x00000000d17fac08) 
thrown [s\open\src\hotspot\share\interpreter\linkResolver.cpp, line 759]
Event: 8.541 Thread 0x0000012dc6cfd0e0 Exception <a 'java/lang/IncompatibleClassChangeError'{0x00000000d15d9b88}: Found class java.lang.Object, but interface was expected> (0x00000000d15d9b88) 
thrown [s\open\src\hotspot\share\interpreter\linkResolver.cpp, line 826]
Event: 8.551 Thread 0x0000012dc6cfd0e0 Exception <a 'java/lang/NoSuchMethodError'{0x00000000d1466790}: 'java.lang.Object java.lang.invoke.DirectMethodHandle$Holder.newInvokeSpecial(java.lang.Object, java.lang.Object, java.lang.Object, java.lang.Object, java.lang.Object, java.lang.Object, java.lang.Object, int)'> (0x00000000d1466790) 
thrown [s\open\src\hotspot\share\interpreter\linkResolver.cpp, line 759]
Event: 8.552 Thread 0x0000012dc6cfd0e0 Exception <a 'java/lang/NoSuchMethodError'{0x00000000d146bf80}: 'java.lang.Object java.lang.invoke.DirectMethodHandle$Holder.invokeSpecial(java.lang.Object, java.lang.Object, java.lang.Object, java.lang.Object, java.lang.Object, java.lang.Object, java.lang.Object, java.lang.Object, int)'> (0x00000000d146bf80) 
thrown [s\open\src\hotspot\share\interpreter\linkResolver.cpp, line 759]
Event: 8.552 Thread 0x0000012dc6cfd0e0 Exception <a 'java/lang/NoSuchMethodError'{0x00000000d1471240}: 'java.lang.Object java.lang.invoke.Invokers$Holder.linkToTargetMethod(java.lang.Object, java.lang.Object, java.lang.Object, java.lang.Object, java.lang.Object, java.lang.Object, int, java.lang.Object)'> (0x00000000d1471240) 
thrown [s\open\src\hotspot\share\interpreter\linkResolver.cpp, line 759]
Event: 8.849 Thread 0x0000012dc6cfd0e0 Exception <a 'sun/nio/fs/WindowsException'{0x00000000d02d95a8}> (0x00000000d02d95a8) 
thrown [s\open\src\hotspot\share\prims\jni.cpp, line 516]
Event: 8.850 Thread 0x0000012dc6cfd0e0 Exception <a 'sun/nio/fs/WindowsException'{0x00000000d02dd100}> (0x00000000d02dd100) 
thrown [s\open\src\hotspot\share\prims\jni.cpp, line 516]
Event: 9.121 Thread 0x0000012dc6cfd0e0 Exception <a 'java/lang/IncompatibleClassChangeError'{0x00000000cf4374e0}: Found class java.lang.Object, but interface was expected> (0x00000000cf4374e0) 
thrown [s\open\src\hotspot\share\interpreter\linkResolver.cpp, line 826]
Event: 9.185 Thread 0x0000012dc6cfd0e0 Exception <a 'java/lang/IncompatibleClassChangeError'{0x00000000cf25a8e0}: Found class java.lang.Object, but interface was expected> (0x00000000cf25a8e0) 
thrown [s\open\src\hotspot\share\interpreter\linkResolver.cpp, line 826]
Event: 9.304 Thread 0x0000012dc6cfd0e0 Exception <a 'java/lang/IncompatibleClassChangeError'{0x00000000cee94c40}: Found class java.lang.Object, but interface was expected> (0x00000000cee94c40) 
thrown [s\open\src\hotspot\share\interpreter\linkResolver.cpp, line 826]
Event: 9.440 Thread 0x0000012dc6cfd0e0 Exception <a 'java/lang/reflect/InvocationTargetException'{0x00000000ce977af8}> (0x00000000ce977af8) 
thrown [s\open\src\hotspot\share\runtime\reflection.cpp, line 1121]
Event: 9.489 Thread 0x0000012dc6cfd0e0 Exception <a 'java/lang/reflect/InvocationTargetException'{0x00000000ce8b48f8}> (0x00000000ce8b48f8) 
thrown [s\open\src\hotspot\share\runtime\reflection.cpp, line 1121]
Event: 10.202 Thread 0x0000012dc6cfd0e0 Exception <a 'java/lang/reflect/InvocationTargetException'{0x00000000ce694f00}> (0x00000000ce694f00) 
thrown [s\open\src\hotspot\share\runtime\reflection.cpp, line 1121]
Event: 10.228 Thread 0x0000012dc6cfd0e0 Exception <a 'java/lang/reflect/InvocationTargetException'{0x00000000ce4f2050}> (0x00000000ce4f2050) 
thrown [s\open\src\hotspot\share\runtime\reflection.cpp, line 1121]
Event: 11.674 Thread 0x0000012dc6cfd0e0 Exception <a 'java/lang/NoSuchMethodError'{0x00000000df2a82d8}: 'int java.lang.invoke.DirectMethodHandle$Holder.invokeStaticInit(java.lang.Object, int, java.lang.Object, java.lang.Object, java.lang.Object, java.lang.Object)'> (0x00000000df2a82d8) 
thrown [s\open\src\hotspot\share\interpreter\linkResolver.cpp, line 759]
Event: 11.712 Thread 0x0000012dc6cfd0e0 Exception <a 'java/lang/reflect/InvocationTargetException'{0x00000000df08dc90}> (0x00000000df08dc90) 
thrown [s\open\src\hotspot\share\runtime\reflection.cpp, line 1121]
Event: 11.715 Thread 0x0000012dc6cfd0e0 Exception <a 'java/lang/reflect/InvocationTargetException'{0x00000000df09eb80}> (0x00000000df09eb80) 
thrown [s\open\src\hotspot\share\runtime\reflection.cpp, line 1121]
Event: 11.776 Thread 0x0000012dc6cfd0e0 Exception <a 'java/lang/reflect/InvocationTargetException'{0x00000000dcbc5de8}> (0x00000000dcbc5de8) 
thrown [s\open\src\hotspot\share\runtime\reflection.cpp, line 1121]
Event: 12.570 Thread 0x0000012dc6cfd0e0 Exception <a 'java/lang/IncompatibleClassChangeError'{0x00000000dab3f7f8}: Found class java.lang.Object, but interface was expected> (0x00000000dab3f7f8) 
thrown [s\open\src\hotspot\share\interpreter\linkResolver.cpp, line 826]

VM Operations (20 events):
Event: 11.239 Executing VM operation: G1CollectForAllocation done
Event: 11.405 Executing VM operation: G1CollectForAllocation
Event: 11.437 Executing VM operation: G1CollectForAllocation done
Event: 11.590 Executing VM operation: G1CollectForAllocation
Event: 11.611 Executing VM operation: G1CollectForAllocation done
Event: 12.198 Executing VM operation: HandshakeAllThreads
Event: 12.198 Executing VM operation: HandshakeAllThreads done
Event: 12.230 Executing VM operation: ICBufferFull
Event: 12.230 Executing VM operation: ICBufferFull done
Event: 12.361 Executing VM operation: HandshakeAllThreads
Event: 12.361 Executing VM operation: HandshakeAllThreads done
Event: 12.404 Executing VM operation: HandshakeAllThreads
Event: 12.404 Executing VM operation: HandshakeAllThreads done
Event: 12.404 Executing VM operation: HandshakeAllThreads
Event: 12.404 Executing VM operation: HandshakeAllThreads done
Event: 12.404 Executing VM operation: HandshakeAllThreads
Event: 12.404 Executing VM operation: HandshakeAllThreads done
Event: 12.585 Executing VM operation: HandshakeAllThreads
Event: 12.585 Executing VM operation: HandshakeAllThreads done
Event: 12.846 Executing VM operation: G1CollectForAllocation

Events (20 events):
Event: 12.201 loading class sun/reflect/generics/tree/LongSignature
Event: 12.202 loading class sun/reflect/generics/tree/LongSignature done
Event: 12.288 loading class java/util/EnumMap$Values
Event: 12.288 loading class java/util/EnumMap$Values done
Event: 12.288 loading class java/util/EnumMap$ValueIterator
Event: 12.288 loading class java/util/EnumMap$ValueIterator done
Event: 12.417 Thread 0x0000012de4465b70 flushing nmethod 0x0000012dd052e590
Event: 12.551 loading class java/util/OptionalLong
Event: 12.551 loading class java/util/OptionalLong done
Event: 12.551 loading class java/util/OptionalDouble
Event: 12.551 loading class java/util/OptionalDouble done
Event: 12.599 loading class java/nio/file/TempFileHelper
Event: 12.600 loading class java/nio/file/TempFileHelper done
Event: 12.601 loading class sun/nio/fs/WindowsPath$1
Event: 12.601 loading class sun/nio/fs/WindowsPath$1 done
Event: 12.604 loading class java/io/DeleteOnExitHook
Event: 12.604 loading class java/io/DeleteOnExitHook done
Event: 12.604 loading class java/io/DeleteOnExitHook$1
Event: 12.604 loading class java/io/DeleteOnExitHook$1 done
Event: 12.788 Thread 0x0000012de9c854a0 Thread exited: 0x0000012de9c854a0


Dynamic libraries:
0x00007ff6ca4d0000 - 0x00007ff6ca4e0000 	C:\Program Files\Java\jdk-17\bin\java.exe
0x00007ffdfdea0000 - 0x00007ffdfe107000 	C:\WINDOWS\SYSTEM32\ntdll.dll
0x00007ffdfd220000 - 0x00007ffdfd2e9000 	C:\WINDOWS\System32\KERNEL32.DLL
0x00007ffdfb400000 - 0x00007ffdfb7ef000 	C:\WINDOWS\System32\KERNELBASE.dll
0x00007ffdfb970000 - 0x00007ffdfbabb000 	C:\WINDOWS\System32\ucrtbase.dll
0x00007ffdd1bf0000 - 0x00007ffdd1c09000 	C:\Program Files\Java\jdk-17\bin\jli.dll
0x00007ffdd1bd0000 - 0x00007ffdd1beb000 	C:\Program Files\Java\jdk-17\bin\VCRUNTIME140.dll
0x00007ffdfd890000 - 0x00007ffdfd944000 	C:\WINDOWS\System32\ADVAPI32.dll
0x00007ffdfc920000 - 0x00007ffdfc9c9000 	C:\WINDOWS\System32\msvcrt.dll
0x00007ffdfc3a0000 - 0x00007ffdfc446000 	C:\WINDOWS\System32\sechost.dll
0x00007ffdfc800000 - 0x00007ffdfc918000 	C:\WINDOWS\System32\RPCRT4.dll
0x00007ffdfd4d0000 - 0x00007ffdfd695000 	C:\WINDOWS\System32\USER32.dll
0x00007ffdfb800000 - 0x00007ffdfb827000 	C:\WINDOWS\System32\win32u.dll
0x00007ffdfdcb0000 - 0x00007ffdfdcdb000 	C:\WINDOWS\System32\GDI32.dll
0x00007ffdfaff0000 - 0x00007ffdfb11c000 	C:\WINDOWS\System32\gdi32full.dll
0x00007ffdfb830000 - 0x00007ffdfb8d3000 	C:\WINDOWS\System32\msvcp_win.dll
0x00007ffde04b0000 - 0x00007ffde0743000 	C:\WINDOWS\WinSxS\amd64_microsoft.windows.common-controls_6595b64144ccf1df_6.0.26100.7309_none_3e05feeae336a044\COMCTL32.dll
0x00007ffdf3430000 - 0x00007ffdf343b000 	C:\WINDOWS\SYSTEM32\VERSION.dll
0x00007ffdfd0e0000 - 0x00007ffdfd111000 	C:\WINDOWS\System32\IMM32.DLL
0x00007ffdf7fa0000 - 0x00007ffdf7fac000 	C:\Program Files\Java\jdk-17\bin\vcruntime140_1.dll
0x00007ffdb2680000 - 0x00007ffdb270e000 	C:\Program Files\Java\jdk-17\bin\msvcp140.dll
0x00007ffda38f0000 - 0x00007ffda44d0000 	C:\Program Files\Java\jdk-17\bin\server\jvm.dll
0x00007ffdfd6a0000 - 0x00007ffdfd6a8000 	C:\WINDOWS\System32\PSAPI.DLL
0x00007ffdf6000000 - 0x00007ffdf600a000 	C:\WINDOWS\SYSTEM32\WSOCK32.dll
0x00007ffdfd800000 - 0x00007ffdfd874000 	C:\WINDOWS\System32\WS2_32.dll
0x00007ffdf33f0000 - 0x00007ffdf3425000 	C:\WINDOWS\SYSTEM32\WINMM.dll
0x00007ffdf9da0000 - 0x00007ffdf9dbb000 	C:\WINDOWS\SYSTEM32\kernel.appcore.dll
0x00007ffddf690000 - 0x00007ffddf69a000 	C:\Program Files\Java\jdk-17\bin\jimage.dll
0x00007ffdee270000 - 0x00007ffdee4b2000 	C:\WINDOWS\SYSTEM32\DBGHELP.DLL
0x00007ffdfc450000 - 0x00007ffdfc7d5000 	C:\WINDOWS\System32\combase.dll
0x00007ffdfd3e0000 - 0x00007ffdfd4b6000 	C:\WINDOWS\System32\OLEAUT32.dll
0x00007ffde19a0000 - 0x00007ffde19dc000 	C:\WINDOWS\SYSTEM32\dbgcore.DLL
0x00007ffdfb120000 - 0x00007ffdfb1c5000 	C:\WINDOWS\System32\bcryptPrimitives.dll
0x00007ffdcfda0000 - 0x00007ffdcfdc5000 	C:\Program Files\Java\jdk-17\bin\java.dll
0x00007ffdb2490000 - 0x00007ffdb2567000 	C:\Program Files\Java\jdk-17\bin\jsvml.dll
0x00007ffdfbc40000 - 0x00007ffdfc393000 	C:\WINDOWS\System32\SHELL32.dll
0x00007ffdfb290000 - 0x00007ffdfb3fa000 	C:\WINDOWS\System32\wintypes.dll
0x00007ffdf8c10000 - 0x00007ffdf946e000 	C:\WINDOWS\SYSTEM32\windows.storage.dll
0x00007ffdfd120000 - 0x00007ffdfd215000 	C:\WINDOWS\System32\SHCORE.dll
0x00007ffdfd370000 - 0x00007ffdfd3d6000 	C:\WINDOWS\System32\shlwapi.dll
0x00007ffdfaf10000 - 0x00007ffdfaf39000 	C:\WINDOWS\SYSTEM32\profapi.dll
0x00007ffdd05c0000 - 0x00007ffdd05d9000 	C:\Program Files\Java\jdk-17\bin\net.dll
0x00007ffdf0db0000 - 0x00007ffdf0ed8000 	C:\WINDOWS\SYSTEM32\WINHTTP.dll
0x00007ffdfa310000 - 0x00007ffdfa37b000 	C:\WINDOWS\system32\mswsock.dll
0x00007ffdcf620000 - 0x00007ffdcf636000 	C:\Program Files\Java\jdk-17\bin\nio.dll
0x00007ffdce240000 - 0x00007ffdce258000 	C:\Program Files\Java\jdk-17\bin\zip.dll
0x00007ffdd9780000 - 0x00007ffdd978a000 	C:\Program Files\Java\jdk-17\bin\management.dll
0x00007ffdd7f40000 - 0x00007ffdd7f4b000 	C:\Program Files\Java\jdk-17\bin\management_ext.dll
0x00007ffdd2860000 - 0x00007ffdd286e000 	C:\Program Files\Java\jdk-17\bin\sunmscapi.dll
0x00007ffdfbac0000 - 0x00007ffdfbc37000 	C:\WINDOWS\System32\CRYPT32.dll
0x00007ffdfa850000 - 0x00007ffdfa880000 	C:\WINDOWS\SYSTEM32\ncrypt.dll
0x00007ffdfa800000 - 0x00007ffdfa83f000 	C:\WINDOWS\SYSTEM32\NTASN1.dll
0x00007ffdfa5d0000 - 0x00007ffdfa5eb000 	C:\WINDOWS\SYSTEM32\CRYPTSP.dll
0x00007ffdf9d00000 - 0x00007ffdf9d3a000 	C:\WINDOWS\system32\rsaenh.dll
0x00007ffdfa3c0000 - 0x00007ffdfa3eb000 	C:\WINDOWS\SYSTEM32\USERENV.dll
0x00007ffdfaee0000 - 0x00007ffdfaf0a000 	C:\WINDOWS\SYSTEM32\bcrypt.dll
0x00007ffdfabf0000 - 0x00007ffdfabfc000 	C:\WINDOWS\SYSTEM32\CRYPTBASE.dll
0x00007ffdf9800000 - 0x00007ffdf9834000 	C:\WINDOWS\SYSTEM32\IPHLPAPI.DLL
0x00007ffdfd040000 - 0x00007ffdfd04a000 	C:\WINDOWS\System32\NSI.dll
0x00007ffdf3630000 - 0x00007ffdf364e000 	C:\WINDOWS\SYSTEM32\dhcpcsvc6.DLL
0x00007ffdf3600000 - 0x00007ffdf3623000 	C:\WINDOWS\SYSTEM32\dhcpcsvc.DLL
0x00007ffdf98a0000 - 0x00007ffdf99cc000 	C:\WINDOWS\SYSTEM32\DNSAPI.dll
0x00007ffdf0630000 - 0x00007ffdf063b000 	C:\Windows\System32\rasadhlp.dll
0x00007ffdf40c0000 - 0x00007ffdf4146000 	C:\WINDOWS\System32\fwpuclnt.dll

dbghelp: loaded successfully - version: 4.0.5 - missing functions: none
symbol engine: initialized successfully - sym options: 0x614 - pdb path: .;C:\Program Files\Java\jdk-17\bin;C:\WINDOWS\SYSTEM32;C:\WINDOWS\WinSxS\amd64_microsoft.windows.common-controls_6595b64144ccf1df_6.0.26100.7309_none_3e05feeae336a044;C:\Program Files\Java\jdk-17\bin\server

VM Arguments:
java_command: C:\Users\HOME PC\AppData\Local\Temp\surefire3494028405163965863\surefirebooter-20260103221704102_3.jar C:\Users\HOME PC\AppData\Local\Temp\surefire3494028405163965863 2026-01-03T22-17-03_769-jvmRun1 surefire-20260103221704102_1tmp surefire_0-20260103221704102_2tmp
java_class_path (initial): C:\Users\HOME PC\AppData\Local\Temp\surefire3494028405163965863\surefirebooter-20260103221704102_3.jar
Launcher Type: SUN_STANDARD

[Global flags]
     intx CICompilerCount                          = 4                                         {product} {ergonomic}
     uint ConcGCThreads                            = 3                                         {product} {ergonomic}
     uint G1ConcRefinementThreads                  = 10                                        {product} {ergonomic}
   size_t G1HeapRegionSize                         = 1048576                                   {product} {ergonomic}
    uintx GCDrainStackTargetSize                   = 64                                        {product} {ergonomic}
   size_t InitialHeapSize                          = 56623104                                  {product} {ergonomic}
   size_t MarkStackSize                            = 4194304                                   {product} {ergonomic}
   size_t MaxHeapSize                              = 893386752                                 {product} {ergonomic}
   size_t MaxNewSize                               = 535822336                                 {product} {ergonomic}
   size_t MinHeapDeltaBytes                        = 1048576                                   {product} {ergonomic}
   size_t MinHeapSize                              = 8388608                                   {product} {ergonomic}
    uintx NonNMethodCodeHeapSize                   = 5839372                                {pd product} {ergonomic}
    uintx NonProfiledCodeHeapSize                  = 122909434                              {pd product} {ergonomic}
    uintx ProfiledCodeHeapSize                     = 122909434                              {pd product} {ergonomic}
    uintx ReservedCodeCacheSize                    = 251658240                              {pd product} {ergonomic}
     bool SegmentedCodeCache                       = true                                      {product} {ergonomic}
   size_t SoftMaxHeapSize                          = 893386752                              {manageable} {ergonomic}
     bool UseCompressedClassPointers               = true                           {product lp64_product} {ergonomic}
     bool UseCompressedOops                        = true                           {product lp64_product} {ergonomic}
     bool UseG1GC                                  = true                                      {product} {ergonomic}
     bool UseLargePagesIndividualAllocation        = false                                  {pd product} {ergonomic}

Logging:
Log output configuration:
 #0: stdout all=warning uptime,level,tags
 #1: stderr all=off uptime,level,tags

Environment Variables:
PATH=C:/Users/HOME PC/.p2/pool/plugins/org.eclipse.justj.openjdk.hotspot.jre.full.win32.x86_64_21.0.9.v20251105-0741/jre/bin/server;C:/Users/HOME PC/.p2/pool/plugins/org.eclipse.justj.openjdk.hotspot.jre.full.win32.x86_64_21.0.9.v20251105-0741/jre/bin;C:\Program Files\Common Files\Oracle\Java\javapath;C:\WINDOWS\system32;C:\WINDOWS;C:\WINDOWS\System32\Wbem;C:\WINDOWS\System32\WindowsPowerShell\v1.0\;C:\WINDOWS\System32\OpenSSH\;C:\Program Files\nodejs\;C:\Program Files\MySQL\MySQL Server 8.0\bin;C:\Users\HOME PC\AppData\Local\Programs\Python\Python313\Scripts\;C:\Users\HOME PC\AppData\Local\Programs\Python\Python313\;C:\Users\HOME PC\AppData\Local\Programs\Python\Launcher\;C:\Users\HOME PC\AppData\Local\Microsoft\WindowsApps;C:\Users\HOME PC\AppData\Local\Programs\Git\cmd;C:\Users\HOME PC\AppData\Local\Programs\Microsoft VS Code\bin;C:\Users\HOME PC\AppData\Local\Programs\mongosh\;C:\Users\HOME PC\AppData\Roaming\npm;C:\Users\HOME PC\OneDrive\Desktop;
USERNAME=HOME PC
OS=Windows_NT
PROCESSOR_IDENTIFIER=AMD64 Family 23 Model 104 Stepping 1, AuthenticAMD



---------------  S Y S T E M  ---------------

OS:
 Windows 11 , 64 bit Build 26100 (10.0.26100.7309)
OS uptime: 4 days 7:12 hours

CPU: total 12 (initial active 12) (12 cores per cpu, 2 threads per core) family 23 model 104 stepping 1 microcode 0x8608109, cx8, cmov, fxsr, ht, mmx, 3dnowpref, sse, sse2, sse3, ssse3, sse4a, sse4.1, sse4.2, popcnt, lzcnt, tsc, tscinvbit, avx, avx2, aes, clmul, bmi1, bmi2, adx, sha, fma, vzeroupper, clflush, clflushopt

Memory: 4k page, system-wide physical 3405M (711M free)
TotalPageFile size 13645M (AvailPageFile size 81M)
current process WorkingSet (physical memory assigned to process): 386M, peak: 444M
current process commit charge ("private bytes"): 595M, peak: 775M

vm_info: Java HotSpot(TM) 64-Bit Server VM (17.0.12+8-LTS-286) for windows-amd64 JRE (17.0.12+8-LTS-286), built on Jun  5 2024 06:46:59 by "mach5one" with MS VC++ 17.6 (VS2022)

END.
