#
# There is insufficient memory for the Java Runtime Environment to continue.
# Native memory allocation (malloc) failed to allocate 1494096 bytes for Chunk::new
# Possible reasons:
#   The system is out of physical RAM or swap space
#   The process is running with CompressedOops enabled, and the Java Heap may be blocking the growth of the native heap
# Possible solutions:
#   Reduce memory load on the system
#   Increase physical memory or swap space
#   Check if swap backing store is full
#   Decrease Java heap size (-Xmx/-Xms)
#   Decrease number of Java threads
#   Decrease Java thread stack sizes (-Xss)
#   Set larger code cache with -XX:ReservedCodeCacheSize=
#   JVM is running with Unscaled Compressed Oops mode in which the Java heap is
#     placed in the first 4GB address space. The Java Heap base address is the
#     maximum limit for the native heap growth. Please use -XX:HeapBaseMinAddress
#     to set the Java Heap base and to place the Java Heap above 4GB virtual address.
# This output file may be truncated or incomplete.
#
#  Out of Memory Error (arena.cpp:189), pid=28172, tid=27332
#
# JRE version: Java(TM) SE Runtime Environment (17.0.12+8) (build 17.0.12+8-LTS-286)
# Java VM: Java HotSpot(TM) 64-Bit Server VM (17.0.12+8-LTS-286, mixed mode, sharing, tiered, compressed oops, compressed class ptrs, g1 gc, windows-amd64)
# No core dump will be written. Minidumps are not enabled by default on client versions of Windows
#

---------------  S U M M A R Y ------------

Command Line: -Dmaven.home=EMBEDDED -Dclassworlds.conf=C:\InfosysProject\LostFoundProject\.metadata\.plugins\org.eclipse.m2e.launching\launches\m2conf11270697224258057375.tmp -Dmaven.multiModuleProjectDirectory=C:\InfosysProject\LostFoundProject\lostFoundApplication -Dm2e.build.project.data.socket.port=56283 -Dfile.encoding=UTF-8 -Dstdout.encoding=UTF-8 -Dstderr.encoding=UTF-8 -XX:+ShowCodeDetailsInExceptionMessages org.codehaus.plexus.classworlds.launcher.Launcher -Ppom.xml -B -Dstyle.color=always clean install -DskipTests

Host: AMD Ryzen 5 5500U with Radeon Graphics         , 12 cores, 3G,  Windows 11 , 64 bit Build 26100 (10.0.26100.7019)
Time: Tue Dec  2 17:27:47 2025 India Standard Time elapsed time: 4.467731 seconds (0d 0h 0m 4s)

---------------  T H R E A D  ---------------

Current thread (0x000001bfaeefbeb0):  JavaThread "C2 CompilerThread0" daemon [_thread_in_native, id=27332, stack(0x00000005ad600000,0x00000005ad700000)]


Current CompileTask:
C2:   4469 3564       4       org.codehaus.plexus.util.xml.Xpp3Dom::<init> (125 bytes)

Stack: [0x00000005ad600000,0x00000005ad700000]
Native frames: (J=compiled Java code, j=interpreted, Vv=VM code, C=native code)
V  [jvm.dll+0x67a04a]
V  [jvm.dll+0x7da4ed]
V  [jvm.dll+0x7dbe33]
V  [jvm.dll+0x7dc4a3]
V  [jvm.dll+0x24508f]
V  [jvm.dll+0xab773]
V  [jvm.dll+0xabd3c]
V  [jvm.dll+0x361b9f]
V  [jvm.dll+0x32c431]
V  [jvm.dll+0x32b8ca]
V  [jvm.dll+0x21683f]
V  [jvm.dll+0x215c6f]
V  [jvm.dll+0x1a2960]
V  [jvm.dll+0x22610b]
V  [jvm.dll+0x2242ab]
V  [jvm.dll+0x79075c]
V  [jvm.dll+0x78abea]
V  [jvm.dll+0x678f35]
C  [ucrtbase.dll+0x37b0]
C  [KERNEL32.DLL+0x2e8d7]
C  [ntdll.dll+0x8c53c]


---------------  P R O C E S S  ---------------

Threads class SMR info:
_java_thread_list=0x000001bff46d2340, length=12, elements={
0x000001bf93540720, 0x000001bfaeed4090, 0x000001bfaeed56d0, 0x000001bfaeee9400,
0x000001bfaeeec0e0, 0x000001bfaeeee530, 0x000001bfaeef39c0, 0x000001bfaeefbeb0,
0x000001bfaef1fcd0, 0x000001bfaef21150, 0x000001bff41bc4c0, 0x000001bff41c6f80
}

Java Threads: ( => current thread )
  0x000001bf93540720 JavaThread "main" [_thread_in_native, id=1412, stack(0x00000005ac900000,0x00000005aca00000)]
  0x000001bfaeed4090 JavaThread "Reference Handler" daemon [_thread_blocked, id=1244, stack(0x00000005ad000000,0x00000005ad100000)]
  0x000001bfaeed56d0 JavaThread "Finalizer" daemon [_thread_blocked, id=22396, stack(0x00000005ad100000,0x00000005ad200000)]
  0x000001bfaeee9400 JavaThread "Signal Dispatcher" daemon [_thread_blocked, id=12960, stack(0x00000005ad200000,0x00000005ad300000)]
  0x000001bfaeeec0e0 JavaThread "Attach Listener" daemon [_thread_blocked, id=17536, stack(0x00000005ad300000,0x00000005ad400000)]
  0x000001bfaeeee530 JavaThread "Service Thread" daemon [_thread_blocked, id=4772, stack(0x00000005ad400000,0x00000005ad500000)]
  0x000001bfaeef39c0 JavaThread "Monitor Deflation Thread" daemon [_thread_blocked, id=14452, stack(0x00000005ad500000,0x00000005ad600000)]
=>0x000001bfaeefbeb0 JavaThread "C2 CompilerThread0" daemon [_thread_in_native, id=27332, stack(0x00000005ad600000,0x00000005ad700000)]
  0x000001bfaef1fcd0 JavaThread "C1 CompilerThread0" daemon [_thread_blocked, id=19328, stack(0x00000005ad700000,0x00000005ad800000)]
  0x000001bfaef21150 JavaThread "Sweeper thread" daemon [_thread_blocked, id=23696, stack(0x00000005ad800000,0x00000005ad900000)]
  0x000001bff41bc4c0 JavaThread "Notification Thread" daemon [_thread_blocked, id=1924, stack(0x00000005ad900000,0x00000005ada00000)]
  0x000001bff41c6f80 JavaThread "Common-Cleaner" daemon [_thread_blocked, id=30388, stack(0x00000005adb00000,0x00000005adc00000)]

Other Threads:
  0x000001bfaeecfad0 VMThread "VM Thread" [stack: 0x00000005acf00000,0x00000005ad000000] [id=2808]
  0x000001bf93593380 WatcherThread [stack: 0x00000005ada00000,0x00000005adb00000] [id=8228]
  0x000001bf93578640 GCTaskThread "GC Thread#0" [stack: 0x00000005aca00000,0x00000005acb00000] [id=11636]
  0x000001bff4cd9010 GCTaskThread "GC Thread#1" [stack: 0x00000005adc00000,0x00000005add00000] [id=29404]
  0x000001bff4bae940 GCTaskThread "GC Thread#2" [stack: 0x00000005add00000,0x00000005ade00000] [id=5668]
  0x000001bff4baec00 GCTaskThread "GC Thread#3" [stack: 0x00000005ade00000,0x00000005adf00000] [id=27556]
  0x000001bff4bb7b30 GCTaskThread "GC Thread#4" [stack: 0x00000005adf00000,0x00000005ae000000] [id=15128]
  0x000001bff4bb9a10 GCTaskThread "GC Thread#5" [stack: 0x00000005ae000000,0x00000005ae100000] [id=13600]
  0x000001bff4bbdcf0 GCTaskThread "GC Thread#6" [stack: 0x00000005ae100000,0x00000005ae200000] [id=22380]
  0x000001bff4bdb090 GCTaskThread "GC Thread#7" [stack: 0x00000005ae200000,0x00000005ae300000] [id=14864]
  0x000001bff4f0c4e0 GCTaskThread "GC Thread#8" [stack: 0x00000005ae300000,0x00000005ae400000] [id=22200]
  0x000001bff4f0c7a0 GCTaskThread "GC Thread#9" [stack: 0x00000005ae400000,0x00000005ae500000] [id=22532]
  0x000001bf9357ff20 ConcurrentGCThread "G1 Main Marker" [stack: 0x00000005acb00000,0x00000005acc00000] [id=2832]
  0x000001bf93581cb0 ConcurrentGCThread "G1 Conc#0" [stack: 0x00000005acc00000,0x00000005acd00000] [id=29616]
  0x000001bf935ff830 ConcurrentGCThread "G1 Refine#0" [stack: 0x00000005acd00000,0x00000005ace00000] [id=21548]
  0x000001bf93601020 ConcurrentGCThread "G1 Service" [stack: 0x00000005ace00000,0x00000005acf00000] [id=11480]

Threads with active compile tasks:
C2 CompilerThread0     4542 3564       4       org.codehaus.plexus.util.xml.Xpp3Dom::<init> (125 bytes)

VM state: not at safepoint (normal execution)

VM Mutex/Monitor currently owned by a thread: None

Heap address: 0x00000000cac00000, size: 852 MB, Compressed Oops mode: 32-bit

CDS archive(s) mapped at: [0x000001bfaf000000-0x000001bfafbd0000-0x000001bfafbd0000), size 12386304, SharedBaseAddress: 0x000001bfaf000000, ArchiveRelocationMode: 1.
Compressed class space mapped at: 0x000001bfb0000000-0x000001bff0000000, reserved size: 1073741824
Narrow klass base: 0x000001bfaf000000, Narrow klass shift: 0, Narrow klass range: 0x100000000

GC Precious Log:
 CPUs: 12 total, 12 available
 Memory: 3405M
 Large Page Support: Disabled
 NUMA Support: Disabled
 Compressed Oops: Enabled (32-bit)
 Heap Region Size: 1M
 Heap Min Capacity: 8M
 Heap Initial Capacity: 54M
 Heap Max Capacity: 852M
 Pre-touch: Disabled
 Parallel Workers: 10
 Concurrent Workers: 3
 Concurrent Refinement Workers: 10
 Periodic GC: Disabled

Heap:
 garbage-first heap   total 55296K, used 28182K [0x00000000cac00000, 0x0000000100000000)
  region size 1024K, 21 young (21504K), 4 survivors (4096K)
 Metaspace       used 15748K, committed 16000K, reserved 1114112K
  class space    used 1871K, committed 1984K, reserved 1048576K

Heap Regions: E=young(eden), S=young(survivor), O=old, HS=humongous(starts), HC=humongous(continues), CS=collection set, F=free, OA=open archive, CA=closed archive, TAMS=top-at-mark-start (previous, next)
|   0|0x00000000cac00000, 0x00000000cad00000, 0x00000000cad00000|100%| O|  |TAMS 0x00000000cac00000, 0x00000000cac00000| Untracked 
|   1|0x00000000cad00000, 0x00000000cae00000, 0x00000000cae00000|100%| O|  |TAMS 0x00000000cad00000, 0x00000000cad00000| Untracked 
|   2|0x00000000cae00000, 0x00000000caf00000, 0x00000000caf00000|100%| O|  |TAMS 0x00000000cae00000, 0x00000000cae00000| Untracked 
|   3|0x00000000caf00000, 0x00000000cb000000, 0x00000000cb000000|100%| O|  |TAMS 0x00000000caf00000, 0x00000000caf00000| Untracked 
|   4|0x00000000cb000000, 0x00000000cb100000, 0x00000000cb100000|100%| O|  |TAMS 0x00000000cb000000, 0x00000000cb000000| Untracked 
|   5|0x00000000cb100000, 0x00000000cb200000, 0x00000000cb200000|100%| O|  |TAMS 0x00000000cb100000, 0x00000000cb100000| Untracked 
|   6|0x00000000cb200000, 0x00000000cb300000, 0x00000000cb300000|100%| O|  |TAMS 0x00000000cb200000, 0x00000000cb200000| Untracked 
|   7|0x00000000cb300000, 0x00000000cb3dd800, 0x00000000cb400000| 86%| O|  |TAMS 0x00000000cb300000, 0x00000000cb300000| Untracked 
|   8|0x00000000cb400000, 0x00000000cb400000, 0x00000000cb500000|  0%| F|  |TAMS 0x00000000cb400000, 0x00000000cb400000| Untracked 
|   9|0x00000000cb500000, 0x00000000cb500000, 0x00000000cb600000|  0%| F|  |TAMS 0x00000000cb500000, 0x00000000cb500000| Untracked 
|  10|0x00000000cb600000, 0x00000000cb600000, 0x00000000cb700000|  0%| F|  |TAMS 0x00000000cb600000, 0x00000000cb600000| Untracked 
|  11|0x00000000cb700000, 0x00000000cb700000, 0x00000000cb800000|  0%| F|  |TAMS 0x00000000cb700000, 0x00000000cb700000| Untracked 
|  12|0x00000000cb800000, 0x00000000cb800000, 0x00000000cb900000|  0%| F|  |TAMS 0x00000000cb800000, 0x00000000cb800000| Untracked 
|  13|0x00000000cb900000, 0x00000000cb900000, 0x00000000cba00000|  0%| F|  |TAMS 0x00000000cb900000, 0x00000000cb900000| Untracked 
|  14|0x00000000cba00000, 0x00000000cba00000, 0x00000000cbb00000|  0%| F|  |TAMS 0x00000000cba00000, 0x00000000cba00000| Untracked 
|  15|0x00000000cbb00000, 0x00000000cbb00000, 0x00000000cbc00000|  0%| F|  |TAMS 0x00000000cbb00000, 0x00000000cbb00000| Untracked 
|  16|0x00000000cbc00000, 0x00000000cbc00000, 0x00000000cbd00000|  0%| F|  |TAMS 0x00000000cbc00000, 0x00000000cbc00000| Untracked 
|  17|0x00000000cbd00000, 0x00000000cbd00000, 0x00000000cbe00000|  0%| F|  |TAMS 0x00000000cbd00000, 0x00000000cbd00000| Untracked 
|  18|0x00000000cbe00000, 0x00000000cbe00000, 0x00000000cbf00000|  0%| F|  |TAMS 0x00000000cbe00000, 0x00000000cbe00000| Untracked 
|  19|0x00000000cbf00000, 0x00000000cbf00000, 0x00000000cc000000|  0%| F|  |TAMS 0x00000000cbf00000, 0x00000000cbf00000| Untracked 
|  20|0x00000000cc000000, 0x00000000cc000000, 0x00000000cc100000|  0%| F|  |TAMS 0x00000000cc000000, 0x00000000cc000000| Untracked 
|  21|0x00000000cc100000, 0x00000000cc100000, 0x00000000cc200000|  0%| F|  |TAMS 0x00000000cc100000, 0x00000000cc100000| Untracked 
|  22|0x00000000cc200000, 0x00000000cc2a8220, 0x00000000cc300000| 65%| S|CS|TAMS 0x00000000cc200000, 0x00000000cc200000| Complete 
|  23|0x00000000cc300000, 0x00000000cc400000, 0x00000000cc400000|100%| S|CS|TAMS 0x00000000cc300000, 0x00000000cc300000| Complete 
|  24|0x00000000cc400000, 0x00000000cc500000, 0x00000000cc500000|100%| S|CS|TAMS 0x00000000cc400000, 0x00000000cc400000| Complete 
|  25|0x00000000cc500000, 0x00000000cc600000, 0x00000000cc600000|100%| S|CS|TAMS 0x00000000cc500000, 0x00000000cc500000| Complete 
|  26|0x00000000cc600000, 0x00000000cc600000, 0x00000000cc700000|  0%| F|  |TAMS 0x00000000cc600000, 0x00000000cc600000| Untracked 
|  27|0x00000000cc700000, 0x00000000cc700000, 0x00000000cc800000|  0%| F|  |TAMS 0x00000000cc700000, 0x00000000cc700000| Untracked 
|  28|0x00000000cc800000, 0x00000000cc800000, 0x00000000cc900000|  0%| F|  |TAMS 0x00000000cc800000, 0x00000000cc800000| Untracked 
|  29|0x00000000cc900000, 0x00000000cc900000, 0x00000000cca00000|  0%| F|  |TAMS 0x00000000cc900000, 0x00000000cc900000| Untracked 
|  30|0x00000000cca00000, 0x00000000cca00000, 0x00000000ccb00000|  0%| F|  |TAMS 0x00000000cca00000, 0x00000000cca00000| Untracked 
|  31|0x00000000ccb00000, 0x00000000ccb00000, 0x00000000ccc00000|  0%| F|  |TAMS 0x00000000ccb00000, 0x00000000ccb00000| Untracked 
|  32|0x00000000ccc00000, 0x00000000ccc00000, 0x00000000ccd00000|  0%| F|  |TAMS 0x00000000ccc00000, 0x00000000ccc00000| Untracked 
|  33|0x00000000ccd00000, 0x00000000ccd00000, 0x00000000cce00000|  0%| F|  |TAMS 0x00000000ccd00000, 0x00000000ccd00000| Untracked 
|  34|0x00000000cce00000, 0x00000000cce00000, 0x00000000ccf00000|  0%| F|  |TAMS 0x00000000cce00000, 0x00000000cce00000| Untracked 
|  35|0x00000000ccf00000, 0x00000000ccf00000, 0x00000000cd000000|  0%| F|  |TAMS 0x00000000ccf00000, 0x00000000ccf00000| Untracked 
|  36|0x00000000cd000000, 0x00000000cd000000, 0x00000000cd100000|  0%| F|  |TAMS 0x00000000cd000000, 0x00000000cd000000| Untracked 
|  37|0x00000000cd100000, 0x00000000cd180800, 0x00000000cd200000| 50%| E|  |TAMS 0x00000000cd100000, 0x00000000cd100000| Complete 
|  38|0x00000000cd200000, 0x00000000cd300000, 0x00000000cd300000|100%| E|CS|TAMS 0x00000000cd200000, 0x00000000cd200000| Complete 
|  39|0x00000000cd300000, 0x00000000cd400000, 0x00000000cd400000|100%| E|CS|TAMS 0x00000000cd300000, 0x00000000cd300000| Complete 
|  40|0x00000000cd400000, 0x00000000cd500000, 0x00000000cd500000|100%| E|CS|TAMS 0x00000000cd400000, 0x00000000cd400000| Complete 
|  41|0x00000000cd500000, 0x00000000cd600000, 0x00000000cd600000|100%| E|CS|TAMS 0x00000000cd500000, 0x00000000cd500000| Complete 
|  42|0x00000000cd600000, 0x00000000cd700000, 0x00000000cd700000|100%| E|CS|TAMS 0x00000000cd600000, 0x00000000cd600000| Complete 
|  43|0x00000000cd700000, 0x00000000cd800000, 0x00000000cd800000|100%| E|CS|TAMS 0x00000000cd700000, 0x00000000cd700000| Complete 
|  44|0x00000000cd800000, 0x00000000cd900000, 0x00000000cd900000|100%| E|CS|TAMS 0x00000000cd800000, 0x00000000cd800000| Complete 
|  45|0x00000000cd900000, 0x00000000cda00000, 0x00000000cda00000|100%| E|CS|TAMS 0x00000000cd900000, 0x00000000cd900000| Complete 
|  46|0x00000000cda00000, 0x00000000cdb00000, 0x00000000cdb00000|100%| E|CS|TAMS 0x00000000cda00000, 0x00000000cda00000| Complete 
|  47|0x00000000cdb00000, 0x00000000cdc00000, 0x00000000cdc00000|100%| E|CS|TAMS 0x00000000cdb00000, 0x00000000cdb00000| Complete 
|  48|0x00000000cdc00000, 0x00000000cdd00000, 0x00000000cdd00000|100%| E|CS|TAMS 0x00000000cdc00000, 0x00000000cdc00000| Complete 
|  49|0x00000000cdd00000, 0x00000000cde00000, 0x00000000cde00000|100%| E|CS|TAMS 0x00000000cdd00000, 0x00000000cdd00000| Complete 
|  50|0x00000000cde00000, 0x00000000cdf00000, 0x00000000cdf00000|100%| E|CS|TAMS 0x00000000cde00000, 0x00000000cde00000| Complete 
|  51|0x00000000cdf00000, 0x00000000ce000000, 0x00000000ce000000|100%| E|CS|TAMS 0x00000000cdf00000, 0x00000000cdf00000| Complete 
|  52|0x00000000ce000000, 0x00000000ce100000, 0x00000000ce100000|100%| E|CS|TAMS 0x00000000ce000000, 0x00000000ce000000| Complete 
|  53|0x00000000ce100000, 0x00000000ce200000, 0x00000000ce200000|100%| E|CS|TAMS 0x00000000ce100000, 0x00000000ce100000| Complete 

Card table byte_map: [0x000001bfaa500000,0x000001bfaa6b0000] _byte_map_base: 0x000001bfa9eaa000

Marking Bits (Prev, Next): (CMBitMap*) 0x000001bf93578b70, (CMBitMap*) 0x000001bf93578bb0
 Prev Bits: [0x000001bfaa860000, 0x000001bfab5b0000)
 Next Bits: [0x000001bfab5b0000, 0x000001bfac300000)

Polling page: 0x000001bf914e0000

Metaspace:

Usage:
  Non-class:     13.55 MB used.
      Class:      1.83 MB used.
       Both:     15.38 MB used.

Virtual space:
  Non-class space:       64.00 MB reserved,      13.69 MB ( 21%) committed,  1 nodes.
      Class space:        1.00 GB reserved,       1.94 MB ( <1%) committed,  1 nodes.
             Both:        1.06 GB reserved,      15.62 MB (  1%) committed. 

Chunk freelists:
   Non-Class:  1.95 MB
       Class:  13.95 MB
        Both:  15.91 MB

MaxMetaspaceSize: unlimited
CompressedClassSpaceSize: 1.00 GB
Initial GC threshold: 21.00 MB
Current GC threshold: 21.00 MB
CDS: on
MetaspaceReclaimPolicy: balanced
 - commit_granule_bytes: 65536.
 - commit_granule_words: 8192.
 - virtual_space_node_default_size: 8388608.
 - enlarge_chunks_in_place: 1.
 - new_chunks_are_fully_committed: 0.
 - uncommit_free_chunks: 1.
 - use_allocation_guard: 0.
 - handle_deallocations: 1.


Internal statistics:

num_allocs_failed_limit: 0.
num_arena_births: 92.
num_arena_deaths: 0.
num_vsnodes_births: 2.
num_vsnodes_deaths: 0.
num_space_committed: 250.
num_space_uncommitted: 0.
num_chunks_returned_to_freelist: 0.
num_chunks_taken_from_freelist: 624.
num_chunk_merges: 0.
num_chunk_splits: 425.
num_chunks_enlarged: 353.
num_inconsistent_stats: 0.

CodeHeap 'non-profiled nmethods': size=120000Kb used=1508Kb max_used=1508Kb free=118491Kb
 bounds [0x000001bfa28d0000, 0x000001bfa2b40000, 0x000001bfa9e00000]
CodeHeap 'profiled nmethods': size=120000Kb used=7805Kb max_used=7805Kb free=112194Kb
 bounds [0x000001bf9ae00000, 0x000001bf9b5a0000, 0x000001bfa2330000]
CodeHeap 'non-nmethods': size=5760Kb used=1178Kb max_used=1205Kb free=4581Kb
 bounds [0x000001bfa2330000, 0x000001bfa25a0000, 0x000001bfa28d0000]
 total_blobs=4189 nmethods=3721 adapters=380
 compilation: enabled
              stopped_count=0, restarted_count=0
 full_count=0

Compilation events (20 events):
Event: 4.353 Thread 0x000001bfaef1fcd0 nmethod 3654 0x000001bf9b57ed10 code [0x000001bf9b57efa0, 0x000001bf9b57fcf8]
Event: 4.353 Thread 0x000001bfaef1fcd0 3653       3       org.apache.maven.plugin.internal.DefaultPluginValidationManager::onEvent (72 bytes)
Event: 4.355 Thread 0x000001bfaef1fcd0 nmethod 3653 0x000001bf9b580210 code [0x000001bf9b580600, 0x000001bf9b582708]
Event: 4.363 Thread 0x000001bfaef1fcd0 3655       3       java.io.FileInputStream::read (9 bytes)
Event: 4.364 Thread 0x000001bfaef1fcd0 nmethod 3655 0x000001bf9b583090 code [0x000001bf9b583240, 0x000001bf9b583388]
Event: 4.365 Thread 0x000001bfaef1fcd0 3656       3       java.io.FileInputStream::<init> (107 bytes)
Event: 4.366 Thread 0x000001bfaef1fcd0 nmethod 3656 0x000001bf9b583490 code [0x000001bf9b583700, 0x000001bf9b5841e8]
Event: 4.366 Thread 0x000001bfaef1fcd0 3657       3       java.io.FileInputStream::open (6 bytes)
Event: 4.366 Thread 0x000001bfaef1fcd0 nmethod 3657 0x000001bf9b584590 code [0x000001bf9b584720, 0x000001bf9b584868]
Event: 4.368 Thread 0x000001bfaef1fcd0 3659       3       java.io.FileInputStream$1::close (11 bytes)
Event: 4.368 Thread 0x000001bfaef1fcd0 nmethod 3659 0x000001bf9b584910 code [0x000001bf9b584ae0, 0x000001bf9b584fd8]
Event: 4.368 Thread 0x000001bfaef1fcd0 3660   !   3       org.codehaus.plexus.interpolation.RegexBasedInterpolator::interpolate (321 bytes)
Event: 4.452 Thread 0x000001bfaef1fcd0 nmethod 3660 0x000001bf9b585210 code [0x000001bf9b585600, 0x000001bf9b587378]
Event: 4.452 Thread 0x000001bfaef1fcd0 3662       3       java.util.regex.CharPredicates$$Lambda$47/0x800000055::is (5 bytes)
Event: 4.452 Thread 0x000001bfaef1fcd0 nmethod 3662 0x000001bf9b588190 code [0x000001bf9b588360, 0x000001bf9b588778]
Event: 4.452 Thread 0x000001bfaef1fcd0 3663       1       org.codehaus.plexus.util.xml.XmlReader::getEncoding (5 bytes)
Event: 4.452 Thread 0x000001bfaef1fcd0 nmethod 3663 0x000001bfa2a42190 code [0x000001bfa2a42320, 0x000001bfa2a423f8]
Event: 4.452 Thread 0x000001bfaef1fcd0 3664       1       org.apache.maven.model.Model::setDevelopers (6 bytes)
Event: 4.452 Thread 0x000001bfaef1fcd0 nmethod 3664 0x000001bfa2a42490 code [0x000001bfa2a42620, 0x000001bfa2a42738]
Event: 4.453 Thread 0x000001bfaef1fcd0 3665   !   3       org.codehaus.plexus.interpolation.RegexBasedInterpolator::interpolate (240 bytes)

GC Heap History (8 events):
Event: 1.172 GC heap before
{Heap before GC invocations=0 (full 0):
 garbage-first heap   total 55296K, used 23552K [0x00000000cac00000, 0x0000000100000000)
  region size 1024K, 23 young (23552K), 0 survivors (0K)
 Metaspace       used 5513K, committed 5696K, reserved 1114112K
  class space    used 663K, committed 768K, reserved 1048576K
}
Event: 1.182 GC heap after
{Heap after GC invocations=1 (full 0):
 garbage-first heap   total 55296K, used 3716K [0x00000000cac00000, 0x0000000100000000)
  region size 1024K, 3 young (3072K), 3 survivors (3072K)
 Metaspace       used 5513K, committed 5696K, reserved 1114112K
  class space    used 663K, committed 768K, reserved 1048576K
}
Event: 1.852 GC heap before
{Heap before GC invocations=1 (full 0):
 garbage-first heap   total 55296K, used 27268K [0x00000000cac00000, 0x0000000100000000)
  region size 1024K, 27 young (27648K), 3 survivors (3072K)
 Metaspace       used 8235K, committed 8448K, reserved 1114112K
  class space    used 975K, committed 1088K, reserved 1048576K
}
Event: 1.859 GC heap after
{Heap after GC invocations=2 (full 0):
 garbage-first heap   total 55296K, used 4695K [0x00000000cac00000, 0x0000000100000000)
  region size 1024K, 1 young (1024K), 1 survivors (1024K)
 Metaspace       used 8235K, committed 8448K, reserved 1114112K
  class space    used 975K, committed 1088K, reserved 1048576K
}
Event: 3.048 GC heap before
{Heap before GC invocations=2 (full 0):
 garbage-first heap   total 55296K, used 36439K [0x00000000cac00000, 0x0000000100000000)
  region size 1024K, 32 young (32768K), 1 survivors (1024K)
 Metaspace       used 14524K, committed 14720K, reserved 1114112K
  class space    used 1778K, committed 1856K, reserved 1048576K
}
Event: 3.061 GC heap after
{Heap after GC invocations=3 (full 0):
 garbage-first heap   total 55296K, used 8127K [0x00000000cac00000, 0x0000000100000000)
  region size 1024K, 4 young (4096K), 4 survivors (4096K)
 Metaspace       used 14524K, committed 14720K, reserved 1114112K
  class space    used 1778K, committed 1856K, reserved 1048576K
}
Event: 3.865 GC heap before
{Heap before GC invocations=3 (full 0):
 garbage-first heap   total 55296K, used 36799K [0x00000000cac00000, 0x0000000100000000)
  region size 1024K, 32 young (32768K), 4 survivors (4096K)
 Metaspace       used 15430K, committed 15616K, reserved 1114112K
  class space    used 1848K, committed 1984K, reserved 1048576K
}
Event: 3.877 GC heap after
{Heap after GC invocations=4 (full 0):
 garbage-first heap   total 55296K, used 11798K [0x00000000cac00000, 0x0000000100000000)
  region size 1024K, 4 young (4096K), 4 survivors (4096K)
 Metaspace       used 15430K, committed 15616K, reserved 1114112K
  class space    used 1848K, committed 1984K, reserved 1048576K
}

Deoptimization events (20 events):
Event: 4.147 Thread 0x000001bf93540720 Uncommon trap: trap_request=0xffffff45 fr.pc=0x000001bfa2a15644 relative=0x00000000000001a4
Event: 4.147 Thread 0x000001bf93540720 Uncommon trap: reason=unstable_if action=reinterpret pc=0x000001bfa2a15644 method=org.codehaus.plexus.util.xml.pull.MXParser.isValidCodePoint(I)Z @ 15 c2
Event: 4.147 Thread 0x000001bf93540720 DEOPT PACKING pc=0x000001bfa2a15644 sp=0x00000005ac9fbfe0
Event: 4.147 Thread 0x000001bf93540720 DEOPT UNPACKING pc=0x000001bfa23823a3 sp=0x00000005ac9fbf08 mode 2
Event: 4.147 Thread 0x000001bf93540720 Uncommon trap: trap_request=0xffffff45 fr.pc=0x000001bfa2a293d0 relative=0x0000000000000d30
Event: 4.147 Thread 0x000001bf93540720 Uncommon trap: reason=unstable_if action=reinterpret pc=0x000001bfa2a293d0 method=org.codehaus.plexus.util.xml.pull.MXParser.nextImpl()I @ 280 c2
Event: 4.147 Thread 0x000001bf93540720 DEOPT PACKING pc=0x000001bfa2a293d0 sp=0x00000005ac9fbdc0
Event: 4.147 Thread 0x000001bf93540720 DEOPT UNPACKING pc=0x000001bfa23823a3 sp=0x00000005ac9fbd48 mode 2
Event: 4.245 Thread 0x000001bf93540720 Uncommon trap: trap_request=0xffffff45 fr.pc=0x000001bfa2a21444 relative=0x00000000000000a4
Event: 4.245 Thread 0x000001bf93540720 Uncommon trap: reason=unstable_if action=reinterpret pc=0x000001bfa2a21444 method=org.apache.maven.model.io.xpp3.MavenXpp3Reader.nextTag(Lorg/codehaus/plexus/util/xml/pull/XmlPullParser;)I @ 9 c2
Event: 4.245 Thread 0x000001bf93540720 DEOPT PACKING pc=0x000001bfa2a21444 sp=0x00000005ac9fbcf0
Event: 4.246 Thread 0x000001bf93540720 DEOPT UNPACKING pc=0x000001bfa23823a3 sp=0x00000005ac9fbc80 mode 2
Event: 4.310 Thread 0x000001bf93540720 Uncommon trap: trap_request=0xffffffcc fr.pc=0x000001bfa2a39b04 relative=0x00000000000001e4
Event: 4.310 Thread 0x000001bf93540720 Uncommon trap: reason=intrinsic_or_type_checked_inlining action=make_not_entrant pc=0x000001bfa2a39b04 method=java.util.Arrays.copyOf([Ljava/lang/Object;ILjava/lang/Class;)[Ljava/lang/Object; @ 35 c2
Event: 4.310 Thread 0x000001bf93540720 DEOPT PACKING pc=0x000001bfa2a39b04 sp=0x00000005ac9fc340
Event: 4.310 Thread 0x000001bf93540720 DEOPT UNPACKING pc=0x000001bfa23823a3 sp=0x00000005ac9fc2d0 mode 2
Event: 4.327 Thread 0x000001bf93540720 Uncommon trap: trap_request=0xffffffde fr.pc=0x000001bfa290efb8 relative=0x0000000000001078
Event: 4.327 Thread 0x000001bf93540720 Uncommon trap: reason=class_check action=maybe_recompile pc=0x000001bfa290efb8 method=java.util.concurrent.ConcurrentHashMap.putVal(Ljava/lang/Object;Ljava/lang/Object;Z)Ljava/lang/Object; @ 242 c2
Event: 4.327 Thread 0x000001bf93540720 DEOPT PACKING pc=0x000001bfa290efb8 sp=0x00000005ac9fc350
Event: 4.327 Thread 0x000001bf93540720 DEOPT UNPACKING pc=0x000001bfa23823a3 sp=0x00000005ac9fc2c0 mode 2

Classes unloaded (0 events):
No events

Classes redefined (0 events):
No events

Internal exceptions (20 events):
Event: 0.925 Thread 0x000001bf93540720 Exception <a 'java/lang/NoSuchMethodError'{0x00000000cd26fad0}: 'java.lang.Object java.lang.invoke.DirectMethodHandle$Holder.invokeInterface(java.lang.Object, java.lang.Object)'> (0x00000000cd26fad0) 
thrown [s\open\src\hotspot\share\interpreter\linkResolver.cpp, line 759]
Event: 0.955 Thread 0x000001bf93540720 Exception <a 'java/lang/NoSuchMethodError'{0x00000000cd11f1b8}: 'java.lang.Object java.lang.invoke.Invokers$Holder.invokeExact_MT(java.lang.Object, java.lang.Object, java.lang.Object, java.lang.Object, java.lang.Object, java.lang.Object)'> (0x00000000cd11f1b8) 
thrown [s\open\src\hotspot\share\interpreter\linkResolver.cpp, line 759]
Event: 0.958 Thread 0x000001bf93540720 Exception <a 'java/lang/NoSuchMethodError'{0x00000000cd134018}: 'int java.lang.invoke.DirectMethodHandle$Holder.invokeSpecialIFC(java.lang.Object, java.lang.Object, java.lang.Object, java.lang.Object, java.lang.Object)'> (0x00000000cd134018) 
thrown [s\open\src\hotspot\share\interpreter\linkResolver.cpp, line 759]
Event: 1.048 Thread 0x000001bf93540720 Exception <a 'java/lang/NoSuchMethodError'{0x00000000cd0e7c90}: 'java.lang.Object java.lang.invoke.DirectMethodHandle$Holder.newInvokeSpecial(java.lang.Object, java.lang.Object, java.lang.Object, java.lang.Object, java.lang.Object)'> (0x00000000cd0e7c90) 
thrown [s\open\src\hotspot\share\interpreter\linkResolver.cpp, line 759]
Event: 1.092 Thread 0x000001bf93540720 Exception <a 'java/lang/NoSuchMethodError'{0x00000000cce0d670}: 'int java.lang.invoke.DirectMethodHandle$Holder.invokeStaticInit(java.lang.Object, java.lang.Object)'> (0x00000000cce0d670) 
thrown [s\open\src\hotspot\share\interpreter\linkResolver.cpp, line 759]
Event: 1.105 Thread 0x000001bf93540720 Exception <a 'java/lang/NoClassDefFoundError'{0x00000000cce468c8}: javax/enterprise/inject/Typed> (0x00000000cce468c8) 
thrown [s\open\src\hotspot\share\classfile\systemDictionary.cpp, line 245]
Event: 2.257 Thread 0x000001bf93540720 Exception <a 'java/lang/NoSuchMethodError'{0x00000000cd50a578}: 'void java.lang.invoke.DirectMethodHandle$Holder.invokeStaticInit(java.lang.Object, java.lang.Object, java.lang.Object)'> (0x00000000cd50a578) 
thrown [s\open\src\hotspot\share\interpreter\linkResolver.cpp, line 759]
Event: 2.271 Thread 0x000001bf93540720 Exception <a 'java/lang/ExceptionInInitializerError'{0x00000000cd537e10}> (0x00000000cd537e10) 
thrown [s\open\src\hotspot\share\oops\instanceKlass.cpp, line 1216]
Event: 2.288 Thread 0x000001bf93540720 Implicit null exception at 0x000001bfa294242f to 0x000001bfa294258c
Event: 2.290 Thread 0x000001bf93540720 Exception <a 'java/lang/NoSuchMethodError'{0x00000000cd5a07a8}: 'java.lang.Object java.lang.invoke.Invokers$Holder.invokeExact_MT(java.lang.Object, int, java.lang.Object)'> (0x00000000cd5a07a8) 
thrown [s\open\src\hotspot\share\interpreter\linkResolver.cpp, line 759]
Event: 2.304 Thread 0x000001bf93540720 Exception <a 'java/lang/NoSuchMethodError'{0x00000000cd41eb68}: 'int java.lang.invoke.DirectMethodHandle$Holder.invokeSpecial(java.lang.Object, java.lang.Object, java.lang.Object, java.lang.Object)'> (0x00000000cd41eb68) 
thrown [s\open\src\hotspot\share\interpreter\linkResolver.cpp, line 759]
Event: 2.633 Thread 0x000001bf93540720 Exception <a 'java/lang/NoClassDefFoundError'{0x00000000ccc684c8}: com/google/inject/servlet/ServletModuleTargetVisitor> (0x00000000ccc684c8) 
thrown [s\open\src\hotspot\share\classfile\systemDictionary.cpp, line 245]
Event: 2.746 Thread 0x000001bf93540720 Exception <a 'java/lang/NoSuchMethodError'{0x00000000cca0a598}: 'void java.lang.invoke.DirectMethodHandle$Holder.invokeVirtual(java.lang.Object, java.lang.Object)'> (0x00000000cca0a598) 
thrown [s\open\src\hotspot\share\interpreter\linkResolver.cpp, line 759]
Event: 2.799 Thread 0x000001bf93540720 Exception <a 'java/lang/NoSuchMethodError'{0x00000000cca82e98}: 'java.lang.Object java.lang.invoke.DirectMethodHandle$Holder.invokeStaticInit(java.lang.Object, int, int, int, int)'> (0x00000000cca82e98) 
thrown [s\open\src\hotspot\share\interpreter\linkResolver.cpp, line 759]
Event: 2.922 Thread 0x000001bf93540720 Implicit null exception at 0x000001bfa28f72f2 to 0x000001bfa28f78bc
Event: 2.922 Thread 0x000001bf93540720 Implicit null exception at 0x000001bfa28f27f2 to 0x000001bfa28f2dcc
Event: 2.975 Thread 0x000001bf93540720 Exception <a 'java/lang/NoSuchMethodError'{0x00000000cc459b90}: 'void java.lang.invoke.DirectMethodHandle$Holder.invokeSpecial(java.lang.Object, java.lang.Object, java.lang.Object, java.lang.Object, java.lang.Object)'> (0x00000000cc459b90) 
thrown [s\open\src\hotspot\share\interpreter\linkResolver.cpp, line 759]
Event: 2.979 Thread 0x000001bf93540720 Exception <a 'java/lang/NoSuchMethodError'{0x00000000cc477218}: 'void java.lang.invoke.DirectMethodHandle$Holder.invokeSpecial(java.lang.Object, java.lang.Object, java.lang.Object, java.lang.Object, java.lang.Object, java.lang.Object)'> (0x00000000cc477218) 
thrown [s\open\src\hotspot\share\interpreter\linkResolver.cpp, line 759]
Event: 2.997 Thread 0x000001bf93540720 Exception <a 'java/lang/NoSuchMethodError'{0x00000000cc36df80}: 'java.lang.Object java.lang.invoke.DirectMethodHandle$Holder.invokeVirtual(java.lang.Object, java.lang.Object, java.lang.Object)'> (0x00000000cc36df80) 
thrown [s\open\src\hotspot\share\interpreter\linkResolver.cpp, line 759]
Event: 3.968 Thread 0x000001bf93540720 Exception <a 'java/lang/NoSuchMethodError'{0x00000000cde7df78}: 'int java.lang.invoke.DirectMethodHandle$Holder.invokeSpecialIFC(java.lang.Object, java.lang.Object, java.lang.Object, java.lang.Object)'> (0x00000000cde7df78) 
thrown [s\open\src\hotspot\share\interpreter\linkResolver.cpp, line 759]

VM Operations (20 events):
Event: 2.416 Executing VM operation: ICBufferFull
Event: 2.416 Executing VM operation: ICBufferFull done
Event: 2.601 Executing VM operation: HandshakeAllThreads
Event: 2.601 Executing VM operation: HandshakeAllThreads done
Event: 2.645 Executing VM operation: HandshakeAllThreads
Event: 2.645 Executing VM operation: HandshakeAllThreads done
Event: 2.764 Executing VM operation: HandshakeAllThreads
Event: 2.764 Executing VM operation: HandshakeAllThreads done
Event: 2.817 Executing VM operation: HandshakeAllThreads
Event: 2.818 Executing VM operation: HandshakeAllThreads done
Event: 2.868 Executing VM operation: ICBufferFull
Event: 2.868 Executing VM operation: ICBufferFull done
Event: 3.048 Executing VM operation: G1CollectForAllocation
Event: 3.061 Executing VM operation: G1CollectForAllocation done
Event: 3.675 Executing VM operation: ICBufferFull
Event: 3.676 Executing VM operation: ICBufferFull done
Event: 3.865 Executing VM operation: G1CollectForAllocation
Event: 3.877 Executing VM operation: G1CollectForAllocation done
Event: 4.147 Executing VM operation: HandshakeAllThreads
Event: 4.147 Executing VM operation: HandshakeAllThreads done

Events (20 events):
Event: 3.016 loading class sun/util/resources/LocaleData$CommonResourceBundleProvider
Event: 3.016 loading class sun/util/resources/LocaleData$LocaleDataResourceBundleProvider
Event: 3.016 loading class java/util/spi/ResourceBundleProvider
Event: 3.016 loading class java/util/spi/ResourceBundleProvider done
Event: 3.016 loading class sun/util/resources/LocaleData$LocaleDataResourceBundleProvider done
Event: 3.016 loading class sun/util/resources/LocaleData$CommonResourceBundleProvider done
Event: 3.017 loading class sun/util/resources/Bundles$2
Event: 3.018 loading class sun/util/resources/Bundles$2 done
Event: 3.177 loading class java/util/stream/Streams$RangeIntSpliterator
Event: 3.177 loading class java/util/stream/Streams$RangeIntSpliterator done
Event: 3.708 loading class java/util/stream/MatchOps$MatchKind
Event: 3.708 loading class java/util/stream/MatchOps$MatchKind done
Event: 3.708 loading class java/util/stream/MatchOps
Event: 3.709 loading class java/util/stream/MatchOps done
Event: 3.709 loading class java/util/stream/MatchOps$MatchOp
Event: 3.709 loading class java/util/stream/MatchOps$MatchOp done
Event: 3.709 loading class java/util/stream/MatchOps$BooleanTerminalSink
Event: 3.709 loading class java/util/stream/MatchOps$BooleanTerminalSink done
Event: 3.710 loading class java/util/stream/MatchOps$1MatchSink
Event: 3.710 loading class java/util/stream/MatchOps$1MatchSink done


Dynamic libraries:
0x00007ff68f620000 - 0x00007ff68f630000 	C:\Program Files\Java\jdk-17\bin\javaw.exe
0x00007ff93a9e0000 - 0x00007ff93ac48000 	C:\WINDOWS\SYSTEM32\ntdll.dll
0x00007ff9399e0000 - 0x00007ff939aa9000 	C:\WINDOWS\System32\KERNEL32.DLL
0x00007ff938170000 - 0x00007ff938568000 	C:\WINDOWS\System32\KERNELBASE.dll
0x00007ff938020000 - 0x00007ff93816b000 	C:\WINDOWS\System32\ucrtbase.dll
0x00007ff920e10000 - 0x00007ff920e29000 	C:\Program Files\Java\jdk-17\bin\jli.dll
0x00007ff91c550000 - 0x00007ff91c56b000 	C:\Program Files\Java\jdk-17\bin\VCRUNTIME140.dll
0x00007ff938f40000 - 0x00007ff938ff4000 	C:\WINDOWS\System32\ADVAPI32.dll
0x00007ff938e90000 - 0x00007ff938f39000 	C:\WINDOWS\System32\msvcrt.dll
0x00007ff93a530000 - 0x00007ff93a5d6000 	C:\WINDOWS\System32\sechost.dll
0x00007ff939f80000 - 0x00007ff93a098000 	C:\WINDOWS\System32\RPCRT4.dll
0x00007ff93a5e0000 - 0x00007ff93a7a7000 	C:\WINDOWS\System32\USER32.dll
0x00007ff91d6c0000 - 0x00007ff91d954000 	C:\WINDOWS\WinSxS\amd64_microsoft.windows.common-controls_6595b64144ccf1df_6.0.26100.7019_none_3e06ffa0e335b8a8\COMCTL32.dll
0x00007ff937e80000 - 0x00007ff937ea7000 	C:\WINDOWS\System32\win32u.dll
0x00007ff938e60000 - 0x00007ff938e8b000 	C:\WINDOWS\System32\GDI32.dll
0x00007ff937d50000 - 0x00007ff937e7c000 	C:\WINDOWS\System32\gdi32full.dll
0x00007ff937b30000 - 0x00007ff937bd3000 	C:\WINDOWS\System32\msvcp_win.dll
0x00007ff9304c0000 - 0x00007ff9304cb000 	C:\WINDOWS\SYSTEM32\VERSION.dll
0x00007ff938970000 - 0x00007ff9389a1000 	C:\WINDOWS\System32\IMM32.DLL
0x00007ff9280f0000 - 0x00007ff9280fc000 	C:\Program Files\Java\jdk-17\bin\vcruntime140_1.dll
0x00007ff8f5920000 - 0x00007ff8f59ae000 	C:\Program Files\Java\jdk-17\bin\msvcp140.dll
0x00007ff8c74f0000 - 0x00007ff8c80d0000 	C:\Program Files\Java\jdk-17\bin\server\jvm.dll
0x00007ff939ac0000 - 0x00007ff939ac8000 	C:\WINDOWS\System32\PSAPI.DLL
0x00007ff920890000 - 0x00007ff92089a000 	C:\WINDOWS\SYSTEM32\WSOCK32.dll
0x00007ff92f420000 - 0x00007ff92f455000 	C:\WINDOWS\SYSTEM32\WINMM.dll
0x00007ff939d00000 - 0x00007ff939d74000 	C:\WINDOWS\System32\WS2_32.dll
0x00007ff936850000 - 0x00007ff93686b000 	C:\WINDOWS\SYSTEM32\kernel.appcore.dll
0x00007ff924e60000 - 0x00007ff924e6a000 	C:\Program Files\Java\jdk-17\bin\jimage.dll
0x00007ff92bd30000 - 0x00007ff92bf72000 	C:\WINDOWS\SYSTEM32\DBGHELP.DLL
0x00007ff93a1a0000 - 0x00007ff93a52b000 	C:\WINDOWS\System32\combase.dll
0x00007ff939800000 - 0x00007ff9398d7000 	C:\WINDOWS\System32\OLEAUT32.dll
0x00007ff91da70000 - 0x00007ff91daac000 	C:\WINDOWS\SYSTEM32\dbgcore.DLL
0x00007ff937f70000 - 0x00007ff938015000 	C:\WINDOWS\System32\bcryptPrimitives.dll
0x00007ff9133c0000 - 0x00007ff9133e5000 	C:\Program Files\Java\jdk-17\bin\java.dll
0x00007ff8f4f60000 - 0x00007ff8f5037000 	C:\Program Files\Java\jdk-17\bin\jsvml.dll
0x00007ff939070000 - 0x00007ff9397bf000 	C:\WINDOWS\System32\SHELL32.dll
0x00007ff937be0000 - 0x00007ff937d4b000 	C:\WINDOWS\System32\wintypes.dll
0x00007ff935770000 - 0x00007ff935fcd000 	C:\WINDOWS\SYSTEM32\windows.storage.dll
0x00007ff93a840000 - 0x00007ff93a932000 	C:\WINDOWS\System32\SHCORE.dll
0x00007ff939000000 - 0x00007ff939067000 	C:\WINDOWS\System32\shlwapi.dll
0x00007ff937a50000 - 0x00007ff937a79000 	C:\WINDOWS\SYSTEM32\profapi.dll
0x00007ff913570000 - 0x00007ff913589000 	C:\Program Files\Java\jdk-17\bin\net.dll
0x00007ff930280000 - 0x00007ff9303a8000 	C:\WINDOWS\SYSTEM32\WINHTTP.dll
0x00007ff936e60000 - 0x00007ff936ecb000 	C:\WINDOWS\system32\mswsock.dll
0x00007ff9130a0000 - 0x00007ff9130b6000 	C:\Program Files\Java\jdk-17\bin\nio.dll
0x00007ff90fb60000 - 0x00007ff90fb78000 	C:\Program Files\Java\jdk-17\bin\zip.dll
0x00007ff90eb90000 - 0x00007ff90ebb4000 	C:\Users\HOME PC\AppData\Local\Temp\jansi-2.4.2-16dd1d61d376d13a-jansi.dll
0x00007ff9220d0000 - 0x00007ff9220e0000 	C:\Program Files\Java\jdk-17\bin\verify.dll
0x00007ff936350000 - 0x00007ff936384000 	C:\WINDOWS\SYSTEM32\IPHLPAPI.DLL
0x00007ff939ab0000 - 0x00007ff939aba000 	C:\WINDOWS\System32\NSI.dll
0x00007ff930400000 - 0x00007ff93041e000 	C:\WINDOWS\SYSTEM32\dhcpcsvc6.DLL
0x00007ff9303b0000 - 0x00007ff9303d3000 	C:\WINDOWS\SYSTEM32\dhcpcsvc.DLL
0x00007ff9363f0000 - 0x00007ff93651c000 	C:\WINDOWS\SYSTEM32\DNSAPI.dll

dbghelp: loaded successfully - version: 4.0.5 - missing functions: none
symbol engine: initialized successfully - sym options: 0x614 - pdb path: .;C:\Program Files\Java\jdk-17\bin;C:\WINDOWS\SYSTEM32;C:\WINDOWS\WinSxS\amd64_microsoft.windows.common-controls_6595b64144ccf1df_6.0.26100.7019_none_3e06ffa0e335b8a8;C:\Program Files\Java\jdk-17\bin\server;C:\Users\HOME PC\AppData\Local\Temp

VM Arguments:
jvm_args: -Dmaven.home=EMBEDDED -Dclassworlds.conf=C:\InfosysProject\LostFoundProject\.metadata\.plugins\org.eclipse.m2e.launching\launches\m2conf11270697224258057375.tmp -Dmaven.multiModuleProjectDirectory=C:\InfosysProject\LostFoundProject\lostFoundApplication -Dm2e.build.project.data.socket.port=56283 -Dfile.encoding=UTF-8 -Dstdout.encoding=UTF-8 -Dstderr.encoding=UTF-8 -XX:+ShowCodeDetailsInExceptionMessages 
java_command: org.codehaus.plexus.classworlds.launcher.Launcher -Ppom.xml -B -Dstyle.color=always clean install -DskipTests
java_class_path (initial): C:\Users\HOME PC\.p2\pool\plugins\org.eclipse.m2e.maven.runtime_3.9.1100.20250811-2018\jars\plexus-classworlds-2.9.0.jar
Launcher Type: SUN_STANDARD

[Global flags]
     intx CICompilerCount                          = 4                                         {product} {ergonomic}
     uint ConcGCThreads                            = 3                                         {product} {ergonomic}
     uint G1ConcRefinementThreads                  = 10                                        {product} {ergonomic}
   size_t G1HeapRegionSize                         = 1048576                                   {product} {ergonomic}
    uintx GCDrainStackTargetSize                   = 64                                        {product} {ergonomic}
   size_t InitialHeapSize                          = 56623104                                  {product} {ergonomic}
   size_t MarkStackSize                            = 4194304                                   {product} {ergonomic}
   size_t MaxHeapSize                              = 893386752                                 {product} {ergonomic}
   size_t MaxNewSize                               = 535822336                                 {product} {ergonomic}
   size_t MinHeapDeltaBytes                        = 1048576                                   {product} {ergonomic}
   size_t MinHeapSize                              = 8388608                                   {product} {ergonomic}
    uintx NonNMethodCodeHeapSize                   = 5839372                                {pd product} {ergonomic}
    uintx NonProfiledCodeHeapSize                  = 122909434                              {pd product} {ergonomic}
    uintx ProfiledCodeHeapSize                     = 122909434                              {pd product} {ergonomic}
    uintx ReservedCodeCacheSize                    = 251658240                              {pd product} {ergonomic}
     bool SegmentedCodeCache                       = true                                      {product} {ergonomic}
     bool ShowCodeDetailsInExceptionMessages       = true                                   {manageable} {command line}
   size_t SoftMaxHeapSize                          = 893386752                              {manageable} {ergonomic}
     bool UseCompressedClassPointers               = true                           {product lp64_product} {ergonomic}
     bool UseCompressedOops                        = true                           {product lp64_product} {ergonomic}
     bool UseG1GC                                  = true                                      {product} {ergonomic}
     bool UseLargePagesIndividualAllocation        = false                                  {pd product} {ergonomic}

Logging:
Log output configuration:
 #0: stdout all=warning uptime,level,tags
 #1: stderr all=off uptime,level,tags

Environment Variables:
PATH=C:/Users/HOME PC/.p2/pool/plugins/org.eclipse.justj.openjdk.hotspot.jre.full.win32.x86_64_21.0.9.v20251105-0741/jre/bin/server;C:/Users/HOME PC/.p2/pool/plugins/org.eclipse.justj.openjdk.hotspot.jre.full.win32.x86_64_21.0.9.v20251105-0741/jre/bin;C:\Program Files\Common Files\Oracle\Java\javapath;C:\WINDOWS\system32;C:\WINDOWS;C:\WINDOWS\System32\Wbem;C:\WINDOWS\System32\WindowsPowerShell\v1.0\;C:\WINDOWS\System32\OpenSSH\;C:\Program Files\nodejs\;C:\Program Files\MySQL\MySQL Server 8.0\bin;C:\Users\HOME PC\AppData\Local\Programs\Python\Python313\Scripts\;C:\Users\HOME PC\AppData\Local\Programs\Python\Python313\;C:\Users\HOME PC\AppData\Local\Programs\Python\Launcher\;C:\Users\HOME PC\AppData\Local\Microsoft\WindowsApps;C:\Users\HOME PC\AppData\Local\Programs\Git\cmd;C:\Users\HOME PC\AppData\Local\Programs\Microsoft VS Code\bin;C:\Users\HOME PC\AppData\Local\Programs\mongosh\;C:\Users\HOME PC\AppData\Roaming\npm;C:\Users\HOME PC\OneDrive\Desktop;
USERNAME=HOME PC
OS=Windows_NT
PROCESSOR_IDENTIFIER=AMD64 Family 23 Model 104 Stepping 1, AuthenticAMD



---------------  S Y S T E M  ---------------

OS:
 Windows 11 , 64 bit Build 26100 (10.0.26100.7019)
OS uptime: 4 days 2:01 hours

CPU: total 12 (initial active 12) (12 cores per cpu, 2 threads per core) family 23 model 104 stepping 1 microcode 0x8608109, cx8, cmov, fxsr, ht, mmx, 3dnowpref, sse, sse2, sse3, ssse3, sse4a, sse4.1, sse4.2, popcnt, lzcnt, tsc, tscinvbit, avx, avx2, aes, clmul, bmi1, bmi2, adx, sha, fma, vzeroupper, clflush, clflushopt

Memory: 4k page, system-wide physical 3405M (266M free)
TotalPageFile size 13645M (AvailPageFile size 13M)
current process WorkingSet (physical memory assigned to process): 126M, peak: 126M
current process commit charge ("private bytes"): 179M, peak: 180M

vm_info: Java HotSpot(TM) 64-Bit Server VM (17.0.12+8-LTS-286) for windows-amd64 JRE (17.0.12+8-LTS-286), built on Jun  5 2024 06:46:59 by "mach5one" with MS VC++ 17.6 (VS2022)

END.
