#
# There is insufficient memory for the Java Runtime Environment to continue.
# Native memory allocation (malloc) failed to allocate 1846608 bytes for Chunk::new
# Possible reasons:
#   The system is out of physical RAM or swap space
#   The process is running with CompressedOops enabled, and the Java Heap may be blocking the growth of the native heap
# Possible solutions:
#   Reduce memory load on the system
#   Increase physical memory or swap space
#   Check if swap backing store is full
#   Decrease Java heap size (-Xmx/-Xms)
#   Decrease number of Java threads
#   Decrease Java thread stack sizes (-Xss)
#   Set larger code cache with -XX:ReservedCodeCacheSize=
#   JVM is running with Unscaled Compressed Oops mode in which the Java heap is
#     placed in the first 4GB address space. The Java Heap base address is the
#     maximum limit for the native heap growth. Please use -XX:HeapBaseMinAddress
#     to set the Java Heap base and to place the Java Heap above 4GB virtual address.
# This output file may be truncated or incomplete.
#
#  Out of Memory Error (arena.cpp:189), pid=6600, tid=17328
#
# JRE version: Java(TM) SE Runtime Environment (17.0.12+8) (build 17.0.12+8-LTS-286)
# Java VM: Java HotSpot(TM) 64-Bit Server VM (17.0.12+8-LTS-286, mixed mode, sharing, tiered, compressed oops, compressed class ptrs, g1 gc, windows-amd64)
# No core dump will be written. Minidumps are not enabled by default on client versions of Windows
#

---------------  S U M M A R Y ------------

Command Line: -Dfile.encoding=UTF-8 -Dstdout.encoding=UTF-8 -Dstderr.encoding=UTF-8 -XX:+ShowCodeDetailsInExceptionMessages com.infosys.lostFoundApplication.LostFoundApplication

Host: AMD Ryzen 5 5500U with Radeon Graphics         , 12 cores, 3G,  Windows 11 , 64 bit Build 26100 (10.0.26100.7019)
Time: Sun Dec  7 22:08:52 2025 India Standard Time elapsed time: 2.369201 seconds (0d 0h 0m 2s)

---------------  T H R E A D  ---------------

Current thread (0x00000241a93194f0):  JavaThread "C2 CompilerThread0" daemon [_thread_in_native, id=17328, stack(0x000000530e400000,0x000000530e500000)]


Current CompileTask:
C2:   2369 1822       4       jdk.internal.org.objectweb.asm.Frame::execute (2305 bytes)

Stack: [0x000000530e400000,0x000000530e500000]
Native frames: (J=compiled Java code, j=interpreted, Vv=VM code, C=native code)
V  [jvm.dll+0x67a04a]
V  [jvm.dll+0x7da4ed]
V  [jvm.dll+0x7dbe33]
V  [jvm.dll+0x7dc4a3]
V  [jvm.dll+0x24508f]
V  [jvm.dll+0xab773]
V  [jvm.dll+0xabd3c]
V  [jvm.dll+0x361bee]
V  [jvm.dll+0x32c431]
V  [jvm.dll+0x32b8ca]
V  [jvm.dll+0x21683f]
V  [jvm.dll+0x215c6f]
V  [jvm.dll+0x1a2960]
V  [jvm.dll+0x22610b]
V  [jvm.dll+0x2242ab]
V  [jvm.dll+0x79075c]
V  [jvm.dll+0x78abea]
V  [jvm.dll+0x678f35]
C  [ucrtbase.dll+0x37b0]
C  [KERNEL32.DLL+0x2e8d7]
C  [ntdll.dll+0x8c53c]


---------------  P R O C E S S  ---------------

Threads class SMR info:
_java_thread_list=0x00000241efb052a0, length=13, elements={
0x000002418d94b5a0, 0x00000241a92f1720, 0x00000241a92f3200, 0x00000241a93038c0,
0x00000241a93072b0, 0x00000241a9307b80, 0x00000241a930e4b0, 0x00000241a93194f0,
0x00000241a932bee0, 0x00000241a932c810, 0x00000241a9566f50, 0x00000241a956d8b0,
0x00000241efb070c0
}

Java Threads: ( => current thread )
  0x000002418d94b5a0 JavaThread "main" [_thread_in_Java, id=5564, stack(0x000000530d700000,0x000000530d800000)]
  0x00000241a92f1720 JavaThread "Reference Handler" daemon [_thread_blocked, id=21544, stack(0x000000530de00000,0x000000530df00000)]
  0x00000241a92f3200 JavaThread "Finalizer" daemon [_thread_blocked, id=26048, stack(0x000000530df00000,0x000000530e000000)]
  0x00000241a93038c0 JavaThread "Signal Dispatcher" daemon [_thread_blocked, id=19820, stack(0x000000530e000000,0x000000530e100000)]
  0x00000241a93072b0 JavaThread "Attach Listener" daemon [_thread_blocked, id=24972, stack(0x000000530e100000,0x000000530e200000)]
  0x00000241a9307b80 JavaThread "Service Thread" daemon [_thread_blocked, id=22644, stack(0x000000530e200000,0x000000530e300000)]
  0x00000241a930e4b0 JavaThread "Monitor Deflation Thread" daemon [_thread_blocked, id=19596, stack(0x000000530e300000,0x000000530e400000)]
=>0x00000241a93194f0 JavaThread "C2 CompilerThread0" daemon [_thread_in_native, id=17328, stack(0x000000530e400000,0x000000530e500000)]
  0x00000241a932bee0 JavaThread "C1 CompilerThread0" daemon [_thread_in_vm, id=10520, stack(0x000000530e500000,0x000000530e600000)]
  0x00000241a932c810 JavaThread "Sweeper thread" daemon [_thread_blocked, id=11116, stack(0x000000530e600000,0x000000530e700000)]
  0x00000241a9566f50 JavaThread "Notification Thread" daemon [_thread_blocked, id=24136, stack(0x000000530e700000,0x000000530e800000)]
  0x00000241a956d8b0 JavaThread "Common-Cleaner" daemon [_thread_blocked, id=8208, stack(0x000000530e900000,0x000000530ea00000)]
  0x00000241efb070c0 JavaThread "background-preinit" [_thread_in_vm, id=17704, stack(0x000000530ee00000,0x000000530ef00000)]

Other Threads:
  0x00000241a92ee970 VMThread "VM Thread" [stack: 0x000000530dd00000,0x000000530de00000] [id=26196]
  0x000002418d99b3d0 WatcherThread [stack: 0x000000530e800000,0x000000530e900000] [id=7528]
  0x000002418d9808c0 GCTaskThread "GC Thread#0" [stack: 0x000000530d800000,0x000000530d900000] [id=16700]
  0x00000241ef7afc80 GCTaskThread "GC Thread#1" [stack: 0x000000530ea00000,0x000000530eb00000] [id=12016]
  0x00000241ef84fe40 GCTaskThread "GC Thread#2" [stack: 0x000000530eb00000,0x000000530ec00000] [id=9648]
  0x00000241ef643560 GCTaskThread "GC Thread#3" [stack: 0x000000530ec00000,0x000000530ed00000] [id=25208]
  0x00000241ef61cb20 GCTaskThread "GC Thread#4" [stack: 0x000000530ed00000,0x000000530ee00000] [id=10356]
  0x00000241ef7e7bf0 GCTaskThread "GC Thread#5" [stack: 0x000000530ef00000,0x000000530f000000] [id=17044]
  0x00000241f0076b00 GCTaskThread "GC Thread#6" [stack: 0x000000530f000000,0x000000530f100000] [id=7368]
  0x00000241ef80fcf0 GCTaskThread "GC Thread#7" [stack: 0x000000530f100000,0x000000530f200000] [id=13404]
  0x00000241ef7d2be0 GCTaskThread "GC Thread#8" [stack: 0x000000530f200000,0x000000530f300000] [id=10584]
  0x00000241ef7d3ac0 GCTaskThread "GC Thread#9" [stack: 0x000000530f300000,0x000000530f400000] [id=12236]
  0x000002418d988300 ConcurrentGCThread "G1 Main Marker" [stack: 0x000000530d900000,0x000000530da00000] [id=12128]
  0x000002418d98bdf0 ConcurrentGCThread "G1 Conc#0" [stack: 0x000000530da00000,0x000000530db00000] [id=19368]
  0x00000241a91c10a0 ConcurrentGCThread "G1 Refine#0" [stack: 0x000000530db00000,0x000000530dc00000] [id=1368]
  0x00000241a91c1880 ConcurrentGCThread "G1 Service" [stack: 0x000000530dc00000,0x000000530dd00000] [id=26332]

Threads with active compile tasks:
C2 CompilerThread0     2412 1822       4       jdk.internal.org.objectweb.asm.Frame::execute (2305 bytes)

VM state: not at safepoint (normal execution)

VM Mutex/Monitor currently owned by a thread: None

Heap address: 0x00000000cac00000, size: 852 MB, Compressed Oops mode: 32-bit

CDS archive(s) mapped at: [0x00000241aa000000-0x00000241aabd0000-0x00000241aabd0000), size 12386304, SharedBaseAddress: 0x00000241aa000000, ArchiveRelocationMode: 1.
Compressed class space mapped at: 0x00000241ab000000-0x00000241eb000000, reserved size: 1073741824
Narrow klass base: 0x00000241aa000000, Narrow klass shift: 0, Narrow klass range: 0x100000000

GC Precious Log:
 CPUs: 12 total, 12 available
 Memory: 3405M
 Large Page Support: Disabled
 NUMA Support: Disabled
 Compressed Oops: Enabled (32-bit)
 Heap Region Size: 1M
 Heap Min Capacity: 8M
 Heap Initial Capacity: 54M
 Heap Max Capacity: 852M
 Pre-touch: Disabled
 Parallel Workers: 10
 Concurrent Workers: 3
 Concurrent Refinement Workers: 10
 Periodic GC: Disabled

Heap:
 garbage-first heap   total 55296K, used 28953K [0x00000000cac00000, 0x0000000100000000)
  region size 1024K, 22 young (22528K), 2 survivors (2048K)
 Metaspace       used 16210K, committed 16576K, reserved 1114112K
  class space    used 2044K, committed 2240K, reserved 1048576K

Heap Regions: E=young(eden), S=young(survivor), O=old, HS=humongous(starts), HC=humongous(continues), CS=collection set, F=free, OA=open archive, CA=closed archive, TAMS=top-at-mark-start (previous, next)
|   0|0x00000000cac00000, 0x00000000cad00000, 0x00000000cad00000|100%|HS|  |TAMS 0x00000000cac00000, 0x00000000cac00000| Complete 
|   1|0x00000000cad00000, 0x00000000cae00000, 0x00000000cae00000|100%|HS|  |TAMS 0x00000000cad00000, 0x00000000cad00000| Complete 
|   2|0x00000000cae00000, 0x00000000caf00000, 0x00000000caf00000|100%| O|  |TAMS 0x00000000cae00000, 0x00000000cae00000| Untracked 
|   3|0x00000000caf00000, 0x00000000cb000000, 0x00000000cb000000|100%| O|  |TAMS 0x00000000caf00000, 0x00000000caf00000| Untracked 
|   4|0x00000000cb000000, 0x00000000cb100000, 0x00000000cb100000|100%| O|  |TAMS 0x00000000cb000000, 0x00000000cb000000| Untracked 
|   5|0x00000000cb100000, 0x00000000cb200000, 0x00000000cb200000|100%| O|  |TAMS 0x00000000cb100000, 0x00000000cb100000| Untracked 
|   6|0x00000000cb200000, 0x00000000cb300000, 0x00000000cb300000|100%| O|  |TAMS 0x00000000cb200000, 0x00000000cb200000| Untracked 
|   7|0x00000000cb300000, 0x00000000cb37a600, 0x00000000cb400000| 47%| O|  |TAMS 0x00000000cb300000, 0x00000000cb300000| Untracked 
|   8|0x00000000cb400000, 0x00000000cb400000, 0x00000000cb500000|  0%| F|  |TAMS 0x00000000cb400000, 0x00000000cb400000| Untracked 
|   9|0x00000000cb500000, 0x00000000cb500000, 0x00000000cb600000|  0%| F|  |TAMS 0x00000000cb500000, 0x00000000cb500000| Untracked 
|  10|0x00000000cb600000, 0x00000000cb600000, 0x00000000cb700000|  0%| F|  |TAMS 0x00000000cb600000, 0x00000000cb600000| Untracked 
|  11|0x00000000cb700000, 0x00000000cb700000, 0x00000000cb800000|  0%| F|  |TAMS 0x00000000cb700000, 0x00000000cb700000| Untracked 
|  12|0x00000000cb800000, 0x00000000cb800000, 0x00000000cb900000|  0%| F|  |TAMS 0x00000000cb800000, 0x00000000cb800000| Untracked 
|  13|0x00000000cb900000, 0x00000000cb900000, 0x00000000cba00000|  0%| F|  |TAMS 0x00000000cb900000, 0x00000000cb900000| Untracked 
|  14|0x00000000cba00000, 0x00000000cba00000, 0x00000000cbb00000|  0%| F|  |TAMS 0x00000000cba00000, 0x00000000cba00000| Untracked 
|  15|0x00000000cbb00000, 0x00000000cbb00000, 0x00000000cbc00000|  0%| F|  |TAMS 0x00000000cbb00000, 0x00000000cbb00000| Untracked 
|  16|0x00000000cbc00000, 0x00000000cbc00000, 0x00000000cbd00000|  0%| F|  |TAMS 0x00000000cbc00000, 0x00000000cbc00000| Untracked 
|  17|0x00000000cbd00000, 0x00000000cbd00000, 0x00000000cbe00000|  0%| F|  |TAMS 0x00000000cbd00000, 0x00000000cbd00000| Untracked 
|  18|0x00000000cbe00000, 0x00000000cbe00000, 0x00000000cbf00000|  0%| F|  |TAMS 0x00000000cbe00000, 0x00000000cbe00000| Untracked 
|  19|0x00000000cbf00000, 0x00000000cbf00000, 0x00000000cc000000|  0%| F|  |TAMS 0x00000000cbf00000, 0x00000000cbf00000| Untracked 
|  20|0x00000000cc000000, 0x00000000cc000000, 0x00000000cc100000|  0%| F|  |TAMS 0x00000000cc000000, 0x00000000cc000000| Untracked 
|  21|0x00000000cc100000, 0x00000000cc100000, 0x00000000cc200000|  0%| F|  |TAMS 0x00000000cc100000, 0x00000000cc100000| Untracked 
|  22|0x00000000cc200000, 0x00000000cc200000, 0x00000000cc300000|  0%| F|  |TAMS 0x00000000cc200000, 0x00000000cc200000| Untracked 
|  23|0x00000000cc300000, 0x00000000cc300000, 0x00000000cc400000|  0%| F|  |TAMS 0x00000000cc300000, 0x00000000cc300000| Untracked 
|  24|0x00000000cc400000, 0x00000000cc400000, 0x00000000cc500000|  0%| F|  |TAMS 0x00000000cc400000, 0x00000000cc400000| Untracked 
|  25|0x00000000cc500000, 0x00000000cc500000, 0x00000000cc600000|  0%| F|  |TAMS 0x00000000cc500000, 0x00000000cc500000| Untracked 
|  26|0x00000000cc600000, 0x00000000cc600000, 0x00000000cc700000|  0%| F|  |TAMS 0x00000000cc600000, 0x00000000cc600000| Untracked 
|  27|0x00000000cc700000, 0x00000000cc700000, 0x00000000cc800000|  0%| F|  |TAMS 0x00000000cc700000, 0x00000000cc700000| Untracked 
|  28|0x00000000cc800000, 0x00000000cc800000, 0x00000000cc900000|  0%| F|  |TAMS 0x00000000cc800000, 0x00000000cc800000| Untracked 
|  29|0x00000000cc900000, 0x00000000cc900000, 0x00000000cca00000|  0%| F|  |TAMS 0x00000000cc900000, 0x00000000cc900000| Untracked 
|  30|0x00000000cca00000, 0x00000000cca00000, 0x00000000ccb00000|  0%| F|  |TAMS 0x00000000cca00000, 0x00000000cca00000| Untracked 
|  31|0x00000000ccb00000, 0x00000000ccb00000, 0x00000000ccc00000|  0%| F|  |TAMS 0x00000000ccb00000, 0x00000000ccb00000| Untracked 
|  32|0x00000000ccc00000, 0x00000000ccccc100, 0x00000000ccd00000| 79%| S|CS|TAMS 0x00000000ccc00000, 0x00000000ccc00000| Complete 
|  33|0x00000000ccd00000, 0x00000000cce00000, 0x00000000cce00000|100%| S|CS|TAMS 0x00000000ccd00000, 0x00000000ccd00000| Complete 
|  34|0x00000000cce00000, 0x00000000cceb79f0, 0x00000000ccf00000| 71%| E|  |TAMS 0x00000000cce00000, 0x00000000cce00000| Complete 
|  35|0x00000000ccf00000, 0x00000000cd000000, 0x00000000cd000000|100%| E|CS|TAMS 0x00000000ccf00000, 0x00000000ccf00000| Complete 
|  36|0x00000000cd000000, 0x00000000cd100000, 0x00000000cd100000|100%| E|CS|TAMS 0x00000000cd000000, 0x00000000cd000000| Complete 
|  37|0x00000000cd100000, 0x00000000cd200000, 0x00000000cd200000|100%| E|CS|TAMS 0x00000000cd100000, 0x00000000cd100000| Complete 
|  38|0x00000000cd200000, 0x00000000cd300000, 0x00000000cd300000|100%| E|CS|TAMS 0x00000000cd200000, 0x00000000cd200000| Complete 
|  39|0x00000000cd300000, 0x00000000cd400000, 0x00000000cd400000|100%| E|CS|TAMS 0x00000000cd300000, 0x00000000cd300000| Complete 
|  40|0x00000000cd400000, 0x00000000cd500000, 0x00000000cd500000|100%| E|CS|TAMS 0x00000000cd400000, 0x00000000cd400000| Complete 
|  41|0x00000000cd500000, 0x00000000cd600000, 0x00000000cd600000|100%| E|CS|TAMS 0x00000000cd500000, 0x00000000cd500000| Complete 
|  42|0x00000000cd600000, 0x00000000cd700000, 0x00000000cd700000|100%| E|CS|TAMS 0x00000000cd600000, 0x00000000cd600000| Complete 
|  43|0x00000000cd700000, 0x00000000cd800000, 0x00000000cd800000|100%| E|CS|TAMS 0x00000000cd700000, 0x00000000cd700000| Complete 
|  44|0x00000000cd800000, 0x00000000cd900000, 0x00000000cd900000|100%| E|CS|TAMS 0x00000000cd800000, 0x00000000cd800000| Complete 
|  45|0x00000000cd900000, 0x00000000cda00000, 0x00000000cda00000|100%| E|CS|TAMS 0x00000000cd900000, 0x00000000cd900000| Complete 
|  46|0x00000000cda00000, 0x00000000cdb00000, 0x00000000cdb00000|100%| E|CS|TAMS 0x00000000cda00000, 0x00000000cda00000| Complete 
|  47|0x00000000cdb00000, 0x00000000cdc00000, 0x00000000cdc00000|100%| E|CS|TAMS 0x00000000cdb00000, 0x00000000cdb00000| Complete 
|  48|0x00000000cdc00000, 0x00000000cdd00000, 0x00000000cdd00000|100%| E|CS|TAMS 0x00000000cdc00000, 0x00000000cdc00000| Complete 
|  49|0x00000000cdd00000, 0x00000000cde00000, 0x00000000cde00000|100%| E|CS|TAMS 0x00000000cdd00000, 0x00000000cdd00000| Complete 
|  50|0x00000000cde00000, 0x00000000cdf00000, 0x00000000cdf00000|100%| E|CS|TAMS 0x00000000cde00000, 0x00000000cde00000| Complete 
|  51|0x00000000cdf00000, 0x00000000ce000000, 0x00000000ce000000|100%| E|CS|TAMS 0x00000000cdf00000, 0x00000000cdf00000| Complete 
|  52|0x00000000ce000000, 0x00000000ce100000, 0x00000000ce100000|100%| E|CS|TAMS 0x00000000ce000000, 0x00000000ce000000| Complete 
|  53|0x00000000ce100000, 0x00000000ce200000, 0x00000000ce200000|100%| E|CS|TAMS 0x00000000ce100000, 0x00000000ce100000| Complete 

Card table byte_map: [0x00000241a4900000,0x00000241a4ab0000] _byte_map_base: 0x00000241a42aa000

Marking Bits (Prev, Next): (CMBitMap*) 0x000002418d980df0, (CMBitMap*) 0x000002418d980e30
 Prev Bits: [0x00000241a4c60000, 0x00000241a59b0000)
 Next Bits: [0x00000241a59b0000, 0x00000241a6700000)

Polling page: 0x000002418b540000

Metaspace:

Usage:
  Non-class:     13.86 MB used.
      Class:      2.00 MB used.
       Both:     15.86 MB used.

Virtual space:
  Non-class space:       64.00 MB reserved,      14.06 MB ( 22%) committed,  1 nodes.
      Class space:        1.00 GB reserved,       2.19 MB ( <1%) committed,  1 nodes.
             Both:        1.06 GB reserved,      16.25 MB (  1%) committed. 

Chunk freelists:
   Non-Class:  1.89 MB
       Class:  13.78 MB
        Both:  15.67 MB

MaxMetaspaceSize: unlimited
CompressedClassSpaceSize: 1.00 GB
Initial GC threshold: 21.00 MB
Current GC threshold: 21.00 MB
CDS: on
MetaspaceReclaimPolicy: balanced
 - commit_granule_bytes: 65536.
 - commit_granule_words: 8192.
 - virtual_space_node_default_size: 8388608.
 - enlarge_chunks_in_place: 1.
 - new_chunks_are_fully_committed: 0.
 - uncommit_free_chunks: 1.
 - use_allocation_guard: 0.
 - handle_deallocations: 1.


Internal statistics:

num_allocs_failed_limit: 0.
num_arena_births: 354.
num_arena_deaths: 0.
num_vsnodes_births: 2.
num_vsnodes_deaths: 0.
num_space_committed: 260.
num_space_uncommitted: 0.
num_chunks_returned_to_freelist: 0.
num_chunks_taken_from_freelist: 922.
num_chunk_merges: 0.
num_chunk_splits: 617.
num_chunks_enlarged: 461.
num_inconsistent_stats: 0.

CodeHeap 'non-profiled nmethods': size=120000Kb used=657Kb max_used=657Kb free=119343Kb
 bounds [0x000002419ccd0000, 0x000002419cf40000, 0x00000241a4200000]
CodeHeap 'profiled nmethods': size=120000Kb used=4110Kb max_used=4110Kb free=115890Kb
 bounds [0x0000024195200000, 0x0000024195610000, 0x000002419c730000]
CodeHeap 'non-nmethods': size=5760Kb used=1206Kb max_used=1215Kb free=4553Kb
 bounds [0x000002419c730000, 0x000002419c9a0000, 0x000002419ccd0000]
 total_blobs=2564 nmethods=2059 adapters=417
 compilation: enabled
              stopped_count=0, restarted_count=0
 full_count=0

Compilation events (20 events):
Event: 2.339 Thread 0x00000241a932bee0 nmethod 2009 0x00000241955e0c10 code [0x00000241955e0de0, 0x00000241955e1268]
Event: 2.339 Thread 0x00000241a932bee0 2010       3       java.util.Arrays$ArrayList::<init> (16 bytes)
Event: 2.339 Thread 0x00000241a932bee0 nmethod 2010 0x00000241955e1410 code [0x00000241955e15e0, 0x00000241955e19c8]
Event: 2.340 Thread 0x00000241a932bee0 2012       3       java.lang.invoke.MethodHandles$Lookup::getDirectMethodCommon (280 bytes)
Event: 2.342 Thread 0x00000241a932bee0 nmethod 2012 0x00000241955e1b90 code [0x00000241955e1ea0, 0x00000241955e2f38]
Event: 2.342 Thread 0x00000241a932bee0 2013       3       java.lang.String::compareTo (63 bytes)
Event: 2.342 Thread 0x00000241a932bee0 nmethod 2013 0x00000241955e3510 code [0x00000241955e3720, 0x00000241955e3bb8]
Event: 2.342 Thread 0x00000241a932bee0 2016       3       org.springframework.util.ConcurrentReferenceHashMap$ReferenceManager::createReference (43 bytes)
Event: 2.342 Thread 0x00000241a932bee0 nmethod 2016 0x00000241955e3d90 code [0x00000241955e3f80, 0x00000241955e4508]
Event: 2.343 Thread 0x00000241a932bee0 2014       3       java.lang.StringLatin1::compareTo (14 bytes)
Event: 2.343 Thread 0x00000241a932bee0 nmethod 2014 0x00000241955e4710 code [0x00000241955e48c0, 0x00000241955e49e8]
Event: 2.343 Thread 0x00000241a932bee0 2015       3       java.lang.reflect.Proxy::isProxyClass (22 bytes)
Event: 2.344 Thread 0x00000241a932bee0 nmethod 2015 0x00000241955e4b10 code [0x00000241955e4de0, 0x00000241955e5e48]
Event: 2.344 Thread 0x00000241a932bee0 2017       3       org.springframework.util.ConcurrentReferenceHashMap$SoftEntryReference::<init> (18 bytes)
Event: 2.344 Thread 0x00000241a932bee0 nmethod 2017 0x00000241955e6390 code [0x00000241955e6540, 0x00000241955e68f8]
Event: 2.346 Thread 0x00000241a932bee0 2019       3       org.springframework.core.annotation.AttributeMethods::indexOf (37 bytes)
Event: 2.346 Thread 0x00000241a932bee0 nmethod 2019 0x00000241955e6a10 code [0x00000241955e6bc0, 0x00000241955e6e68]
Event: 2.346 Thread 0x00000241a932bee0 2020       3       sun.reflect.annotation.AnnotationParser::parseMemberValue (230 bytes)
Event: 2.363 Thread 0x00000241a932bee0 nmethod 2020 0x00000241955e6f90 code [0x00000241955e74a0, 0x00000241955e9b48]
Event: 2.363 Thread 0x00000241a932bee0 2022       3       org.springframework.asm.ClassReader::readUTF8 (23 bytes)

GC Heap History (4 events):
Event: 1.454 GC heap before
{Heap before GC invocations=0 (full 0):
 garbage-first heap   total 55296K, used 24576K [0x00000000cac00000, 0x0000000100000000)
  region size 1024K, 23 young (23552K), 0 survivors (0K)
 Metaspace       used 6088K, committed 6272K, reserved 1114112K
  class space    used 744K, committed 832K, reserved 1048576K
}
Event: 1.464 GC heap after
{Heap after GC invocations=1 (full 0):
 garbage-first heap   total 55296K, used 7808K [0x00000000cac00000, 0x0000000100000000)
  region size 1024K, 3 young (3072K), 3 survivors (3072K)
 Metaspace       used 6088K, committed 6272K, reserved 1114112K
  class space    used 744K, committed 832K, reserved 1048576K
}
Event: 2.008 GC heap before
{Heap before GC invocations=1 (full 0):
 garbage-first heap   total 55296K, used 28288K [0x00000000cac00000, 0x0000000100000000)
  region size 1024K, 23 young (23552K), 3 survivors (3072K)
 Metaspace       used 11279K, committed 11584K, reserved 1114112K
  class space    used 1404K, committed 1536K, reserved 1048576K
}
Event: 2.015 GC heap after
{Heap after GC invocations=2 (full 0):
 garbage-first heap   total 55296K, used 9497K [0x00000000cac00000, 0x0000000100000000)
  region size 1024K, 2 young (2048K), 2 survivors (2048K)
 Metaspace       used 11279K, committed 11584K, reserved 1114112K
  class space    used 1404K, committed 1536K, reserved 1048576K
}

Deoptimization events (20 events):
Event: 2.235 Thread 0x000002418d94b5a0 DEOPT PACKING pc=0x000002419cd018a4 sp=0x000000530d7fe200
Event: 2.235 Thread 0x000002418d94b5a0 DEOPT UNPACKING pc=0x000002419c7823a3 sp=0x000000530d7fe0a8 mode 2
Event: 2.235 Thread 0x000002418d94b5a0 Uncommon trap: trap_request=0xffffff45 fr.pc=0x000002419ccff3c4 relative=0x00000000000005e4
Event: 2.235 Thread 0x000002418d94b5a0 Uncommon trap: reason=unstable_if action=reinterpret pc=0x000002419ccff3c4 method=java.util.zip.ZipCoder.hash(Ljava/lang/String;)I @ 23 c2
Event: 2.235 Thread 0x000002418d94b5a0 DEOPT PACKING pc=0x000002419ccff3c4 sp=0x000000530d7fe170
Event: 2.235 Thread 0x000002418d94b5a0 DEOPT UNPACKING pc=0x000002419c7823a3 sp=0x000000530d7fe098 mode 2
Event: 2.235 Thread 0x000002418d94b5a0 Uncommon trap: trap_request=0xffffff45 fr.pc=0x000002419ccfe89c relative=0x00000000000001fc
Event: 2.235 Thread 0x000002418d94b5a0 Uncommon trap: reason=unstable_if action=reinterpret pc=0x000002419ccfe89c method=java.util.zip.ZipCoder.hash(Ljava/lang/String;)I @ 23 c2
Event: 2.235 Thread 0x000002418d94b5a0 DEOPT PACKING pc=0x000002419ccfe89c sp=0x000000530d7fe100
Event: 2.235 Thread 0x000002418d94b5a0 DEOPT UNPACKING pc=0x000002419c7823a3 sp=0x000000530d7fe098 mode 2
Event: 2.238 Thread 0x000002418d94b5a0 Uncommon trap: trap_request=0xffffff45 fr.pc=0x000002419ccdd2c0 relative=0x0000000000000040
Event: 2.238 Thread 0x000002418d94b5a0 Uncommon trap: reason=unstable_if action=reinterpret pc=0x000002419ccdd2c0 method=sun.nio.fs.WindowsPathParser.isSlash(C)Z @ 9 c2
Event: 2.238 Thread 0x000002418d94b5a0 DEOPT PACKING pc=0x000002419ccdd2c0 sp=0x000000530d7fe360
Event: 2.238 Thread 0x000002418d94b5a0 DEOPT UNPACKING pc=0x000002419c7823a3 sp=0x000000530d7fe2e8 mode 2
Event: 2.286 Thread 0x00000241efb070c0 DEOPT PACKING pc=0x0000024195524f08 sp=0x000000530eefe210
Event: 2.286 Thread 0x00000241efb070c0 DEOPT UNPACKING pc=0x000002419c782b43 sp=0x000000530eefd718 mode 0
Event: 2.344 Thread 0x000002418d94b5a0 Uncommon trap: trap_request=0xffffff45 fr.pc=0x000002419cd3e238 relative=0x0000000000000bd8
Event: 2.344 Thread 0x000002418d94b5a0 Uncommon trap: reason=unstable_if action=reinterpret pc=0x000002419cd3e238 method=jdk.internal.org.objectweb.asm.SymbolTable.put(Ljdk/internal/org/objectweb/asm/SymbolTable$Entry;)Ljdk/internal/org/objectweb/asm/SymbolTable$Entry; @ 13 c2
Event: 2.344 Thread 0x000002418d94b5a0 DEOPT PACKING pc=0x000002419cd3e238 sp=0x000000530d7fcfc0
Event: 2.344 Thread 0x000002418d94b5a0 DEOPT UNPACKING pc=0x000002419c7823a3 sp=0x000000530d7fcee8 mode 2

Classes unloaded (0 events):
No events

Classes redefined (0 events):
No events

Internal exceptions (20 events):
Event: 1.590 Thread 0x000002418d94b5a0 Exception <a 'java/lang/NoSuchMethodError'{0x00000000cdea8e48}: 'void java.lang.invoke.DirectMethodHandle$Holder.invokeInterface(java.lang.Object, java.lang.Object, java.lang.Object)'> (0x00000000cdea8e48) 
thrown [s\open\src\hotspot\share\interpreter\linkResolver.cpp, line 759]
Event: 1.615 Thread 0x000002418d94b5a0 Exception <a 'java/lang/NoSuchMethodError'{0x00000000cdd2a320}: 'void java.lang.invoke.DirectMethodHandle$Holder.invokeStaticInit(java.lang.Object, java.lang.Object, java.lang.Object)'> (0x00000000cdd2a320) 
thrown [s\open\src\hotspot\share\interpreter\linkResolver.cpp, line 759]
Event: 1.636 Thread 0x000002418d94b5a0 Exception <a 'java/lang/NoSuchMethodError'{0x00000000cdd9bfd0}: 'java.lang.Object java.lang.invoke.DirectMethodHandle$Holder.invokeVirtual(java.lang.Object, java.lang.Object, java.lang.Object)'> (0x00000000cdd9bfd0) 
thrown [s\open\src\hotspot\share\interpreter\linkResolver.cpp, line 759]
Event: 1.660 Thread 0x000002418d94b5a0 Exception <a 'java/lang/NoSuchMethodError'{0x00000000cdc56f40}: 'java.lang.Object java.lang.invoke.DirectMethodHandle$Holder.newInvokeSpecial(java.lang.Object, long)'> (0x00000000cdc56f40) 
thrown [s\open\src\hotspot\share\interpreter\linkResolver.cpp, line 759]
Event: 1.661 Thread 0x000002418d94b5a0 Exception <a 'java/lang/NoSuchMethodError'{0x00000000cdc5e860}: 'void java.lang.invoke.DirectMethodHandle$Holder.invokeVirtual(java.lang.Object, java.lang.Object, java.lang.Object, java.lang.Object)'> (0x00000000cdc5e860) 
thrown [s\open\src\hotspot\share\interpreter\linkResolver.cpp, line 759]
Event: 1.682 Thread 0x000002418d94b5a0 Exception <a 'java/lang/NoSuchMethodError'{0x00000000cdb0f210}: 'java.lang.Object java.lang.invoke.DirectMethodHandle$Holder.invokeSpecial(java.lang.Object, java.lang.Object, long, java.lang.Object, java.lang.Object, java.lang.Object, java.lang.Object, java.lang.Object, java.lang.Object)'> (0x00000000cdb0f210) 
thrown [s\open\src\hotspot\share\interpreter\linkResolver.cpp, line 759]
Event: 1.683 Thread 0x000002418d94b5a0 Exception <a 'java/lang/NoSuchMethodError'{0x00000000cdb13a90}: 'java.lang.Object java.lang.invoke.DelegatingMethodHandle$Holder.reinvoke_L(java.lang.Object, long, java.lang.Object, java.lang.Object, java.lang.Object, java.lang.Object, java.lang.Object, java.lang.Object)'> (0x00000000cdb13a90) 
thrown [s\open\src\hotspot\share\interpreter\linkResolver.cpp, line 759]
Event: 1.784 Thread 0x000002418d94b5a0 Exception <a 'java/lang/NoSuchMethodError'{0x00000000cd938270}: 'java.lang.Object java.lang.invoke.DirectMethodHandle$Holder.invokeSpecial(java.lang.Object, java.lang.Object, java.lang.Object, java.lang.Object, java.lang.Object, java.lang.Object, java.lang.Object, java.lang.Object, java.lang.Object)'> (0x00000000cd938270) 
thrown [s\open\src\hotspot\share\interpreter\linkResolver.cpp, line 759]
Event: 1.785 Thread 0x000002418d94b5a0 Exception <a 'java/lang/NoSuchMethodError'{0x00000000cd93cb98}: 'java.lang.Object java.lang.invoke.Invokers$Holder.invoke_MT(java.lang.Object, java.lang.Object, java.lang.Object, java.lang.Object, java.lang.Object, java.lang.Object, java.lang.Object, java.lang.Object, java.lang.Object)'> (0x00000000cd93cb98) 
thrown [s\open\src\hotspot\share\interpreter\linkResolver.cpp, line 759]
Event: 1.786 Thread 0x00000241efb070c0 Exception <a 'java/lang/NoClassDefFoundError'{0x00000000cd916dd0}: jakarta/validation/Validation> (0x00000000cd916dd0) 
thrown [s\open\src\hotspot\share\classfile\systemDictionary.cpp, line 245]
Event: 1.812 Thread 0x000002418d94b5a0 Exception <a 'java/lang/IncompatibleClassChangeError'{0x00000000cd857580}: Found class java.lang.Object, but interface was expected> (0x00000000cd857580) 
thrown [s\open\src\hotspot\share\interpreter\linkResolver.cpp, line 826]
Event: 2.239 Thread 0x000002418d94b5a0 Exception <a 'sun/nio/fs/WindowsException'{0x00000000cd455a98}> (0x00000000cd455a98) 
thrown [s\open\src\hotspot\share\prims\jni.cpp, line 516]
Event: 2.241 Thread 0x000002418d94b5a0 Exception <a 'java/lang/NoSuchMethodError'{0x00000000cd457460}: 'int java.lang.invoke.DirectMethodHandle$Holder.invokeSpecial(java.lang.Object, java.lang.Object, java.lang.Object, java.lang.Object, java.lang.Object)'> (0x00000000cd457460) 
thrown [s\open\src\hotspot\share\interpreter\linkResolver.cpp, line 759]
Event: 2.246 Thread 0x000002418d94b5a0 Exception <a 'java/lang/NoSuchMethodError'{0x00000000cd4603b0}: 'void java.lang.invoke.DirectMethodHandle$Holder.invokeVirtual(java.lang.Object, java.lang.Object)'> (0x00000000cd4603b0) 
thrown [s\open\src\hotspot\share\interpreter\linkResolver.cpp, line 759]
Event: 2.291 Thread 0x00000241efb070c0 Exception <a 'java/lang/NoSuchMethodError'{0x00000000cd10e8b0}: 'long java.lang.invoke.DirectMethodHandle$Holder.invokeSpecial(java.lang.Object, java.lang.Object)'> (0x00000000cd10e8b0) 
thrown [s\open\src\hotspot\share\interpreter\linkResolver.cpp, line 759]
Event: 2.294 Thread 0x00000241efb070c0 Exception <a 'java/lang/NoSuchMethodError'{0x00000000cd119458}: 'long java.lang.invoke.DirectMethodHandle$Holder.invokeStatic(java.lang.Object, java.lang.Object)'> (0x00000000cd119458) 
thrown [s\open\src\hotspot\share\interpreter\linkResolver.cpp, line 759]
Event: 2.295 Thread 0x00000241efb070c0 Exception <a 'java/lang/NoSuchMethodError'{0x00000000cd11c7b0}: 'long java.lang.invoke.DirectMethodHandle$Holder.invokeStaticInit(java.lang.Object, java.lang.Object)'> (0x00000000cd11c7b0) 
thrown [s\open\src\hotspot\share\interpreter\linkResolver.cpp, line 759]
Event: 2.298 Thread 0x00000241efb070c0 Exception <a 'java/lang/NoSuchMethodError'{0x00000000cd12a0b8}: 'long java.lang.invoke.DirectMethodHandle$Holder.invokeInterface(java.lang.Object, java.lang.Object)'> (0x00000000cd12a0b8) 
thrown [s\open\src\hotspot\share\interpreter\linkResolver.cpp, line 759]
Event: 2.299 Thread 0x00000241efb070c0 Exception <a 'java/lang/IncompatibleClassChangeError'{0x00000000cd194788}: Found class java.lang.Object, but interface was expected> (0x00000000cd194788) 
thrown [s\open\src\hotspot\share\interpreter\linkResolver.cpp, line 826]
Event: 2.304 Thread 0x00000241efb070c0 Exception <a 'java/lang/NoSuchMethodError'{0x00000000cd1ad190}: 'java.lang.Object java.lang.invoke.DirectMethodHandle$Holder.invokeVirtual(java.lang.Object, java.lang.Object, java.lang.Object, java.lang.Object)'> (0x00000000cd1ad190) 
thrown [s\open\src\hotspot\share\interpreter\linkResolver.cpp, line 759]

VM Operations (20 events):
Event: 1.095 Executing VM operation: HandshakeAllThreads
Event: 1.095 Executing VM operation: HandshakeAllThreads done
Event: 1.096 Executing VM operation: Cleanup
Event: 1.096 Executing VM operation: Cleanup done
Event: 1.454 Executing VM operation: G1CollectForAllocation
Event: 1.464 Executing VM operation: G1CollectForAllocation done
Event: 1.522 Executing VM operation: HandshakeAllThreads
Event: 1.522 Executing VM operation: HandshakeAllThreads done
Event: 1.534 Executing VM operation: HandshakeAllThreads
Event: 1.534 Executing VM operation: HandshakeAllThreads done
Event: 1.773 Executing VM operation: HandshakeAllThreads
Event: 1.773 Executing VM operation: HandshakeAllThreads done
Event: 2.008 Executing VM operation: G1CollectForAllocation
Event: 2.015 Executing VM operation: G1CollectForAllocation done
Event: 2.030 Executing VM operation: HandshakeAllThreads
Event: 2.030 Executing VM operation: HandshakeAllThreads done
Event: 2.126 Executing VM operation: HandshakeAllThreads
Event: 2.126 Executing VM operation: HandshakeAllThreads done
Event: 2.205 Executing VM operation: HandshakeAllThreads
Event: 2.205 Executing VM operation: HandshakeAllThreads done

Events (20 events):
Event: 2.329 loading class sun/util/cldr/CLDRBaseLocaleDataMetaInfo$TZCanonicalIDMapHolder done
Event: 2.331 loading class sun/util/resources/TimeZoneNames
Event: 2.332 loading class sun/util/resources/TimeZoneNames done
Event: 2.332 loading class sun/util/resources/TimeZoneNames_en
Event: 2.332 loading class sun/util/resources/TimeZoneNames_en done
Event: 2.340 loading class java/util/ResourceBundle$ResourceBundleControlProviderHolder
Event: 2.341 loading class java/util/ResourceBundle$ResourceBundleControlProviderHolder done
Event: 2.342 loading class java/util/spi/ResourceBundleControlProvider
Event: 2.342 loading class java/util/spi/ResourceBundleControlProvider done
Event: 2.342 loading class java/util/ServiceLoader$ProviderSpliterator
Event: 2.343 loading class java/util/ServiceLoader$ProviderSpliterator done
Event: 2.344 loading class java/util/ResourceBundle$CacheKey
Event: 2.345 loading class java/util/ResourceBundle$CacheKey done
Event: 2.345 loading class java/util/ResourceBundle$KeyElementReference
Event: 2.345 loading class java/util/ResourceBundle$CacheKeyReference
Event: 2.345 loading class java/util/ResourceBundle$CacheKeyReference done
Event: 2.345 loading class java/util/ResourceBundle$KeyElementReference done
Event: 2.346 loading class java/util/ResourceBundle$Control$2
Event: 2.346 loading class java/util/ResourceBundle$Control$2 done
Event: 2.363 loading class java/util/PropertyResourceBundle


Dynamic libraries:
0x00007ff614970000 - 0x00007ff614980000 	C:\Program Files\Java\jdk-17\bin\javaw.exe
0x00007ff9dc3c0000 - 0x00007ff9dc628000 	C:\WINDOWS\SYSTEM32\ntdll.dll
0x00007ff9dac20000 - 0x00007ff9dace9000 	C:\WINDOWS\System32\KERNEL32.DLL
0x00007ff9d9a30000 - 0x00007ff9d9e28000 	C:\WINDOWS\System32\KERNELBASE.dll
0x00007ff9d98b0000 - 0x00007ff9d99fb000 	C:\WINDOWS\System32\ucrtbase.dll
0x00007ff9bcd50000 - 0x00007ff9bcd69000 	C:\Program Files\Java\jdk-17\bin\jli.dll
0x00007ff9db8b0000 - 0x00007ff9db964000 	C:\WINDOWS\System32\ADVAPI32.dll
0x00007ff9bc930000 - 0x00007ff9bc94b000 	C:\Program Files\Java\jdk-17\bin\VCRUNTIME140.dll
0x00007ff9dc240000 - 0x00007ff9dc2e9000 	C:\WINDOWS\System32\msvcrt.dll
0x00007ff9dbab0000 - 0x00007ff9dbb56000 	C:\WINDOWS\System32\sechost.dll
0x00007ff9da910000 - 0x00007ff9daa28000 	C:\WINDOWS\System32\RPCRT4.dll
0x00007ff9db040000 - 0x00007ff9db207000 	C:\WINDOWS\System32\USER32.dll
0x00007ff9d9a00000 - 0x00007ff9d9a27000 	C:\WINDOWS\System32\win32u.dll
0x00007ff9c08e0000 - 0x00007ff9c0b74000 	C:\WINDOWS\WinSxS\amd64_microsoft.windows.common-controls_6595b64144ccf1df_6.0.26100.7019_none_3e06ffa0e335b8a8\COMCTL32.dll
0x00007ff9dc210000 - 0x00007ff9dc23b000 	C:\WINDOWS\System32\GDI32.dll
0x00007ff9d9fa0000 - 0x00007ff9da0cc000 	C:\WINDOWS\System32\gdi32full.dll
0x00007ff9d9ef0000 - 0x00007ff9d9f93000 	C:\WINDOWS\System32\msvcp_win.dll
0x00007ff9d2410000 - 0x00007ff9d241b000 	C:\WINDOWS\SYSTEM32\VERSION.dll
0x00007ff9da8d0000 - 0x00007ff9da901000 	C:\WINDOWS\System32\IMM32.DLL
0x00007ff9c0c50000 - 0x00007ff9c0c5c000 	C:\Program Files\Java\jdk-17\bin\vcruntime140_1.dll
0x00007ff99b9c0000 - 0x00007ff99ba4e000 	C:\Program Files\Java\jdk-17\bin\msvcp140.dll
0x00007ff974420000 - 0x00007ff975000000 	C:\Program Files\Java\jdk-17\bin\server\jvm.dll
0x00007ff9dbaa0000 - 0x00007ff9dbaa8000 	C:\WINDOWS\System32\PSAPI.DLL
0x00007ff9d1e70000 - 0x00007ff9d1ea5000 	C:\WINDOWS\SYSTEM32\WINMM.dll
0x00007ff9bccf0000 - 0x00007ff9bccfa000 	C:\WINDOWS\SYSTEM32\WSOCK32.dll
0x00007ff9db210000 - 0x00007ff9db284000 	C:\WINDOWS\System32\WS2_32.dll
0x00007ff9d82d0000 - 0x00007ff9d82eb000 	C:\WINDOWS\SYSTEM32\kernel.appcore.dll
0x00007ff9bca80000 - 0x00007ff9bca8a000 	C:\Program Files\Java\jdk-17\bin\jimage.dll
0x00007ff9ce1a0000 - 0x00007ff9ce3e2000 	C:\WINDOWS\SYSTEM32\DBGHELP.DLL
0x00007ff9dbb60000 - 0x00007ff9dbeeb000 	C:\WINDOWS\System32\combase.dll
0x00007ff9db2e0000 - 0x00007ff9db3b7000 	C:\WINDOWS\System32\OLEAUT32.dll
0x00007ff9c0640000 - 0x00007ff9c067c000 	C:\WINDOWS\SYSTEM32\dbgcore.DLL
0x00007ff9d9800000 - 0x00007ff9d98a5000 	C:\WINDOWS\System32\bcryptPrimitives.dll
0x00007ff9bbb20000 - 0x00007ff9bbb45000 	C:\Program Files\Java\jdk-17\bin\java.dll
0x00007ff997f20000 - 0x00007ff997ff7000 	C:\Program Files\Java\jdk-17\bin\jsvml.dll
0x00007ff9da170000 - 0x00007ff9da8bf000 	C:\WINDOWS\System32\SHELL32.dll
0x00007ff9d9690000 - 0x00007ff9d97fb000 	C:\WINDOWS\System32\wintypes.dll
0x00007ff9d7150000 - 0x00007ff9d79ad000 	C:\WINDOWS\SYSTEM32\windows.storage.dll
0x00007ff9dc110000 - 0x00007ff9dc202000 	C:\WINDOWS\System32\SHCORE.dll
0x00007ff9dba30000 - 0x00007ff9dba97000 	C:\WINDOWS\System32\shlwapi.dll
0x00007ff9d9430000 - 0x00007ff9d9459000 	C:\WINDOWS\SYSTEM32\profapi.dll
0x00007ff9b39e0000 - 0x00007ff9b39f9000 	C:\Program Files\Java\jdk-17\bin\net.dll
0x00007ff9d2660000 - 0x00007ff9d2788000 	C:\WINDOWS\SYSTEM32\WINHTTP.dll
0x00007ff9d8840000 - 0x00007ff9d88ab000 	C:\WINDOWS\system32\mswsock.dll
0x00007ff9b0f90000 - 0x00007ff9b0fa6000 	C:\Program Files\Java\jdk-17\bin\nio.dll
0x00007ff9b0470000 - 0x00007ff9b0488000 	C:\Program Files\Java\jdk-17\bin\zip.dll

dbghelp: loaded successfully - version: 4.0.5 - missing functions: none
symbol engine: initialized successfully - sym options: 0x614 - pdb path: .;C:\Program Files\Java\jdk-17\bin;C:\WINDOWS\SYSTEM32;C:\WINDOWS\WinSxS\amd64_microsoft.windows.common-controls_6595b64144ccf1df_6.0.26100.7019_none_3e06ffa0e335b8a8;C:\Program Files\Java\jdk-17\bin\server

VM Arguments:
jvm_args: -Dfile.encoding=UTF-8 -Dstdout.encoding=UTF-8 -Dstderr.encoding=UTF-8 -XX:+ShowCodeDetailsInExceptionMessages 
java_command: com.infosys.lostFoundApplication.LostFoundApplication
java_class_path (initial): C:\InfosysProject\LostFoundProject\lostFoundApplication\target\classes;C:\Users\HOME PC\.m2\repository\org\springframework\boot\spring-boot-starter-data-jpa\3.5.7\spring-boot-starter-data-jpa-3.5.7.jar;C:\Users\HOME PC\.m2\repository\org\springframework\boot\spring-boot-starter\3.5.7\spring-boot-starter-3.5.7.jar;C:\Users\HOME PC\.m2\repository\org\springframework\boot\spring-boot\3.5.7\spring-boot-3.5.7.jar;C:\Users\HOME PC\.m2\repository\org\springframework\boot\spring-boot-autoconfigure\3.5.7\spring-boot-autoconfigure-3.5.7.jar;C:\Users\HOME PC\.m2\repository\org\springframework\boot\spring-boot-starter-logging\3.5.7\spring-boot-starter-logging-3.5.7.jar;C:\Users\HOME PC\.m2\repository\ch\qos\logback\logback-classic\1.5.20\logback-classic-1.5.20.jar;C:\Users\HOME PC\.m2\repository\ch\qos\logback\logback-core\1.5.20\logback-core-1.5.20.jar;C:\Users\HOME PC\.m2\repository\org\apache\logging\log4j\log4j-to-slf4j\2.24.3\log4j-to-slf4j-2.24.3.jar;C:\Users\HOME PC\.m2\repository\org\apache\logging\log4j\log4j-api\2.24.3\log4j-api-2.24.3.jar;C:\Users\HOME PC\.m2\repository\org\slf4j\jul-to-slf4j\2.0.17\jul-to-slf4j-2.0.17.jar;C:\Users\HOME PC\.m2\repository\jakarta\annotation\jakarta.annotation-api\2.1.1\jakarta.annotation-api-2.1.1.jar;C:\Users\HOME PC\.m2\repository\org\yaml\snakeyaml\2.4\snakeyaml-2.4.jar;C:\Users\HOME PC\.m2\repository\org\springframework\boot\spring-boot-starter-jdbc\3.5.7\spring-boot-starter-jdbc-3.5.7.jar;C:\Users\HOME PC\.m2\repository\com\zaxxer\HikariCP\6.3.3\HikariCP-6.3.3.jar;C:\Users\HOME PC\.m2\repository\org\springframework\spring-jdbc\6.2.12\spring-jdbc-6.2.12.jar;C:\Users\HOME PC\.m2\repository\org\hibernate\orm\hibernate-core\6.6.33.Final\hibernate-core-6.6.33.Final.jar;C:\Users\HOME PC\.m2\repository\jakarta\persistence\jakarta.persistence-api\3.1.0\jakarta.persistence-api-3.1.0.jar;C:\Users\HOME PC\.m2\repository\jakarta\transaction\jakarta.transaction-api\2.0.1\jakarta.transaction-api-2.0.1.jar;C:\Users\
Launcher Type: SUN_STANDARD

[Global flags]
     intx CICompilerCount                          = 4                                         {product} {ergonomic}
     uint ConcGCThreads                            = 3                                         {product} {ergonomic}
     uint G1ConcRefinementThreads                  = 10                                        {product} {ergonomic}
   size_t G1HeapRegionSize                         = 1048576                                   {product} {ergonomic}
    uintx GCDrainStackTargetSize                   = 64                                        {product} {ergonomic}
   size_t InitialHeapSize                          = 56623104                                  {product} {ergonomic}
   size_t MarkStackSize                            = 4194304                                   {product} {ergonomic}
   size_t MaxHeapSize                              = 893386752                                 {product} {ergonomic}
   size_t MaxNewSize                               = 535822336                                 {product} {ergonomic}
   size_t MinHeapDeltaBytes                        = 1048576                                   {product} {ergonomic}
   size_t MinHeapSize                              = 8388608                                   {product} {ergonomic}
    uintx NonNMethodCodeHeapSize                   = 5839372                                {pd product} {ergonomic}
    uintx NonProfiledCodeHeapSize                  = 122909434                              {pd product} {ergonomic}
    uintx ProfiledCodeHeapSize                     = 122909434                              {pd product} {ergonomic}
    uintx ReservedCodeCacheSize                    = 251658240                              {pd product} {ergonomic}
     bool SegmentedCodeCache                       = true                                      {product} {ergonomic}
     bool ShowCodeDetailsInExceptionMessages       = true                                   {manageable} {command line}
   size_t SoftMaxHeapSize                          = 893386752                              {manageable} {ergonomic}
     bool UseCompressedClassPointers               = true                           {product lp64_product} {ergonomic}
     bool UseCompressedOops                        = true                           {product lp64_product} {ergonomic}
     bool UseG1GC                                  = true                                      {product} {ergonomic}
     bool UseLargePagesIndividualAllocation        = false                                  {pd product} {ergonomic}

Logging:
Log output configuration:
 #0: stdout all=warning uptime,level,tags
 #1: stderr all=off uptime,level,tags

Environment Variables:
PATH=C:/Users/HOME PC/.p2/pool/plugins/org.eclipse.justj.openjdk.hotspot.jre.full.win32.x86_64_21.0.9.v20251105-0741/jre/bin/server;C:/Users/HOME PC/.p2/pool/plugins/org.eclipse.justj.openjdk.hotspot.jre.full.win32.x86_64_21.0.9.v20251105-0741/jre/bin;C:\Program Files\Common Files\Oracle\Java\javapath;C:\WINDOWS\system32;C:\WINDOWS;C:\WINDOWS\System32\Wbem;C:\WINDOWS\System32\WindowsPowerShell\v1.0\;C:\WINDOWS\System32\OpenSSH\;C:\Program Files\nodejs\;C:\Program Files\MySQL\MySQL Server 8.0\bin;C:\Users\HOME PC\AppData\Local\Programs\Python\Python313\Scripts\;C:\Users\HOME PC\AppData\Local\Programs\Python\Python313\;C:\Users\HOME PC\AppData\Local\Programs\Python\Launcher\;C:\Users\HOME PC\AppData\Local\Microsoft\WindowsApps;C:\Users\HOME PC\AppData\Local\Programs\Git\cmd;C:\Users\HOME PC\AppData\Local\Programs\Microsoft VS Code\bin;C:\Users\HOME PC\AppData\Local\Programs\mongosh\;C:\Users\HOME PC\AppData\Roaming\npm;C:\Users\HOME PC\OneDrive\Desktop;
USERNAME=HOME PC
OS=Windows_NT
PROCESSOR_IDENTIFIER=AMD64 Family 23 Model 104 Stepping 1, AuthenticAMD



---------------  S Y S T E M  ---------------

OS:
 Windows 11 , 64 bit Build 26100 (10.0.26100.7019)
OS uptime: 3 days 3:06 hours

CPU: total 12 (initial active 12) (12 cores per cpu, 2 threads per core) family 23 model 104 stepping 1 microcode 0x8608109, cx8, cmov, fxsr, ht, mmx, 3dnowpref, sse, sse2, sse3, ssse3, sse4a, sse4.1, sse4.2, popcnt, lzcnt, tsc, tscinvbit, avx, avx2, aes, clmul, bmi1, bmi2, adx, sha, fma, vzeroupper, clflush, clflushopt

Memory: 4k page, system-wide physical 3405M (205M free)
TotalPageFile size 13645M (AvailPageFile size 7M)
current process WorkingSet (physical memory assigned to process): 116M, peak: 116M
current process commit charge ("private bytes"): 183M, peak: 184M

vm_info: Java HotSpot(TM) 64-Bit Server VM (17.0.12+8-LTS-286) for windows-amd64 JRE (17.0.12+8-LTS-286), built on Jun  5 2024 06:46:59 by "mach5one" with MS VC++ 17.6 (VS2022)

END.
