#
# There is insufficient memory for the Java Runtime Environment to continue.
# Native memory allocation (malloc) failed to allocate 1583312 bytes for Chunk::new
# Possible reasons:
#   The system is out of physical RAM or swap space
#   The process is running with CompressedOops enabled, and the Java Heap may be blocking the growth of the native heap
# Possible solutions:
#   Reduce memory load on the system
#   Increase physical memory or swap space
#   Check if swap backing store is full
#   Decrease Java heap size (-Xmx/-Xms)
#   Decrease number of Java threads
#   Decrease Java thread stack sizes (-Xss)
#   Set larger code cache with -XX:ReservedCodeCacheSize=
#   JVM is running with Unscaled Compressed Oops mode in which the Java heap is
#     placed in the first 4GB address space. The Java Heap base address is the
#     maximum limit for the native heap growth. Please use -XX:HeapBaseMinAddress
#     to set the Java Heap base and to place the Java Heap above 4GB virtual address.
# This output file may be truncated or incomplete.
#
#  Out of Memory Error (arena.cpp:189), pid=10176, tid=19672
#
# JRE version: Java(TM) SE Runtime Environment (17.0.12+8) (build 17.0.12+8-LTS-286)
# Java VM: Java HotSpot(TM) 64-Bit Server VM (17.0.12+8-LTS-286, mixed mode, sharing, tiered, compressed oops, compressed class ptrs, g1 gc, windows-amd64)
# No core dump will be written. Minidumps are not enabled by default on client versions of Windows
#

---------------  S U M M A R Y ------------

Command Line: C:\Users\HOME PC\AppData\Local\Temp\surefire9025744966366282899\surefirebooter-20251202164905528_3.jar C:\Users\HOME PC\AppData\Local\Temp\surefire9025744966366282899 2025-12-02T16-49-05_158-jvmRun1 surefire-20251202164905528_1tmp surefire_0-20251202164905528_2tmp

Host: AMD Ryzen 5 5500U with Radeon Graphics         , 12 cores, 3G,  Windows 11 , 64 bit Build 26100 (10.0.26100.7019)
Time: Tue Dec  2 16:49:14 2025 India Standard Time elapsed time: 7.832455 seconds (0d 0h 0m 7s)

---------------  T H R E A D  ---------------

Current thread (0x000001beb8ce9fd0):  JavaThread "C2 CompilerThread0" daemon [_thread_in_native, id=19672, stack(0x0000005178500000,0x0000005178600000)]


Current CompileTask:
C2:   7832 4844       4       sun.security.ec.ECOperations::setDouble (559 bytes)

Stack: [0x0000005178500000,0x0000005178600000]
Native frames: (J=compiled Java code, j=interpreted, Vv=VM code, C=native code)
V  [jvm.dll+0x67a04a]
V  [jvm.dll+0x7da4ed]
V  [jvm.dll+0x7dbe33]
V  [jvm.dll+0x7dc4a3]
V  [jvm.dll+0x24508f]
V  [jvm.dll+0xab773]
V  [jvm.dll+0xabd3c]
V  [jvm.dll+0x361bee]
V  [jvm.dll+0x32c431]
V  [jvm.dll+0x32b8ca]
V  [jvm.dll+0x21683f]
V  [jvm.dll+0x215c6f]
V  [jvm.dll+0x1a2960]
V  [jvm.dll+0x22610b]
V  [jvm.dll+0x2242ab]
V  [jvm.dll+0x79075c]
V  [jvm.dll+0x78abea]
V  [jvm.dll+0x678f35]
C  [ucrtbase.dll+0x37b0]
C  [KERNEL32.DLL+0x2e8d7]
C  [ntdll.dll+0x8c53c]


---------------  P R O C E S S  ---------------

Threads class SMR info:
_java_thread_list=0x000001be80f9fb40, length=17, elements={
0x000001be9d31de50, 0x000001beb8cc4630, 0x000001beb8cc5100, 0x000001beb8cd9a10,
0x000001beb8cdb6f0, 0x000001beb8cdcfd0, 0x000001beb8ce5ac0, 0x000001beb8ce9fd0,
0x000001beb8cea8e0, 0x000001beb8ceb1f0, 0x000001befe075df0, 0x000001befe07c7b0,
0x000001befe4742a0, 0x000001befe45f960, 0x000001be8049a1c0, 0x000001beff5ae560,
0x000001beff5aef80
}

Java Threads: ( => current thread )
  0x000001be9d31de50 JavaThread "main" [_thread_in_vm, id=20568, stack(0x0000005177800000,0x0000005177900000)]
  0x000001beb8cc4630 JavaThread "Reference Handler" daemon [_thread_blocked, id=24112, stack(0x0000005177f00000,0x0000005178000000)]
  0x000001beb8cc5100 JavaThread "Finalizer" daemon [_thread_blocked, id=15528, stack(0x0000005178000000,0x0000005178100000)]
  0x000001beb8cd9a10 JavaThread "Signal Dispatcher" daemon [_thread_blocked, id=3608, stack(0x0000005178100000,0x0000005178200000)]
  0x000001beb8cdb6f0 JavaThread "Attach Listener" daemon [_thread_blocked, id=26764, stack(0x0000005178200000,0x0000005178300000)]
  0x000001beb8cdcfd0 JavaThread "Service Thread" daemon [_thread_blocked, id=24892, stack(0x0000005178300000,0x0000005178400000)]
  0x000001beb8ce5ac0 JavaThread "Monitor Deflation Thread" daemon [_thread_blocked, id=15452, stack(0x0000005178400000,0x0000005178500000)]
=>0x000001beb8ce9fd0 JavaThread "C2 CompilerThread0" daemon [_thread_in_native, id=19672, stack(0x0000005178500000,0x0000005178600000)]
  0x000001beb8cea8e0 JavaThread "C1 CompilerThread0" daemon [_thread_blocked, id=10800, stack(0x0000005178600000,0x0000005178700000)]
  0x000001beb8ceb1f0 JavaThread "Sweeper thread" daemon [_thread_blocked, id=1132, stack(0x0000005178700000,0x0000005178800000)]
  0x000001befe075df0 JavaThread "Notification Thread" daemon [_thread_blocked, id=9636, stack(0x0000005178800000,0x0000005178900000)]
  0x000001befe07c7b0 JavaThread "Common-Cleaner" daemon [_thread_blocked, id=3524, stack(0x0000005178a00000,0x0000005178b00000)]
  0x000001befe4742a0 JavaThread "surefire-forkedjvm-stream-flusher" daemon [_thread_blocked, id=21052, stack(0x0000005178b00000,0x0000005178c00000)]
  0x000001befe45f960 JavaThread "surefire-forkedjvm-command-thread" daemon [_thread_in_native, id=23656, stack(0x0000005178c00000,0x0000005178d00000)]
  0x000001be8049a1c0 JavaThread "mysql-cj-abandoned-connection-cleanup" daemon [_thread_blocked, id=16536, stack(0x0000005179700000,0x0000005179800000)]
  0x000001beff5ae560 JavaThread "HikariPool-1:housekeeper" daemon [_thread_blocked, id=21132, stack(0x0000005179b00000,0x0000005179c00000)]
  0x000001beff5aef80 JavaThread "HikariPool-1:connection-adder" daemon [_thread_blocked, id=20352, stack(0x0000005179c00000,0x0000005179d00000)]

Other Threads:
  0x000001beb8cbe720 VMThread "VM Thread" [stack: 0x0000005177e00000,0x0000005177f00000] [id=12340]
  0x000001befe077720 WatcherThread [stack: 0x0000005178900000,0x0000005178a00000] [id=23516]
  0x000001be9d357b50 GCTaskThread "GC Thread#0" [stack: 0x0000005177900000,0x0000005177a00000] [id=16808]
  0x000001befea67c60 GCTaskThread "GC Thread#1" [stack: 0x0000005178d00000,0x0000005178e00000] [id=29568]
  0x000001befe8c0b10 GCTaskThread "GC Thread#2" [stack: 0x0000005178e00000,0x0000005178f00000] [id=20436]
  0x000001befec75170 GCTaskThread "GC Thread#3" [stack: 0x0000005178f00000,0x0000005179000000] [id=9996]
  0x000001befec87180 GCTaskThread "GC Thread#4" [stack: 0x0000005179000000,0x0000005179100000] [id=19796]
  0x000001befec9d310 GCTaskThread "GC Thread#5" [stack: 0x0000005179100000,0x0000005179200000] [id=23800]
  0x000001befe654c60 GCTaskThread "GC Thread#6" [stack: 0x0000005179200000,0x0000005179300000] [id=16932]
  0x000001befeb1ed30 GCTaskThread "GC Thread#7" [stack: 0x0000005179300000,0x0000005179400000] [id=13044]
  0x000001befeb205f0 GCTaskThread "GC Thread#8" [stack: 0x0000005179500000,0x0000005179600000] [id=25512]
  0x000001befeb1f570 GCTaskThread "GC Thread#9" [stack: 0x0000005179600000,0x0000005179700000] [id=21700]
  0x000001be9d35f430 ConcurrentGCThread "G1 Main Marker" [stack: 0x0000005177a00000,0x0000005177b00000] [id=25184]
  0x000001be9d360a20 ConcurrentGCThread "G1 Conc#0" [stack: 0x0000005177b00000,0x0000005177c00000] [id=27460]
  0x000001befeb1faf0 ConcurrentGCThread "G1 Conc#1" [stack: 0x0000005179800000,0x0000005179900000] [id=29820]
  0x000001befeb1fdb0 ConcurrentGCThread "G1 Conc#2" [stack: 0x0000005179900000,0x0000005179a00000] [id=8460]
  0x000001be9d3bc930 ConcurrentGCThread "G1 Refine#0" [stack: 0x0000005177c00000,0x0000005177d00000] [id=5944]
  0x000001befea68320 ConcurrentGCThread "G1 Refine#1" [stack: 0x0000005179400000,0x0000005179500000] [id=27100]
  0x000001be9d3bf740 ConcurrentGCThread "G1 Service" [stack: 0x0000005177d00000,0x0000005177e00000] [id=4164]

Threads with active compile tasks:
C2 CompilerThread0     7869 4844       4       sun.security.ec.ECOperations::setDouble (559 bytes)

VM state: not at safepoint (normal execution)

VM Mutex/Monitor currently owned by a thread: None

Heap address: 0x00000000cac00000, size: 852 MB, Compressed Oops mode: 32-bit

CDS archive(s) mapped at: [0x000001beb9000000-0x000001beb9bd0000-0x000001beb9bd0000), size 12386304, SharedBaseAddress: 0x000001beb9000000, ArchiveRelocationMode: 1.
Compressed class space mapped at: 0x000001beba000000-0x000001befa000000, reserved size: 1073741824
Narrow klass base: 0x000001beb9000000, Narrow klass shift: 0, Narrow klass range: 0x100000000

GC Precious Log:
 CPUs: 12 total, 12 available
 Memory: 3405M
 Large Page Support: Disabled
 NUMA Support: Disabled
 Compressed Oops: Enabled (32-bit)
 Heap Region Size: 1M
 Heap Min Capacity: 8M
 Heap Initial Capacity: 54M
 Heap Max Capacity: 852M
 Pre-touch: Disabled
 Parallel Workers: 10
 Concurrent Workers: 3
 Concurrent Refinement Workers: 10
 Periodic GC: Disabled

Heap:
 garbage-first heap   total 61440K, used 41446K [0x00000000cac00000, 0x0000000100000000)
  region size 1024K, 23 young (23552K), 4 survivors (4096K)
 Metaspace       used 48810K, committed 49280K, reserved 1114112K
  class space    used 6554K, committed 6784K, reserved 1048576K

Heap Regions: E=young(eden), S=young(survivor), O=old, HS=humongous(starts), HC=humongous(continues), CS=collection set, F=free, OA=open archive, CA=closed archive, TAMS=top-at-mark-start (previous, next)
|   0|0x00000000cac00000, 0x00000000cad00000, 0x00000000cad00000|100%|HS|  |TAMS 0x00000000cad00000, 0x00000000cac00000| Complete 
|   1|0x00000000cad00000, 0x00000000cae00000, 0x00000000cae00000|100%|HS|  |TAMS 0x00000000cae00000, 0x00000000cad00000| Complete 
|   2|0x00000000cae00000, 0x00000000caf00000, 0x00000000caf00000|100%| O|  |TAMS 0x00000000caf00000, 0x00000000cae00000| Untracked 
|   3|0x00000000caf00000, 0x00000000cb000000, 0x00000000cb000000|100%| O|  |TAMS 0x00000000cb000000, 0x00000000caf00000| Untracked 
|   4|0x00000000cb000000, 0x00000000cb100000, 0x00000000cb100000|100%| O|  |TAMS 0x00000000cb100000, 0x00000000cb000000| Untracked 
|   5|0x00000000cb100000, 0x00000000cb200000, 0x00000000cb200000|100%| O|  |TAMS 0x00000000cb200000, 0x00000000cb100000| Untracked 
|   6|0x00000000cb200000, 0x00000000cb300000, 0x00000000cb300000|100%| O|  |TAMS 0x00000000cb300000, 0x00000000cb200000| Untracked 
|   7|0x00000000cb300000, 0x00000000cb400000, 0x00000000cb400000|100%| O|  |TAMS 0x00000000cb400000, 0x00000000cb300000| Untracked 
|   8|0x00000000cb400000, 0x00000000cb500000, 0x00000000cb500000|100%| O|  |TAMS 0x00000000cb500000, 0x00000000cb400000| Untracked 
|   9|0x00000000cb500000, 0x00000000cb600000, 0x00000000cb600000|100%| O|  |TAMS 0x00000000cb600000, 0x00000000cb500000| Untracked 
|  10|0x00000000cb600000, 0x00000000cb700000, 0x00000000cb700000|100%| O|  |TAMS 0x00000000cb700000, 0x00000000cb600000| Untracked 
|  11|0x00000000cb700000, 0x00000000cb7c0600, 0x00000000cb800000| 75%| O|  |TAMS 0x00000000cb7c0600, 0x00000000cb700000| Untracked 
|  12|0x00000000cb800000, 0x00000000cb900000, 0x00000000cb900000|100%| O|  |TAMS 0x00000000cb900000, 0x00000000cb800000| Untracked 
|  13|0x00000000cb900000, 0x00000000cba00000, 0x00000000cba00000|100%| O|  |TAMS 0x00000000cba00000, 0x00000000cb900000| Untracked 
|  14|0x00000000cba00000, 0x00000000cbb00000, 0x00000000cbb00000|100%| O|  |TAMS 0x00000000cbb00000, 0x00000000cba00000| Untracked 
|  15|0x00000000cbb00000, 0x00000000cbc00000, 0x00000000cbc00000|100%| O|  |TAMS 0x00000000cbc00000, 0x00000000cbb00000| Untracked 
|  16|0x00000000cbc00000, 0x00000000cbd00000, 0x00000000cbd00000|100%| O|  |TAMS 0x00000000cbcba600, 0x00000000cbc00000| Untracked 
|  17|0x00000000cbd00000, 0x00000000cbe00000, 0x00000000cbe00000|100%| O|  |TAMS 0x00000000cbd00000, 0x00000000cbd00000| Untracked 
|  18|0x00000000cbe00000, 0x00000000cbf00000, 0x00000000cbf00000|100%| O|  |TAMS 0x00000000cbe00000, 0x00000000cbe00000| Untracked 
|  19|0x00000000cbf00000, 0x00000000cc000000, 0x00000000cc000000|100%| O|  |TAMS 0x00000000cbf00000, 0x00000000cbf00000| Untracked 
|  20|0x00000000cc000000, 0x00000000cc072e00, 0x00000000cc100000| 44%| O|  |TAMS 0x00000000cc000000, 0x00000000cc000000| Untracked 
|  21|0x00000000cc100000, 0x00000000cc100000, 0x00000000cc200000|  0%| F|  |TAMS 0x00000000cc100000, 0x00000000cc100000| Untracked 
|  22|0x00000000cc200000, 0x00000000cc200000, 0x00000000cc300000|  0%| F|  |TAMS 0x00000000cc200000, 0x00000000cc200000| Untracked 
|  23|0x00000000cc300000, 0x00000000cc300000, 0x00000000cc400000|  0%| F|  |TAMS 0x00000000cc300000, 0x00000000cc300000| Untracked 
|  24|0x00000000cc400000, 0x00000000cc400000, 0x00000000cc500000|  0%| F|  |TAMS 0x00000000cc400000, 0x00000000cc400000| Untracked 
|  25|0x00000000cc500000, 0x00000000cc500000, 0x00000000cc600000|  0%| F|  |TAMS 0x00000000cc500000, 0x00000000cc500000| Untracked 
|  26|0x00000000cc600000, 0x00000000cc600000, 0x00000000cc700000|  0%| F|  |TAMS 0x00000000cc600000, 0x00000000cc600000| Untracked 
|  27|0x00000000cc700000, 0x00000000cc700000, 0x00000000cc800000|  0%| F|  |TAMS 0x00000000cc700000, 0x00000000cc700000| Untracked 
|  28|0x00000000cc800000, 0x00000000cc800000, 0x00000000cc900000|  0%| F|  |TAMS 0x00000000cc800000, 0x00000000cc800000| Untracked 
|  29|0x00000000cc900000, 0x00000000cc900000, 0x00000000cca00000|  0%| F|  |TAMS 0x00000000cc900000, 0x00000000cc900000| Untracked 
|  30|0x00000000cca00000, 0x00000000cca00000, 0x00000000ccb00000|  0%| F|  |TAMS 0x00000000cca00000, 0x00000000cca00000| Untracked 
|  31|0x00000000ccb00000, 0x00000000ccb466a0, 0x00000000ccc00000| 27%| S|CS|TAMS 0x00000000ccb00000, 0x00000000ccb00000| Complete 
|  32|0x00000000ccc00000, 0x00000000ccd00000, 0x00000000ccd00000|100%| S|CS|TAMS 0x00000000ccc00000, 0x00000000ccc00000| Complete 
|  33|0x00000000ccd00000, 0x00000000cce00000, 0x00000000cce00000|100%| S|CS|TAMS 0x00000000ccd00000, 0x00000000ccd00000| Complete 
|  34|0x00000000cce00000, 0x00000000ccf00000, 0x00000000ccf00000|100%| S|CS|TAMS 0x00000000cce00000, 0x00000000cce00000| Complete 
|  35|0x00000000ccf00000, 0x00000000ccf00000, 0x00000000cd000000|  0%| F|  |TAMS 0x00000000ccf00000, 0x00000000ccf00000| Untracked 
|  36|0x00000000cd000000, 0x00000000cd000000, 0x00000000cd100000|  0%| F|  |TAMS 0x00000000cd000000, 0x00000000cd000000| Untracked 
|  37|0x00000000cd100000, 0x00000000cd100000, 0x00000000cd200000|  0%| F|  |TAMS 0x00000000cd100000, 0x00000000cd100000| Untracked 
|  38|0x00000000cd200000, 0x00000000cd200000, 0x00000000cd300000|  0%| F|  |TAMS 0x00000000cd200000, 0x00000000cd200000| Untracked 
|  39|0x00000000cd300000, 0x00000000cd300000, 0x00000000cd400000|  0%| F|  |TAMS 0x00000000cd300000, 0x00000000cd300000| Untracked 
|  40|0x00000000cd400000, 0x00000000cd400000, 0x00000000cd500000|  0%| F|  |TAMS 0x00000000cd400000, 0x00000000cd400000| Untracked 
|  41|0x00000000cd500000, 0x00000000cd5eb0f0, 0x00000000cd600000| 91%| E|  |TAMS 0x00000000cd500000, 0x00000000cd500000| Complete 
|  42|0x00000000cd600000, 0x00000000cd700000, 0x00000000cd700000|100%| E|CS|TAMS 0x00000000cd600000, 0x00000000cd600000| Complete 
|  43|0x00000000cd700000, 0x00000000cd800000, 0x00000000cd800000|100%| E|CS|TAMS 0x00000000cd700000, 0x00000000cd700000| Complete 
|  44|0x00000000cd800000, 0x00000000cd900000, 0x00000000cd900000|100%| E|CS|TAMS 0x00000000cd800000, 0x00000000cd800000| Complete 
|  45|0x00000000cd900000, 0x00000000cda00000, 0x00000000cda00000|100%| E|CS|TAMS 0x00000000cd900000, 0x00000000cd900000| Complete 
|  46|0x00000000cda00000, 0x00000000cdb00000, 0x00000000cdb00000|100%| E|CS|TAMS 0x00000000cda00000, 0x00000000cda00000| Complete 
|  47|0x00000000cdb00000, 0x00000000cdc00000, 0x00000000cdc00000|100%| E|CS|TAMS 0x00000000cdb00000, 0x00000000cdb00000| Complete 
|  48|0x00000000cdc00000, 0x00000000cdd00000, 0x00000000cdd00000|100%| E|CS|TAMS 0x00000000cdc00000, 0x00000000cdc00000| Complete 
|  49|0x00000000cdd00000, 0x00000000cde00000, 0x00000000cde00000|100%| E|CS|TAMS 0x00000000cdd00000, 0x00000000cdd00000| Complete 
|  50|0x00000000cde00000, 0x00000000cdf00000, 0x00000000cdf00000|100%| E|CS|TAMS 0x00000000cde00000, 0x00000000cde00000| Complete 
|  51|0x00000000cdf00000, 0x00000000ce000000, 0x00000000ce000000|100%| E|CS|TAMS 0x00000000cdf00000, 0x00000000cdf00000| Complete 
|  52|0x00000000ce000000, 0x00000000ce100000, 0x00000000ce100000|100%| E|  |TAMS 0x00000000ce000000, 0x00000000ce000000| Complete 
|  53|0x00000000ce100000, 0x00000000ce200000, 0x00000000ce200000|100%| E|CS|TAMS 0x00000000ce100000, 0x00000000ce100000| Complete 
|  54|0x00000000ce200000, 0x00000000ce300000, 0x00000000ce300000|100%| E|CS|TAMS 0x00000000ce200000, 0x00000000ce200000| Complete 
|  55|0x00000000ce300000, 0x00000000ce400000, 0x00000000ce400000|100%| E|CS|TAMS 0x00000000ce300000, 0x00000000ce300000| Complete 
|  56|0x00000000ce400000, 0x00000000ce500000, 0x00000000ce500000|100%| E|CS|TAMS 0x00000000ce400000, 0x00000000ce400000| Complete 
|  57|0x00000000ce500000, 0x00000000ce600000, 0x00000000ce600000|100%| E|CS|TAMS 0x00000000ce500000, 0x00000000ce500000| Complete 
|  58|0x00000000ce600000, 0x00000000ce700000, 0x00000000ce700000|100%| E|CS|TAMS 0x00000000ce600000, 0x00000000ce600000| Complete 
|  59|0x00000000ce700000, 0x00000000ce800000, 0x00000000ce800000|100%| E|CS|TAMS 0x00000000ce700000, 0x00000000ce700000| Complete 

Card table byte_map: [0x000001beb42e0000,0x000001beb4490000] _byte_map_base: 0x000001beb3c8a000

Marking Bits (Prev, Next): (CMBitMap*) 0x000001be9d358080, (CMBitMap*) 0x000001be9d3580c0
 Prev Bits: [0x000001beb4640000, 0x000001beb5390000)
 Next Bits: [0x000001beb5390000, 0x000001beb60e0000)

Polling page: 0x000001be9b4b0000

Metaspace:

Usage:
  Non-class:     41.27 MB used.
      Class:      6.40 MB used.
       Both:     47.68 MB used.

Virtual space:
  Non-class space:       64.00 MB reserved,      41.56 MB ( 65%) committed,  1 nodes.
      Class space:        1.00 GB reserved,       6.62 MB ( <1%) committed,  1 nodes.
             Both:        1.06 GB reserved,      48.19 MB (  4%) committed. 

Chunk freelists:
   Non-Class:  5.61 MB
       Class:  9.39 MB
        Both:  15.00 MB

MaxMetaspaceSize: unlimited
CompressedClassSpaceSize: 1.00 GB
Initial GC threshold: 21.00 MB
Current GC threshold: 59.00 MB
CDS: on
MetaspaceReclaimPolicy: balanced
 - commit_granule_bytes: 65536.
 - commit_granule_words: 8192.
 - virtual_space_node_default_size: 8388608.
 - enlarge_chunks_in_place: 1.
 - new_chunks_are_fully_committed: 0.
 - uncommit_free_chunks: 1.
 - use_allocation_guard: 0.
 - handle_deallocations: 1.


Internal statistics:

num_allocs_failed_limit: 6.
num_arena_births: 598.
num_arena_deaths: 0.
num_vsnodes_births: 2.
num_vsnodes_deaths: 0.
num_space_committed: 771.
num_space_uncommitted: 0.
num_chunks_returned_to_freelist: 6.
num_chunks_taken_from_freelist: 2326.
num_chunk_merges: 3.
num_chunk_splits: 1610.
num_chunks_enlarged: 1215.
num_inconsistent_stats: 0.

CodeHeap 'non-profiled nmethods': size=120000Kb used=2518Kb max_used=2518Kb free=117481Kb
 bounds [0x000001beac6b0000, 0x000001beac930000, 0x000001beb3be0000]
CodeHeap 'profiled nmethods': size=120000Kb used=10349Kb max_used=10349Kb free=109651Kb
 bounds [0x000001bea4be0000, 0x000001bea5600000, 0x000001beac110000]
CodeHeap 'non-nmethods': size=5760Kb used=1288Kb max_used=1315Kb free=4471Kb
 bounds [0x000001beac110000, 0x000001beac380000, 0x000001beac6b0000]
 total_blobs=5510 nmethods=4904 adapters=517
 compilation: enabled
              stopped_count=0, restarted_count=0
 full_count=0

Compilation events (20 events):
Event: 6.718 Thread 0x000001beb8cea8e0 4860       1       sun.security.ssl.SSLCipher$SSLWriteCipher::isNullCipher (2 bytes)
Event: 6.718 Thread 0x000001beb8cea8e0 nmethod 4860 0x000001beac923990 code [0x000001beac923b20, 0x000001beac923bf8]
Event: 6.748 Thread 0x000001beb8cea8e0 4861       3       java.util.stream.SpinedBuffer::get (123 bytes)
Event: 6.748 Thread 0x000001beb8cea8e0 nmethod 4861 0x000001bea55d5d90 code [0x000001bea55d5fe0, 0x000001bea55d67d8]
Event: 6.752 Thread 0x000001beb8cea8e0 4862       3       javax.crypto.Cipher::checkCipherState (53 bytes)
Event: 6.752 Thread 0x000001beb8cea8e0 nmethod 4862 0x000001bea55d6b90 code [0x000001bea55d6d60, 0x000001bea55d71d8]
Event: 6.752 Thread 0x000001beb8cea8e0 4863       3       com.sun.crypto.provider.GaloisCounterMode::expandToOneBlock (67 bytes)
Event: 6.753 Thread 0x000001beb8cea8e0 nmethod 4863 0x000001bea55d7310 code [0x000001bea55d7560, 0x000001bea55d7e38]
Event: 6.753 Thread 0x000001beb8cea8e0 4864       3       com.sun.crypto.provider.GCTR::<init> (69 bytes)
Event: 6.753 Thread 0x000001beb8cea8e0 nmethod 4864 0x000001bea55d8110 code [0x000001bea55d83a0, 0x000001bea55d8d68]
Event: 6.753 Thread 0x000001beb8cea8e0 4865       3       com.sun.crypto.provider.CounterMode::<init> (41 bytes)
Event: 6.753 Thread 0x000001beb8cea8e0 nmethod 4865 0x000001bea55d9110 code [0x000001bea55d92e0, 0x000001bea55d9848]
Event: 6.753 Thread 0x000001beb8cea8e0 4866       3       com.sun.crypto.provider.CounterMode::reset (26 bytes)
Event: 6.753 Thread 0x000001beb8cea8e0 nmethod 4866 0x000001bea55d9990 code [0x000001bea55d9b40, 0x000001bea55d9d28]
Event: 6.794 Thread 0x000001beb8cea8e0 4867       3       java.util.Collections$SynchronizedCollection::<init> (24 bytes)
Event: 6.794 Thread 0x000001beb8cea8e0 nmethod 4867 0x000001bea55d9e10 code [0x000001bea55da000, 0x000001bea55da5f8]
Event: 6.794 Thread 0x000001beb8cea8e0 4869       3       java.util.Collections::synchronizedSet (10 bytes)
Event: 6.795 Thread 0x000001beb8cea8e0 nmethod 4869 0x000001bea55da790 code [0x000001bea55da980, 0x000001bea55db098]
Event: 6.795 Thread 0x000001beb8cea8e0 4870       3       java.util.Collections$SynchronizedSet::<init> (7 bytes)
Event: 6.795 Thread 0x000001beb8cea8e0 nmethod 4870 0x000001bea55db310 code [0x000001bea55db500, 0x000001bea55dbb58]

GC Heap History (20 events):
Event: 0.606 GC heap before
{Heap before GC invocations=0 (full 0):
 garbage-first heap   total 55296K, used 24576K [0x00000000cac00000, 0x0000000100000000)
  region size 1024K, 23 young (23552K), 0 survivors (0K)
 Metaspace       used 5110K, committed 5312K, reserved 1114112K
  class space    used 605K, committed 704K, reserved 1048576K
}
Event: 0.615 GC heap after
{Heap after GC invocations=1 (full 0):
 garbage-first heap   total 55296K, used 8916K [0x00000000cac00000, 0x0000000100000000)
  region size 1024K, 3 young (3072K), 3 survivors (3072K)
 Metaspace       used 5110K, committed 5312K, reserved 1114112K
  class space    used 605K, committed 704K, reserved 1048576K
}
Event: 1.069 GC heap before
{Heap before GC invocations=1 (full 0):
 garbage-first heap   total 55296K, used 27348K [0x00000000cac00000, 0x0000000100000000)
  region size 1024K, 21 young (21504K), 3 survivors (3072K)
 Metaspace       used 9595K, committed 9856K, reserved 1114112K
  class space    used 1200K, committed 1344K, reserved 1048576K
}
Event: 1.076 GC heap after
{Heap after GC invocations=2 (full 0):
 garbage-first heap   total 55296K, used 10832K [0x00000000cac00000, 0x0000000100000000)
  region size 1024K, 2 young (2048K), 2 survivors (2048K)
 Metaspace       used 9595K, committed 9856K, reserved 1114112K
  class space    used 1200K, committed 1344K, reserved 1048576K
}
Event: 1.818 GC heap before
{Heap before GC invocations=2 (full 0):
 garbage-first heap   total 55296K, used 30288K [0x00000000cac00000, 0x0000000100000000)
  region size 1024K, 21 young (21504K), 2 survivors (2048K)
 Metaspace       used 13904K, committed 14208K, reserved 1114112K
  class space    used 1837K, committed 1984K, reserved 1048576K
}
Event: 1.822 GC heap after
{Heap after GC invocations=3 (full 0):
 garbage-first heap   total 55296K, used 12027K [0x00000000cac00000, 0x0000000100000000)
  region size 1024K, 3 young (3072K), 3 survivors (3072K)
 Metaspace       used 13904K, committed 14208K, reserved 1114112K
  class space    used 1837K, committed 1984K, reserved 1048576K
}
Event: 2.118 GC heap before
{Heap before GC invocations=3 (full 0):
 garbage-first heap   total 55296K, used 33531K [0x00000000cac00000, 0x0000000100000000)
  region size 1024K, 25 young (25600K), 3 survivors (3072K)
 Metaspace       used 19368K, committed 19712K, reserved 1114112K
  class space    used 2547K, committed 2688K, reserved 1048576K
}
Event: 2.123 GC heap after
{Heap after GC invocations=4 (full 0):
 garbage-first heap   total 55296K, used 13209K [0x00000000cac00000, 0x0000000100000000)
  region size 1024K, 3 young (3072K), 3 survivors (3072K)
 Metaspace       used 19368K, committed 19712K, reserved 1114112K
  class space    used 2547K, committed 2688K, reserved 1048576K
}
Event: 2.237 GC heap before
{Heap before GC invocations=4 (full 0):
 garbage-first heap   total 55296K, used 22425K [0x00000000cac00000, 0x0000000100000000)
  region size 1024K, 14 young (14336K), 3 survivors (3072K)
 Metaspace       used 21216K, committed 21568K, reserved 1114112K
  class space    used 2800K, committed 2944K, reserved 1048576K
}
Event: 2.241 GC heap after
{Heap after GC invocations=5 (full 0):
 garbage-first heap   total 55296K, used 13773K [0x00000000cac00000, 0x0000000100000000)
  region size 1024K, 2 young (2048K), 2 survivors (2048K)
 Metaspace       used 21216K, committed 21568K, reserved 1114112K
  class space    used 2800K, committed 2944K, reserved 1048576K
}
Event: 2.628 GC heap before
{Heap before GC invocations=6 (full 0):
 garbage-first heap   total 51200K, used 37325K [0x00000000cac00000, 0x0000000100000000)
  region size 1024K, 26 young (26624K), 2 survivors (2048K)
 Metaspace       used 23885K, committed 24256K, reserved 1114112K
  class space    used 3129K, committed 3328K, reserved 1048576K
}
Event: 2.634 GC heap after
{Heap after GC invocations=7 (full 0):
 garbage-first heap   total 61440K, used 16824K [0x00000000cac00000, 0x0000000100000000)
  region size 1024K, 4 young (4096K), 4 survivors (4096K)
 Metaspace       used 23885K, committed 24256K, reserved 1114112K
  class space    used 3129K, committed 3328K, reserved 1048576K
}
Event: 3.628 GC heap before
{Heap before GC invocations=7 (full 0):
 garbage-first heap   total 61440K, used 41400K [0x00000000cac00000, 0x0000000100000000)
  region size 1024K, 28 young (28672K), 4 survivors (4096K)
 Metaspace       used 27161K, committed 27584K, reserved 1114112K
  class space    used 3597K, committed 3776K, reserved 1048576K
}
Event: 3.636 GC heap after
{Heap after GC invocations=8 (full 0):
 garbage-first heap   total 61440K, used 19260K [0x00000000cac00000, 0x0000000100000000)
  region size 1024K, 3 young (3072K), 3 survivors (3072K)
 Metaspace       used 27161K, committed 27584K, reserved 1114112K
  class space    used 3597K, committed 3776K, reserved 1048576K
}
Event: 4.134 GC heap before
{Heap before GC invocations=8 (full 0):
 garbage-first heap   total 61440K, used 42812K [0x00000000cac00000, 0x0000000100000000)
  region size 1024K, 27 young (27648K), 3 survivors (3072K)
 Metaspace       used 30858K, committed 31296K, reserved 1114112K
  class space    used 4142K, committed 4352K, reserved 1048576K
}
Event: 4.141 GC heap after
{Heap after GC invocations=9 (full 0):
 garbage-first heap   total 61440K, used 20811K [0x00000000cac00000, 0x0000000100000000)
  region size 1024K, 4 young (4096K), 4 survivors (4096K)
 Metaspace       used 30858K, committed 31296K, reserved 1114112K
  class space    used 4142K, committed 4352K, reserved 1048576K
}
Event: 4.612 GC heap before
{Heap before GC invocations=9 (full 0):
 garbage-first heap   total 61440K, used 39243K [0x00000000cac00000, 0x0000000100000000)
  region size 1024K, 24 young (24576K), 4 survivors (4096K)
 Metaspace       used 35687K, committed 36096K, reserved 1114112K
  class space    used 4836K, committed 4992K, reserved 1048576K
}
Event: 4.619 GC heap after
{Heap after GC invocations=10 (full 0):
 garbage-first heap   total 61440K, used 21701K [0x00000000cac00000, 0x0000000100000000)
  region size 1024K, 1 young (1024K), 1 survivors (1024K)
 Metaspace       used 35687K, committed 36096K, reserved 1114112K
  class space    used 4836K, committed 4992K, reserved 1048576K
}
Event: 5.820 GC heap before
{Heap before GC invocations=11 (full 0):
 garbage-first heap   total 61440K, used 45253K [0x00000000cac00000, 0x0000000100000000)
  region size 1024K, 25 young (25600K), 1 survivors (1024K)
 Metaspace       used 45133K, committed 45568K, reserved 1114112K
  class space    used 6056K, committed 6272K, reserved 1048576K
}
Event: 5.826 GC heap after
{Heap after GC invocations=12 (full 0):
 garbage-first heap   total 61440K, used 24038K [0x00000000cac00000, 0x0000000100000000)
  region size 1024K, 4 young (4096K), 4 survivors (4096K)
 Metaspace       used 45133K, committed 45568K, reserved 1114112K
  class space    used 6056K, committed 6272K, reserved 1048576K
}

Deoptimization events (20 events):
Event: 6.083 Thread 0x000001beff5aef80 DEOPT PACKING pc=0x000001beac903400 sp=0x0000005179cfea90
Event: 6.083 Thread 0x000001beff5aef80 DEOPT UNPACKING pc=0x000001beac1623a3 sp=0x0000005179cfea18 mode 2
Event: 6.083 Thread 0x000001beff5aef80 Uncommon trap: trap_request=0xffffffbe fr.pc=0x000001beac903400 relative=0x0000000000000360
Event: 6.083 Thread 0x000001beff5aef80 Uncommon trap: reason=profile_predicate action=maybe_recompile pc=0x000001beac903400 method=java.util.Arrays$ArrayList.indexOf(Ljava/lang/Object;)I @ 39 c2
Event: 6.083 Thread 0x000001beff5aef80 DEOPT PACKING pc=0x000001beac903400 sp=0x0000005179cfea90
Event: 6.083 Thread 0x000001beff5aef80 DEOPT UNPACKING pc=0x000001beac1623a3 sp=0x0000005179cfea18 mode 2
Event: 6.083 Thread 0x000001beff5aef80 Uncommon trap: trap_request=0xffffffbe fr.pc=0x000001beac903400 relative=0x0000000000000360
Event: 6.083 Thread 0x000001beff5aef80 Uncommon trap: reason=profile_predicate action=maybe_recompile pc=0x000001beac903400 method=java.util.Arrays$ArrayList.indexOf(Ljava/lang/Object;)I @ 39 c2
Event: 6.083 Thread 0x000001beff5aef80 DEOPT PACKING pc=0x000001beac903400 sp=0x0000005179cfe490
Event: 6.083 Thread 0x000001beff5aef80 DEOPT UNPACKING pc=0x000001beac1623a3 sp=0x0000005179cfe418 mode 2
Event: 6.084 Thread 0x000001beff5aef80 Uncommon trap: trap_request=0xffffffbe fr.pc=0x000001beac903400 relative=0x0000000000000360
Event: 6.084 Thread 0x000001beff5aef80 Uncommon trap: reason=profile_predicate action=maybe_recompile pc=0x000001beac903400 method=java.util.Arrays$ArrayList.indexOf(Ljava/lang/Object;)I @ 39 c2
Event: 6.084 Thread 0x000001beff5aef80 DEOPT PACKING pc=0x000001beac903400 sp=0x0000005179cfe440
Event: 6.084 Thread 0x000001beff5aef80 DEOPT UNPACKING pc=0x000001beac1623a3 sp=0x0000005179cfe3c8 mode 2
Event: 6.562 Thread 0x000001beff5aef80 DEOPT PACKING pc=0x000001bea550a255 sp=0x0000005179cfde70
Event: 6.562 Thread 0x000001beff5aef80 DEOPT UNPACKING pc=0x000001beac162b43 sp=0x0000005179cfd2f8 mode 0
Event: 6.563 Thread 0x000001beff5aef80 DEOPT PACKING pc=0x000001bea550a255 sp=0x0000005179cfdf40
Event: 6.563 Thread 0x000001beff5aef80 DEOPT UNPACKING pc=0x000001beac162b43 sp=0x0000005179cfd3c8 mode 0
Event: 6.717 Thread 0x000001beff5aef80 DEOPT PACKING pc=0x000001bea550e042 sp=0x0000005179cfdf90
Event: 6.717 Thread 0x000001beff5aef80 DEOPT UNPACKING pc=0x000001beac162b43 sp=0x0000005179cfd418 mode 0

Classes unloaded (0 events):
No events

Classes redefined (0 events):
No events

Internal exceptions (20 events):
Event: 3.975 Thread 0x000001be9d31de50 Exception <a 'java/lang/NoSuchMethodError'{0x00000000cd8db8c0}: 'void java.lang.invoke.DirectMethodHandle$Holder.invokeVirtual(java.lang.Object, java.lang.Object, int)'> (0x00000000cd8db8c0) 
thrown [s\open\src\hotspot\share\interpreter\linkResolver.cpp, line 759]
Event: 3.978 Thread 0x000001be9d31de50 Exception <a 'java/lang/NoSuchMethodError'{0x00000000cd707c60}: 'void java.lang.invoke.DirectMethodHandle$Holder.invokeVirtual(java.lang.Object, java.lang.Object, long)'> (0x00000000cd707c60) 
thrown [s\open\src\hotspot\share\interpreter\linkResolver.cpp, line 759]
Event: 4.059 Thread 0x000001be9d31de50 Implicit null exception at 0x000001beac7f4fcb to 0x000001beac7f5104
Event: 4.096 Thread 0x000001be9d31de50 Implicit null exception at 0x000001beac819bb7 to 0x000001beac819fb8
Event: 4.100 Thread 0x000001be9d31de50 Exception <a 'sun/nio/fs/WindowsException'{0x00000000cd136450}> (0x00000000cd136450) 
thrown [s\open\src\hotspot\share\prims\jni.cpp, line 516]
Event: 4.101 Thread 0x000001be9d31de50 Exception <a 'sun/nio/fs/WindowsException'{0x00000000cd139fa8}> (0x00000000cd139fa8) 
thrown [s\open\src\hotspot\share\prims\jni.cpp, line 516]
Event: 4.148 Thread 0x000001be9d31de50 Exception <a 'java/lang/NoSuchMethodError'{0x00000000ce73d170}: 'java.lang.Object java.lang.invoke.Invokers$Holder.invoke_MT(java.lang.Object, java.lang.Object, java.lang.Object)'> (0x00000000ce73d170) 
thrown [s\open\src\hotspot\share\interpreter\linkResolver.cpp, line 759]
Event: 4.348 Thread 0x000001be9d31de50 Exception <a 'java/lang/NoSuchMethodError'{0x00000000cdfa79f0}: 'java.lang.Object java.lang.invoke.DirectMethodHandle$Holder.invokeStaticInit(java.lang.Object, int, int, int, int)'> (0x00000000cdfa79f0) 
thrown [s\open\src\hotspot\share\interpreter\linkResolver.cpp, line 759]
Event: 4.416 Thread 0x000001be9d31de50 Exception <a 'java/lang/NoSuchMethodError'{0x00000000cde79858}: 'java.lang.Object java.lang.invoke.DirectMethodHandle$Holder.invokeStaticInit(java.lang.Object, java.lang.Object, int, int, int, int)'> (0x00000000cde79858) 
thrown [s\open\src\hotspot\share\interpreter\linkResolver.cpp, line 759]
Event: 4.812 Thread 0x000001be9d31de50 Exception <a 'java/lang/NoSuchMethodError'{0x00000000cdd9e460}: 'int java.lang.invoke.DirectMethodHandle$Holder.invokeStatic(java.lang.Object)'> (0x00000000cdd9e460) 
thrown [s\open\src\hotspot\share\interpreter\linkResolver.cpp, line 759]
Event: 5.436 Thread 0x000001be9d31de50 Exception <a 'sun/nio/fs/WindowsException'{0x00000000cd409ec8}> (0x00000000cd409ec8) 
thrown [s\open\src\hotspot\share\prims\jni.cpp, line 516]
Event: 5.442 Thread 0x000001be9d31de50 Implicit null exception at 0x000001beac8a19c8 to 0x000001beac8a45f0
Event: 5.452 Thread 0x000001be9d31de50 Exception <a 'java/lang/NoSuchMethodError'{0x00000000cd42d8d0}: 'int java.lang.invoke.DirectMethodHandle$Holder.invokeStaticInit(java.lang.Object, java.lang.Object, java.lang.Object, java.lang.Object)'> (0x00000000cd42d8d0) 
thrown [s\open\src\hotspot\share\interpreter\linkResolver.cpp, line 759]
Event: 5.894 Thread 0x000001be9d31de50 Exception <a 'java/lang/NoSuchMethodError'{0x00000000ce563b28}: 'java.lang.Object java.lang.invoke.DirectMethodHandle$Holder.invokeStaticInit(java.lang.Object, java.lang.Object, java.lang.Object, java.lang.Object)'> (0x00000000ce563b28) 
thrown [s\open\src\hotspot\share\interpreter\linkResolver.cpp, line 759]
Event: 5.907 Thread 0x000001be9d31de50 Exception <a 'java/lang/NoSuchMethodError'{0x00000000ce475900}: 'java.lang.Object java.lang.invoke.DirectMethodHandle$Holder.invokeSpecial(java.lang.Object, java.lang.Object, long, java.lang.Object, java.lang.Object, java.lang.Object, java.lang.Object, java.lang.Object, java.lang.Object, java.lang.Object)'> (0x00000000ce475900) 
thrown [s\open\src\hotspot\share\interpreter\linkResolver.cpp, line 759]
Event: 5.908 Thread 0x000001be9d31de50 Exception <a 'java/lang/NoSuchMethodError'{0x00000000ce47ac08}: 'java.lang.Object java.lang.invoke.DelegatingMethodHandle$Holder.reinvoke_L(java.lang.Object, long, java.lang.Object, java.lang.Object, java.lang.Object, java.lang.Object, java.lang.Object, java.lang.Object, java.lang.Object)'> (0x00000000ce47ac08) 
thrown [s\open\src\hotspot\share\interpreter\linkResolver.cpp, line 759]
Event: 5.910 Thread 0x000001be9d31de50 Exception <a 'java/lang/NoSuchMethodError'{0x00000000ce4b8388}: 'java.lang.Object java.lang.invoke.Invokers$Holder.linkToTargetMethod(java.lang.Object, java.lang.Object, java.lang.Object, java.lang.Object, java.lang.Object, java.lang.Object, java.lang.Object, java.lang.Object)'> (0x00000000ce4b8388) 
thrown [s\open\src\hotspot\share\interpreter\linkResolver.cpp, line 759]
Event: 6.044 Thread 0x000001be9d31de50 Exception <a 'java/lang/NoSuchMethodError'{0x00000000cdd91cf0}: 'java.lang.Object java.lang.invoke.DirectMethodHandle$Holder.newInvokeSpecial(java.lang.Object, java.lang.Object, java.lang.Object, int)'> (0x00000000cdd91cf0) 
thrown [s\open\src\hotspot\share\interpreter\linkResolver.cpp, line 759]
Event: 6.044 Thread 0x000001be9d31de50 Exception <a 'java/lang/NoSuchMethodError'{0x00000000cdd96560}: 'java.lang.Object java.lang.invoke.DirectMethodHandle$Holder.invokeSpecial(java.lang.Object, java.lang.Object, java.lang.Object, java.lang.Object, int)'> (0x00000000cdd96560) 
thrown [s\open\src\hotspot\share\interpreter\linkResolver.cpp, line 759]
Event: 6.044 Thread 0x000001be9d31de50 Exception <a 'java/lang/NoSuchMethodError'{0x00000000cdd9a730}: 'java.lang.Object java.lang.invoke.Invokers$Holder.linkToTargetMethod(java.lang.Object, java.lang.Object, int, java.lang.Object)'> (0x00000000cdd9a730) 
thrown [s\open\src\hotspot\share\interpreter\linkResolver.cpp, line 759]

VM Operations (20 events):
Event: 4.635 Executing VM operation: G1Concurrent
Event: 4.635 Executing VM operation: G1Concurrent done
Event: 4.678 Executing VM operation: HandshakeAllThreads
Event: 4.679 Executing VM operation: HandshakeAllThreads done
Event: 5.438 Executing VM operation: HandshakeAllThreads
Event: 5.438 Executing VM operation: HandshakeAllThreads done
Event: 5.444 Executing VM operation: HandshakeAllThreads
Event: 5.444 Executing VM operation: HandshakeAllThreads done
Event: 5.445 Executing VM operation: HandshakeAllThreads
Event: 5.445 Executing VM operation: HandshakeAllThreads done
Event: 5.639 Executing VM operation: HandshakeAllThreads
Event: 5.639 Executing VM operation: HandshakeAllThreads done
Event: 5.639 Executing VM operation: Cleanup
Event: 5.640 Executing VM operation: Cleanup done
Event: 5.770 Executing VM operation: HandshakeAllThreads
Event: 5.770 Executing VM operation: HandshakeAllThreads done
Event: 5.820 Executing VM operation: G1CollectForAllocation
Event: 5.826 Executing VM operation: G1CollectForAllocation done
Event: 6.840 Executing VM operation: Cleanup
Event: 7.829 Executing VM operation: Cleanup done

Events (20 events):
Event: 5.769 Thread 0x000001beff5ae560 Thread added: 0x000001beff5ae560
Event: 5.769 loading class java/util/concurrent/locks/AbstractQueuedSynchronizer$ExclusiveNode
Event: 5.769 loading class java/util/concurrent/locks/AbstractQueuedSynchronizer$ExclusiveNode done
Event: 5.771 loading class java/util/concurrent/ThreadPoolExecutor$CallerRunsPolicy
Event: 5.771 loading class java/util/concurrent/ThreadPoolExecutor$CallerRunsPolicy done
Event: 5.772 loading class java/util/concurrent/atomic/AtomicReferenceFieldUpdater
Event: 5.772 loading class java/util/concurrent/atomic/AtomicReferenceFieldUpdater done
Event: 5.772 loading class java/util/concurrent/atomic/AtomicReferenceFieldUpdater$AtomicReferenceFieldUpdaterImpl
Event: 5.772 loading class java/util/concurrent/atomic/AtomicReferenceFieldUpdater$AtomicReferenceFieldUpdaterImpl done
Event: 5.772 loading class java/util/concurrent/atomic/AtomicReferenceFieldUpdater$AtomicReferenceFieldUpdaterImpl$1
Event: 5.773 loading class java/util/concurrent/atomic/AtomicReferenceFieldUpdater$AtomicReferenceFieldUpdaterImpl$1 done
Event: 5.782 loading class java/util/TimerTask
Event: 5.782 loading class java/util/TimerTask done
Event: 5.871 loading class java/util/regex/Pattern$1MatcherIterator
Event: 5.872 loading class java/util/regex/Pattern$1MatcherIterator done
Event: 5.877 Thread 0x000001beff5aef80 Thread added: 0x000001beff5aef80
Event: 5.917 loading class jdk/internal/reflect/UnsafeQualifiedStaticIntegerFieldAccessorImpl
Event: 5.918 loading class jdk/internal/reflect/UnsafeQualifiedStaticIntegerFieldAccessorImpl done
Event: 6.531 loading class jdk/internal/ValueBased
Event: 6.555 loading class jdk/internal/ValueBased done


Dynamic libraries:
0x00007ff6f27b0000 - 0x00007ff6f27c0000 	C:\Program Files\Java\jdk-17\bin\java.exe
0x00007ff93a9e0000 - 0x00007ff93ac48000 	C:\WINDOWS\SYSTEM32\ntdll.dll
0x00007ff9399e0000 - 0x00007ff939aa9000 	C:\WINDOWS\System32\KERNEL32.DLL
0x00007ff938170000 - 0x00007ff938568000 	C:\WINDOWS\System32\KERNELBASE.dll
0x00007ff938020000 - 0x00007ff93816b000 	C:\WINDOWS\System32\ucrtbase.dll
0x00007ff91cc90000 - 0x00007ff91ccab000 	C:\Program Files\Java\jdk-17\bin\VCRUNTIME140.dll
0x00007ff920e30000 - 0x00007ff920e49000 	C:\Program Files\Java\jdk-17\bin\jli.dll
0x00007ff938f40000 - 0x00007ff938ff4000 	C:\WINDOWS\System32\ADVAPI32.dll
0x00007ff938e90000 - 0x00007ff938f39000 	C:\WINDOWS\System32\msvcrt.dll
0x00007ff93a530000 - 0x00007ff93a5d6000 	C:\WINDOWS\System32\sechost.dll
0x00007ff939f80000 - 0x00007ff93a098000 	C:\WINDOWS\System32\RPCRT4.dll
0x00007ff93a5e0000 - 0x00007ff93a7a7000 	C:\WINDOWS\System32\USER32.dll
0x00007ff937e80000 - 0x00007ff937ea7000 	C:\WINDOWS\System32\win32u.dll
0x00007ff91d6c0000 - 0x00007ff91d954000 	C:\WINDOWS\WinSxS\amd64_microsoft.windows.common-controls_6595b64144ccf1df_6.0.26100.7019_none_3e06ffa0e335b8a8\COMCTL32.dll
0x00007ff938e60000 - 0x00007ff938e8b000 	C:\WINDOWS\System32\GDI32.dll
0x00007ff937d50000 - 0x00007ff937e7c000 	C:\WINDOWS\System32\gdi32full.dll
0x00007ff937b30000 - 0x00007ff937bd3000 	C:\WINDOWS\System32\msvcp_win.dll
0x00007ff9304c0000 - 0x00007ff9304cb000 	C:\WINDOWS\SYSTEM32\VERSION.dll
0x00007ff938970000 - 0x00007ff9389a1000 	C:\WINDOWS\System32\IMM32.DLL
0x00007ff924e60000 - 0x00007ff924e6c000 	C:\Program Files\Java\jdk-17\bin\vcruntime140_1.dll
0x00007ff9046e0000 - 0x00007ff90476e000 	C:\Program Files\Java\jdk-17\bin\msvcp140.dll
0x00007ff89d560000 - 0x00007ff89e140000 	C:\Program Files\Java\jdk-17\bin\server\jvm.dll
0x00007ff939ac0000 - 0x00007ff939ac8000 	C:\WINDOWS\System32\PSAPI.DLL
0x00007ff92f420000 - 0x00007ff92f455000 	C:\WINDOWS\SYSTEM32\WINMM.dll
0x00007ff920890000 - 0x00007ff92089a000 	C:\WINDOWS\SYSTEM32\WSOCK32.dll
0x00007ff939d00000 - 0x00007ff939d74000 	C:\WINDOWS\System32\ws2_32.DLL
0x00007ff936850000 - 0x00007ff93686b000 	C:\WINDOWS\SYSTEM32\kernel.appcore.dll
0x00007ff9208f0000 - 0x00007ff9208fa000 	C:\Program Files\Java\jdk-17\bin\jimage.dll
0x00007ff92bd30000 - 0x00007ff92bf72000 	C:\WINDOWS\SYSTEM32\DBGHELP.DLL
0x00007ff93a1a0000 - 0x00007ff93a52b000 	C:\WINDOWS\System32\combase.dll
0x00007ff939800000 - 0x00007ff9398d7000 	C:\WINDOWS\System32\OLEAUT32.dll
0x00007ff91da70000 - 0x00007ff91daac000 	C:\WINDOWS\SYSTEM32\dbgcore.DLL
0x00007ff937f70000 - 0x00007ff938015000 	C:\WINDOWS\System32\bcryptPrimitives.dll
0x00007ff9133c0000 - 0x00007ff9133e5000 	C:\Program Files\Java\jdk-17\bin\java.dll
0x00007ff8f5970000 - 0x00007ff8f5a47000 	C:\Program Files\Java\jdk-17\bin\jsvml.dll
0x00007ff939070000 - 0x00007ff9397bf000 	C:\WINDOWS\System32\SHELL32.dll
0x00007ff937be0000 - 0x00007ff937d4b000 	C:\WINDOWS\System32\wintypes.dll
0x00007ff935770000 - 0x00007ff935fcd000 	C:\WINDOWS\SYSTEM32\windows.storage.dll
0x00007ff93a840000 - 0x00007ff93a932000 	C:\WINDOWS\System32\SHCORE.dll
0x00007ff939000000 - 0x00007ff939067000 	C:\WINDOWS\System32\shlwapi.dll
0x00007ff937a50000 - 0x00007ff937a79000 	C:\WINDOWS\SYSTEM32\profapi.dll
0x00007ff91cc70000 - 0x00007ff91cc89000 	C:\Program Files\Java\jdk-17\bin\net.dll
0x00007ff930280000 - 0x00007ff9303a8000 	C:\WINDOWS\SYSTEM32\WINHTTP.dll
0x00007ff936e60000 - 0x00007ff936ecb000 	C:\WINDOWS\system32\mswsock.dll
0x00007ff91c550000 - 0x00007ff91c566000 	C:\Program Files\Java\jdk-17\bin\nio.dll
0x00007ff913570000 - 0x00007ff913588000 	C:\Program Files\Java\jdk-17\bin\zip.dll
0x00007ff919490000 - 0x00007ff91949a000 	C:\Program Files\Java\jdk-17\bin\management.dll
0x00007ff9144a0000 - 0x00007ff9144ab000 	C:\Program Files\Java\jdk-17\bin\management_ext.dll
0x00007ff9141b0000 - 0x00007ff9141be000 	C:\Program Files\Java\jdk-17\bin\sunmscapi.dll
0x00007ff938570000 - 0x00007ff9386e7000 	C:\WINDOWS\System32\CRYPT32.dll
0x00007ff9373a0000 - 0x00007ff9373d0000 	C:\WINDOWS\SYSTEM32\ncrypt.dll
0x00007ff937350000 - 0x00007ff93738f000 	C:\WINDOWS\SYSTEM32\NTASN1.dll
0x00007ff937120000 - 0x00007ff93713b000 	C:\WINDOWS\SYSTEM32\CRYPTSP.dll
0x00007ff936870000 - 0x00007ff9368aa000 	C:\WINDOWS\system32\rsaenh.dll
0x00007ff936f10000 - 0x00007ff936f3b000 	C:\WINDOWS\SYSTEM32\USERENV.dll
0x00007ff937a20000 - 0x00007ff937a4a000 	C:\WINDOWS\SYSTEM32\bcrypt.dll
0x00007ff937710000 - 0x00007ff93771c000 	C:\WINDOWS\SYSTEM32\CRYPTBASE.dll
0x00007ff936350000 - 0x00007ff936384000 	C:\WINDOWS\SYSTEM32\IPHLPAPI.DLL
0x00007ff939ab0000 - 0x00007ff939aba000 	C:\WINDOWS\System32\NSI.dll
0x00007ff930400000 - 0x00007ff93041e000 	C:\WINDOWS\SYSTEM32\dhcpcsvc6.DLL
0x00007ff9303b0000 - 0x00007ff9303d3000 	C:\WINDOWS\SYSTEM32\dhcpcsvc.DLL
0x00007ff9363f0000 - 0x00007ff93651c000 	C:\WINDOWS\SYSTEM32\DNSAPI.dll
0x00007ff92d0c0000 - 0x00007ff92d0cb000 	C:\Windows\System32\rasadhlp.dll
0x00007ff930430000 - 0x00007ff9304b6000 	C:\WINDOWS\System32\fwpuclnt.dll

dbghelp: loaded successfully - version: 4.0.5 - missing functions: none
symbol engine: initialized successfully - sym options: 0x614 - pdb path: .;C:\Program Files\Java\jdk-17\bin;C:\WINDOWS\SYSTEM32;C:\WINDOWS\WinSxS\amd64_microsoft.windows.common-controls_6595b64144ccf1df_6.0.26100.7019_none_3e06ffa0e335b8a8;C:\Program Files\Java\jdk-17\bin\server

VM Arguments:
java_command: C:\Users\HOME PC\AppData\Local\Temp\surefire9025744966366282899\surefirebooter-20251202164905528_3.jar C:\Users\HOME PC\AppData\Local\Temp\surefire9025744966366282899 2025-12-02T16-49-05_158-jvmRun1 surefire-20251202164905528_1tmp surefire_0-20251202164905528_2tmp
java_class_path (initial): C:\Users\HOME PC\AppData\Local\Temp\surefire9025744966366282899\surefirebooter-20251202164905528_3.jar
Launcher Type: SUN_STANDARD

[Global flags]
     intx CICompilerCount                          = 4                                         {product} {ergonomic}
     uint ConcGCThreads                            = 3                                         {product} {ergonomic}
     uint G1ConcRefinementThreads                  = 10                                        {product} {ergonomic}
   size_t G1HeapRegionSize                         = 1048576                                   {product} {ergonomic}
    uintx GCDrainStackTargetSize                   = 64                                        {product} {ergonomic}
   size_t InitialHeapSize                          = 56623104                                  {product} {ergonomic}
   size_t MarkStackSize                            = 4194304                                   {product} {ergonomic}
   size_t MaxHeapSize                              = 893386752                                 {product} {ergonomic}
   size_t MaxNewSize                               = 535822336                                 {product} {ergonomic}
   size_t MinHeapDeltaBytes                        = 1048576                                   {product} {ergonomic}
   size_t MinHeapSize                              = 8388608                                   {product} {ergonomic}
    uintx NonNMethodCodeHeapSize                   = 5839372                                {pd product} {ergonomic}
    uintx NonProfiledCodeHeapSize                  = 122909434                              {pd product} {ergonomic}
    uintx ProfiledCodeHeapSize                     = 122909434                              {pd product} {ergonomic}
    uintx ReservedCodeCacheSize                    = 251658240                              {pd product} {ergonomic}
     bool SegmentedCodeCache                       = true                                      {product} {ergonomic}
   size_t SoftMaxHeapSize                          = 893386752                              {manageable} {ergonomic}
     bool UseCompressedClassPointers               = true                           {product lp64_product} {ergonomic}
     bool UseCompressedOops                        = true                           {product lp64_product} {ergonomic}
     bool UseG1GC                                  = true                                      {product} {ergonomic}
     bool UseLargePagesIndividualAllocation        = false                                  {pd product} {ergonomic}

Logging:
Log output configuration:
 #0: stdout all=warning uptime,level,tags
 #1: stderr all=off uptime,level,tags

Environment Variables:
PATH=C:/Users/HOME PC/.p2/pool/plugins/org.eclipse.justj.openjdk.hotspot.jre.full.win32.x86_64_21.0.9.v20251105-0741/jre/bin/server;C:/Users/HOME PC/.p2/pool/plugins/org.eclipse.justj.openjdk.hotspot.jre.full.win32.x86_64_21.0.9.v20251105-0741/jre/bin;C:\Program Files\Common Files\Oracle\Java\javapath;C:\WINDOWS\system32;C:\WINDOWS;C:\WINDOWS\System32\Wbem;C:\WINDOWS\System32\WindowsPowerShell\v1.0\;C:\WINDOWS\System32\OpenSSH\;C:\Program Files\nodejs\;C:\Program Files\MySQL\MySQL Server 8.0\bin;C:\Users\HOME PC\AppData\Local\Programs\Python\Python313\Scripts\;C:\Users\HOME PC\AppData\Local\Programs\Python\Python313\;C:\Users\HOME PC\AppData\Local\Programs\Python\Launcher\;C:\Users\HOME PC\AppData\Local\Microsoft\WindowsApps;C:\Users\HOME PC\AppData\Local\Programs\Git\cmd;C:\Users\HOME PC\AppData\Local\Programs\Microsoft VS Code\bin;C:\Users\HOME PC\AppData\Local\Programs\mongosh\;C:\Users\HOME PC\AppData\Roaming\npm;C:\Users\HOME PC\OneDrive\Desktop;
USERNAME=HOME PC
OS=Windows_NT
PROCESSOR_IDENTIFIER=AMD64 Family 23 Model 104 Stepping 1, AuthenticAMD



---------------  S Y S T E M  ---------------

OS:
 Windows 11 , 64 bit Build 26100 (10.0.26100.7019)
OS uptime: 4 days 1:22 hours

CPU: total 12 (initial active 12) (12 cores per cpu, 2 threads per core) family 23 model 104 stepping 1 microcode 0x8608109, cx8, cmov, fxsr, ht, mmx, 3dnowpref, sse, sse2, sse3, ssse3, sse4a, sse4.1, sse4.2, popcnt, lzcnt, tsc, tscinvbit, avx, avx2, aes, clmul, bmi1, bmi2, adx, sha, fma, vzeroupper, clflush, clflushopt

Memory: 4k page, system-wide physical 3405M (277M free)
TotalPageFile size 13645M (AvailPageFile size 10M)
current process WorkingSet (physical memory assigned to process): 212M, peak: 213M
current process commit charge ("private bytes"): 252M, peak: 253M

vm_info: Java HotSpot(TM) 64-Bit Server VM (17.0.12+8-LTS-286) for windows-amd64 JRE (17.0.12+8-LTS-286), built on Jun  5 2024 06:46:59 by "mach5one" with MS VC++ 17.6 (VS2022)

END.
